{"timestamp":"2026-05-12T06:36:50.014377Z","level":"info","event":"DAG bundles loaded: dags-folder","logger":"airflow.dag_processing.bundles.manager.DagBundlesManager","filename":"manager.py","lineno":209}
{"timestamp":"2026-05-12T06:36:50.022510Z","level":"info","event":"Filling up the DagBag from /opt/airflow/dags/dag_pipeline.py","logger":"airflow.dag_processing.dagbag.BundleDagBag","filename":"dagbag.py","lineno":469}
{"timestamp":"2026-05-12T06:36:54.828231Z","level":"info","event":"Transforming bronze...","logger":"unusual_prefix_11c7dd38b84fb77f29c2585710943d4b7baaf7b9_dag_pipeline","filename":"dag_pipeline.py","lineno":448}
{"timestamp":"2026-05-12T06:36:54.828766Z","level":"warning","event":"DbtOperator.execute cannot be called outside of the Task Runner!","logger":"airflow.task.operators.operators.dbt_operator.DbtOperator","filename":"operator.py","lineno":437}
{"timestamp":"2026-05-12T06:36:54.834493Z","level":"info","event":"Executing dbt command: run --select tag:bronze --project-dir /opt/airflow/dags/ecommerce_dbt --profiles-dir /opt/airflow/dags/ecommerce_dbt","logger":"airflow.task.operators.operators.dbt_operator.DbtOperator","filename":"dbt_operator.py","lineno":180}
{"timestamp":"2026-05-12T06:36:55.031582Z","level":"info","event":"\u001b[0m06:36:55  Running with dbt=1.10.10","logger":"task.stdout"}
{"timestamp":"2026-05-12T06:36:55.410591Z","level":"info","event":"keyring module not found. OAuth2 token will not be stored in keyring.","logger":"trino.auth","filename":"auth.py","lineno":361}
{"timestamp":"2026-05-12T06:36:55.416063Z","level":"info","event":"keyring module not found. OAuth2 token will not be stored in keyring.","logger":"trino.auth","filename":"auth.py","lineno":361}
{"timestamp":"2026-05-12T06:36:56.721673Z","level":"info","event":"\u001b[0m06:36:56  Registered adapter: trino=1.9.3","logger":"task.stdout"}
{"timestamp":"2026-05-12T06:36:58.740168Z","level":"info","event":"\u001b[0m06:36:58  Found 12 models, 4 seeds, 55 data tests, 455 macros","logger":"task.stdout"}
{"timestamp":"2026-05-12T06:36:58.799554Z","level":"info","event":"\u001b[0m06:36:58","logger":"task.stdout"}
{"timestamp":"2026-05-12T06:36:58.801680Z","level":"info","event":"\u001b[0m06:36:58  Concurrency: 4 threads (target='dev')","logger":"task.stdout"}
{"timestamp":"2026-05-12T06:36:58.802767Z","level":"info","event":"\u001b[0m06:36:58","logger":"task.stdout"}
{"timestamp":"2026-05-12T06:36:58.984942Z","level":"info","event":"\u001b[0m06:36:58  [\u001b[33mWARNING\u001b[0m]: SSL certificate validation is disabled by default. It is legacy behavior which will be changed in future releases. It is strongly advised to enable `require_certificate_validation` flag or explicitly set `cert` configuration to `True` for security reasons. You may receive an error after that if your SSL setup is incorrect.","logger":"task.stdout"}
{"timestamp":"2026-05-12T06:36:58.985958Z","level":"info","event":"You may opt into the new behavior sooner by setting `flags.require_certificate_validation` to `True` in `dbt_project.yml`.","logger":"task.stdout"}
{"timestamp":"2026-05-12T06:36:58.986438Z","level":"info","event":"Visit https://docs.getdbt.com/reference/global-configs/behavior-changes for more information.","logger":"task.stdout"}
{"timestamp":"2026-05-12T06:37:01.442961Z","level":"info","event":"\u001b[0m06:37:01  3 of 4 START sql table model bronze_raw_bronze.bronze_payment_transactions ..... [RUN]","logger":"task.stdout"}
{"timestamp":"2026-05-12T06:37:01.497949Z","level":"info","event":"\u001b[0m06:37:01  2 of 4 START sql table model bronze_raw_bronze.bronze_inventory_snapshots ...... [RUN]","logger":"task.stdout"}
{"timestamp":"2026-05-12T06:37:01.501216Z","level":"info","event":"\u001b[0m06:37:01  4 of 4 START sql table model bronze_raw_bronze.bronze_support_tickets .......... [RUN]","logger":"task.stdout"}
{"timestamp":"2026-05-12T06:37:01.502509Z","level":"info","event":"\u001b[0m06:37:01  1 of 4 START sql table model bronze_raw_bronze.bronze_customer_events .......... [RUN]","logger":"task.stdout"}
{"timestamp":"2026-05-12T06:37:02.473896Z","level":"info","event":"\u001b[0m06:37:02  4 of 4 ERROR creating sql table model bronze_raw_bronze.bronze_support_tickets . [\u001b[31mERROR\u001b[0m in 1.00s]","logger":"task.stdout"}
{"timestamp":"2026-05-12T06:37:02.475641Z","level":"info","event":"\u001b[0m06:37:02  2 of 4 ERROR creating sql table model bronze_raw_bronze.bronze_inventory_snapshots  [\u001b[31mERROR\u001b[0m in 1.00s]","logger":"task.stdout"}
{"timestamp":"2026-05-12T06:37:02.477424Z","level":"info","event":"\u001b[0m06:37:02  1 of 4 ERROR creating sql table model bronze_raw_bronze.bronze_customer_events . [\u001b[31mERROR\u001b[0m in 1.01s]","logger":"task.stdout"}
{"timestamp":"2026-05-12T06:37:05.155351Z","level":"info","event":"\u001b[0m06:37:05  3 of 4 OK created sql table model bronze_raw_bronze.bronze_payment_transactions  [\u001b[32mCREATE TABLE (200 rows)\u001b[0m in 3.71s]","logger":"task.stdout"}
{"timestamp":"2026-05-12T06:37:05.175235Z","level":"info","event":"\u001b[0m06:37:05","logger":"task.stdout"}
{"timestamp":"2026-05-12T06:37:05.176697Z","level":"info","event":"\u001b[0m06:37:05  Finished running 4 table models in 0 hours 0 minutes and 6.37 seconds (6.37s).","logger":"task.stdout"}
{"timestamp":"2026-05-12T06:37:05.359034Z","level":"info","event":"\u001b[0m06:37:05","logger":"task.stdout"}
{"timestamp":"2026-05-12T06:37:05.360157Z","level":"info","event":"\u001b[0m06:37:05  \u001b[31mCompleted with 3 errors, 0 partial successes, and 0 warnings:\u001b[0m","logger":"task.stdout"}
{"timestamp":"2026-05-12T06:37:05.361229Z","level":"info","event":"\u001b[0m06:37:05","logger":"task.stdout"}
{"timestamp":"2026-05-12T06:37:05.362602Z","level":"info","event":"\u001b[0m06:37:05  \u001b[31mFailure in model bronze_inventory_snapshots (models/bronze/bronze_inventory_snapshots.sql)\u001b[0m","logger":"task.stdout"}
{"timestamp":"2026-05-12T06:37:05.363317Z","level":"info","event":"\u001b[0m06:37:05    Database Error in model bronze_inventory_snapshots (models/bronze/bronze_inventory_snapshots.sql)","logger":"task.stdout"}
{"timestamp":"2026-05-12T06:37:05.363758Z","level":"info","event":"  TrinoUserError(type=USER_ERROR, name=COLUMN_NOT_FOUND, message=\"line 19:9: Column 'quantity_avaliable' cannot be resolved\", query_id=20260512_063701_00024_u872h)","logger":"task.stdout"}
{"timestamp":"2026-05-12T06:37:05.365641Z","level":"info","event":"  compiled code at target/run/ecommerce_dbt/models/bronze/bronze_inventory_snapshots.sql","logger":"task.stdout"}
{"timestamp":"2026-05-12T06:37:05.367176Z","level":"info","event":"\u001b[0m06:37:05","logger":"task.stdout"}
{"timestamp":"2026-05-12T06:37:05.368302Z","level":"info","event":"\u001b[0m06:37:05    compiled code at target/compiled/ecommerce_dbt/models/bronze/bronze_inventory_snapshots.sql","logger":"task.stdout"}
{"timestamp":"2026-05-12T06:37:05.368995Z","level":"info","event":"\u001b[0m06:37:05","logger":"task.stdout"}
{"timestamp":"2026-05-12T06:37:05.370957Z","level":"info","event":"\u001b[0m06:37:05  \u001b[31mFailure in model bronze_support_tickets (models/bronze/bronze_support_tickets.sql)\u001b[0m","logger":"task.stdout"}
{"timestamp":"2026-05-12T06:37:05.373528Z","level":"info","event":"\u001b[0m06:37:05    Database Error in model bronze_support_tickets (models/bronze/bronze_support_tickets.sql)","logger":"task.stdout"}
{"timestamp":"2026-05-12T06:37:05.374469Z","level":"info","event":"  TrinoUserError(type=USER_ERROR, name=SYNTAX_ERROR, message=\"line 22:118: mismatched input ','. Expecting: '%', '(', '*', '+', '-', '.', '/', 'AND', 'AT', 'ELSE', 'END', 'OR', 'WHEN', '[', '||', <predicate>\", query_id=20260512_063701_00026_u872h)","logger":"task.stdout"}
{"timestamp":"2026-05-12T06:37:05.374949Z","level":"info","event":"  compiled code at target/run/ecommerce_dbt/models/bronze/bronze_support_tickets.sql","logger":"task.stdout"}
{"timestamp":"2026-05-12T06:37:05.375505Z","level":"info","event":"\u001b[0m06:37:05","logger":"task.stdout"}
{"timestamp":"2026-05-12T06:37:05.376319Z","level":"info","event":"\u001b[0m06:37:05    compiled code at target/compiled/ecommerce_dbt/models/bronze/bronze_support_tickets.sql","logger":"task.stdout"}
{"timestamp":"2026-05-12T06:37:05.378571Z","level":"info","event":"\u001b[0m06:37:05","logger":"task.stdout"}
{"timestamp":"2026-05-12T06:37:05.379653Z","level":"info","event":"\u001b[0m06:37:05  \u001b[31mFailure in model bronze_customer_events (models/bronze/bronze_customer_events.sql)\u001b[0m","logger":"task.stdout"}
{"timestamp":"2026-05-12T06:37:05.388847Z","level":"info","event":"\u001b[0m06:37:05    Database Error in model bronze_customer_events (models/bronze/bronze_customer_events.sql)","logger":"task.stdout"}
{"timestamp":"2026-05-12T06:37:05.389480Z","level":"info","event":"  TrinoUserError(type=USER_ERROR, name=SYNTAX_ERROR, message=\"line 28:1: mismatched input 'FROM'. Expecting: '*', <expression>\", query_id=20260512_063701_00027_u872h)","logger":"task.stdout"}
{"timestamp":"2026-05-12T06:37:05.389972Z","level":"info","event":"  compiled code at target/run/ecommerce_dbt/models/bronze/bronze_customer_events.sql","logger":"task.stdout"}
{"timestamp":"2026-05-12T06:37:05.390554Z","level":"info","event":"\u001b[0m06:37:05","logger":"task.stdout"}
{"timestamp":"2026-05-12T06:37:05.394819Z","level":"info","event":"\u001b[0m06:37:05    compiled code at target/compiled/ecommerce_dbt/models/bronze/bronze_customer_events.sql","logger":"task.stdout"}
{"timestamp":"2026-05-12T06:37:05.395689Z","level":"info","event":"\u001b[0m06:37:05","logger":"task.stdout"}
{"timestamp":"2026-05-12T06:37:05.401149Z","level":"info","event":"\u001b[0m06:37:05  Done. PASS=1 WARN=0 ERROR=3 SKIP=0 NO-OP=0 TOTAL=4","logger":"task.stdout"}
{"timestamp":"2026-05-12T06:37:06.417936Z","level":"error","event":"dbt command failed!","logger":"airflow.task.operators.operators.dbt_operator.DbtOperator","filename":"dbt_operator.py","lineno":198}
{"timestamp":"2026-05-12T06:37:06.418262Z","level":"warning","event":"Error occurred during transformation: dbt command failed: run --select tag:bronze --project-dir /opt/airflow/dags/ecommerce_dbt --profiles-dir /opt/airflow/dags/ecommerce_dbt","logger":"unusual_prefix_11c7dd38b84fb77f29c2585710943d4b7baaf7b9_dag_pipeline","filename":"dag_pipeline.py","lineno":468}
{"timestamp":"2026-05-12T06:37:06.418488Z","level":"error","event":"Task failed with exception","logger":"task","filename":"task_runner.py","lineno":1325,"error_detail":[{"exc_type":"AirflowException","exc_value":"dbt command failed: run --select tag:bronze --project-dir /opt/airflow/dags/ecommerce_dbt --profiles-dir /opt/airflow/dags/ecommerce_dbt","exc_notes":[],"syntax_error":null,"is_cause":false,"frames":[{"filename":"/home/airflow/.local/lib/python3.13/site-packages/airflow/sdk/execution_time/task_runner.py","lineno":1263,"name":"run"},{"filename":"/home/airflow/.local/lib/python3.13/site-packages/airflow/sdk/execution_time/task_runner.py","lineno":1678,"name":"_execute_task"},{"filename":"/home/airflow/.local/lib/python3.13/site-packages/airflow/sdk/bases/operator.py","lineno":443,"name":"wrapper"},{"filename":"/home/airflow/.local/lib/python3.13/site-packages/airflow/sdk/bases/decorator.py","lineno":398,"name":"execute"},{"filename":"/home/airflow/.local/lib/python3.13/site-packages/airflow/sdk/bases/operator.py","lineno":443,"name":"wrapper"},{"filename":"/home/airflow/.local/lib/python3.13/site-packages/airflow/providers/standard/operators/python.py","lineno":227,"name":"execute"},{"filename":"/home/airflow/.local/lib/python3.13/site-packages/airflow/providers/standard/operators/python.py","lineno":250,"name":"execute_callable"},{"filename":"/home/airflow/.local/lib/python3.13/site-packages/airflow/sdk/execution_time/callback_runner.py","lineno":97,"name":"run"},{"filename":"/opt/airflow/dags/dag_pipeline.py","lineno":459,"name":"transform_bronze_layer"},{"filename":"/home/airflow/.local/lib/python3.13/site-packages/airflow/sdk/bases/operator.py","lineno":443,"name":"wrapper"},{"filename":"/opt/airflow/dags/operators/dbt_operator.py","lineno":201,"name":"execute"}],"is_group":false,"exceptions":[]}]}
{"timestamp":"2026-05-12T06:37:06.581706Z","level":"error","event":"/usr/python/lib/python3.13/multiprocessing/resource_tracker.py:400: UserWarning: resource_tracker: There appear to be 2 leaked semaphore objects to clean up at shutdown: {'/mp-2fw6ej7e', '/mp-f2no1lvj'}","logger":"task.stderr"}
{"timestamp":"2026-05-12T06:37:06.583157Z","level":"error","event":"  warnings.warn(","logger":"task.stderr"}
