{"timestamp":"2026-05-12T06:37:22.201569Z","level":"info","event":"DAG bundles loaded: dags-folder","logger":"airflow.dag_processing.bundles.manager.DagBundlesManager","filename":"manager.py","lineno":209}
{"timestamp":"2026-05-12T06:37:22.205987Z","level":"info","event":"Filling up the DagBag from /opt/airflow/dags/dag_pipeline.py","logger":"airflow.dag_processing.dagbag.BundleDagBag","filename":"dagbag.py","lineno":469}
{"timestamp":"2026-05-12T06:37:24.456798Z","level":"info","event":"Transforming bronze...","logger":"unusual_prefix_11c7dd38b84fb77f29c2585710943d4b7baaf7b9_dag_pipeline","filename":"dag_pipeline.py","lineno":448}
{"timestamp":"2026-05-12T06:37:24.457334Z","level":"warning","event":"DbtOperator.execute cannot be called outside of the Task Runner!","logger":"airflow.task.operators.operators.dbt_operator.DbtOperator","filename":"operator.py","lineno":437}
{"timestamp":"2026-05-12T06:37:24.460837Z","level":"info","event":"Executing dbt command: run --select tag:bronze --project-dir /opt/airflow/dags/ecommerce_dbt --profiles-dir /opt/airflow/dags/ecommerce_dbt","logger":"airflow.task.operators.operators.dbt_operator.DbtOperator","filename":"dbt_operator.py","lineno":180}
{"timestamp":"2026-05-12T06:37:24.614963Z","level":"info","event":"\u001b[0m06:37:24  Running with dbt=1.10.10","logger":"task.stdout"}
{"timestamp":"2026-05-12T06:37:24.675950Z","level":"info","event":"keyring module not found. OAuth2 token will not be stored in keyring.","logger":"trino.auth","filename":"auth.py","lineno":361}
{"timestamp":"2026-05-12T06:37:24.679988Z","level":"info","event":"keyring module not found. OAuth2 token will not be stored in keyring.","logger":"trino.auth","filename":"auth.py","lineno":361}
{"timestamp":"2026-05-12T06:37:25.176984Z","level":"info","event":"\u001b[0m06:37:25  Registered adapter: trino=1.9.3","logger":"task.stdout"}
{"timestamp":"2026-05-12T06:37:26.645606Z","level":"info","event":"\u001b[0m06:37:26  Found 12 models, 4 seeds, 55 data tests, 455 macros","logger":"task.stdout"}
{"timestamp":"2026-05-12T06:37:26.650830Z","level":"info","event":"\u001b[0m06:37:26","logger":"task.stdout"}
{"timestamp":"2026-05-12T06:37:26.651893Z","level":"info","event":"\u001b[0m06:37:26  Concurrency: 4 threads (target='dev')","logger":"task.stdout"}
{"timestamp":"2026-05-12T06:37:26.652836Z","level":"info","event":"\u001b[0m06:37:26","logger":"task.stdout"}
{"timestamp":"2026-05-12T06:37:26.745812Z","level":"info","event":"\u001b[0m06:37:26  [\u001b[33mWARNING\u001b[0m]: SSL certificate validation is disabled by default. It is legacy behavior which will be changed in future releases. It is strongly advised to enable `require_certificate_validation` flag or explicitly set `cert` configuration to `True` for security reasons. You may receive an error after that if your SSL setup is incorrect.","logger":"task.stdout"}
{"timestamp":"2026-05-12T06:37:26.746206Z","level":"info","event":"You may opt into the new behavior sooner by setting `flags.require_certificate_validation` to `True` in `dbt_project.yml`.","logger":"task.stdout"}
{"timestamp":"2026-05-12T06:37:26.746543Z","level":"info","event":"Visit https://docs.getdbt.com/reference/global-configs/behavior-changes for more information.","logger":"task.stdout"}
{"timestamp":"2026-05-12T06:37:29.106327Z","level":"info","event":"\u001b[0m06:37:29  1 of 4 START sql table model bronze_raw_bronze.bronze_customer_events .......... [RUN]","logger":"task.stdout"}
{"timestamp":"2026-05-12T06:37:29.145994Z","level":"info","event":"\u001b[0m06:37:29  2 of 4 START sql table model bronze_raw_bronze.bronze_inventory_snapshots ...... [RUN]","logger":"task.stdout"}
{"timestamp":"2026-05-12T06:37:29.147964Z","level":"info","event":"\u001b[0m06:37:29  4 of 4 START sql table model bronze_raw_bronze.bronze_support_tickets .......... [RUN]","logger":"task.stdout"}
{"timestamp":"2026-05-12T06:37:29.148408Z","level":"info","event":"\u001b[0m06:37:29  3 of 4 START sql table model bronze_raw_bronze.bronze_payment_transactions ..... [RUN]","logger":"task.stdout"}
{"timestamp":"2026-05-12T06:37:29.590720Z","level":"info","event":"\u001b[0m06:37:29  1 of 4 ERROR creating sql table model bronze_raw_bronze.bronze_customer_events . [\u001b[31mERROR\u001b[0m in 0.46s]","logger":"task.stdout"}
{"timestamp":"2026-05-12T06:37:29.611100Z","level":"info","event":"\u001b[0m06:37:29  4 of 4 ERROR creating sql table model bronze_raw_bronze.bronze_support_tickets . [\u001b[31mERROR\u001b[0m in 0.45s]","logger":"task.stdout"}
{"timestamp":"2026-05-12T06:37:29.643319Z","level":"info","event":"\u001b[0m06:37:29  2 of 4 ERROR creating sql table model bronze_raw_bronze.bronze_inventory_snapshots  [\u001b[31mERROR\u001b[0m in 0.53s]","logger":"task.stdout"}
{"timestamp":"2026-05-12T06:37:33.571652Z","level":"info","event":"\u001b[0m06:37:33  3 of 4 OK created sql table model bronze_raw_bronze.bronze_payment_transactions  [\u001b[32mCREATE TABLE (200 rows)\u001b[0m in 4.45s]","logger":"task.stdout"}
{"timestamp":"2026-05-12T06:37:33.603240Z","level":"info","event":"\u001b[0m06:37:33","logger":"task.stdout"}
{"timestamp":"2026-05-12T06:37:33.614869Z","level":"info","event":"\u001b[0m06:37:33  Finished running 4 table models in 0 hours 0 minutes and 6.94 seconds (6.94s).","logger":"task.stdout"}
{"timestamp":"2026-05-12T06:37:33.761411Z","level":"info","event":"\u001b[0m06:37:33","logger":"task.stdout"}
{"timestamp":"2026-05-12T06:37:33.762424Z","level":"info","event":"\u001b[0m06:37:33  \u001b[31mCompleted with 3 errors, 0 partial successes, and 0 warnings:\u001b[0m","logger":"task.stdout"}
{"timestamp":"2026-05-12T06:37:33.764272Z","level":"info","event":"\u001b[0m06:37:33","logger":"task.stdout"}
{"timestamp":"2026-05-12T06:37:33.765921Z","level":"info","event":"\u001b[0m06:37:33  \u001b[31mFailure in model bronze_customer_events (models/bronze/bronze_customer_events.sql)\u001b[0m","logger":"task.stdout"}
{"timestamp":"2026-05-12T06:37:33.766879Z","level":"info","event":"\u001b[0m06:37:33    Database Error in model bronze_customer_events (models/bronze/bronze_customer_events.sql)","logger":"task.stdout"}
{"timestamp":"2026-05-12T06:37:33.767252Z","level":"info","event":"  TrinoUserError(type=USER_ERROR, name=SYNTAX_ERROR, message=\"line 28:1: mismatched input 'FROM'. Expecting: '*', <expression>\", query_id=20260512_063729_00034_u872h)","logger":"task.stdout"}
{"timestamp":"2026-05-12T06:37:33.767544Z","level":"info","event":"  compiled code at target/run/ecommerce_dbt/models/bronze/bronze_customer_events.sql","logger":"task.stdout"}
{"timestamp":"2026-05-12T06:37:33.768142Z","level":"info","event":"\u001b[0m06:37:33","logger":"task.stdout"}
{"timestamp":"2026-05-12T06:37:33.768753Z","level":"info","event":"\u001b[0m06:37:33    compiled code at target/compiled/ecommerce_dbt/models/bronze/bronze_customer_events.sql","logger":"task.stdout"}
{"timestamp":"2026-05-12T06:37:33.769656Z","level":"info","event":"\u001b[0m06:37:33","logger":"task.stdout"}
{"timestamp":"2026-05-12T06:37:33.770728Z","level":"info","event":"\u001b[0m06:37:33  \u001b[31mFailure in model bronze_support_tickets (models/bronze/bronze_support_tickets.sql)\u001b[0m","logger":"task.stdout"}
{"timestamp":"2026-05-12T06:37:33.771757Z","level":"info","event":"\u001b[0m06:37:33    Database Error in model bronze_support_tickets (models/bronze/bronze_support_tickets.sql)","logger":"task.stdout"}
{"timestamp":"2026-05-12T06:37:33.772115Z","level":"info","event":"  TrinoUserError(type=USER_ERROR, name=SYNTAX_ERROR, message=\"line 22:118: mismatched input ','. Expecting: '%', '(', '*', '+', '-', '.', '/', 'AND', 'AT', 'ELSE', 'END', 'OR', 'WHEN', '[', '||', <predicate>\", query_id=20260512_063729_00035_u872h)","logger":"task.stdout"}
{"timestamp":"2026-05-12T06:37:33.772409Z","level":"info","event":"  compiled code at target/run/ecommerce_dbt/models/bronze/bronze_support_tickets.sql","logger":"task.stdout"}
{"timestamp":"2026-05-12T06:37:33.772746Z","level":"info","event":"\u001b[0m06:37:33","logger":"task.stdout"}
{"timestamp":"2026-05-12T06:37:33.773574Z","level":"info","event":"\u001b[0m06:37:33    compiled code at target/compiled/ecommerce_dbt/models/bronze/bronze_support_tickets.sql","logger":"task.stdout"}
{"timestamp":"2026-05-12T06:37:33.774531Z","level":"info","event":"\u001b[0m06:37:33","logger":"task.stdout"}
{"timestamp":"2026-05-12T06:37:33.775448Z","level":"info","event":"\u001b[0m06:37:33  \u001b[31mFailure in model bronze_inventory_snapshots (models/bronze/bronze_inventory_snapshots.sql)\u001b[0m","logger":"task.stdout"}
{"timestamp":"2026-05-12T06:37:33.776315Z","level":"info","event":"\u001b[0m06:37:33    Database Error in model bronze_inventory_snapshots (models/bronze/bronze_inventory_snapshots.sql)","logger":"task.stdout"}
{"timestamp":"2026-05-12T06:37:33.776630Z","level":"info","event":"  TrinoUserError(type=USER_ERROR, name=COLUMN_NOT_FOUND, message=\"line 19:9: Column 'quantity_avaliable' cannot be resolved\", query_id=20260512_063729_00036_u872h)","logger":"task.stdout"}
{"timestamp":"2026-05-12T06:37:33.776880Z","level":"info","event":"  compiled code at target/run/ecommerce_dbt/models/bronze/bronze_inventory_snapshots.sql","logger":"task.stdout"}
{"timestamp":"2026-05-12T06:37:33.777244Z","level":"info","event":"\u001b[0m06:37:33","logger":"task.stdout"}
{"timestamp":"2026-05-12T06:37:33.777794Z","level":"info","event":"\u001b[0m06:37:33    compiled code at target/compiled/ecommerce_dbt/models/bronze/bronze_inventory_snapshots.sql","logger":"task.stdout"}
{"timestamp":"2026-05-12T06:37:33.778547Z","level":"info","event":"\u001b[0m06:37:33","logger":"task.stdout"}
{"timestamp":"2026-05-12T06:37:33.779359Z","level":"info","event":"\u001b[0m06:37:33  Done. PASS=1 WARN=0 ERROR=3 SKIP=0 NO-OP=0 TOTAL=4","logger":"task.stdout"}
{"timestamp":"2026-05-12T06:37:34.730569Z","level":"error","event":"dbt command failed!","logger":"airflow.task.operators.operators.dbt_operator.DbtOperator","filename":"dbt_operator.py","lineno":198}
{"timestamp":"2026-05-12T06:37:34.730894Z","level":"warning","event":"Error occurred during transformation: dbt command failed: run --select tag:bronze --project-dir /opt/airflow/dags/ecommerce_dbt --profiles-dir /opt/airflow/dags/ecommerce_dbt","logger":"unusual_prefix_11c7dd38b84fb77f29c2585710943d4b7baaf7b9_dag_pipeline","filename":"dag_pipeline.py","lineno":468}
{"timestamp":"2026-05-12T06:37:34.731080Z","level":"error","event":"Task failed with exception","logger":"task","filename":"task_runner.py","lineno":1325,"error_detail":[{"exc_type":"AirflowException","exc_value":"dbt command failed: run --select tag:bronze --project-dir /opt/airflow/dags/ecommerce_dbt --profiles-dir /opt/airflow/dags/ecommerce_dbt","exc_notes":[],"syntax_error":null,"is_cause":false,"frames":[{"filename":"/home/airflow/.local/lib/python3.13/site-packages/airflow/sdk/execution_time/task_runner.py","lineno":1263,"name":"run"},{"filename":"/home/airflow/.local/lib/python3.13/site-packages/airflow/sdk/execution_time/task_runner.py","lineno":1678,"name":"_execute_task"},{"filename":"/home/airflow/.local/lib/python3.13/site-packages/airflow/sdk/bases/operator.py","lineno":443,"name":"wrapper"},{"filename":"/home/airflow/.local/lib/python3.13/site-packages/airflow/sdk/bases/decorator.py","lineno":398,"name":"execute"},{"filename":"/home/airflow/.local/lib/python3.13/site-packages/airflow/sdk/bases/operator.py","lineno":443,"name":"wrapper"},{"filename":"/home/airflow/.local/lib/python3.13/site-packages/airflow/providers/standard/operators/python.py","lineno":227,"name":"execute"},{"filename":"/home/airflow/.local/lib/python3.13/site-packages/airflow/providers/standard/operators/python.py","lineno":250,"name":"execute_callable"},{"filename":"/home/airflow/.local/lib/python3.13/site-packages/airflow/sdk/execution_time/callback_runner.py","lineno":97,"name":"run"},{"filename":"/opt/airflow/dags/dag_pipeline.py","lineno":459,"name":"transform_bronze_layer"},{"filename":"/home/airflow/.local/lib/python3.13/site-packages/airflow/sdk/bases/operator.py","lineno":443,"name":"wrapper"},{"filename":"/opt/airflow/dags/operators/dbt_operator.py","lineno":201,"name":"execute"}],"is_group":false,"exceptions":[]}]}
{"timestamp":"2026-05-12T06:37:34.882497Z","level":"error","event":"/usr/python/lib/python3.13/multiprocessing/resource_tracker.py:400: UserWarning: resource_tracker: There appear to be 2 leaked semaphore objects to clean up at shutdown: {'/mp-bvzmslvh', '/mp-hpttgqkx'}","logger":"task.stderr"}
{"timestamp":"2026-05-12T06:37:34.883132Z","level":"error","event":"  warnings.warn(","logger":"task.stderr"}
