{"timestamp":"2026-05-12T06:37:50.775971Z","level":"info","event":"DAG bundles loaded: dags-folder","logger":"airflow.dag_processing.bundles.manager.DagBundlesManager","filename":"manager.py","lineno":209}
{"timestamp":"2026-05-12T06:37:50.778332Z","level":"info","event":"Filling up the DagBag from /opt/airflow/dags/dag_pipeline.py","logger":"airflow.dag_processing.dagbag.BundleDagBag","filename":"dagbag.py","lineno":469}
{"timestamp":"2026-05-12T06:37:52.757869Z","level":"info","event":"Transforming bronze...","logger":"unusual_prefix_11c7dd38b84fb77f29c2585710943d4b7baaf7b9_dag_pipeline","filename":"dag_pipeline.py","lineno":448}
{"timestamp":"2026-05-12T06:37:52.758453Z","level":"warning","event":"DbtOperator.execute cannot be called outside of the Task Runner!","logger":"airflow.task.operators.operators.dbt_operator.DbtOperator","filename":"operator.py","lineno":437}
{"timestamp":"2026-05-12T06:37:52.765132Z","level":"info","event":"Executing dbt command: run --select tag:bronze --project-dir /opt/airflow/dags/ecommerce_dbt --profiles-dir /opt/airflow/dags/ecommerce_dbt","logger":"airflow.task.operators.operators.dbt_operator.DbtOperator","filename":"dbt_operator.py","lineno":180}
{"timestamp":"2026-05-12T06:37:53.460253Z","level":"info","event":"\u001b[0m06:37:53  Running with dbt=1.10.10","logger":"task.stdout"}
{"timestamp":"2026-05-12T06:37:53.588186Z","level":"info","event":"keyring module not found. OAuth2 token will not be stored in keyring.","logger":"trino.auth","filename":"auth.py","lineno":361}
{"timestamp":"2026-05-12T06:37:53.592728Z","level":"info","event":"keyring module not found. OAuth2 token will not be stored in keyring.","logger":"trino.auth","filename":"auth.py","lineno":361}
{"timestamp":"2026-05-12T06:37:54.222385Z","level":"info","event":"\u001b[0m06:37:54  Registered adapter: trino=1.9.3","logger":"task.stdout"}
{"timestamp":"2026-05-12T06:37:55.487754Z","level":"info","event":"\u001b[0m06:37:55  Found 12 models, 4 seeds, 55 data tests, 455 macros","logger":"task.stdout"}
{"timestamp":"2026-05-12T06:37:55.492902Z","level":"info","event":"\u001b[0m06:37:55","logger":"task.stdout"}
{"timestamp":"2026-05-12T06:37:55.494054Z","level":"info","event":"\u001b[0m06:37:55  Concurrency: 4 threads (target='dev')","logger":"task.stdout"}
{"timestamp":"2026-05-12T06:37:55.495079Z","level":"info","event":"\u001b[0m06:37:55","logger":"task.stdout"}
{"timestamp":"2026-05-12T06:37:55.577619Z","level":"info","event":"\u001b[0m06:37:55  [\u001b[33mWARNING\u001b[0m]: SSL certificate validation is disabled by default. It is legacy behavior which will be changed in future releases. It is strongly advised to enable `require_certificate_validation` flag or explicitly set `cert` configuration to `True` for security reasons. You may receive an error after that if your SSL setup is incorrect.","logger":"task.stdout"}
{"timestamp":"2026-05-12T06:37:55.578149Z","level":"info","event":"You may opt into the new behavior sooner by setting `flags.require_certificate_validation` to `True` in `dbt_project.yml`.","logger":"task.stdout"}
{"timestamp":"2026-05-12T06:37:55.578654Z","level":"info","event":"Visit https://docs.getdbt.com/reference/global-configs/behavior-changes for more information.","logger":"task.stdout"}
{"timestamp":"2026-05-12T06:37:57.964218Z","level":"info","event":"\u001b[0m06:37:57  1 of 4 START sql table model bronze_raw_bronze.bronze_customer_events .......... [RUN]","logger":"task.stdout"}
{"timestamp":"2026-05-12T06:37:58.401371Z","level":"info","event":"\u001b[0m06:37:57  3 of 4 START sql table model bronze_raw_bronze.bronze_payment_transactions ..... [RUN]","logger":"task.stdout"}
{"timestamp":"2026-05-12T06:37:58.406930Z","level":"info","event":"\u001b[0m06:37:57  2 of 4 START sql table model bronze_raw_bronze.bronze_inventory_snapshots ...... [RUN]","logger":"task.stdout"}
{"timestamp":"2026-05-12T06:37:58.407464Z","level":"info","event":"\u001b[0m06:37:57  4 of 4 START sql table model bronze_raw_bronze.bronze_support_tickets .......... [RUN]","logger":"task.stdout"}
{"timestamp":"2026-05-12T06:37:58.547942Z","level":"info","event":"\u001b[0m06:37:58  1 of 4 ERROR creating sql table model bronze_raw_bronze.bronze_customer_events . [\u001b[31mERROR\u001b[0m in 0.50s]","logger":"task.stdout"}
{"timestamp":"2026-05-12T06:37:58.561608Z","level":"info","event":"\u001b[0m06:37:58  4 of 4 ERROR creating sql table model bronze_raw_bronze.bronze_support_tickets . [\u001b[31mERROR\u001b[0m in 0.57s]","logger":"task.stdout"}
{"timestamp":"2026-05-12T06:37:58.562525Z","level":"info","event":"\u001b[0m06:37:58  2 of 4 ERROR creating sql table model bronze_raw_bronze.bronze_inventory_snapshots  [\u001b[31mERROR\u001b[0m in 0.58s]","logger":"task.stdout"}
{"timestamp":"2026-05-12T06:38:01.363930Z","level":"info","event":"\u001b[0m06:38:01  3 of 4 OK created sql table model bronze_raw_bronze.bronze_payment_transactions  [\u001b[32mCREATE TABLE (200 rows)\u001b[0m in 3.40s]","logger":"task.stdout"}
{"timestamp":"2026-05-12T06:38:01.374139Z","level":"info","event":"\u001b[0m06:38:01","logger":"task.stdout"}
{"timestamp":"2026-05-12T06:38:01.375135Z","level":"info","event":"\u001b[0m06:38:01  Finished running 4 table models in 0 hours 0 minutes and 5.88 seconds (5.88s).","logger":"task.stdout"}
{"timestamp":"2026-05-12T06:38:01.470549Z","level":"info","event":"\u001b[0m06:38:01","logger":"task.stdout"}
{"timestamp":"2026-05-12T06:38:01.471939Z","level":"info","event":"\u001b[0m06:38:01  \u001b[31mCompleted with 3 errors, 0 partial successes, and 0 warnings:\u001b[0m","logger":"task.stdout"}
{"timestamp":"2026-05-12T06:38:01.473202Z","level":"info","event":"\u001b[0m06:38:01","logger":"task.stdout"}
{"timestamp":"2026-05-12T06:38:01.474419Z","level":"info","event":"\u001b[0m06:38:01  \u001b[31mFailure in model bronze_customer_events (models/bronze/bronze_customer_events.sql)\u001b[0m","logger":"task.stdout"}
{"timestamp":"2026-05-12T06:38:01.475461Z","level":"info","event":"\u001b[0m06:38:01    Database Error in model bronze_customer_events (models/bronze/bronze_customer_events.sql)","logger":"task.stdout"}
{"timestamp":"2026-05-12T06:38:01.475880Z","level":"info","event":"  TrinoUserError(type=USER_ERROR, name=SYNTAX_ERROR, message=\"line 28:1: mismatched input 'FROM'. Expecting: '*', <expression>\", query_id=20260512_063758_00047_u872h)","logger":"task.stdout"}
{"timestamp":"2026-05-12T06:38:01.476236Z","level":"info","event":"  compiled code at target/run/ecommerce_dbt/models/bronze/bronze_customer_events.sql","logger":"task.stdout"}
{"timestamp":"2026-05-12T06:38:01.476877Z","level":"info","event":"\u001b[0m06:38:01","logger":"task.stdout"}
{"timestamp":"2026-05-12T06:38:01.477668Z","level":"info","event":"\u001b[0m06:38:01    compiled code at target/compiled/ecommerce_dbt/models/bronze/bronze_customer_events.sql","logger":"task.stdout"}
{"timestamp":"2026-05-12T06:38:01.478560Z","level":"info","event":"\u001b[0m06:38:01","logger":"task.stdout"}
{"timestamp":"2026-05-12T06:38:01.479578Z","level":"info","event":"\u001b[0m06:38:01  \u001b[31mFailure in model bronze_support_tickets (models/bronze/bronze_support_tickets.sql)\u001b[0m","logger":"task.stdout"}
{"timestamp":"2026-05-12T06:38:01.482962Z","level":"info","event":"\u001b[0m06:38:01    Database Error in model bronze_support_tickets (models/bronze/bronze_support_tickets.sql)","logger":"task.stdout"}
{"timestamp":"2026-05-12T06:38:01.483531Z","level":"info","event":"  TrinoUserError(type=USER_ERROR, name=SYNTAX_ERROR, message=\"line 22:118: mismatched input ','. Expecting: '%', '(', '*', '+', '-', '.', '/', 'AND', 'AT', 'ELSE', 'END', 'OR', 'WHEN', '[', '||', <predicate>\", query_id=20260512_063758_00045_u872h)","logger":"task.stdout"}
{"timestamp":"2026-05-12T06:38:01.484002Z","level":"info","event":"  compiled code at target/run/ecommerce_dbt/models/bronze/bronze_support_tickets.sql","logger":"task.stdout"}
{"timestamp":"2026-05-12T06:38:01.484438Z","level":"info","event":"\u001b[0m06:38:01","logger":"task.stdout"}
{"timestamp":"2026-05-12T06:38:01.484824Z","level":"info","event":"\u001b[0m06:38:01    compiled code at target/compiled/ecommerce_dbt/models/bronze/bronze_support_tickets.sql","logger":"task.stdout"}
{"timestamp":"2026-05-12T06:38:01.485611Z","level":"info","event":"\u001b[0m06:38:01","logger":"task.stdout"}
{"timestamp":"2026-05-12T06:38:01.486596Z","level":"info","event":"\u001b[0m06:38:01  \u001b[31mFailure in model bronze_inventory_snapshots (models/bronze/bronze_inventory_snapshots.sql)\u001b[0m","logger":"task.stdout"}
{"timestamp":"2026-05-12T06:38:01.488119Z","level":"info","event":"\u001b[0m06:38:01    Database Error in model bronze_inventory_snapshots (models/bronze/bronze_inventory_snapshots.sql)","logger":"task.stdout"}
{"timestamp":"2026-05-12T06:38:01.489770Z","level":"info","event":"  TrinoUserError(type=USER_ERROR, name=COLUMN_NOT_FOUND, message=\"line 19:9: Column 'quantity_avaliable' cannot be resolved\", query_id=20260512_063758_00046_u872h)","logger":"task.stdout"}
{"timestamp":"2026-05-12T06:38:01.490244Z","level":"info","event":"  compiled code at target/run/ecommerce_dbt/models/bronze/bronze_inventory_snapshots.sql","logger":"task.stdout"}
{"timestamp":"2026-05-12T06:38:01.490666Z","level":"info","event":"\u001b[0m06:38:01","logger":"task.stdout"}
{"timestamp":"2026-05-12T06:38:01.490979Z","level":"info","event":"\u001b[0m06:38:01    compiled code at target/compiled/ecommerce_dbt/models/bronze/bronze_inventory_snapshots.sql","logger":"task.stdout"}
{"timestamp":"2026-05-12T06:38:01.491384Z","level":"info","event":"\u001b[0m06:38:01","logger":"task.stdout"}
{"timestamp":"2026-05-12T06:38:01.491820Z","level":"info","event":"\u001b[0m06:38:01  Done. PASS=1 WARN=0 ERROR=3 SKIP=0 NO-OP=0 TOTAL=4","logger":"task.stdout"}
{"timestamp":"2026-05-12T06:38:02.962430Z","level":"error","event":"dbt command failed!","logger":"airflow.task.operators.operators.dbt_operator.DbtOperator","filename":"dbt_operator.py","lineno":198}
{"timestamp":"2026-05-12T06:38:02.962702Z","level":"warning","event":"Error occurred during transformation: dbt command failed: run --select tag:bronze --project-dir /opt/airflow/dags/ecommerce_dbt --profiles-dir /opt/airflow/dags/ecommerce_dbt","logger":"unusual_prefix_11c7dd38b84fb77f29c2585710943d4b7baaf7b9_dag_pipeline","filename":"dag_pipeline.py","lineno":468}
{"timestamp":"2026-05-12T06:38:02.962880Z","level":"error","event":"Task failed with exception","logger":"task","filename":"task_runner.py","lineno":1325,"error_detail":[{"exc_type":"AirflowException","exc_value":"dbt command failed: run --select tag:bronze --project-dir /opt/airflow/dags/ecommerce_dbt --profiles-dir /opt/airflow/dags/ecommerce_dbt","exc_notes":[],"syntax_error":null,"is_cause":false,"frames":[{"filename":"/home/airflow/.local/lib/python3.13/site-packages/airflow/sdk/execution_time/task_runner.py","lineno":1263,"name":"run"},{"filename":"/home/airflow/.local/lib/python3.13/site-packages/airflow/sdk/execution_time/task_runner.py","lineno":1678,"name":"_execute_task"},{"filename":"/home/airflow/.local/lib/python3.13/site-packages/airflow/sdk/bases/operator.py","lineno":443,"name":"wrapper"},{"filename":"/home/airflow/.local/lib/python3.13/site-packages/airflow/sdk/bases/decorator.py","lineno":398,"name":"execute"},{"filename":"/home/airflow/.local/lib/python3.13/site-packages/airflow/sdk/bases/operator.py","lineno":443,"name":"wrapper"},{"filename":"/home/airflow/.local/lib/python3.13/site-packages/airflow/providers/standard/operators/python.py","lineno":227,"name":"execute"},{"filename":"/home/airflow/.local/lib/python3.13/site-packages/airflow/providers/standard/operators/python.py","lineno":250,"name":"execute_callable"},{"filename":"/home/airflow/.local/lib/python3.13/site-packages/airflow/sdk/execution_time/callback_runner.py","lineno":97,"name":"run"},{"filename":"/opt/airflow/dags/dag_pipeline.py","lineno":459,"name":"transform_bronze_layer"},{"filename":"/home/airflow/.local/lib/python3.13/site-packages/airflow/sdk/bases/operator.py","lineno":443,"name":"wrapper"},{"filename":"/opt/airflow/dags/operators/dbt_operator.py","lineno":201,"name":"execute"}],"is_group":false,"exceptions":[]}]}
{"timestamp":"2026-05-12T06:38:03.184498Z","level":"error","event":"/usr/python/lib/python3.13/multiprocessing/resource_tracker.py:400: UserWarning: resource_tracker: There appear to be 2 leaked semaphore objects to clean up at shutdown: {'/mp-ol1gt_fm', '/mp-yzg622bq'}","logger":"task.stderr"}
{"timestamp":"2026-05-12T06:38:03.201197Z","level":"error","event":"  warnings.warn(","logger":"task.stderr"}
