{"timestamp":"2026-05-12T06:36:02.204844Z","level":"info","event":"DAG bundles loaded: dags-folder","logger":"airflow.dag_processing.bundles.manager.DagBundlesManager","filename":"manager.py","lineno":209}
{"timestamp":"2026-05-12T06:36:02.210193Z","level":"info","event":"Filling up the DagBag from /opt/airflow/dags/dag_pipeline.py","logger":"airflow.dag_processing.dagbag.BundleDagBag","filename":"dagbag.py","lineno":469}
{"timestamp":"2026-05-12T06:36:04.704829Z","level":"info","event":"Seeding bronze...","logger":"unusual_prefix_11c7dd38b84fb77f29c2585710943d4b7baaf7b9_dag_pipeline","filename":"dag_pipeline.py","lineno":382}
{"timestamp":"2026-05-12T06:36:04.838505Z","level":"info","event":"Tables do not exist or error occurred: (trino.exceptions.TrinoUserError) TrinoUserError(type=USER_ERROR, name=SCHEMA_NOT_FOUND, message=\"line 1:29: Schema 'bronze' does not exist\", query_id=20260512_063604_00001_u872h)\n[SQL: SELECT count(*) as cnt FROM raw_customer_events]\n(Background on this error at: https://sqlalche.me/e/20/f405), proceeding with seeding","logger":"unusual_prefix_11c7dd38b84fb77f29c2585710943d4b7baaf7b9_dag_pipeline","filename":"dag_pipeline.py","lineno":405}
{"timestamp":"2026-05-12T06:36:04.838952Z","level":"warning","event":"DbtOperator.execute cannot be called outside of the Task Runner!","logger":"airflow.task.operators.operators.dbt_operator.DbtOperator","filename":"operator.py","lineno":437}
{"timestamp":"2026-05-12T06:36:04.848516Z","level":"info","event":"Executing dbt command: seed --project-dir /opt/airflow/dags/ecommerce_dbt --profiles-dir /opt/airflow/dags/ecommerce_dbt --full-refresh","logger":"airflow.task.operators.operators.dbt_operator.DbtOperator","filename":"dbt_operator.py","lineno":180}
{"timestamp":"2026-05-12T06:36:05.691247Z","level":"info","event":"\u001b[0m06:36:05  Running with dbt=1.10.10","logger":"task.stdout"}
{"timestamp":"2026-05-12T06:36:05.744151Z","level":"info","event":"keyring module not found. OAuth2 token will not be stored in keyring.","logger":"trino.auth","filename":"auth.py","lineno":361}
{"timestamp":"2026-05-12T06:36:05.749468Z","level":"info","event":"keyring module not found. OAuth2 token will not be stored in keyring.","logger":"trino.auth","filename":"auth.py","lineno":361}
{"timestamp":"2026-05-12T06:36:06.240850Z","level":"info","event":"\u001b[0m06:36:06  Registered adapter: trino=1.9.3","logger":"task.stdout"}
{"timestamp":"2026-05-12T06:36:06.926756Z","level":"info","event":"\u001b[0m06:36:06  Unable to do partial parsing because profile has changed","logger":"task.stdout"}
{"timestamp":"2026-05-12T06:36:10.219419Z","level":"info","event":"\u001b[0m06:36:10  [\u001b[33mWARNING\u001b[0m][MissingArgumentsPropertyInGenericTestDeprecation]: Deprecated","logger":"task.stdout"}
{"timestamp":"2026-05-12T06:36:10.224053Z","level":"info","event":"functionality","logger":"task.stdout"}
{"timestamp":"2026-05-12T06:36:10.226327Z","level":"info","event":"Found top-level arguments to test `accepted_values`. Arguments to generic tests","logger":"task.stdout"}
{"timestamp":"2026-05-12T06:36:10.226912Z","level":"info","event":"should be nested under the `arguments` property.`","logger":"task.stdout"}
{"timestamp":"2026-05-12T06:36:11.077041Z","level":"info","event":"\u001b[0m06:36:11  Found 12 models, 4 seeds, 55 data tests, 455 macros","logger":"task.stdout"}
{"timestamp":"2026-05-12T06:36:11.092279Z","level":"info","event":"\u001b[0m06:36:11","logger":"task.stdout"}
{"timestamp":"2026-05-12T06:36:11.094212Z","level":"info","event":"\u001b[0m06:36:11  Concurrency: 4 threads (target='dev')","logger":"task.stdout"}
{"timestamp":"2026-05-12T06:36:11.095231Z","level":"info","event":"\u001b[0m06:36:11","logger":"task.stdout"}
{"timestamp":"2026-05-12T06:36:11.204655Z","level":"info","event":"\u001b[0m06:36:11  [\u001b[33mWARNING\u001b[0m]: SSL certificate validation is disabled by default. It is legacy behavior which will be changed in future releases. It is strongly advised to enable `require_certificate_validation` flag or explicitly set `cert` configuration to `True` for security reasons. You may receive an error after that if your SSL setup is incorrect.","logger":"task.stdout"}
{"timestamp":"2026-05-12T06:36:11.205182Z","level":"info","event":"You may opt into the new behavior sooner by setting `flags.require_certificate_validation` to `True` in `dbt_project.yml`.","logger":"task.stdout"}
{"timestamp":"2026-05-12T06:36:11.215951Z","level":"info","event":"Visit https://docs.getdbt.com/reference/global-configs/behavior-changes for more information.","logger":"task.stdout"}
{"timestamp":"2026-05-12T06:36:21.491760Z","level":"info","event":"\u001b[0m06:36:21  1 of 4 START seed file bronze_raw_raw.raw_customer_events ...................... [RUN]","logger":"task.stdout"}
{"timestamp":"2026-05-12T06:36:21.558534Z","level":"info","event":"\u001b[0m06:36:21  4 of 4 START seed file bronze_raw_raw.raw_support_tickets ...................... [RUN]","logger":"task.stdout"}
{"timestamp":"2026-05-12T06:36:21.559073Z","level":"info","event":"\u001b[0m06:36:21  2 of 4 START seed file bronze_raw_raw.raw_inventory_snapshots .................. [RUN]","logger":"task.stdout"}
{"timestamp":"2026-05-12T06:36:21.559486Z","level":"info","event":"\u001b[0m06:36:21  3 of 4 START seed file bronze_raw_raw.raw_payment_transactions ................. [RUN]","logger":"task.stdout"}
{"timestamp":"2026-05-12T06:36:45.933886Z","level":"info","event":"\u001b[0m06:36:45  2 of 4 OK loaded seed file bronze_raw_raw.raw_inventory_snapshots .............. [\u001b[32mCREATE 200\u001b[0m in 24.35s]","logger":"task.stdout"}
{"timestamp":"2026-05-12T06:36:46.158519Z","level":"info","event":"\u001b[0m06:36:46  1 of 4 OK loaded seed file bronze_raw_raw.raw_customer_events .................. [\u001b[32mCREATE 200\u001b[0m in 24.63s]","logger":"task.stdout"}
{"timestamp":"2026-05-12T06:36:46.180808Z","level":"info","event":"\u001b[0m06:36:46  4 of 4 OK loaded seed file bronze_raw_raw.raw_support_tickets .................. [\u001b[32mCREATE 200\u001b[0m in 24.67s]","logger":"task.stdout"}
{"timestamp":"2026-05-12T06:36:46.589973Z","level":"info","event":"\u001b[0m06:36:46  3 of 4 OK loaded seed file bronze_raw_raw.raw_payment_transactions ............. [\u001b[32mCREATE 200\u001b[0m in 25.07s]","logger":"task.stdout"}
{"timestamp":"2026-05-12T06:36:46.604728Z","level":"info","event":"\u001b[0m06:36:46","logger":"task.stdout"}
{"timestamp":"2026-05-12T06:36:46.606527Z","level":"info","event":"\u001b[0m06:36:46  Finished running 4 seeds in 0 hours 0 minutes and 35.51 seconds (35.51s).","logger":"task.stdout"}
{"timestamp":"2026-05-12T06:36:46.928825Z","level":"info","event":"\u001b[0m06:36:46","logger":"task.stdout"}
{"timestamp":"2026-05-12T06:36:47.133433Z","level":"info","event":"\u001b[0m06:36:46  \u001b[32mCompleted successfully\u001b[0m","logger":"task.stdout"}
{"timestamp":"2026-05-12T06:36:47.134000Z","level":"info","event":"\u001b[0m06:36:46","logger":"task.stdout"}
{"timestamp":"2026-05-12T06:36:47.134367Z","level":"info","event":"\u001b[0m06:36:46  Done. PASS=4 WARN=0 ERROR=0 SKIP=0 NO-OP=0 TOTAL=4","logger":"task.stdout"}
{"timestamp":"2026-05-12T06:36:47.134676Z","level":"info","event":"\u001b[0m06:36:46  [\u001b[33mWARNING\u001b[0m][DeprecationsSummary]: Deprecated functionality","logger":"task.stdout"}
{"timestamp":"2026-05-12T06:36:47.134983Z","level":"info","event":"Summary of encountered deprecations:","logger":"task.stdout"}
{"timestamp":"2026-05-12T06:36:47.135249Z","level":"info","event":"- MissingArgumentsPropertyInGenericTestDeprecation: 8 occurrences","logger":"task.stdout"}
{"timestamp":"2026-05-12T06:36:47.135516Z","level":"info","event":"To see all deprecation instances instead of just the first occurrence of each,","logger":"task.stdout"}
{"timestamp":"2026-05-12T06:36:47.135771Z","level":"info","event":"run command again with the `--show-all-deprecations` flag. You may also need to","logger":"task.stdout"}
{"timestamp":"2026-05-12T06:36:47.136036Z","level":"info","event":"run with `--no-partial-parse` as some deprecations are only encountered during","logger":"task.stdout"}
{"timestamp":"2026-05-12T06:36:47.136288Z","level":"info","event":"parsing.","logger":"task.stdout"}
{"timestamp":"2026-05-12T06:36:48.794856Z","level":"info","event":"dbt command executed successfully","logger":"airflow.task.operators.operators.dbt_operator.DbtOperator","filename":"dbt_operator.py","lineno":185}
{"timestamp":"2026-05-12T06:36:48.795394Z","level":"info","event":"Done. Returned value was: {'status': 'success', 'layer': 'bronze_seed', 'pipeline_id': 'dag_pipeline_20260512063600', 'timestamp': '2026-05-12T06:36:48.795279'}","logger":"airflow.task.operators.airflow.providers.standard.decorators.python._PythonDecoratedOperator","filename":"python.py","lineno":229}
{"timestamp":"2026-05-12T06:36:48.795831Z","level":"info","event":"Pushing xcom","ti":"RuntimeTaskInstance(id=UUID('019e1ae6-4959-7e2b-b50e-f035179e06b9'), task_id='seed_bronze', dag_id='ecommerce_dag_pipeline', run_id='manual__2026-05-12T06:36:00.183892+00:00', try_number=1, dag_version_id=UUID('019dfd0d-c356-769c-9658-e2450a265e78'), map_index=-1, hostname='c09759c742ec', context_carrier={'traceparent': '00-ee186935ec23e363f251a93fc94aeb96-94bb35750fd3abdf-01'}, task=<Task(_PythonDecoratedOperator): seed_bronze>, bundle_instance=LocalDagBundle(name=dags-folder), max_tries=2, start_date=datetime.datetime(2026, 5, 12, 6, 36, 2, 140762, tzinfo=datetime.timezone.utc), end_date=None, state=<TaskInstanceState.RUNNING: 'running'>, is_mapped=False, rendered_map_index=None, sentry_integration='')","logger":"task","filename":"task_runner.py","lineno":1724}
{"timestamp":"2026-05-12T06:36:49.008925Z","level":"error","event":"/usr/python/lib/python3.13/multiprocessing/resource_tracker.py:400: UserWarning: resource_tracker: There appear to be 2 leaked semaphore objects to clean up at shutdown: {'/mp-gg_rzu26', '/mp-cy8z3sdm'}","logger":"task.stderr"}
{"timestamp":"2026-05-12T06:36:49.009438Z","level":"error","event":"  warnings.warn(","logger":"task.stderr"}
