{"timestamp":"2026-05-11T06:18:58.759405Z","level":"info","event":"DAG bundles loaded: dags-folder","logger":"airflow.dag_processing.bundles.manager.DagBundlesManager","filename":"manager.py","lineno":209}
{"timestamp":"2026-05-11T06:18:58.763328Z","level":"info","event":"Filling up the DagBag from /opt/airflow/dags/dag_pipeline.py","logger":"airflow.dag_processing.dagbag.BundleDagBag","filename":"dagbag.py","lineno":469}
{"timestamp":"2026-05-11T06:19:01.640179Z","level":"info","event":"Seeding bronze...","logger":"unusual_prefix_11c7dd38b84fb77f29c2585710943d4b7baaf7b9_dag_pipeline","filename":"dag_pipeline.py","lineno":382}
{"timestamp":"2026-05-11T06:19:02.425036Z","level":"info","event":"Tables do not exist or error occurred: (trino.exceptions.TrinoUserError) TrinoUserError(type=USER_ERROR, name=SCHEMA_NOT_FOUND, message=\"line 1:29: Schema 'bronze' does not exist\", query_id=20260511_061901_00002_ztyxs)\n[SQL: SELECT count(*) as cnt FROM raw_customer_events]\n(Background on this error at: https://sqlalche.me/e/20/f405), proceeding with seeding","logger":"unusual_prefix_11c7dd38b84fb77f29c2585710943d4b7baaf7b9_dag_pipeline","filename":"dag_pipeline.py","lineno":405}
{"timestamp":"2026-05-11T06:19:02.425561Z","level":"warning","event":"DbtOperator.execute cannot be called outside of the Task Runner!","logger":"airflow.task.operators.operators.dbt_operator.DbtOperator","filename":"operator.py","lineno":437}
{"timestamp":"2026-05-11T06:19:02.431463Z","level":"info","event":"Executing dbt command: seed --project-dir /opt/airflow/dags/ecommerce_dbt --profiles-dir /opt/airflow/dags/ecommerce_dbt --full-refresh","logger":"airflow.task.operators.operators.dbt_operator.DbtOperator","filename":"dbt_operator.py","lineno":180}
{"timestamp":"2026-05-11T06:19:03.129822Z","level":"info","event":"\u001b[0m06:19:03  Running with dbt=1.10.10","logger":"task.stdout"}
{"timestamp":"2026-05-11T06:19:03.183133Z","level":"info","event":"keyring module not found. OAuth2 token will not be stored in keyring.","logger":"trino.auth","filename":"auth.py","lineno":361}
{"timestamp":"2026-05-11T06:19:03.187543Z","level":"info","event":"keyring module not found. OAuth2 token will not be stored in keyring.","logger":"trino.auth","filename":"auth.py","lineno":361}
{"timestamp":"2026-05-11T06:19:03.666398Z","level":"info","event":"\u001b[0m06:19:03  Registered adapter: trino=1.9.3","logger":"task.stdout"}
{"timestamp":"2026-05-11T06:19:05.831242Z","level":"info","event":"\u001b[0m06:19:05  Found 12 models, 4 seeds, 55 data tests, 455 macros","logger":"task.stdout"}
{"timestamp":"2026-05-11T06:19:05.887736Z","level":"info","event":"\u001b[0m06:19:05","logger":"task.stdout"}
{"timestamp":"2026-05-11T06:19:05.888466Z","level":"info","event":"\u001b[0m06:19:05  Concurrency: 4 threads (target='dev')","logger":"task.stdout"}
{"timestamp":"2026-05-11T06:19:05.889112Z","level":"info","event":"\u001b[0m06:19:05","logger":"task.stdout"}
{"timestamp":"2026-05-11T06:19:05.930279Z","level":"info","event":"\u001b[0m06:19:05  [\u001b[33mWARNING\u001b[0m]: SSL certificate validation is disabled by default. It is legacy behavior which will be changed in future releases. It is strongly advised to enable `require_certificate_validation` flag or explicitly set `cert` configuration to `True` for security reasons. You may receive an error after that if your SSL setup is incorrect.","logger":"task.stdout"}
{"timestamp":"2026-05-11T06:19:05.930890Z","level":"info","event":"You may opt into the new behavior sooner by setting `flags.require_certificate_validation` to `True` in `dbt_project.yml`.","logger":"task.stdout"}
{"timestamp":"2026-05-11T06:19:05.931409Z","level":"info","event":"Visit https://docs.getdbt.com/reference/global-configs/behavior-changes for more information.","logger":"task.stdout"}
{"timestamp":"2026-05-11T06:19:15.367893Z","level":"info","event":"\u001b[0m06:19:15  2 of 4 START seed file bronze_raw.raw_inventory_snapshots ...................... [RUN]","logger":"task.stdout"}
{"timestamp":"2026-05-11T06:19:15.372091Z","level":"info","event":"\u001b[0m06:19:15  3 of 4 START seed file bronze_raw.raw_payment_transactions ..................... [RUN]","logger":"task.stdout"}
{"timestamp":"2026-05-11T06:19:15.391791Z","level":"info","event":"\u001b[0m06:19:15  4 of 4 START seed file bronze_raw.raw_support_tickets .......................... [RUN]","logger":"task.stdout"}
{"timestamp":"2026-05-11T06:19:15.396135Z","level":"info","event":"\u001b[0m06:19:15  1 of 4 START seed file bronze_raw.raw_customer_events .......................... [RUN]","logger":"task.stdout"}
{"timestamp":"2026-05-11T06:19:17.304341Z","level":"info","event":"\u001b[0m06:19:17  3 of 4 ERROR loading seed file bronze_raw.raw_payment_transactions ............. [\u001b[31mERROR\u001b[0m in 1.88s]","logger":"task.stdout"}
{"timestamp":"2026-05-11T06:19:17.544073Z","level":"info","event":"\u001b[0m06:19:17  4 of 4 ERROR loading seed file bronze_raw.raw_support_tickets .................. [\u001b[31mERROR\u001b[0m in 1.89s]","logger":"task.stdout"}
{"timestamp":"2026-05-11T06:19:17.548524Z","level":"info","event":"\u001b[0m06:19:17  2 of 4 ERROR loading seed file bronze_raw.raw_inventory_snapshots .............. [\u001b[31mERROR\u001b[0m in 2.01s]","logger":"task.stdout"}
{"timestamp":"2026-05-11T06:19:17.550133Z","level":"info","event":"\u001b[0m06:19:17  1 of 4 ERROR loading seed file bronze_raw.raw_customer_events .................. [\u001b[31mERROR\u001b[0m in 2.05s]","logger":"task.stdout"}
{"timestamp":"2026-05-11T06:19:17.608082Z","level":"info","event":"\u001b[0m06:19:17","logger":"task.stdout"}
{"timestamp":"2026-05-11T06:19:17.618957Z","level":"info","event":"\u001b[0m06:19:17  Finished running 4 seeds in 0 hours 0 minutes and 11.76 seconds (11.76s).","logger":"task.stdout"}
{"timestamp":"2026-05-11T06:19:18.050653Z","level":"info","event":"\u001b[0m06:19:18","logger":"task.stdout"}
{"timestamp":"2026-05-11T06:19:18.064939Z","level":"info","event":"\u001b[0m06:19:18  \u001b[31mCompleted with 4 errors, 0 partial successes, and 0 warnings:\u001b[0m","logger":"task.stdout"}
{"timestamp":"2026-05-11T06:19:18.065385Z","level":"info","event":"\u001b[0m06:19:18","logger":"task.stdout"}
{"timestamp":"2026-05-11T06:19:18.065683Z","level":"info","event":"\u001b[0m06:19:18  \u001b[31mFailure in seed raw_payment_transactions (seeds/raw_payment_transactions.csv)\u001b[0m","logger":"task.stdout"}
{"timestamp":"2026-05-11T06:19:18.068432Z","level":"info","event":"\u001b[0m06:19:18    Database Error in seed raw_payment_transactions (seeds/raw_payment_transactions.csv)","logger":"task.stdout"}
{"timestamp":"2026-05-11T06:19:18.068858Z","level":"info","event":"  TrinoExternalError(type=EXTERNAL, name=ICEBERG_FILESYSTEM_ERROR, message=\"Failed checking new table's location: s3://lakehouse/bronze_raw/raw_payment_transactions_01929602-a1e4-4e50-b105-3054f9a23619\", query_id=20260511_061915_00011_ztyxs)","logger":"task.stdout"}
{"timestamp":"2026-05-11T06:19:18.070815Z","level":"info","event":"\u001b[0m06:19:18","logger":"task.stdout"}
{"timestamp":"2026-05-11T06:19:18.076084Z","level":"info","event":"\u001b[0m06:19:18  \u001b[31mFailure in seed raw_support_tickets (seeds/raw_support_tickets.csv)\u001b[0m","logger":"task.stdout"}
{"timestamp":"2026-05-11T06:19:18.076560Z","level":"info","event":"\u001b[0m06:19:18    Database Error in seed raw_support_tickets (seeds/raw_support_tickets.csv)","logger":"task.stdout"}
{"timestamp":"2026-05-11T06:19:18.077104Z","level":"info","event":"  TrinoExternalError(type=EXTERNAL, name=ICEBERG_FILESYSTEM_ERROR, message=\"Failed checking new table's location: s3://lakehouse/bronze_raw/raw_support_tickets_2e9bebb9-3d01-4077-a41a-7d569daea686\", query_id=20260511_061915_00009_ztyxs)","logger":"task.stdout"}
{"timestamp":"2026-05-11T06:19:18.078147Z","level":"info","event":"\u001b[0m06:19:18","logger":"task.stdout"}
{"timestamp":"2026-05-11T06:19:18.081276Z","level":"info","event":"\u001b[0m06:19:18  \u001b[31mFailure in seed raw_inventory_snapshots (seeds/raw_inventory_snapshots.csv)\u001b[0m","logger":"task.stdout"}
{"timestamp":"2026-05-11T06:19:18.085115Z","level":"info","event":"\u001b[0m06:19:18    Database Error in seed raw_inventory_snapshots (seeds/raw_inventory_snapshots.csv)","logger":"task.stdout"}
{"timestamp":"2026-05-11T06:19:18.085989Z","level":"info","event":"  TrinoExternalError(type=EXTERNAL, name=ICEBERG_FILESYSTEM_ERROR, message=\"Failed checking new table's location: s3://lakehouse/bronze_raw/raw_inventory_snapshots_afd80d0b-e855-4af5-8b2b-f9c59a9e75c6\", query_id=20260511_061915_00010_ztyxs)","logger":"task.stdout"}
{"timestamp":"2026-05-11T06:19:18.086457Z","level":"info","event":"\u001b[0m06:19:18","logger":"task.stdout"}
{"timestamp":"2026-05-11T06:19:18.088245Z","level":"info","event":"\u001b[0m06:19:18  \u001b[31mFailure in seed raw_customer_events (seeds/raw_customer_events.csv)\u001b[0m","logger":"task.stdout"}
{"timestamp":"2026-05-11T06:19:18.089587Z","level":"info","event":"\u001b[0m06:19:18    Database Error in seed raw_customer_events (seeds/raw_customer_events.csv)","logger":"task.stdout"}
{"timestamp":"2026-05-11T06:19:18.090068Z","level":"info","event":"  TrinoExternalError(type=EXTERNAL, name=ICEBERG_FILESYSTEM_ERROR, message=\"Failed checking new table's location: s3://lakehouse/bronze_raw/raw_customer_events_3ff0b0c5-7755-4364-9f6f-56058978ec42\", query_id=20260511_061915_00008_ztyxs)","logger":"task.stdout"}
{"timestamp":"2026-05-11T06:19:18.091118Z","level":"info","event":"\u001b[0m06:19:18","logger":"task.stdout"}
{"timestamp":"2026-05-11T06:19:18.093399Z","level":"info","event":"\u001b[0m06:19:18  Done. PASS=0 WARN=0 ERROR=4 SKIP=0 NO-OP=0 TOTAL=4","logger":"task.stdout"}
{"timestamp":"2026-05-11T06:19:19.397716Z","level":"error","event":"dbt command failed!","logger":"airflow.task.operators.operators.dbt_operator.DbtOperator","filename":"dbt_operator.py","lineno":198}
{"timestamp":"2026-05-11T06:19:19.398518Z","level":"warning","event":"Error occurred during seeding: dbt command failed: seed --project-dir /opt/airflow/dags/ecommerce_dbt --profiles-dir /opt/airflow/dags/ecommerce_dbt --full-refresh","logger":"unusual_prefix_11c7dd38b84fb77f29c2585710943d4b7baaf7b9_dag_pipeline","filename":"dag_pipeline.py","lineno":424}
{"timestamp":"2026-05-11T06:19:19.398863Z","level":"info","event":"Done. Returned value was: {'status': 'failed', 'layer': 'bronze_seed', 'pipeline_id': 'dag_pipeline_20260511061856', 'timestamp': '2026-05-11T06:19:19.398748', 'error': 'dbt command failed: seed --project-dir /opt/airflow/dags/ecommerce_dbt --profiles-dir /opt/airflow/dags/ecommerce_dbt --full-refresh'}","logger":"airflow.task.operators.airflow.providers.standard.decorators.python._PythonDecoratedOperator","filename":"python.py","lineno":229}
{"timestamp":"2026-05-11T06:19:19.399134Z","level":"info","event":"Pushing xcom","ti":"RuntimeTaskInstance(id=UUID('019e15b0-44ad-7de5-b8de-947292adda8b'), task_id='seed_bronze', dag_id='ecommerce_dag_pipeline', run_id='manual__2026-05-11T06:18:53.970352+00:00', try_number=1, dag_version_id=UUID('019dfd0d-c356-769c-9658-e2450a265e78'), map_index=-1, hostname='9cc17aad94a1', context_carrier={'traceparent': '00-3b42bc1b1b8de54ac7e1930563fb0a1b-73449a3e64a9c59b-01'}, task=<Task(_PythonDecoratedOperator): seed_bronze>, bundle_instance=LocalDagBundle(name=dags-folder), max_tries=2, start_date=datetime.datetime(2026, 5, 11, 6, 18, 58, 418296, tzinfo=datetime.timezone.utc), end_date=None, state=<TaskInstanceState.RUNNING: 'running'>, is_mapped=False, rendered_map_index=None, sentry_integration='')","logger":"task","filename":"task_runner.py","lineno":1724}
{"timestamp":"2026-05-11T06:19:19.590979Z","level":"error","event":"/usr/python/lib/python3.13/multiprocessing/resource_tracker.py:400: UserWarning: resource_tracker: There appear to be 2 leaked semaphore objects to clean up at shutdown: {'/mp-2me73olw', '/mp-gwgoxbvq'}","logger":"task.stderr"}
{"timestamp":"2026-05-11T06:19:19.591382Z","level":"error","event":"  warnings.warn(","logger":"task.stderr"}
