{"timestamp":"2026-05-11T06:27:19.686086Z","level":"info","event":"DAG bundles loaded: dags-folder","logger":"airflow.dag_processing.bundles.manager.DagBundlesManager","filename":"manager.py","lineno":209}
{"timestamp":"2026-05-11T06:27:19.688893Z","level":"info","event":"Filling up the DagBag from /opt/airflow/dags/dag_pipeline.py","logger":"airflow.dag_processing.dagbag.BundleDagBag","filename":"dagbag.py","lineno":469}
{"timestamp":"2026-05-11T06:27:23.469581Z","level":"info","event":"Seeding bronze...","logger":"unusual_prefix_11c7dd38b84fb77f29c2585710943d4b7baaf7b9_dag_pipeline","filename":"dag_pipeline.py","lineno":382}
{"timestamp":"2026-05-11T06:27:26.494578Z","level":"info","event":"Tables do not exist or error occurred: (trino.exceptions.TrinoUserError) TrinoUserError(type=USER_ERROR, name=SCHEMA_NOT_FOUND, message=\"line 1:29: Schema 'bronze' does not exist\", query_id=20260511_062723_00000_6wpgt)\n[SQL: SELECT count(*) as cnt FROM raw_customer_events]\n(Background on this error at: https://sqlalche.me/e/20/f405), proceeding with seeding","logger":"unusual_prefix_11c7dd38b84fb77f29c2585710943d4b7baaf7b9_dag_pipeline","filename":"dag_pipeline.py","lineno":405}
{"timestamp":"2026-05-11T06:27:26.495479Z","level":"warning","event":"DbtOperator.execute cannot be called outside of the Task Runner!","logger":"airflow.task.operators.operators.dbt_operator.DbtOperator","filename":"operator.py","lineno":437}
{"timestamp":"2026-05-11T06:27:26.533592Z","level":"info","event":"Executing dbt command: seed --project-dir /opt/airflow/dags/ecommerce_dbt --profiles-dir /opt/airflow/dags/ecommerce_dbt --full-refresh","logger":"airflow.task.operators.operators.dbt_operator.DbtOperator","filename":"dbt_operator.py","lineno":180}
{"timestamp":"2026-05-11T06:27:26.807698Z","level":"info","event":"\u001b[0m06:27:26  Running with dbt=1.10.10","logger":"task.stdout"}
{"timestamp":"2026-05-11T06:27:26.896930Z","level":"info","event":"keyring module not found. OAuth2 token will not be stored in keyring.","logger":"trino.auth","filename":"auth.py","lineno":361}
{"timestamp":"2026-05-11T06:27:26.913609Z","level":"info","event":"keyring module not found. OAuth2 token will not be stored in keyring.","logger":"trino.auth","filename":"auth.py","lineno":361}
{"timestamp":"2026-05-11T06:27:27.565084Z","level":"info","event":"\u001b[0m06:27:27  Registered adapter: trino=1.9.3","logger":"task.stdout"}
{"timestamp":"2026-05-11T06:27:28.788261Z","level":"info","event":"\u001b[0m06:27:28  Found 12 models, 4 seeds, 55 data tests, 455 macros","logger":"task.stdout"}
{"timestamp":"2026-05-11T06:27:28.796746Z","level":"info","event":"\u001b[0m06:27:28","logger":"task.stdout"}
{"timestamp":"2026-05-11T06:27:28.797679Z","level":"info","event":"\u001b[0m06:27:28  Concurrency: 4 threads (target='dev')","logger":"task.stdout"}
{"timestamp":"2026-05-11T06:27:28.798552Z","level":"info","event":"\u001b[0m06:27:28","logger":"task.stdout"}
{"timestamp":"2026-05-11T06:27:28.886218Z","level":"info","event":"\u001b[0m06:27:28  [\u001b[33mWARNING\u001b[0m]: SSL certificate validation is disabled by default. It is legacy behavior which will be changed in future releases. It is strongly advised to enable `require_certificate_validation` flag or explicitly set `cert` configuration to `True` for security reasons. You may receive an error after that if your SSL setup is incorrect.","logger":"task.stdout"}
{"timestamp":"2026-05-11T06:27:28.886779Z","level":"info","event":"You may opt into the new behavior sooner by setting `flags.require_certificate_validation` to `True` in `dbt_project.yml`.","logger":"task.stdout"}
{"timestamp":"2026-05-11T06:27:28.887131Z","level":"info","event":"Visit https://docs.getdbt.com/reference/global-configs/behavior-changes for more information.","logger":"task.stdout"}
{"timestamp":"2026-05-11T06:27:39.605290Z","level":"info","event":"\u001b[0m06:27:39  1 of 4 START seed file bronze_raw.raw_customer_events .......................... [RUN]","logger":"task.stdout"}
{"timestamp":"2026-05-11T06:27:39.608160Z","level":"info","event":"\u001b[0m06:27:39  3 of 4 START seed file bronze_raw.raw_payment_transactions ..................... [RUN]","logger":"task.stdout"}
{"timestamp":"2026-05-11T06:27:39.609928Z","level":"info","event":"\u001b[0m06:27:39  2 of 4 START seed file bronze_raw.raw_inventory_snapshots ...................... [RUN]","logger":"task.stdout"}
{"timestamp":"2026-05-11T06:27:39.614866Z","level":"info","event":"\u001b[0m06:27:39  4 of 4 START seed file bronze_raw.raw_support_tickets .......................... [RUN]","logger":"task.stdout"}
{"timestamp":"2026-05-11T06:27:41.639271Z","level":"info","event":"\u001b[0m06:27:41  1 of 4 ERROR loading seed file bronze_raw.raw_customer_events .................. [\u001b[31mERROR\u001b[0m in 2.01s]","logger":"task.stdout"}
{"timestamp":"2026-05-11T06:27:41.641916Z","level":"info","event":"\u001b[0m06:27:41  4 of 4 ERROR loading seed file bronze_raw.raw_support_tickets .................. [\u001b[31mERROR\u001b[0m in 2.01s]","logger":"task.stdout"}
{"timestamp":"2026-05-11T06:27:41.646339Z","level":"info","event":"\u001b[0m06:27:41  2 of 4 ERROR loading seed file bronze_raw.raw_inventory_snapshots .............. [\u001b[31mERROR\u001b[0m in 2.03s]","logger":"task.stdout"}
{"timestamp":"2026-05-11T06:27:41.649421Z","level":"info","event":"\u001b[0m06:27:41  3 of 4 ERROR loading seed file bronze_raw.raw_payment_transactions ............. [\u001b[31mERROR\u001b[0m in 2.03s]","logger":"task.stdout"}
{"timestamp":"2026-05-11T06:27:41.667891Z","level":"info","event":"\u001b[0m06:27:41","logger":"task.stdout"}
{"timestamp":"2026-05-11T06:27:41.668798Z","level":"info","event":"\u001b[0m06:27:41  Finished running 4 seeds in 0 hours 0 minutes and 12.87 seconds (12.87s).","logger":"task.stdout"}
{"timestamp":"2026-05-11T06:27:41.783955Z","level":"info","event":"\u001b[0m06:27:41","logger":"task.stdout"}
{"timestamp":"2026-05-11T06:27:41.787928Z","level":"info","event":"\u001b[0m06:27:41  \u001b[31mCompleted with 4 errors, 0 partial successes, and 0 warnings:\u001b[0m","logger":"task.stdout"}
{"timestamp":"2026-05-11T06:27:41.790573Z","level":"info","event":"\u001b[0m06:27:41","logger":"task.stdout"}
{"timestamp":"2026-05-11T06:27:41.792626Z","level":"info","event":"\u001b[0m06:27:41  \u001b[31mFailure in seed raw_customer_events (seeds/raw_customer_events.csv)\u001b[0m","logger":"task.stdout"}
{"timestamp":"2026-05-11T06:27:41.797931Z","level":"info","event":"\u001b[0m06:27:41    Database Error in seed raw_customer_events (seeds/raw_customer_events.csv)","logger":"task.stdout"}
{"timestamp":"2026-05-11T06:27:41.798808Z","level":"info","event":"  TrinoExternalError(type=EXTERNAL, name=ICEBERG_FILESYSTEM_ERROR, message=\"Failed checking new table's location: s3://lakehouse/bronze_raw/raw_customer_events_a554d071-ea0b-4b7c-8515-818e153e5146\", query_id=20260511_062739_00007_6wpgt)","logger":"task.stdout"}
{"timestamp":"2026-05-11T06:27:41.799199Z","level":"info","event":"\u001b[0m06:27:41","logger":"task.stdout"}
{"timestamp":"2026-05-11T06:27:41.799789Z","level":"info","event":"\u001b[0m06:27:41  \u001b[31mFailure in seed raw_support_tickets (seeds/raw_support_tickets.csv)\u001b[0m","logger":"task.stdout"}
{"timestamp":"2026-05-11T06:27:41.802129Z","level":"info","event":"\u001b[0m06:27:41    Database Error in seed raw_support_tickets (seeds/raw_support_tickets.csv)","logger":"task.stdout"}
{"timestamp":"2026-05-11T06:27:41.802806Z","level":"info","event":"  TrinoExternalError(type=EXTERNAL, name=ICEBERG_FILESYSTEM_ERROR, message=\"Failed checking new table's location: s3://lakehouse/bronze_raw/raw_support_tickets_8eb5b0ca-a2a9-4965-8662-8eace3d136c2\", query_id=20260511_062740_00010_6wpgt)","logger":"task.stdout"}
{"timestamp":"2026-05-11T06:27:41.804349Z","level":"info","event":"\u001b[0m06:27:41","logger":"task.stdout"}
{"timestamp":"2026-05-11T06:27:41.805353Z","level":"info","event":"\u001b[0m06:27:41  \u001b[31mFailure in seed raw_inventory_snapshots (seeds/raw_inventory_snapshots.csv)\u001b[0m","logger":"task.stdout"}
{"timestamp":"2026-05-11T06:27:41.806329Z","level":"info","event":"\u001b[0m06:27:41    Database Error in seed raw_inventory_snapshots (seeds/raw_inventory_snapshots.csv)","logger":"task.stdout"}
{"timestamp":"2026-05-11T06:27:41.806790Z","level":"info","event":"  TrinoExternalError(type=EXTERNAL, name=ICEBERG_FILESYSTEM_ERROR, message=\"Failed checking new table's location: s3://lakehouse/bronze_raw/raw_inventory_snapshots_529f8581-06d1-4d90-a415-1ca499a7f03a\", query_id=20260511_062739_00008_6wpgt)","logger":"task.stdout"}
{"timestamp":"2026-05-11T06:27:41.807266Z","level":"info","event":"\u001b[0m06:27:41","logger":"task.stdout"}
{"timestamp":"2026-05-11T06:27:41.808278Z","level":"info","event":"\u001b[0m06:27:41  \u001b[31mFailure in seed raw_payment_transactions (seeds/raw_payment_transactions.csv)\u001b[0m","logger":"task.stdout"}
{"timestamp":"2026-05-11T06:27:41.809190Z","level":"info","event":"\u001b[0m06:27:41    Database Error in seed raw_payment_transactions (seeds/raw_payment_transactions.csv)","logger":"task.stdout"}
{"timestamp":"2026-05-11T06:27:41.809676Z","level":"info","event":"  TrinoExternalError(type=EXTERNAL, name=ICEBERG_FILESYSTEM_ERROR, message=\"Failed checking new table's location: s3://lakehouse/bronze_raw/raw_payment_transactions_0798f597-8065-42e7-a3b2-37583a0dcf3b\", query_id=20260511_062740_00009_6wpgt)","logger":"task.stdout"}
{"timestamp":"2026-05-11T06:27:41.810302Z","level":"info","event":"\u001b[0m06:27:41","logger":"task.stdout"}
{"timestamp":"2026-05-11T06:27:41.811514Z","level":"info","event":"\u001b[0m06:27:41  Done. PASS=0 WARN=0 ERROR=4 SKIP=0 NO-OP=0 TOTAL=4","logger":"task.stdout"}
{"timestamp":"2026-05-11T06:27:42.858739Z","level":"error","event":"dbt command failed!","logger":"airflow.task.operators.operators.dbt_operator.DbtOperator","filename":"dbt_operator.py","lineno":198}
{"timestamp":"2026-05-11T06:27:42.859005Z","level":"warning","event":"Error occurred during seeding: dbt command failed: seed --project-dir /opt/airflow/dags/ecommerce_dbt --profiles-dir /opt/airflow/dags/ecommerce_dbt --full-refresh","logger":"unusual_prefix_11c7dd38b84fb77f29c2585710943d4b7baaf7b9_dag_pipeline","filename":"dag_pipeline.py","lineno":424}
{"timestamp":"2026-05-11T06:27:42.859192Z","level":"info","event":"Done. Returned value was: {'status': 'failed', 'layer': 'bronze_seed', 'pipeline_id': 'dag_pipeline_20260511062718', 'timestamp': '2026-05-11T06:27:42.859090', 'error': 'dbt command failed: seed --project-dir /opt/airflow/dags/ecommerce_dbt --profiles-dir /opt/airflow/dags/ecommerce_dbt --full-refresh'}","logger":"airflow.task.operators.airflow.providers.standard.decorators.python._PythonDecoratedOperator","filename":"python.py","lineno":229}
{"timestamp":"2026-05-11T06:27:42.859526Z","level":"info","event":"Pushing xcom","ti":"RuntimeTaskInstance(id=UUID('019e15b7-f008-7e65-a9bd-5761a0809360'), task_id='seed_bronze', dag_id='ecommerce_dag_pipeline', run_id='manual__2026-05-11T06:27:16.588040+00:00', try_number=1, dag_version_id=UUID('019dfd0d-c356-769c-9658-e2450a265e78'), map_index=-1, hostname='9cc17aad94a1', context_carrier={'traceparent': '00-21416d2111302df9208978d1de12d4d2-0143c08617f60b1e-01'}, task=<Task(_PythonDecoratedOperator): seed_bronze>, bundle_instance=LocalDagBundle(name=dags-folder), max_tries=2, start_date=datetime.datetime(2026, 5, 11, 6, 27, 19, 582260, tzinfo=datetime.timezone.utc), end_date=None, state=<TaskInstanceState.RUNNING: 'running'>, is_mapped=False, rendered_map_index=None, sentry_integration='')","logger":"task","filename":"task_runner.py","lineno":1724}
{"timestamp":"2026-05-11T06:27:42.995170Z","level":"error","event":"/usr/python/lib/python3.13/multiprocessing/resource_tracker.py:400: UserWarning: resource_tracker: There appear to be 2 leaked semaphore objects to clean up at shutdown: {'/mp-pil4sd5_', '/mp-44majpc4'}","logger":"task.stderr"}
{"timestamp":"2026-05-11T06:27:42.998045Z","level":"error","event":"  warnings.warn(","logger":"task.stderr"}
