{"timestamp":"2026-05-12T07:38:07.617950Z","level":"info","event":"DAG bundles loaded: dags-folder","logger":"airflow.dag_processing.bundles.manager.DagBundlesManager","filename":"manager.py","lineno":209}
{"timestamp":"2026-05-12T07:38:07.628197Z","level":"info","event":"Filling up the DagBag from /opt/airflow/dags/dag_pipeline.py","logger":"airflow.dag_processing.dagbag.BundleDagBag","filename":"dagbag.py","lineno":469}
{"timestamp":"2026-05-12T07:38:10.032565Z","level":"info","event":"Transforming bronze...","logger":"unusual_prefix_11c7dd38b84fb77f29c2585710943d4b7baaf7b9_dag_pipeline","filename":"dag_pipeline.py","lineno":448}
{"timestamp":"2026-05-12T07:38:10.033067Z","level":"warning","event":"DbtOperator.execute cannot be called outside of the Task Runner!","logger":"airflow.task.operators.operators.dbt_operator.DbtOperator","filename":"operator.py","lineno":437}
{"timestamp":"2026-05-12T07:38:10.041011Z","level":"info","event":"Executing dbt command: run --select tag:bronze --project-dir /opt/airflow/dags/ecommerce_dbt --profiles-dir /opt/airflow/dags/ecommerce_dbt","logger":"airflow.task.operators.operators.dbt_operator.DbtOperator","filename":"dbt_operator.py","lineno":180}
{"timestamp":"2026-05-12T07:38:10.225394Z","level":"info","event":"\u001b[0m07:38:10  Running with dbt=1.10.10","logger":"task.stdout"}
{"timestamp":"2026-05-12T07:38:10.301266Z","level":"info","event":"keyring module not found. OAuth2 token will not be stored in keyring.","logger":"trino.auth","filename":"auth.py","lineno":361}
{"timestamp":"2026-05-12T07:38:10.307146Z","level":"info","event":"keyring module not found. OAuth2 token will not be stored in keyring.","logger":"trino.auth","filename":"auth.py","lineno":361}
{"timestamp":"2026-05-12T07:38:10.792229Z","level":"info","event":"\u001b[0m07:38:10  Registered adapter: trino=1.9.3","logger":"task.stdout"}
{"timestamp":"2026-05-12T07:38:12.090601Z","level":"info","event":"\u001b[0m07:38:12  Found 12 models, 4 seeds, 55 data tests, 455 macros","logger":"task.stdout"}
{"timestamp":"2026-05-12T07:38:12.095793Z","level":"info","event":"\u001b[0m07:38:12","logger":"task.stdout"}
{"timestamp":"2026-05-12T07:38:12.097036Z","level":"info","event":"\u001b[0m07:38:12  Concurrency: 4 threads (target='dev')","logger":"task.stdout"}
{"timestamp":"2026-05-12T07:38:12.098072Z","level":"info","event":"\u001b[0m07:38:12","logger":"task.stdout"}
{"timestamp":"2026-05-12T07:38:12.193802Z","level":"info","event":"\u001b[0m07:38:12  [\u001b[33mWARNING\u001b[0m]: SSL certificate validation is disabled by default. It is legacy behavior which will be changed in future releases. It is strongly advised to enable `require_certificate_validation` flag or explicitly set `cert` configuration to `True` for security reasons. You may receive an error after that if your SSL setup is incorrect.","logger":"task.stdout"}
{"timestamp":"2026-05-12T07:38:12.194171Z","level":"info","event":"You may opt into the new behavior sooner by setting `flags.require_certificate_validation` to `True` in `dbt_project.yml`.","logger":"task.stdout"}
{"timestamp":"2026-05-12T07:38:12.194515Z","level":"info","event":"Visit https://docs.getdbt.com/reference/global-configs/behavior-changes for more information.","logger":"task.stdout"}
{"timestamp":"2026-05-12T07:38:13.164431Z","level":"info","event":"\u001b[0m07:38:13  2 of 4 START sql table model bronze_raw_bronze.bronze_inventory_snapshots ...... [RUN]","logger":"task.stdout"}
{"timestamp":"2026-05-12T07:38:13.202632Z","level":"info","event":"\u001b[0m07:38:13  1 of 4 START sql table model bronze_raw_bronze.bronze_customer_events .......... [RUN]","logger":"task.stdout"}
{"timestamp":"2026-05-12T07:38:13.206708Z","level":"info","event":"\u001b[0m07:38:13  3 of 4 START sql table model bronze_raw_bronze.bronze_payment_transactions ..... [RUN]","logger":"task.stdout"}
{"timestamp":"2026-05-12T07:38:13.208449Z","level":"info","event":"\u001b[0m07:38:13  4 of 4 START sql table model bronze_raw_bronze.bronze_support_tickets .......... [RUN]","logger":"task.stdout"}
{"timestamp":"2026-05-12T07:38:13.759719Z","level":"info","event":"\u001b[0m07:38:13  3 of 4 ERROR creating sql table model bronze_raw_bronze.bronze_payment_transactions  [\u001b[31mERROR\u001b[0m in 0.57s]","logger":"task.stdout"}
{"timestamp":"2026-05-12T07:38:18.324635Z","level":"info","event":"\u001b[0m07:38:18  2 of 4 OK created sql table model bronze_raw_bronze.bronze_inventory_snapshots . [\u001b[32mCREATE TABLE (200 rows)\u001b[0m in 5.15s]","logger":"task.stdout"}
{"timestamp":"2026-05-12T07:38:18.597257Z","level":"info","event":"\u001b[0m07:38:18  1 of 4 OK created sql table model bronze_raw_bronze.bronze_customer_events ..... [\u001b[32mCREATE TABLE (200 rows)\u001b[0m in 5.42s]","logger":"task.stdout"}
{"timestamp":"2026-05-12T07:38:18.881025Z","level":"info","event":"\u001b[0m07:38:18  4 of 4 OK created sql table model bronze_raw_bronze.bronze_support_tickets ..... [\u001b[32mCREATE TABLE (200 rows)\u001b[0m in 5.70s]","logger":"task.stdout"}
{"timestamp":"2026-05-12T07:38:18.900562Z","level":"info","event":"\u001b[0m07:38:18","logger":"task.stdout"}
{"timestamp":"2026-05-12T07:38:18.901635Z","level":"info","event":"\u001b[0m07:38:18  Finished running 4 table models in 0 hours 0 minutes and 6.80 seconds (6.80s).","logger":"task.stdout"}
{"timestamp":"2026-05-12T07:38:19.011952Z","level":"info","event":"\u001b[0m07:38:19","logger":"task.stdout"}
{"timestamp":"2026-05-12T07:38:19.013184Z","level":"info","event":"\u001b[0m07:38:19  \u001b[31mCompleted with 1 error, 0 partial successes, and 0 warnings:\u001b[0m","logger":"task.stdout"}
{"timestamp":"2026-05-12T07:38:19.014191Z","level":"info","event":"\u001b[0m07:38:19","logger":"task.stdout"}
{"timestamp":"2026-05-12T07:38:19.015250Z","level":"info","event":"\u001b[0m07:38:19  \u001b[31mFailure in model bronze_payment_transactions (models/bronze/bronze_payment_transactions.sql)\u001b[0m","logger":"task.stdout"}
{"timestamp":"2026-05-12T07:38:19.016380Z","level":"info","event":"\u001b[0m07:38:19    Database Error in model bronze_payment_transactions (models/bronze/bronze_payment_transactions.sql)","logger":"task.stdout"}
{"timestamp":"2026-05-12T07:38:19.016818Z","level":"info","event":"  TrinoUserError(type=USER_ERROR, name=COLUMN_NOT_FOUND, message=\"line 21:10: Column 'processor_responce_code' cannot be resolved\", query_id=20260512_073813_00280_u872h)","logger":"task.stdout"}
{"timestamp":"2026-05-12T07:38:19.017165Z","level":"info","event":"  compiled code at target/run/ecommerce_dbt/models/bronze/bronze_payment_transactions.sql","logger":"task.stdout"}
{"timestamp":"2026-05-12T07:38:19.017623Z","level":"info","event":"\u001b[0m07:38:19","logger":"task.stdout"}
{"timestamp":"2026-05-12T07:38:19.018174Z","level":"info","event":"\u001b[0m07:38:19    compiled code at target/compiled/ecommerce_dbt/models/bronze/bronze_payment_transactions.sql","logger":"task.stdout"}
{"timestamp":"2026-05-12T07:38:19.018993Z","level":"info","event":"\u001b[0m07:38:19","logger":"task.stdout"}
{"timestamp":"2026-05-12T07:38:19.022814Z","level":"info","event":"\u001b[0m07:38:19  Done. PASS=3 WARN=0 ERROR=1 SKIP=0 NO-OP=0 TOTAL=4","logger":"task.stdout"}
{"timestamp":"2026-05-12T07:38:20.375882Z","level":"error","event":"dbt command failed!","logger":"airflow.task.operators.operators.dbt_operator.DbtOperator","filename":"dbt_operator.py","lineno":198}
{"timestamp":"2026-05-12T07:38:20.376254Z","level":"warning","event":"Error occurred during transformation: dbt command failed: run --select tag:bronze --project-dir /opt/airflow/dags/ecommerce_dbt --profiles-dir /opt/airflow/dags/ecommerce_dbt","logger":"unusual_prefix_11c7dd38b84fb77f29c2585710943d4b7baaf7b9_dag_pipeline","filename":"dag_pipeline.py","lineno":468}
{"timestamp":"2026-05-12T07:38:20.376440Z","level":"error","event":"Task failed with exception","logger":"task","filename":"task_runner.py","lineno":1325,"error_detail":[{"exc_type":"AirflowException","exc_value":"dbt command failed: run --select tag:bronze --project-dir /opt/airflow/dags/ecommerce_dbt --profiles-dir /opt/airflow/dags/ecommerce_dbt","exc_notes":[],"syntax_error":null,"is_cause":false,"frames":[{"filename":"/home/airflow/.local/lib/python3.13/site-packages/airflow/sdk/execution_time/task_runner.py","lineno":1263,"name":"run"},{"filename":"/home/airflow/.local/lib/python3.13/site-packages/airflow/sdk/execution_time/task_runner.py","lineno":1678,"name":"_execute_task"},{"filename":"/home/airflow/.local/lib/python3.13/site-packages/airflow/sdk/bases/operator.py","lineno":443,"name":"wrapper"},{"filename":"/home/airflow/.local/lib/python3.13/site-packages/airflow/sdk/bases/decorator.py","lineno":398,"name":"execute"},{"filename":"/home/airflow/.local/lib/python3.13/site-packages/airflow/sdk/bases/operator.py","lineno":443,"name":"wrapper"},{"filename":"/home/airflow/.local/lib/python3.13/site-packages/airflow/providers/standard/operators/python.py","lineno":227,"name":"execute"},{"filename":"/home/airflow/.local/lib/python3.13/site-packages/airflow/providers/standard/operators/python.py","lineno":250,"name":"execute_callable"},{"filename":"/home/airflow/.local/lib/python3.13/site-packages/airflow/sdk/execution_time/callback_runner.py","lineno":97,"name":"run"},{"filename":"/opt/airflow/dags/dag_pipeline.py","lineno":459,"name":"transform_bronze_layer"},{"filename":"/home/airflow/.local/lib/python3.13/site-packages/airflow/sdk/bases/operator.py","lineno":443,"name":"wrapper"},{"filename":"/opt/airflow/dags/operators/dbt_operator.py","lineno":201,"name":"execute"}],"is_group":false,"exceptions":[]}]}
{"timestamp":"2026-05-12T07:38:20.738219Z","level":"error","event":"/usr/python/lib/python3.13/multiprocessing/resource_tracker.py:400: UserWarning: resource_tracker: There appear to be 2 leaked semaphore objects to clean up at shutdown: {'/mp-miaw7y4e', '/mp-93tik__5'}","logger":"task.stderr"}
{"timestamp":"2026-05-12T07:38:20.767224Z","level":"error","event":"  warnings.warn(","logger":"task.stderr"}
