{"timestamp":"2026-05-08T13:54:02.983100Z","level":"info","event":"DAG bundles loaded: dags-folder","logger":"airflow.dag_processing.bundles.manager.DagBundlesManager","filename":"manager.py","lineno":209}
{"timestamp":"2026-05-08T13:54:02.985799Z","level":"info","event":"Filling up the DagBag from /opt/airflow/dags/dag_pipeline.py","logger":"airflow.dag_processing.dagbag.BundleDagBag","filename":"dagbag.py","lineno":469}
{"timestamp":"2026-05-08T13:54:06.553736Z","level":"info","event":"Seeding bronze...","logger":"unusual_prefix_11c7dd38b84fb77f29c2585710943d4b7baaf7b9_dag_pipeline","filename":"dag_pipeline.py","lineno":382}
{"timestamp":"2026-05-08T13:54:10.327597Z","level":"info","event":"Tables do not exist or error occurred: (trino.exceptions.TrinoUserError) TrinoUserError(type=USER_ERROR, name=SCHEMA_NOT_FOUND, message=\"line 1:29: Schema 'bronze' does not exist\", query_id=20260508_135406_00000_ft7mv)\n[SQL: SELECT count(*) as cnt FROM raw_customer_events]\n(Background on this error at: https://sqlalche.me/e/20/f405), proceeding with seeding","logger":"unusual_prefix_11c7dd38b84fb77f29c2585710943d4b7baaf7b9_dag_pipeline","filename":"dag_pipeline.py","lineno":405}
{"timestamp":"2026-05-08T13:54:10.328156Z","level":"warning","event":"DbtOperator.execute cannot be called outside of the Task Runner!","logger":"airflow.task.operators.operators.dbt_operator.DbtOperator","filename":"operator.py","lineno":437}
{"timestamp":"2026-05-08T13:54:10.377796Z","level":"info","event":"Executing dbt command: seed --project-dir /opt/airflow/dags/ecommerce_dbt --profiles-dir /opt/airflow/dags/ecommerce_dbt --full-refresh","logger":"airflow.task.operators.operators.dbt_operator.DbtOperator","filename":"dbt_operator.py","lineno":180}
{"timestamp":"2026-05-08T13:54:10.908018Z","level":"info","event":"\u001b[0m13:54:10  Running with dbt=1.10.10","logger":"task.stdout"}
{"timestamp":"2026-05-08T13:54:11.065662Z","level":"info","event":"keyring module not found. OAuth2 token will not be stored in keyring.","logger":"trino.auth","filename":"auth.py","lineno":361}
{"timestamp":"2026-05-08T13:54:11.073842Z","level":"info","event":"keyring module not found. OAuth2 token will not be stored in keyring.","logger":"trino.auth","filename":"auth.py","lineno":361}
{"timestamp":"2026-05-08T13:54:11.916633Z","level":"info","event":"\u001b[0m13:54:11  Registered adapter: trino=1.9.3","logger":"task.stdout"}
{"timestamp":"2026-05-08T13:54:14.133875Z","level":"info","event":"\u001b[0m13:54:14  Found 12 models, 4 seeds, 55 data tests, 455 macros","logger":"task.stdout"}
{"timestamp":"2026-05-08T13:54:14.142696Z","level":"info","event":"\u001b[0m13:54:14","logger":"task.stdout"}
{"timestamp":"2026-05-08T13:54:14.153730Z","level":"info","event":"\u001b[0m13:54:14  Concurrency: 4 threads (target='dev')","logger":"task.stdout"}
{"timestamp":"2026-05-08T13:54:14.158204Z","level":"info","event":"\u001b[0m13:54:14","logger":"task.stdout"}
{"timestamp":"2026-05-08T13:54:14.882313Z","level":"info","event":"\u001b[0m13:54:14  [\u001b[33mWARNING\u001b[0m]: SSL certificate validation is disabled by default. It is legacy behavior which will be changed in future releases. It is strongly advised to enable `require_certificate_validation` flag or explicitly set `cert` configuration to `True` for security reasons. You may receive an error after that if your SSL setup is incorrect.","logger":"task.stdout"}
{"timestamp":"2026-05-08T13:54:14.882949Z","level":"info","event":"You may opt into the new behavior sooner by setting `flags.require_certificate_validation` to `True` in `dbt_project.yml`.","logger":"task.stdout"}
{"timestamp":"2026-05-08T13:54:14.883303Z","level":"info","event":"Visit https://docs.getdbt.com/reference/global-configs/behavior-changes for more information.","logger":"task.stdout"}
{"timestamp":"2026-05-08T13:54:38.890702Z","level":"info","event":"\u001b[0m13:54:38  1 of 4 START seed file bronze_raw.raw_customer_events .......................... [RUN]","logger":"task.stdout"}
{"timestamp":"2026-05-08T13:54:38.902886Z","level":"info","event":"\u001b[0m13:54:38  3 of 4 START seed file bronze_raw.raw_payment_transactions ..................... [RUN]","logger":"task.stdout"}
{"timestamp":"2026-05-08T13:54:38.907107Z","level":"info","event":"\u001b[0m13:54:38  2 of 4 START seed file bronze_raw.raw_inventory_snapshots ...................... [RUN]","logger":"task.stdout"}
{"timestamp":"2026-05-08T13:54:38.909331Z","level":"info","event":"\u001b[0m13:54:38  4 of 4 START seed file bronze_raw.raw_support_tickets .......................... [RUN]","logger":"task.stdout"}
{"timestamp":"2026-05-08T13:55:16.592715Z","level":"info","event":"\u001b[0m13:55:16  4 of 4 ERROR loading seed file bronze_raw.raw_support_tickets .................. [\u001b[31mERROR\u001b[0m in 37.68s]","logger":"task.stdout"}
{"timestamp":"2026-05-08T13:55:16.610443Z","level":"info","event":"\u001b[0m13:55:16  3 of 4 ERROR loading seed file bronze_raw.raw_payment_transactions ............. [\u001b[31mERROR\u001b[0m in 37.65s]","logger":"task.stdout"}
{"timestamp":"2026-05-08T13:55:16.645200Z","level":"info","event":"\u001b[0m13:55:16  2 of 4 ERROR loading seed file bronze_raw.raw_inventory_snapshots .............. [\u001b[31mERROR\u001b[0m in 37.48s]","logger":"task.stdout"}
{"timestamp":"2026-05-08T13:55:16.661338Z","level":"info","event":"\u001b[0m13:55:16  1 of 4 ERROR loading seed file bronze_raw.raw_customer_events .................. [\u001b[31mERROR\u001b[0m in 37.75s]","logger":"task.stdout"}
{"timestamp":"2026-05-08T13:55:16.710487Z","level":"info","event":"\u001b[0m13:55:16","logger":"task.stdout"}
{"timestamp":"2026-05-08T13:55:16.713840Z","level":"info","event":"\u001b[0m13:55:16  Finished running 4 seeds in 0 hours 1 minutes and 2.54 seconds (62.54s).","logger":"task.stdout"}
{"timestamp":"2026-05-08T13:55:17.087822Z","level":"info","event":"\u001b[0m13:55:17","logger":"task.stdout"}
{"timestamp":"2026-05-08T13:55:17.093614Z","level":"info","event":"\u001b[0m13:55:17  \u001b[31mCompleted with 4 errors, 0 partial successes, and 0 warnings:\u001b[0m","logger":"task.stdout"}
{"timestamp":"2026-05-08T13:55:17.094814Z","level":"info","event":"\u001b[0m13:55:17","logger":"task.stdout"}
{"timestamp":"2026-05-08T13:55:17.095927Z","level":"info","event":"\u001b[0m13:55:17  \u001b[31mFailure in seed raw_payment_transactions (seeds/raw_payment_transactions.csv)\u001b[0m","logger":"task.stdout"}
{"timestamp":"2026-05-08T13:55:17.100720Z","level":"info","event":"\u001b[0m13:55:17    Database Error in seed raw_payment_transactions (seeds/raw_payment_transactions.csv)","logger":"task.stdout"}
{"timestamp":"2026-05-08T13:55:17.101176Z","level":"info","event":"  TrinoExternalError(type=EXTERNAL, name=ICEBERG_FILESYSTEM_ERROR, message=\"Failed checking new table's location: s3://lakehouse/bronze_raw/raw_payment_transactions_5db43697-2e9d-425f-a0ca-1237c5c583b2\", query_id=20260508_135440_00007_ft7mv)","logger":"task.stdout"}
{"timestamp":"2026-05-08T13:55:17.101527Z","level":"info","event":"\u001b[0m13:55:17","logger":"task.stdout"}
{"timestamp":"2026-05-08T13:55:17.108095Z","level":"info","event":"\u001b[0m13:55:17  \u001b[31mFailure in seed raw_support_tickets (seeds/raw_support_tickets.csv)\u001b[0m","logger":"task.stdout"}
{"timestamp":"2026-05-08T13:55:17.110491Z","level":"info","event":"\u001b[0m13:55:17    Database Error in seed raw_support_tickets (seeds/raw_support_tickets.csv)","logger":"task.stdout"}
{"timestamp":"2026-05-08T13:55:17.110939Z","level":"info","event":"  TrinoExternalError(type=EXTERNAL, name=ICEBERG_FILESYSTEM_ERROR, message=\"Failed checking new table's location: s3://lakehouse/bronze_raw/raw_support_tickets_3e3f1f56-088d-463e-8356-839aff5f9d6e\", query_id=20260508_135440_00009_ft7mv)","logger":"task.stdout"}
{"timestamp":"2026-05-08T13:55:17.111891Z","level":"info","event":"\u001b[0m13:55:17","logger":"task.stdout"}
{"timestamp":"2026-05-08T13:55:17.114253Z","level":"info","event":"\u001b[0m13:55:17  \u001b[31mFailure in seed raw_customer_events (seeds/raw_customer_events.csv)\u001b[0m","logger":"task.stdout"}
{"timestamp":"2026-05-08T13:55:17.128931Z","level":"info","event":"\u001b[0m13:55:17    Database Error in seed raw_customer_events (seeds/raw_customer_events.csv)","logger":"task.stdout"}
{"timestamp":"2026-05-08T13:55:17.129536Z","level":"info","event":"  TrinoExternalError(type=EXTERNAL, name=ICEBERG_FILESYSTEM_ERROR, message=\"Failed checking new table's location: s3://lakehouse/bronze_raw/raw_customer_events_84cfc2e2-3758-4348-936c-987887d410fc\", query_id=20260508_135440_00008_ft7mv)","logger":"task.stdout"}
{"timestamp":"2026-05-08T13:55:17.130121Z","level":"info","event":"\u001b[0m13:55:17","logger":"task.stdout"}
{"timestamp":"2026-05-08T13:55:17.130530Z","level":"info","event":"\u001b[0m13:55:17  \u001b[31mFailure in seed raw_inventory_snapshots (seeds/raw_inventory_snapshots.csv)\u001b[0m","logger":"task.stdout"}
{"timestamp":"2026-05-08T13:55:17.130882Z","level":"info","event":"\u001b[0m13:55:17    Database Error in seed raw_inventory_snapshots (seeds/raw_inventory_snapshots.csv)","logger":"task.stdout"}
{"timestamp":"2026-05-08T13:55:17.131345Z","level":"info","event":"  TrinoExternalError(type=EXTERNAL, name=ICEBERG_FILESYSTEM_ERROR, message=\"Failed checking new table's location: s3://lakehouse/bronze_raw/raw_inventory_snapshots_908219d4-c8e2-4bd4-bb91-b70b6f35511b\", query_id=20260508_135440_00010_ft7mv)","logger":"task.stdout"}
{"timestamp":"2026-05-08T13:55:17.136554Z","level":"info","event":"\u001b[0m13:55:17","logger":"task.stdout"}
{"timestamp":"2026-05-08T13:55:17.140149Z","level":"info","event":"\u001b[0m13:55:17  Done. PASS=0 WARN=0 ERROR=4 SKIP=0 NO-OP=0 TOTAL=4","logger":"task.stdout"}
{"timestamp":"2026-05-08T13:55:20.502955Z","level":"error","event":"dbt command failed!","logger":"airflow.task.operators.operators.dbt_operator.DbtOperator","filename":"dbt_operator.py","lineno":198}
{"timestamp":"2026-05-08T13:55:20.503741Z","level":"warning","event":"Error occurred during seeding: dbt command failed: seed --project-dir /opt/airflow/dags/ecommerce_dbt --profiles-dir /opt/airflow/dags/ecommerce_dbt --full-refresh","logger":"unusual_prefix_11c7dd38b84fb77f29c2585710943d4b7baaf7b9_dag_pipeline","filename":"dag_pipeline.py","lineno":424}
{"timestamp":"2026-05-08T13:55:20.504396Z","level":"info","event":"Done. Returned value was: {'status': 'failed', 'layer': 'bronze_seed', 'pipeline_id': 'dag_pipeline_20260508135401', 'timestamp': '2026-05-08T13:55:20.503885', 'error': 'dbt command failed: seed --project-dir /opt/airflow/dags/ecommerce_dbt --profiles-dir /opt/airflow/dags/ecommerce_dbt --full-refresh'}","logger":"airflow.task.operators.airflow.providers.standard.decorators.python._PythonDecoratedOperator","filename":"python.py","lineno":229}
{"timestamp":"2026-05-08T13:55:20.505543Z","level":"info","event":"Pushing xcom","ti":"RuntimeTaskInstance(id=UUID('019e07dd-be25-7e48-b060-ce181c6ca62e'), task_id='seed_bronze', dag_id='ecommerce_dag_pipeline', run_id='manual__2026-05-08T13:53:53.029208+00:00', try_number=1, dag_version_id=UUID('019dfd0d-c356-769c-9658-e2450a265e78'), map_index=-1, hostname='9cc17aad94a1', context_carrier={'traceparent': '00-95b759c6b422fa06f6dd9353914c38db-90e7f000471468f2-01'}, task=<Task(_PythonDecoratedOperator): seed_bronze>, bundle_instance=LocalDagBundle(name=dags-folder), max_tries=2, start_date=datetime.datetime(2026, 5, 8, 13, 54, 2, 912994, tzinfo=datetime.timezone.utc), end_date=None, state=<TaskInstanceState.RUNNING: 'running'>, is_mapped=False, rendered_map_index=None, sentry_integration='')","logger":"task","filename":"task_runner.py","lineno":1724}
{"timestamp":"2026-05-08T13:55:40.401498Z","level":"error","event":"/usr/python/lib/python3.13/multiprocessing/resource_tracker.py:400: UserWarning: resource_tracker: There appear to be 2 leaked semaphore objects to clean up at shutdown: {'/mp-6esn6fyz', '/mp-nclta9eu'}","logger":"task.stderr"}
{"timestamp":"2026-05-08T13:55:40.445213Z","level":"error","event":"  warnings.warn(","logger":"task.stderr"}
