{"timestamp":"2026-05-12T06:30:53.405403Z","level":"info","event":"DAG bundles loaded: dags-folder","logger":"airflow.dag_processing.bundles.manager.DagBundlesManager","filename":"manager.py","lineno":209}
{"timestamp":"2026-05-12T06:30:53.421021Z","level":"info","event":"Filling up the DagBag from /opt/airflow/dags/dag_pipeline.py","logger":"airflow.dag_processing.dagbag.BundleDagBag","filename":"dagbag.py","lineno":469}
{"timestamp":"2026-05-12T06:30:58.888014Z","level":"info","event":"Seeding bronze...","logger":"unusual_prefix_11c7dd38b84fb77f29c2585710943d4b7baaf7b9_dag_pipeline","filename":"dag_pipeline.py","lineno":382}
{"timestamp":"2026-05-12T06:31:02.578394Z","level":"info","event":"Tables do not exist or error occurred: (trino.exceptions.TrinoUserError) TrinoUserError(type=USER_ERROR, name=SCHEMA_NOT_FOUND, message=\"line 1:29: Schema 'bronze' does not exist\", query_id=20260512_063059_00000_u872h)\n[SQL: SELECT count(*) as cnt FROM raw_customer_events]\n(Background on this error at: https://sqlalche.me/e/20/f405), proceeding with seeding","logger":"unusual_prefix_11c7dd38b84fb77f29c2585710943d4b7baaf7b9_dag_pipeline","filename":"dag_pipeline.py","lineno":405}
{"timestamp":"2026-05-12T06:31:02.578971Z","level":"warning","event":"DbtOperator.execute cannot be called outside of the Task Runner!","logger":"airflow.task.operators.operators.dbt_operator.DbtOperator","filename":"operator.py","lineno":437}
{"timestamp":"2026-05-12T06:31:02.584678Z","level":"info","event":"Executing dbt command: seed --project-dir /opt/airflow/dags/ecommerce_dbt --profiles-dir /opt/airflow/dags/ecommerce_dbt --full-refresh","logger":"airflow.task.operators.operators.dbt_operator.DbtOperator","filename":"dbt_operator.py","lineno":180}
{"timestamp":"2026-05-12T06:31:03.179312Z","level":"info","event":"\u001b[0m06:31:03  Running with dbt=1.10.10","logger":"task.stdout"}
{"timestamp":"2026-05-12T06:31:03.661144Z","level":"info","event":"keyring module not found. OAuth2 token will not be stored in keyring.","logger":"trino.auth","filename":"auth.py","lineno":361}
{"timestamp":"2026-05-12T06:31:03.666530Z","level":"info","event":"keyring module not found. OAuth2 token will not be stored in keyring.","logger":"trino.auth","filename":"auth.py","lineno":361}
{"timestamp":"2026-05-12T06:31:04.284559Z","level":"info","event":"\u001b[0m06:31:04  Registered adapter: trino=1.9.3","logger":"task.stdout"}
{"timestamp":"2026-05-12T06:31:05.951542Z","level":"info","event":"\u001b[0m06:31:05  Found 12 models, 4 seeds, 55 data tests, 455 macros","logger":"task.stdout"}
{"timestamp":"2026-05-12T06:31:05.959789Z","level":"info","event":"\u001b[0m06:31:05","logger":"task.stdout"}
{"timestamp":"2026-05-12T06:31:05.961024Z","level":"info","event":"\u001b[0m06:31:05  Concurrency: 4 threads (target='dev')","logger":"task.stdout"}
{"timestamp":"2026-05-12T06:31:05.962065Z","level":"info","event":"\u001b[0m06:31:05","logger":"task.stdout"}
{"timestamp":"2026-05-12T06:31:06.143492Z","level":"info","event":"\u001b[0m06:31:06  [\u001b[33mWARNING\u001b[0m]: SSL certificate validation is disabled by default. It is legacy behavior which will be changed in future releases. It is strongly advised to enable `require_certificate_validation` flag or explicitly set `cert` configuration to `True` for security reasons. You may receive an error after that if your SSL setup is incorrect.","logger":"task.stdout"}
{"timestamp":"2026-05-12T06:31:06.143911Z","level":"info","event":"You may opt into the new behavior sooner by setting `flags.require_certificate_validation` to `True` in `dbt_project.yml`.","logger":"task.stdout"}
{"timestamp":"2026-05-12T06:31:06.144289Z","level":"info","event":"Visit https://docs.getdbt.com/reference/global-configs/behavior-changes for more information.","logger":"task.stdout"}
{"timestamp":"2026-05-12T06:31:06.847088Z","level":"info","event":"failed after 3 attempts","logger":"trino.client","filename":"client.py","lineno":1051}
{"timestamp":"2026-05-12T06:31:06.851911Z","level":"info","event":"\u001b[0m06:31:06","logger":"task.stdout"}
{"timestamp":"2026-05-12T06:31:06.852973Z","level":"info","event":"\u001b[0m06:31:06  Finished running  in 0 hours 0 minutes and 0.89 seconds (0.89s).","logger":"task.stdout"}
{"timestamp":"2026-05-12T06:31:06.854301Z","level":"info","event":"\u001b[0m06:31:06  Encountered an error:","logger":"task.stdout"}
{"timestamp":"2026-05-12T06:31:06.854721Z","level":"info","event":"Database Error","logger":"task.stdout"}
{"timestamp":"2026-05-12T06:31:06.855321Z","level":"info","event":"  failed to execute: HTTPConnectionPool(host='localhost', port=8088): Max retries exceeded with url: /v1/statement (Caused by NewConnectionError(\"HTTPConnection(host='localhost', port=8088): Failed to establish a new connection: [Errno 111] Connection refused\"))","logger":"task.stdout"}
{"timestamp":"2026-05-12T06:31:08.196441Z","level":"error","event":"dbt command failed!","logger":"airflow.task.operators.operators.dbt_operator.DbtOperator","filename":"dbt_operator.py","lineno":198}
{"timestamp":"2026-05-12T06:31:08.196750Z","level":"error","event":"Exception: Database Error\n  failed to execute: HTTPConnectionPool(host='localhost', port=8088): Max retries exceeded with url: /v1/statement (Caused by NewConnectionError(\"HTTPConnection(host='localhost', port=8088): Failed to establish a new connection: [Errno 111] Connection refused\"))","logger":"airflow.task.operators.operators.dbt_operator.DbtOperator","filename":"dbt_operator.py","lineno":200}
{"timestamp":"2026-05-12T06:31:08.197089Z","level":"warning","event":"Error occurred during seeding: dbt command failed: seed --project-dir /opt/airflow/dags/ecommerce_dbt --profiles-dir /opt/airflow/dags/ecommerce_dbt --full-refresh","logger":"unusual_prefix_11c7dd38b84fb77f29c2585710943d4b7baaf7b9_dag_pipeline","filename":"dag_pipeline.py","lineno":424}
{"timestamp":"2026-05-12T06:31:08.197320Z","level":"info","event":"Done. Returned value was: {'status': 'failed', 'layer': 'bronze_seed', 'pipeline_id': 'dag_pipeline_20260512063052', 'timestamp': '2026-05-12T06:31:08.197216', 'error': 'dbt command failed: seed --project-dir /opt/airflow/dags/ecommerce_dbt --profiles-dir /opt/airflow/dags/ecommerce_dbt --full-refresh'}","logger":"airflow.task.operators.airflow.providers.standard.decorators.python._PythonDecoratedOperator","filename":"python.py","lineno":229}
{"timestamp":"2026-05-12T06:31:08.197704Z","level":"info","event":"Pushing xcom","ti":"RuntimeTaskInstance(id=UUID('019e1ae1-7beb-7dbe-a974-a08e35e84af0'), task_id='seed_bronze', dag_id='ecommerce_dag_pipeline', run_id='manual__2026-05-12T06:30:45.437626+00:00', try_number=1, dag_version_id=UUID('019dfd0d-c356-769c-9658-e2450a265e78'), map_index=-1, hostname='c09759c742ec', context_carrier={'traceparent': '00-dce2a32f77acf67840c43dd91185017c-2cd46f32bcc4db05-01'}, task=<Task(_PythonDecoratedOperator): seed_bronze>, bundle_instance=LocalDagBundle(name=dags-folder), max_tries=2, start_date=datetime.datetime(2026, 5, 12, 6, 30, 53, 130029, tzinfo=datetime.timezone.utc), end_date=None, state=<TaskInstanceState.RUNNING: 'running'>, is_mapped=False, rendered_map_index=None, sentry_integration='')","logger":"task","filename":"task_runner.py","lineno":1724}
{"timestamp":"2026-05-12T06:31:08.519764Z","level":"error","event":"/usr/python/lib/python3.13/multiprocessing/resource_tracker.py:400: UserWarning: resource_tracker: There appear to be 2 leaked semaphore objects to clean up at shutdown: {'/mp-dlr0q59i', '/mp-ne60o936'}","logger":"task.stderr"}
{"timestamp":"2026-05-12T06:31:08.523724Z","level":"error","event":"  warnings.warn(","logger":"task.stderr"}
