{"timestamp":"2026-05-12T07:17:35.585376Z","level":"info","event":"DAG bundles loaded: dags-folder","logger":"airflow.dag_processing.bundles.manager.DagBundlesManager","filename":"manager.py","lineno":209}
{"timestamp":"2026-05-12T07:17:35.588838Z","level":"info","event":"Filling up the DagBag from /opt/airflow/dags/dag_pipeline.py","logger":"airflow.dag_processing.dagbag.BundleDagBag","filename":"dagbag.py","lineno":469}
{"timestamp":"2026-05-12T07:17:37.714775Z","level":"info","event":"Transforming silver layer for pipeline: dag_pipeline_20260512071633","logger":"unusual_prefix_11c7dd38b84fb77f29c2585710943d4b7baaf7b9_dag_pipeline","filename":"dag_pipeline.py","lineno":504}
{"timestamp":"2026-05-12T07:17:37.715494Z","level":"warning","event":"DbtOperator.execute cannot be called outside of the Task Runner!","logger":"airflow.task.operators.operators.dbt_operator.DbtOperator","filename":"operator.py","lineno":437}
{"timestamp":"2026-05-12T07:17:37.719478Z","level":"info","event":"Executing dbt command: run --select tag:silver --project-dir /opt/airflow/dags/ecommerce_dbt --profiles-dir /opt/airflow/dags/ecommerce_dbt","logger":"airflow.task.operators.operators.dbt_operator.DbtOperator","filename":"dbt_operator.py","lineno":180}
{"timestamp":"2026-05-12T07:17:37.982368Z","level":"info","event":"\u001b[0m07:17:37  Running with dbt=1.10.10","logger":"task.stdout"}
{"timestamp":"2026-05-12T07:17:38.091112Z","level":"info","event":"keyring module not found. OAuth2 token will not be stored in keyring.","logger":"trino.auth","filename":"auth.py","lineno":361}
{"timestamp":"2026-05-12T07:17:38.096422Z","level":"info","event":"keyring module not found. OAuth2 token will not be stored in keyring.","logger":"trino.auth","filename":"auth.py","lineno":361}
{"timestamp":"2026-05-12T07:17:38.617007Z","level":"info","event":"\u001b[0m07:17:38  Registered adapter: trino=1.9.3","logger":"task.stdout"}
{"timestamp":"2026-05-12T07:17:39.847572Z","level":"info","event":"\u001b[0m07:17:39  Found 12 models, 4 seeds, 55 data tests, 455 macros","logger":"task.stdout"}
{"timestamp":"2026-05-12T07:17:39.855386Z","level":"info","event":"\u001b[0m07:17:39","logger":"task.stdout"}
{"timestamp":"2026-05-12T07:17:39.856953Z","level":"info","event":"\u001b[0m07:17:39  Concurrency: 4 threads (target='dev')","logger":"task.stdout"}
{"timestamp":"2026-05-12T07:17:39.857926Z","level":"info","event":"\u001b[0m07:17:39","logger":"task.stdout"}
{"timestamp":"2026-05-12T07:17:39.943683Z","level":"info","event":"\u001b[0m07:17:39  [\u001b[33mWARNING\u001b[0m]: SSL certificate validation is disabled by default. It is legacy behavior which will be changed in future releases. It is strongly advised to enable `require_certificate_validation` flag or explicitly set `cert` configuration to `True` for security reasons. You may receive an error after that if your SSL setup is incorrect.","logger":"task.stdout"}
{"timestamp":"2026-05-12T07:17:39.944077Z","level":"info","event":"You may opt into the new behavior sooner by setting `flags.require_certificate_validation` to `True` in `dbt_project.yml`.","logger":"task.stdout"}
{"timestamp":"2026-05-12T07:17:39.944425Z","level":"info","event":"Visit https://docs.getdbt.com/reference/global-configs/behavior-changes for more information.","logger":"task.stdout"}
{"timestamp":"2026-05-12T07:17:41.000566Z","level":"info","event":"\u001b[0m07:17:41  1 of 4 START sql table model bronze_raw_silver.silver_customer_events .......... [RUN]","logger":"task.stdout"}
{"timestamp":"2026-05-12T07:17:41.053032Z","level":"info","event":"\u001b[0m07:17:41  2 of 4 START sql table model bronze_raw_silver.silver_inventory_snapshots ...... [RUN]","logger":"task.stdout"}
{"timestamp":"2026-05-12T07:17:41.053506Z","level":"info","event":"\u001b[0m07:17:41  4 of 4 START sql table model bronze_raw_silver.silver_support_tickets .......... [RUN]","logger":"task.stdout"}
{"timestamp":"2026-05-12T07:17:41.053839Z","level":"info","event":"\u001b[0m07:17:41  3 of 4 START sql table model bronze_raw_silver.silver_payment_transactions ..... [RUN]","logger":"task.stdout"}
{"timestamp":"2026-05-12T07:17:41.633272Z","level":"info","event":"\u001b[0m07:17:41  1 of 4 ERROR creating sql table model bronze_raw_silver.silver_customer_events . [\u001b[31mERROR\u001b[0m in 0.60s]","logger":"task.stdout"}
{"timestamp":"2026-05-12T07:17:41.671489Z","level":"info","event":"\u001b[0m07:17:41  4 of 4 ERROR creating sql table model bronze_raw_silver.silver_support_tickets . [\u001b[31mERROR\u001b[0m in 0.64s]","logger":"task.stdout"}
{"timestamp":"2026-05-12T07:17:41.745333Z","level":"info","event":"\u001b[0m07:17:41  3 of 4 ERROR creating sql table model bronze_raw_silver.silver_payment_transactions  [\u001b[31mERROR\u001b[0m in 0.68s]","logger":"task.stdout"}
{"timestamp":"2026-05-12T07:17:46.329896Z","level":"info","event":"\u001b[0m07:17:46  2 of 4 OK created sql table model bronze_raw_silver.silver_inventory_snapshots . [\u001b[32mCREATE TABLE (200 rows)\u001b[0m in 5.32s]","logger":"task.stdout"}
{"timestamp":"2026-05-12T07:17:46.510294Z","level":"info","event":"\u001b[0m07:17:46","logger":"task.stdout"}
{"timestamp":"2026-05-12T07:17:46.513926Z","level":"info","event":"\u001b[0m07:17:46  Finished running 4 table models in 0 hours 0 minutes and 6.50 seconds (6.50s).","logger":"task.stdout"}
{"timestamp":"2026-05-12T07:17:46.514633Z","level":"info","event":"\u001b[0m07:17:46","logger":"task.stdout"}
{"timestamp":"2026-05-12T07:17:46.515329Z","level":"info","event":"\u001b[0m07:17:46  \u001b[31mCompleted with 3 errors, 0 partial successes, and 0 warnings:\u001b[0m","logger":"task.stdout"}
{"timestamp":"2026-05-12T07:17:46.515647Z","level":"info","event":"\u001b[0m07:17:46","logger":"task.stdout"}
{"timestamp":"2026-05-12T07:17:46.516003Z","level":"info","event":"\u001b[0m07:17:46  \u001b[31mFailure in model silver_support_tickets (models/silver/silver_support_tickets.sql)\u001b[0m","logger":"task.stdout"}
{"timestamp":"2026-05-12T07:17:46.516262Z","level":"info","event":"\u001b[0m07:17:46    Database Error in model silver_support_tickets (models/silver/silver_support_tickets.sql)","logger":"task.stdout"}
{"timestamp":"2026-05-12T07:17:46.516533Z","level":"info","event":"  TrinoUserError(type=USER_ERROR, name=SYNTAX_ERROR, message=\"line 45:18: Invalid EXTRACT field EPOCH, valid fields are: YEAR, QUARTER, MONTH, WEEK, DAY, DAY_OF_MONTH, DAY_OF_WEEK, DOW, DAY_OF_YEAR, DOY, YEAR_OF_WEEK, YOW, HOUR, MINUTE, SECOND, TIMEZONE_MINUTE, TIMEZONE_HOUR\", query_id=20260512_071741_00218_u872h)","logger":"task.stdout"}
{"timestamp":"2026-05-12T07:17:46.517112Z","level":"info","event":"  compiled code at target/run/ecommerce_dbt/models/silver/silver_support_tickets.sql","logger":"task.stdout"}
{"timestamp":"2026-05-12T07:17:46.517389Z","level":"info","event":"\u001b[0m07:17:46","logger":"task.stdout"}
{"timestamp":"2026-05-12T07:17:46.520616Z","level":"info","event":"\u001b[0m07:17:46    compiled code at target/compiled/ecommerce_dbt/models/silver/silver_support_tickets.sql","logger":"task.stdout"}
{"timestamp":"2026-05-12T07:17:46.521120Z","level":"info","event":"\u001b[0m07:17:46","logger":"task.stdout"}
{"timestamp":"2026-05-12T07:17:46.525262Z","level":"info","event":"\u001b[0m07:17:46  \u001b[31mFailure in model silver_customer_events (models/silver/silver_customer_events.sql)\u001b[0m","logger":"task.stdout"}
{"timestamp":"2026-05-12T07:17:46.525618Z","level":"info","event":"\u001b[0m07:17:46    Database Error in model silver_customer_events (models/silver/silver_customer_events.sql)","logger":"task.stdout"}
{"timestamp":"2026-05-12T07:17:46.526321Z","level":"info","event":"  TrinoUserError(type=USER_ERROR, name=FUNCTION_NOT_FOUND, message=\"line 34:9: Unexpected parameters (varchar) for function md5. Expected: md5(varbinary)\", query_id=20260512_071741_00216_u872h)","logger":"task.stdout"}
{"timestamp":"2026-05-12T07:17:46.527394Z","level":"info","event":"  compiled code at target/run/ecommerce_dbt/models/silver/silver_customer_events.sql","logger":"task.stdout"}
{"timestamp":"2026-05-12T07:17:46.527763Z","level":"info","event":"\u001b[0m07:17:46","logger":"task.stdout"}
{"timestamp":"2026-05-12T07:17:46.528071Z","level":"info","event":"\u001b[0m07:17:46    compiled code at target/compiled/ecommerce_dbt/models/silver/silver_customer_events.sql","logger":"task.stdout"}
{"timestamp":"2026-05-12T07:17:46.528718Z","level":"info","event":"\u001b[0m07:17:46","logger":"task.stdout"}
{"timestamp":"2026-05-12T07:17:46.529302Z","level":"info","event":"\u001b[0m07:17:46  \u001b[31mFailure in model silver_payment_transactions (models/silver/silver_payment_transactions.sql)\u001b[0m","logger":"task.stdout"}
{"timestamp":"2026-05-12T07:17:46.529701Z","level":"info","event":"\u001b[0m07:17:46    Database Error in model silver_payment_transactions (models/silver/silver_payment_transactions.sql)","logger":"task.stdout"}
{"timestamp":"2026-05-12T07:17:46.530274Z","level":"info","event":"  TrinoUserError(type=USER_ERROR, name=COLUMN_NOT_FOUND, message=\"line 28:20: Column 'processor_response_code' cannot be resolved\", query_id=20260512_071741_00215_u872h)","logger":"task.stdout"}
{"timestamp":"2026-05-12T07:17:46.530714Z","level":"info","event":"  compiled code at target/run/ecommerce_dbt/models/silver/silver_payment_transactions.sql","logger":"task.stdout"}
{"timestamp":"2026-05-12T07:17:46.531503Z","level":"info","event":"\u001b[0m07:17:46","logger":"task.stdout"}
{"timestamp":"2026-05-12T07:17:46.531850Z","level":"info","event":"\u001b[0m07:17:46    compiled code at target/compiled/ecommerce_dbt/models/silver/silver_payment_transactions.sql","logger":"task.stdout"}
{"timestamp":"2026-05-12T07:17:46.532236Z","level":"info","event":"\u001b[0m07:17:46","logger":"task.stdout"}
{"timestamp":"2026-05-12T07:17:46.533018Z","level":"info","event":"\u001b[0m07:17:46  Done. PASS=1 WARN=0 ERROR=3 SKIP=0 NO-OP=0 TOTAL=4","logger":"task.stdout"}
{"timestamp":"2026-05-12T07:17:46.822182Z","level":"error","event":"dbt command failed!","logger":"airflow.task.operators.operators.dbt_operator.DbtOperator","filename":"dbt_operator.py","lineno":198}
{"timestamp":"2026-05-12T07:17:46.822534Z","level":"warning","event":"Error occurred during transformation: dbt command failed: run --select tag:silver --project-dir /opt/airflow/dags/ecommerce_dbt --profiles-dir /opt/airflow/dags/ecommerce_dbt","logger":"unusual_prefix_11c7dd38b84fb77f29c2585710943d4b7baaf7b9_dag_pipeline","filename":"dag_pipeline.py","lineno":522}
{"timestamp":"2026-05-12T07:17:46.822758Z","level":"error","event":"Task failed with exception","logger":"task","filename":"task_runner.py","lineno":1325,"error_detail":[{"exc_type":"AirflowException","exc_value":"dbt command failed: run --select tag:silver --project-dir /opt/airflow/dags/ecommerce_dbt --profiles-dir /opt/airflow/dags/ecommerce_dbt","exc_notes":[],"syntax_error":null,"is_cause":false,"frames":[{"filename":"/home/airflow/.local/lib/python3.13/site-packages/airflow/sdk/execution_time/task_runner.py","lineno":1263,"name":"run"},{"filename":"/home/airflow/.local/lib/python3.13/site-packages/airflow/sdk/execution_time/task_runner.py","lineno":1678,"name":"_execute_task"},{"filename":"/home/airflow/.local/lib/python3.13/site-packages/airflow/sdk/bases/operator.py","lineno":443,"name":"wrapper"},{"filename":"/home/airflow/.local/lib/python3.13/site-packages/airflow/sdk/bases/decorator.py","lineno":398,"name":"execute"},{"filename":"/home/airflow/.local/lib/python3.13/site-packages/airflow/sdk/bases/operator.py","lineno":443,"name":"wrapper"},{"filename":"/home/airflow/.local/lib/python3.13/site-packages/airflow/providers/standard/operators/python.py","lineno":227,"name":"execute"},{"filename":"/home/airflow/.local/lib/python3.13/site-packages/airflow/providers/standard/operators/python.py","lineno":250,"name":"execute_callable"},{"filename":"/home/airflow/.local/lib/python3.13/site-packages/airflow/sdk/execution_time/callback_runner.py","lineno":97,"name":"run"},{"filename":"/opt/airflow/dags/dag_pipeline.py","lineno":514,"name":"transform_silver_layer"},{"filename":"/home/airflow/.local/lib/python3.13/site-packages/airflow/sdk/bases/operator.py","lineno":443,"name":"wrapper"},{"filename":"/opt/airflow/dags/operators/dbt_operator.py","lineno":201,"name":"execute"}],"is_group":false,"exceptions":[]}]}
{"timestamp":"2026-05-12T07:17:47.199991Z","level":"error","event":"/usr/python/lib/python3.13/multiprocessing/resource_tracker.py:400: UserWarning: resource_tracker: There appear to be 2 leaked semaphore objects to clean up at shutdown: {'/mp-zsz3l2i0', '/mp-pzsoqxg3'}","logger":"task.stderr"}
{"timestamp":"2026-05-12T07:17:47.202137Z","level":"error","event":"  warnings.warn(","logger":"task.stderr"}
