{"timestamp":"2026-05-12T07:18:03.628478Z","level":"info","event":"DAG bundles loaded: dags-folder","logger":"airflow.dag_processing.bundles.manager.DagBundlesManager","filename":"manager.py","lineno":209}
{"timestamp":"2026-05-12T07:18:03.631514Z","level":"info","event":"Filling up the DagBag from /opt/airflow/dags/dag_pipeline.py","logger":"airflow.dag_processing.dagbag.BundleDagBag","filename":"dagbag.py","lineno":469}
{"timestamp":"2026-05-12T07:18:06.187167Z","level":"info","event":"Transforming silver layer for pipeline: dag_pipeline_20260512071633","logger":"unusual_prefix_11c7dd38b84fb77f29c2585710943d4b7baaf7b9_dag_pipeline","filename":"dag_pipeline.py","lineno":504}
{"timestamp":"2026-05-12T07:18:06.187930Z","level":"warning","event":"DbtOperator.execute cannot be called outside of the Task Runner!","logger":"airflow.task.operators.operators.dbt_operator.DbtOperator","filename":"operator.py","lineno":437}
{"timestamp":"2026-05-12T07:18:06.191821Z","level":"info","event":"Executing dbt command: run --select tag:silver --project-dir /opt/airflow/dags/ecommerce_dbt --profiles-dir /opt/airflow/dags/ecommerce_dbt","logger":"airflow.task.operators.operators.dbt_operator.DbtOperator","filename":"dbt_operator.py","lineno":180}
{"timestamp":"2026-05-12T07:18:06.404714Z","level":"info","event":"\u001b[0m07:18:06  Running with dbt=1.10.10","logger":"task.stdout"}
{"timestamp":"2026-05-12T07:18:06.515435Z","level":"info","event":"keyring module not found. OAuth2 token will not be stored in keyring.","logger":"trino.auth","filename":"auth.py","lineno":361}
{"timestamp":"2026-05-12T07:18:06.521148Z","level":"info","event":"keyring module not found. OAuth2 token will not be stored in keyring.","logger":"trino.auth","filename":"auth.py","lineno":361}
{"timestamp":"2026-05-12T07:18:07.030816Z","level":"info","event":"\u001b[0m07:18:07  Registered adapter: trino=1.9.3","logger":"task.stdout"}
{"timestamp":"2026-05-12T07:18:08.679066Z","level":"info","event":"\u001b[0m07:18:08  Found 12 models, 4 seeds, 55 data tests, 455 macros","logger":"task.stdout"}
{"timestamp":"2026-05-12T07:18:08.739202Z","level":"info","event":"\u001b[0m07:18:08","logger":"task.stdout"}
{"timestamp":"2026-05-12T07:18:08.739709Z","level":"info","event":"\u001b[0m07:18:08  Concurrency: 4 threads (target='dev')","logger":"task.stdout"}
{"timestamp":"2026-05-12T07:18:08.740390Z","level":"info","event":"\u001b[0m07:18:08","logger":"task.stdout"}
{"timestamp":"2026-05-12T07:18:08.779621Z","level":"info","event":"\u001b[0m07:18:08  [\u001b[33mWARNING\u001b[0m]: SSL certificate validation is disabled by default. It is legacy behavior which will be changed in future releases. It is strongly advised to enable `require_certificate_validation` flag or explicitly set `cert` configuration to `True` for security reasons. You may receive an error after that if your SSL setup is incorrect.","logger":"task.stdout"}
{"timestamp":"2026-05-12T07:18:08.780036Z","level":"info","event":"You may opt into the new behavior sooner by setting `flags.require_certificate_validation` to `True` in `dbt_project.yml`.","logger":"task.stdout"}
{"timestamp":"2026-05-12T07:18:08.780404Z","level":"info","event":"Visit https://docs.getdbt.com/reference/global-configs/behavior-changes for more information.","logger":"task.stdout"}
{"timestamp":"2026-05-12T07:18:10.694800Z","level":"info","event":"\u001b[0m07:18:10  4 of 4 START sql table model bronze_raw_silver.silver_support_tickets .......... [RUN]","logger":"task.stdout"}
{"timestamp":"2026-05-12T07:18:10.696760Z","level":"info","event":"\u001b[0m07:18:10  1 of 4 START sql table model bronze_raw_silver.silver_customer_events .......... [RUN]","logger":"task.stdout"}
{"timestamp":"2026-05-12T07:18:10.705896Z","level":"info","event":"\u001b[0m07:18:10  3 of 4 START sql table model bronze_raw_silver.silver_payment_transactions ..... [RUN]","logger":"task.stdout"}
{"timestamp":"2026-05-12T07:18:10.714745Z","level":"info","event":"\u001b[0m07:18:10  2 of 4 START sql table model bronze_raw_silver.silver_inventory_snapshots ...... [RUN]","logger":"task.stdout"}
{"timestamp":"2026-05-12T07:18:11.910234Z","level":"info","event":"\u001b[0m07:18:11  4 of 4 ERROR creating sql table model bronze_raw_silver.silver_support_tickets . [\u001b[31mERROR\u001b[0m in 1.10s]","logger":"task.stdout"}
{"timestamp":"2026-05-12T07:18:11.929135Z","level":"info","event":"\u001b[0m07:18:11  1 of 4 ERROR creating sql table model bronze_raw_silver.silver_customer_events . [\u001b[31mERROR\u001b[0m in 1.22s]","logger":"task.stdout"}
{"timestamp":"2026-05-12T07:18:11.980934Z","level":"info","event":"\u001b[0m07:18:11  3 of 4 ERROR creating sql table model bronze_raw_silver.silver_payment_transactions  [\u001b[31mERROR\u001b[0m in 1.26s]","logger":"task.stdout"}
{"timestamp":"2026-05-12T07:18:14.827661Z","level":"info","event":"\u001b[0m07:18:14  2 of 4 OK created sql table model bronze_raw_silver.silver_inventory_snapshots . [\u001b[32mCREATE TABLE (200 rows)\u001b[0m in 4.10s]","logger":"task.stdout"}
{"timestamp":"2026-05-12T07:18:14.883406Z","level":"info","event":"\u001b[0m07:18:14","logger":"task.stdout"}
{"timestamp":"2026-05-12T07:18:14.885133Z","level":"info","event":"\u001b[0m07:18:14  Finished running 4 table models in 0 hours 0 minutes and 6.16 seconds (6.16s).","logger":"task.stdout"}
{"timestamp":"2026-05-12T07:18:15.030154Z","level":"info","event":"\u001b[0m07:18:15","logger":"task.stdout"}
{"timestamp":"2026-05-12T07:18:15.033832Z","level":"info","event":"\u001b[0m07:18:15  \u001b[31mCompleted with 3 errors, 0 partial successes, and 0 warnings:\u001b[0m","logger":"task.stdout"}
{"timestamp":"2026-05-12T07:18:15.039015Z","level":"info","event":"\u001b[0m07:18:15","logger":"task.stdout"}
{"timestamp":"2026-05-12T07:18:15.042199Z","level":"info","event":"\u001b[0m07:18:15  \u001b[31mFailure in model silver_customer_events (models/silver/silver_customer_events.sql)\u001b[0m","logger":"task.stdout"}
{"timestamp":"2026-05-12T07:18:15.043718Z","level":"info","event":"\u001b[0m07:18:15    Database Error in model silver_customer_events (models/silver/silver_customer_events.sql)","logger":"task.stdout"}
{"timestamp":"2026-05-12T07:18:15.045112Z","level":"info","event":"  TrinoUserError(type=USER_ERROR, name=FUNCTION_NOT_FOUND, message=\"line 34:9: Unexpected parameters (varchar) for function md5. Expected: md5(varbinary)\", query_id=20260512_071811_00230_u872h)","logger":"task.stdout"}
{"timestamp":"2026-05-12T07:18:15.046003Z","level":"info","event":"  compiled code at target/run/ecommerce_dbt/models/silver/silver_customer_events.sql","logger":"task.stdout"}
{"timestamp":"2026-05-12T07:18:15.047789Z","level":"info","event":"\u001b[0m07:18:15","logger":"task.stdout"}
{"timestamp":"2026-05-12T07:18:15.048414Z","level":"info","event":"\u001b[0m07:18:15    compiled code at target/compiled/ecommerce_dbt/models/silver/silver_customer_events.sql","logger":"task.stdout"}
{"timestamp":"2026-05-12T07:18:15.049703Z","level":"info","event":"\u001b[0m07:18:15","logger":"task.stdout"}
{"timestamp":"2026-05-12T07:18:15.052720Z","level":"info","event":"\u001b[0m07:18:15  \u001b[31mFailure in model silver_support_tickets (models/silver/silver_support_tickets.sql)\u001b[0m","logger":"task.stdout"}
{"timestamp":"2026-05-12T07:18:15.059408Z","level":"info","event":"\u001b[0m07:18:15    Database Error in model silver_support_tickets (models/silver/silver_support_tickets.sql)","logger":"task.stdout"}
{"timestamp":"2026-05-12T07:18:15.060479Z","level":"info","event":"  TrinoUserError(type=USER_ERROR, name=SYNTAX_ERROR, message=\"line 45:18: Invalid EXTRACT field EPOCH, valid fields are: YEAR, QUARTER, MONTH, WEEK, DAY, DAY_OF_MONTH, DAY_OF_WEEK, DOW, DAY_OF_YEAR, DOY, YEAR_OF_WEEK, YOW, HOUR, MINUTE, SECOND, TIMEZONE_MINUTE, TIMEZONE_HOUR\", query_id=20260512_071811_00227_u872h)","logger":"task.stdout"}
{"timestamp":"2026-05-12T07:18:15.061572Z","level":"info","event":"  compiled code at target/run/ecommerce_dbt/models/silver/silver_support_tickets.sql","logger":"task.stdout"}
{"timestamp":"2026-05-12T07:18:15.071992Z","level":"info","event":"\u001b[0m07:18:15","logger":"task.stdout"}
{"timestamp":"2026-05-12T07:18:15.074739Z","level":"info","event":"\u001b[0m07:18:15    compiled code at target/compiled/ecommerce_dbt/models/silver/silver_support_tickets.sql","logger":"task.stdout"}
{"timestamp":"2026-05-12T07:18:15.075231Z","level":"info","event":"\u001b[0m07:18:15","logger":"task.stdout"}
{"timestamp":"2026-05-12T07:18:15.075960Z","level":"info","event":"\u001b[0m07:18:15  \u001b[31mFailure in model silver_payment_transactions (models/silver/silver_payment_transactions.sql)\u001b[0m","logger":"task.stdout"}
{"timestamp":"2026-05-12T07:18:15.077459Z","level":"info","event":"\u001b[0m07:18:15    Database Error in model silver_payment_transactions (models/silver/silver_payment_transactions.sql)","logger":"task.stdout"}
{"timestamp":"2026-05-12T07:18:15.078370Z","level":"info","event":"  TrinoUserError(type=USER_ERROR, name=COLUMN_NOT_FOUND, message=\"line 28:20: Column 'processor_response_code' cannot be resolved\", query_id=20260512_071811_00229_u872h)","logger":"task.stdout"}
{"timestamp":"2026-05-12T07:18:15.079414Z","level":"info","event":"  compiled code at target/run/ecommerce_dbt/models/silver/silver_payment_transactions.sql","logger":"task.stdout"}
{"timestamp":"2026-05-12T07:18:15.080112Z","level":"info","event":"\u001b[0m07:18:15","logger":"task.stdout"}
{"timestamp":"2026-05-12T07:18:15.082070Z","level":"info","event":"\u001b[0m07:18:15    compiled code at target/compiled/ecommerce_dbt/models/silver/silver_payment_transactions.sql","logger":"task.stdout"}
{"timestamp":"2026-05-12T07:18:15.082749Z","level":"info","event":"\u001b[0m07:18:15","logger":"task.stdout"}
{"timestamp":"2026-05-12T07:18:15.083977Z","level":"info","event":"\u001b[0m07:18:15  Done. PASS=1 WARN=0 ERROR=3 SKIP=0 NO-OP=0 TOTAL=4","logger":"task.stdout"}
{"timestamp":"2026-05-12T07:18:15.106168Z","level":"error","event":"dbt command failed!","logger":"airflow.task.operators.operators.dbt_operator.DbtOperator","filename":"dbt_operator.py","lineno":198}
{"timestamp":"2026-05-12T07:18:15.106421Z","level":"warning","event":"Error occurred during transformation: dbt command failed: run --select tag:silver --project-dir /opt/airflow/dags/ecommerce_dbt --profiles-dir /opt/airflow/dags/ecommerce_dbt","logger":"unusual_prefix_11c7dd38b84fb77f29c2585710943d4b7baaf7b9_dag_pipeline","filename":"dag_pipeline.py","lineno":522}
{"timestamp":"2026-05-12T07:18:15.106597Z","level":"error","event":"Task failed with exception","logger":"task","filename":"task_runner.py","lineno":1325,"error_detail":[{"exc_type":"AirflowException","exc_value":"dbt command failed: run --select tag:silver --project-dir /opt/airflow/dags/ecommerce_dbt --profiles-dir /opt/airflow/dags/ecommerce_dbt","exc_notes":[],"syntax_error":null,"is_cause":false,"frames":[{"filename":"/home/airflow/.local/lib/python3.13/site-packages/airflow/sdk/execution_time/task_runner.py","lineno":1263,"name":"run"},{"filename":"/home/airflow/.local/lib/python3.13/site-packages/airflow/sdk/execution_time/task_runner.py","lineno":1678,"name":"_execute_task"},{"filename":"/home/airflow/.local/lib/python3.13/site-packages/airflow/sdk/bases/operator.py","lineno":443,"name":"wrapper"},{"filename":"/home/airflow/.local/lib/python3.13/site-packages/airflow/sdk/bases/decorator.py","lineno":398,"name":"execute"},{"filename":"/home/airflow/.local/lib/python3.13/site-packages/airflow/sdk/bases/operator.py","lineno":443,"name":"wrapper"},{"filename":"/home/airflow/.local/lib/python3.13/site-packages/airflow/providers/standard/operators/python.py","lineno":227,"name":"execute"},{"filename":"/home/airflow/.local/lib/python3.13/site-packages/airflow/providers/standard/operators/python.py","lineno":250,"name":"execute_callable"},{"filename":"/home/airflow/.local/lib/python3.13/site-packages/airflow/sdk/execution_time/callback_runner.py","lineno":97,"name":"run"},{"filename":"/opt/airflow/dags/dag_pipeline.py","lineno":514,"name":"transform_silver_layer"},{"filename":"/home/airflow/.local/lib/python3.13/site-packages/airflow/sdk/bases/operator.py","lineno":443,"name":"wrapper"},{"filename":"/opt/airflow/dags/operators/dbt_operator.py","lineno":201,"name":"execute"}],"is_group":false,"exceptions":[]}]}
{"timestamp":"2026-05-12T07:18:15.155288Z","level":"error","event":"/usr/python/lib/python3.13/multiprocessing/resource_tracker.py:400: UserWarning: resource_tracker: There appear to be 2 leaked semaphore objects to clean up at shutdown: {'/mp-8u9u270f', '/mp-5v5yrcrk'}","logger":"task.stderr"}
{"timestamp":"2026-05-12T07:18:15.161459Z","level":"error","event":"  warnings.warn(","logger":"task.stderr"}
