{"timestamp":"2026-05-12T07:17:08.928433Z","level":"info","event":"DAG bundles loaded: dags-folder","logger":"airflow.dag_processing.bundles.manager.DagBundlesManager","filename":"manager.py","lineno":209}
{"timestamp":"2026-05-12T07:17:08.951720Z","level":"info","event":"Filling up the DagBag from /opt/airflow/dags/dag_pipeline.py","logger":"airflow.dag_processing.dagbag.BundleDagBag","filename":"dagbag.py","lineno":469}
{"timestamp":"2026-05-12T07:17:11.990564Z","level":"info","event":"Transforming silver layer for pipeline: dag_pipeline_20260512071633","logger":"unusual_prefix_11c7dd38b84fb77f29c2585710943d4b7baaf7b9_dag_pipeline","filename":"dag_pipeline.py","lineno":504}
{"timestamp":"2026-05-12T07:17:11.991114Z","level":"warning","event":"DbtOperator.execute cannot be called outside of the Task Runner!","logger":"airflow.task.operators.operators.dbt_operator.DbtOperator","filename":"operator.py","lineno":437}
{"timestamp":"2026-05-12T07:17:11.994138Z","level":"info","event":"Executing dbt command: run --select tag:silver --project-dir /opt/airflow/dags/ecommerce_dbt --profiles-dir /opt/airflow/dags/ecommerce_dbt","logger":"airflow.task.operators.operators.dbt_operator.DbtOperator","filename":"dbt_operator.py","lineno":180}
{"timestamp":"2026-05-12T07:17:12.162653Z","level":"info","event":"\u001b[0m07:17:12  Running with dbt=1.10.10","logger":"task.stdout"}
{"timestamp":"2026-05-12T07:17:12.302831Z","level":"info","event":"keyring module not found. OAuth2 token will not be stored in keyring.","logger":"trino.auth","filename":"auth.py","lineno":361}
{"timestamp":"2026-05-12T07:17:12.307709Z","level":"info","event":"keyring module not found. OAuth2 token will not be stored in keyring.","logger":"trino.auth","filename":"auth.py","lineno":361}
{"timestamp":"2026-05-12T07:17:13.430803Z","level":"info","event":"\u001b[0m07:17:13  Registered adapter: trino=1.9.3","logger":"task.stdout"}
{"timestamp":"2026-05-12T07:17:14.753258Z","level":"info","event":"\u001b[0m07:17:14  Found 12 models, 4 seeds, 55 data tests, 455 macros","logger":"task.stdout"}
{"timestamp":"2026-05-12T07:17:14.789180Z","level":"info","event":"\u001b[0m07:17:14","logger":"task.stdout"}
{"timestamp":"2026-05-12T07:17:14.789732Z","level":"info","event":"\u001b[0m07:17:14  Concurrency: 4 threads (target='dev')","logger":"task.stdout"}
{"timestamp":"2026-05-12T07:17:14.792726Z","level":"info","event":"\u001b[0m07:17:14","logger":"task.stdout"}
{"timestamp":"2026-05-12T07:17:14.861106Z","level":"info","event":"\u001b[0m07:17:14  [\u001b[33mWARNING\u001b[0m]: SSL certificate validation is disabled by default. It is legacy behavior which will be changed in future releases. It is strongly advised to enable `require_certificate_validation` flag or explicitly set `cert` configuration to `True` for security reasons. You may receive an error after that if your SSL setup is incorrect.","logger":"task.stdout"}
{"timestamp":"2026-05-12T07:17:14.861542Z","level":"info","event":"You may opt into the new behavior sooner by setting `flags.require_certificate_validation` to `True` in `dbt_project.yml`.","logger":"task.stdout"}
{"timestamp":"2026-05-12T07:17:14.861884Z","level":"info","event":"Visit https://docs.getdbt.com/reference/global-configs/behavior-changes for more information.","logger":"task.stdout"}
{"timestamp":"2026-05-12T07:17:16.387809Z","level":"info","event":"\u001b[0m07:17:16  3 of 4 START sql table model bronze_raw_silver.silver_payment_transactions ..... [RUN]","logger":"task.stdout"}
{"timestamp":"2026-05-12T07:17:16.391782Z","level":"info","event":"\u001b[0m07:17:16  2 of 4 START sql table model bronze_raw_silver.silver_inventory_snapshots ...... [RUN]","logger":"task.stdout"}
{"timestamp":"2026-05-12T07:17:16.393135Z","level":"info","event":"\u001b[0m07:17:16  4 of 4 START sql table model bronze_raw_silver.silver_support_tickets .......... [RUN]","logger":"task.stdout"}
{"timestamp":"2026-05-12T07:17:16.399671Z","level":"info","event":"\u001b[0m07:17:16  1 of 4 START sql table model bronze_raw_silver.silver_customer_events .......... [RUN]","logger":"task.stdout"}
{"timestamp":"2026-05-12T07:17:17.136206Z","level":"info","event":"\u001b[0m07:17:17  4 of 4 ERROR creating sql table model bronze_raw_silver.silver_support_tickets . [\u001b[31mERROR\u001b[0m in 0.73s]","logger":"task.stdout"}
{"timestamp":"2026-05-12T07:17:17.215606Z","level":"info","event":"\u001b[0m07:17:17  3 of 4 ERROR creating sql table model bronze_raw_silver.silver_payment_transactions  [\u001b[31mERROR\u001b[0m in 0.81s]","logger":"task.stdout"}
{"timestamp":"2026-05-12T07:17:17.233342Z","level":"info","event":"\u001b[0m07:17:17  1 of 4 ERROR creating sql table model bronze_raw_silver.silver_customer_events . [\u001b[31mERROR\u001b[0m in 0.83s]","logger":"task.stdout"}
{"timestamp":"2026-05-12T07:17:19.025149Z","level":"info","event":"\u001b[0m07:17:19  2 of 4 OK created sql table model bronze_raw_silver.silver_inventory_snapshots . [\u001b[32mCREATE TABLE (200 rows)\u001b[0m in 2.63s]","logger":"task.stdout"}
{"timestamp":"2026-05-12T07:17:19.038661Z","level":"info","event":"\u001b[0m07:17:19","logger":"task.stdout"}
{"timestamp":"2026-05-12T07:17:19.040020Z","level":"info","event":"\u001b[0m07:17:19  Finished running 4 table models in 0 hours 0 minutes and 4.28 seconds (4.28s).","logger":"task.stdout"}
{"timestamp":"2026-05-12T07:17:19.145769Z","level":"info","event":"\u001b[0m07:17:19","logger":"task.stdout"}
{"timestamp":"2026-05-12T07:17:19.146753Z","level":"info","event":"\u001b[0m07:17:19  \u001b[31mCompleted with 3 errors, 0 partial successes, and 0 warnings:\u001b[0m","logger":"task.stdout"}
{"timestamp":"2026-05-12T07:17:19.154956Z","level":"info","event":"\u001b[0m07:17:19","logger":"task.stdout"}
{"timestamp":"2026-05-12T07:17:19.155803Z","level":"info","event":"\u001b[0m07:17:19  \u001b[31mFailure in model silver_support_tickets (models/silver/silver_support_tickets.sql)\u001b[0m","logger":"task.stdout"}
{"timestamp":"2026-05-12T07:17:19.156215Z","level":"info","event":"\u001b[0m07:17:19    Database Error in model silver_support_tickets (models/silver/silver_support_tickets.sql)","logger":"task.stdout"}
{"timestamp":"2026-05-12T07:17:19.157107Z","level":"info","event":"  TrinoUserError(type=USER_ERROR, name=SYNTAX_ERROR, message=\"line 45:18: Invalid EXTRACT field EPOCH, valid fields are: YEAR, QUARTER, MONTH, WEEK, DAY, DAY_OF_MONTH, DAY_OF_WEEK, DOW, DAY_OF_YEAR, DOY, YEAR_OF_WEEK, YOW, HOUR, MINUTE, SECOND, TIMEZONE_MINUTE, TIMEZONE_HOUR\", query_id=20260512_071717_00206_u872h)","logger":"task.stdout"}
{"timestamp":"2026-05-12T07:17:19.157586Z","level":"info","event":"  compiled code at target/run/ecommerce_dbt/models/silver/silver_support_tickets.sql","logger":"task.stdout"}
{"timestamp":"2026-05-12T07:17:19.157913Z","level":"info","event":"\u001b[0m07:17:19","logger":"task.stdout"}
{"timestamp":"2026-05-12T07:17:19.158228Z","level":"info","event":"\u001b[0m07:17:19    compiled code at target/compiled/ecommerce_dbt/models/silver/silver_support_tickets.sql","logger":"task.stdout"}
{"timestamp":"2026-05-12T07:17:19.158668Z","level":"info","event":"\u001b[0m07:17:19","logger":"task.stdout"}
{"timestamp":"2026-05-12T07:17:19.158984Z","level":"info","event":"\u001b[0m07:17:19  \u001b[31mFailure in model silver_payment_transactions (models/silver/silver_payment_transactions.sql)\u001b[0m","logger":"task.stdout"}
{"timestamp":"2026-05-12T07:17:19.159357Z","level":"info","event":"\u001b[0m07:17:19    Database Error in model silver_payment_transactions (models/silver/silver_payment_transactions.sql)","logger":"task.stdout"}
{"timestamp":"2026-05-12T07:17:19.159674Z","level":"info","event":"  TrinoUserError(type=USER_ERROR, name=COLUMN_NOT_FOUND, message=\"line 28:20: Column 'processor_response_code' cannot be resolved\", query_id=20260512_071717_00208_u872h)","logger":"task.stdout"}
{"timestamp":"2026-05-12T07:17:19.159964Z","level":"info","event":"  compiled code at target/run/ecommerce_dbt/models/silver/silver_payment_transactions.sql","logger":"task.stdout"}
{"timestamp":"2026-05-12T07:17:19.160371Z","level":"info","event":"\u001b[0m07:17:19","logger":"task.stdout"}
{"timestamp":"2026-05-12T07:17:19.160916Z","level":"info","event":"\u001b[0m07:17:19    compiled code at target/compiled/ecommerce_dbt/models/silver/silver_payment_transactions.sql","logger":"task.stdout"}
{"timestamp":"2026-05-12T07:17:19.161387Z","level":"info","event":"\u001b[0m07:17:19","logger":"task.stdout"}
{"timestamp":"2026-05-12T07:17:19.161864Z","level":"info","event":"\u001b[0m07:17:19  \u001b[31mFailure in model silver_customer_events (models/silver/silver_customer_events.sql)\u001b[0m","logger":"task.stdout"}
{"timestamp":"2026-05-12T07:17:19.162740Z","level":"info","event":"\u001b[0m07:17:19    Database Error in model silver_customer_events (models/silver/silver_customer_events.sql)","logger":"task.stdout"}
{"timestamp":"2026-05-12T07:17:19.163098Z","level":"info","event":"  TrinoUserError(type=USER_ERROR, name=FUNCTION_NOT_FOUND, message=\"line 34:9: Unexpected parameters (varchar) for function md5. Expected: md5(varbinary)\", query_id=20260512_071717_00207_u872h)","logger":"task.stdout"}
{"timestamp":"2026-05-12T07:17:19.163439Z","level":"info","event":"  compiled code at target/run/ecommerce_dbt/models/silver/silver_customer_events.sql","logger":"task.stdout"}
{"timestamp":"2026-05-12T07:17:19.163833Z","level":"info","event":"\u001b[0m07:17:19","logger":"task.stdout"}
{"timestamp":"2026-05-12T07:17:19.164481Z","level":"info","event":"\u001b[0m07:17:19    compiled code at target/compiled/ecommerce_dbt/models/silver/silver_customer_events.sql","logger":"task.stdout"}
{"timestamp":"2026-05-12T07:17:19.165801Z","level":"info","event":"\u001b[0m07:17:19","logger":"task.stdout"}
{"timestamp":"2026-05-12T07:17:19.167000Z","level":"info","event":"\u001b[0m07:17:19  Done. PASS=1 WARN=0 ERROR=3 SKIP=0 NO-OP=0 TOTAL=4","logger":"task.stdout"}
{"timestamp":"2026-05-12T07:17:19.183613Z","level":"error","event":"dbt command failed!","logger":"airflow.task.operators.operators.dbt_operator.DbtOperator","filename":"dbt_operator.py","lineno":198}
{"timestamp":"2026-05-12T07:17:19.183919Z","level":"warning","event":"Error occurred during transformation: dbt command failed: run --select tag:silver --project-dir /opt/airflow/dags/ecommerce_dbt --profiles-dir /opt/airflow/dags/ecommerce_dbt","logger":"unusual_prefix_11c7dd38b84fb77f29c2585710943d4b7baaf7b9_dag_pipeline","filename":"dag_pipeline.py","lineno":522}
{"timestamp":"2026-05-12T07:17:19.184113Z","level":"error","event":"Task failed with exception","logger":"task","filename":"task_runner.py","lineno":1325,"error_detail":[{"exc_type":"AirflowException","exc_value":"dbt command failed: run --select tag:silver --project-dir /opt/airflow/dags/ecommerce_dbt --profiles-dir /opt/airflow/dags/ecommerce_dbt","exc_notes":[],"syntax_error":null,"is_cause":false,"frames":[{"filename":"/home/airflow/.local/lib/python3.13/site-packages/airflow/sdk/execution_time/task_runner.py","lineno":1263,"name":"run"},{"filename":"/home/airflow/.local/lib/python3.13/site-packages/airflow/sdk/execution_time/task_runner.py","lineno":1678,"name":"_execute_task"},{"filename":"/home/airflow/.local/lib/python3.13/site-packages/airflow/sdk/bases/operator.py","lineno":443,"name":"wrapper"},{"filename":"/home/airflow/.local/lib/python3.13/site-packages/airflow/sdk/bases/decorator.py","lineno":398,"name":"execute"},{"filename":"/home/airflow/.local/lib/python3.13/site-packages/airflow/sdk/bases/operator.py","lineno":443,"name":"wrapper"},{"filename":"/home/airflow/.local/lib/python3.13/site-packages/airflow/providers/standard/operators/python.py","lineno":227,"name":"execute"},{"filename":"/home/airflow/.local/lib/python3.13/site-packages/airflow/providers/standard/operators/python.py","lineno":250,"name":"execute_callable"},{"filename":"/home/airflow/.local/lib/python3.13/site-packages/airflow/sdk/execution_time/callback_runner.py","lineno":97,"name":"run"},{"filename":"/opt/airflow/dags/dag_pipeline.py","lineno":514,"name":"transform_silver_layer"},{"filename":"/home/airflow/.local/lib/python3.13/site-packages/airflow/sdk/bases/operator.py","lineno":443,"name":"wrapper"},{"filename":"/opt/airflow/dags/operators/dbt_operator.py","lineno":201,"name":"execute"}],"is_group":false,"exceptions":[]}]}
{"timestamp":"2026-05-12T07:17:19.310604Z","level":"error","event":"/usr/python/lib/python3.13/multiprocessing/resource_tracker.py:400: UserWarning: resource_tracker: There appear to be 2 leaked semaphore objects to clean up at shutdown: {'/mp-3pd3777t', '/mp-ve1hqlfe'}","logger":"task.stderr"}
{"timestamp":"2026-05-12T07:17:19.311590Z","level":"error","event":"  warnings.warn(","logger":"task.stderr"}
