{"timestamp":"2026-05-12T07:42:23.587868Z","level":"info","event":"DAG bundles loaded: dags-folder","logger":"airflow.dag_processing.bundles.manager.DagBundlesManager","filename":"manager.py","lineno":209}
{"timestamp":"2026-05-12T07:42:23.590870Z","level":"info","event":"Filling up the DagBag from /opt/airflow/dags/dag_pipeline.py","logger":"airflow.dag_processing.dagbag.BundleDagBag","filename":"dagbag.py","lineno":469}
{"timestamp":"2026-05-12T07:42:25.919434Z","level":"info","event":"Transforming silver layer for pipeline: dag_pipeline_20260512074113","logger":"unusual_prefix_11c7dd38b84fb77f29c2585710943d4b7baaf7b9_dag_pipeline","filename":"dag_pipeline.py","lineno":504}
{"timestamp":"2026-05-12T07:42:25.920109Z","level":"warning","event":"DbtOperator.execute cannot be called outside of the Task Runner!","logger":"airflow.task.operators.operators.dbt_operator.DbtOperator","filename":"operator.py","lineno":437}
{"timestamp":"2026-05-12T07:42:25.926200Z","level":"info","event":"Executing dbt command: run --select tag:silver --project-dir /opt/airflow/dags/ecommerce_dbt --profiles-dir /opt/airflow/dags/ecommerce_dbt","logger":"airflow.task.operators.operators.dbt_operator.DbtOperator","filename":"dbt_operator.py","lineno":180}
{"timestamp":"2026-05-12T07:42:26.129871Z","level":"info","event":"\u001b[0m07:42:26  Running with dbt=1.10.10","logger":"task.stdout"}
{"timestamp":"2026-05-12T07:42:26.208990Z","level":"info","event":"keyring module not found. OAuth2 token will not be stored in keyring.","logger":"trino.auth","filename":"auth.py","lineno":361}
{"timestamp":"2026-05-12T07:42:26.213770Z","level":"info","event":"keyring module not found. OAuth2 token will not be stored in keyring.","logger":"trino.auth","filename":"auth.py","lineno":361}
{"timestamp":"2026-05-12T07:42:26.909595Z","level":"info","event":"\u001b[0m07:42:26  Registered adapter: trino=1.9.3","logger":"task.stdout"}
{"timestamp":"2026-05-12T07:42:28.209307Z","level":"info","event":"\u001b[0m07:42:28  Found 12 models, 4 seeds, 55 data tests, 455 macros","logger":"task.stdout"}
{"timestamp":"2026-05-12T07:42:28.214431Z","level":"info","event":"\u001b[0m07:42:28","logger":"task.stdout"}
{"timestamp":"2026-05-12T07:42:28.215477Z","level":"info","event":"\u001b[0m07:42:28  Concurrency: 4 threads (target='dev')","logger":"task.stdout"}
{"timestamp":"2026-05-12T07:42:28.216474Z","level":"info","event":"\u001b[0m07:42:28","logger":"task.stdout"}
{"timestamp":"2026-05-12T07:42:28.308122Z","level":"info","event":"\u001b[0m07:42:28  [\u001b[33mWARNING\u001b[0m]: SSL certificate validation is disabled by default. It is legacy behavior which will be changed in future releases. It is strongly advised to enable `require_certificate_validation` flag or explicitly set `cert` configuration to `True` for security reasons. You may receive an error after that if your SSL setup is incorrect.","logger":"task.stdout"}
{"timestamp":"2026-05-12T07:42:28.308667Z","level":"info","event":"You may opt into the new behavior sooner by setting `flags.require_certificate_validation` to `True` in `dbt_project.yml`.","logger":"task.stdout"}
{"timestamp":"2026-05-12T07:42:28.309082Z","level":"info","event":"Visit https://docs.getdbt.com/reference/global-configs/behavior-changes for more information.","logger":"task.stdout"}
{"timestamp":"2026-05-12T07:42:28.997323Z","level":"info","event":"\u001b[0m07:42:28  1 of 4 START sql table model bronze_raw_silver.silver_customer_events .......... [RUN]","logger":"task.stdout"}
{"timestamp":"2026-05-12T07:42:29.073116Z","level":"info","event":"\u001b[0m07:42:29  3 of 4 START sql table model bronze_raw_silver.silver_payment_transactions ..... [RUN]","logger":"task.stdout"}
{"timestamp":"2026-05-12T07:42:29.073786Z","level":"info","event":"\u001b[0m07:42:29  4 of 4 START sql table model bronze_raw_silver.silver_support_tickets .......... [RUN]","logger":"task.stdout"}
{"timestamp":"2026-05-12T07:42:29.074172Z","level":"info","event":"\u001b[0m07:42:29  2 of 4 START sql table model bronze_raw_silver.silver_inventory_snapshots ...... [RUN]","logger":"task.stdout"}
{"timestamp":"2026-05-12T07:42:29.842641Z","level":"info","event":"\u001b[0m07:42:29  4 of 4 ERROR creating sql table model bronze_raw_silver.silver_support_tickets . [\u001b[31mERROR\u001b[0m in 0.78s]","logger":"task.stdout"}
{"timestamp":"2026-05-12T07:42:29.864540Z","level":"info","event":"\u001b[0m07:42:29  1 of 4 ERROR creating sql table model bronze_raw_silver.silver_customer_events . [\u001b[31mERROR\u001b[0m in 0.86s]","logger":"task.stdout"}
{"timestamp":"2026-05-12T07:42:33.101005Z","level":"info","event":"\u001b[0m07:42:33  3 of 4 OK created sql table model bronze_raw_silver.silver_payment_transactions  [\u001b[32mCREATE TABLE (200 rows)\u001b[0m in 4.09s]","logger":"task.stdout"}
{"timestamp":"2026-05-12T07:42:33.352353Z","level":"info","event":"\u001b[0m07:42:33  2 of 4 OK created sql table model bronze_raw_silver.silver_inventory_snapshots . [\u001b[32mCREATE TABLE (200 rows)\u001b[0m in 4.31s]","logger":"task.stdout"}
{"timestamp":"2026-05-12T07:42:33.364066Z","level":"info","event":"\u001b[0m07:42:33","logger":"task.stdout"}
{"timestamp":"2026-05-12T07:42:33.364894Z","level":"info","event":"\u001b[0m07:42:33  Finished running 4 table models in 0 hours 0 minutes and 5.15 seconds (5.15s).","logger":"task.stdout"}
{"timestamp":"2026-05-12T07:42:33.565681Z","level":"info","event":"\u001b[0m07:42:33","logger":"task.stdout"}
{"timestamp":"2026-05-12T07:42:33.566820Z","level":"info","event":"\u001b[0m07:42:33  \u001b[31mCompleted with 2 errors, 0 partial successes, and 0 warnings:\u001b[0m","logger":"task.stdout"}
{"timestamp":"2026-05-12T07:42:33.568849Z","level":"info","event":"\u001b[0m07:42:33","logger":"task.stdout"}
{"timestamp":"2026-05-12T07:42:33.570387Z","level":"info","event":"\u001b[0m07:42:33  \u001b[31mFailure in model silver_support_tickets (models/silver/silver_support_tickets.sql)\u001b[0m","logger":"task.stdout"}
{"timestamp":"2026-05-12T07:42:33.572354Z","level":"info","event":"\u001b[0m07:42:33    Database Error in model silver_support_tickets (models/silver/silver_support_tickets.sql)","logger":"task.stdout"}
{"timestamp":"2026-05-12T07:42:33.574204Z","level":"info","event":"  TrinoUserError(type=USER_ERROR, name=SYNTAX_ERROR, message=\"line 51:18: Invalid EXTRACT field EPOCH, valid fields are: YEAR, QUARTER, MONTH, WEEK, DAY, DAY_OF_MONTH, DAY_OF_WEEK, DOW, DAY_OF_YEAR, DOY, YEAR_OF_WEEK, YOW, HOUR, MINUTE, SECOND, TIMEZONE_MINUTE, TIMEZONE_HOUR\", query_id=20260512_074230_00366_u872h)","logger":"task.stdout"}
{"timestamp":"2026-05-12T07:42:33.576483Z","level":"info","event":"  compiled code at target/run/ecommerce_dbt/models/silver/silver_support_tickets.sql","logger":"task.stdout"}
{"timestamp":"2026-05-12T07:42:33.577093Z","level":"info","event":"\u001b[0m07:42:33","logger":"task.stdout"}
{"timestamp":"2026-05-12T07:42:33.577570Z","level":"info","event":"\u001b[0m07:42:33    compiled code at target/compiled/ecommerce_dbt/models/silver/silver_support_tickets.sql","logger":"task.stdout"}
{"timestamp":"2026-05-12T07:42:33.577887Z","level":"info","event":"\u001b[0m07:42:33","logger":"task.stdout"}
{"timestamp":"2026-05-12T07:42:33.578328Z","level":"info","event":"\u001b[0m07:42:33  \u001b[31mFailure in model silver_customer_events (models/silver/silver_customer_events.sql)\u001b[0m","logger":"task.stdout"}
{"timestamp":"2026-05-12T07:42:33.579406Z","level":"info","event":"\u001b[0m07:42:33    Database Error in model silver_customer_events (models/silver/silver_customer_events.sql)","logger":"task.stdout"}
{"timestamp":"2026-05-12T07:42:33.579884Z","level":"info","event":"  TrinoUserError(type=USER_ERROR, name=SYNTAX_ERROR, message=\"line 37:9: mismatched input 'DATE_DIFF'. Expecting: ')', ',', 'EXCEPT', 'FETCH', 'FROM', 'GROUP', 'HAVING', 'INTERSECT', 'LIMIT', 'OFFSET', 'ORDER', 'UNION', 'WHERE', 'WINDOW'\", query_id=20260512_074230_00367_u872h)","logger":"task.stdout"}
{"timestamp":"2026-05-12T07:42:33.580240Z","level":"info","event":"  compiled code at target/run/ecommerce_dbt/models/silver/silver_customer_events.sql","logger":"task.stdout"}
{"timestamp":"2026-05-12T07:42:33.580689Z","level":"info","event":"\u001b[0m07:42:33","logger":"task.stdout"}
{"timestamp":"2026-05-12T07:42:33.581566Z","level":"info","event":"\u001b[0m07:42:33    compiled code at target/compiled/ecommerce_dbt/models/silver/silver_customer_events.sql","logger":"task.stdout"}
{"timestamp":"2026-05-12T07:42:33.582602Z","level":"info","event":"\u001b[0m07:42:33","logger":"task.stdout"}
{"timestamp":"2026-05-12T07:42:33.583603Z","level":"info","event":"\u001b[0m07:42:33  Done. PASS=2 WARN=0 ERROR=2 SKIP=0 NO-OP=0 TOTAL=4","logger":"task.stdout"}
{"timestamp":"2026-05-12T07:42:34.498262Z","level":"error","event":"dbt command failed!","logger":"airflow.task.operators.operators.dbt_operator.DbtOperator","filename":"dbt_operator.py","lineno":198}
{"timestamp":"2026-05-12T07:42:34.498632Z","level":"warning","event":"Error occurred during transformation: dbt command failed: run --select tag:silver --project-dir /opt/airflow/dags/ecommerce_dbt --profiles-dir /opt/airflow/dags/ecommerce_dbt","logger":"unusual_prefix_11c7dd38b84fb77f29c2585710943d4b7baaf7b9_dag_pipeline","filename":"dag_pipeline.py","lineno":522}
{"timestamp":"2026-05-12T07:42:34.498844Z","level":"error","event":"Task failed with exception","logger":"task","filename":"task_runner.py","lineno":1325,"error_detail":[{"exc_type":"AirflowException","exc_value":"dbt command failed: run --select tag:silver --project-dir /opt/airflow/dags/ecommerce_dbt --profiles-dir /opt/airflow/dags/ecommerce_dbt","exc_notes":[],"syntax_error":null,"is_cause":false,"frames":[{"filename":"/home/airflow/.local/lib/python3.13/site-packages/airflow/sdk/execution_time/task_runner.py","lineno":1263,"name":"run"},{"filename":"/home/airflow/.local/lib/python3.13/site-packages/airflow/sdk/execution_time/task_runner.py","lineno":1678,"name":"_execute_task"},{"filename":"/home/airflow/.local/lib/python3.13/site-packages/airflow/sdk/bases/operator.py","lineno":443,"name":"wrapper"},{"filename":"/home/airflow/.local/lib/python3.13/site-packages/airflow/sdk/bases/decorator.py","lineno":398,"name":"execute"},{"filename":"/home/airflow/.local/lib/python3.13/site-packages/airflow/sdk/bases/operator.py","lineno":443,"name":"wrapper"},{"filename":"/home/airflow/.local/lib/python3.13/site-packages/airflow/providers/standard/operators/python.py","lineno":227,"name":"execute"},{"filename":"/home/airflow/.local/lib/python3.13/site-packages/airflow/providers/standard/operators/python.py","lineno":250,"name":"execute_callable"},{"filename":"/home/airflow/.local/lib/python3.13/site-packages/airflow/sdk/execution_time/callback_runner.py","lineno":97,"name":"run"},{"filename":"/opt/airflow/dags/dag_pipeline.py","lineno":514,"name":"transform_silver_layer"},{"filename":"/home/airflow/.local/lib/python3.13/site-packages/airflow/sdk/bases/operator.py","lineno":443,"name":"wrapper"},{"filename":"/opt/airflow/dags/operators/dbt_operator.py","lineno":201,"name":"execute"}],"is_group":false,"exceptions":[]}]}
{"timestamp":"2026-05-12T07:42:34.631103Z","level":"error","event":"/usr/python/lib/python3.13/multiprocessing/resource_tracker.py:400: UserWarning: resource_tracker: There appear to be 2 leaked semaphore objects to clean up at shutdown: {'/mp-cm4i4wnj', '/mp-f15cqk9p'}","logger":"task.stderr"}
{"timestamp":"2026-05-12T07:42:34.633748Z","level":"error","event":"  warnings.warn(","logger":"task.stderr"}
