{"timestamp":"2026-05-12T07:42:50.677482Z","level":"info","event":"DAG bundles loaded: dags-folder","logger":"airflow.dag_processing.bundles.manager.DagBundlesManager","filename":"manager.py","lineno":209}
{"timestamp":"2026-05-12T07:42:50.681672Z","level":"info","event":"Filling up the DagBag from /opt/airflow/dags/dag_pipeline.py","logger":"airflow.dag_processing.dagbag.BundleDagBag","filename":"dagbag.py","lineno":469}
{"timestamp":"2026-05-12T07:42:52.715846Z","level":"info","event":"Transforming silver layer for pipeline: dag_pipeline_20260512074113","logger":"unusual_prefix_11c7dd38b84fb77f29c2585710943d4b7baaf7b9_dag_pipeline","filename":"dag_pipeline.py","lineno":504}
{"timestamp":"2026-05-12T07:42:52.716466Z","level":"warning","event":"DbtOperator.execute cannot be called outside of the Task Runner!","logger":"airflow.task.operators.operators.dbt_operator.DbtOperator","filename":"operator.py","lineno":437}
{"timestamp":"2026-05-12T07:42:52.722348Z","level":"info","event":"Executing dbt command: run --select tag:silver --project-dir /opt/airflow/dags/ecommerce_dbt --profiles-dir /opt/airflow/dags/ecommerce_dbt","logger":"airflow.task.operators.operators.dbt_operator.DbtOperator","filename":"dbt_operator.py","lineno":180}
{"timestamp":"2026-05-12T07:42:52.898739Z","level":"info","event":"\u001b[0m07:42:52  Running with dbt=1.10.10","logger":"task.stdout"}
{"timestamp":"2026-05-12T07:42:52.976610Z","level":"info","event":"keyring module not found. OAuth2 token will not be stored in keyring.","logger":"trino.auth","filename":"auth.py","lineno":361}
{"timestamp":"2026-05-12T07:42:52.982228Z","level":"info","event":"keyring module not found. OAuth2 token will not be stored in keyring.","logger":"trino.auth","filename":"auth.py","lineno":361}
{"timestamp":"2026-05-12T07:42:53.498939Z","level":"info","event":"\u001b[0m07:42:53  Registered adapter: trino=1.9.3","logger":"task.stdout"}
{"timestamp":"2026-05-12T07:42:54.861722Z","level":"info","event":"\u001b[0m07:42:54  Found 12 models, 4 seeds, 55 data tests, 455 macros","logger":"task.stdout"}
{"timestamp":"2026-05-12T07:42:54.886578Z","level":"info","event":"\u001b[0m07:42:54","logger":"task.stdout"}
{"timestamp":"2026-05-12T07:42:54.889107Z","level":"info","event":"\u001b[0m07:42:54  Concurrency: 4 threads (target='dev')","logger":"task.stdout"}
{"timestamp":"2026-05-12T07:42:54.890715Z","level":"info","event":"\u001b[0m07:42:54","logger":"task.stdout"}
{"timestamp":"2026-05-12T07:42:55.199374Z","level":"info","event":"\u001b[0m07:42:55  [\u001b[33mWARNING\u001b[0m]: SSL certificate validation is disabled by default. It is legacy behavior which will be changed in future releases. It is strongly advised to enable `require_certificate_validation` flag or explicitly set `cert` configuration to `True` for security reasons. You may receive an error after that if your SSL setup is incorrect.","logger":"task.stdout"}
{"timestamp":"2026-05-12T07:42:55.202453Z","level":"info","event":"You may opt into the new behavior sooner by setting `flags.require_certificate_validation` to `True` in `dbt_project.yml`.","logger":"task.stdout"}
{"timestamp":"2026-05-12T07:42:55.208313Z","level":"info","event":"Visit https://docs.getdbt.com/reference/global-configs/behavior-changes for more information.","logger":"task.stdout"}
{"timestamp":"2026-05-12T07:42:56.475260Z","level":"info","event":"\u001b[0m07:42:56  4 of 4 START sql table model bronze_raw_silver.silver_support_tickets .......... [RUN]","logger":"task.stdout"}
{"timestamp":"2026-05-12T07:42:56.540328Z","level":"info","event":"\u001b[0m07:42:56  3 of 4 START sql table model bronze_raw_silver.silver_payment_transactions ..... [RUN]","logger":"task.stdout"}
{"timestamp":"2026-05-12T07:42:56.549010Z","level":"info","event":"\u001b[0m07:42:56  1 of 4 START sql table model bronze_raw_silver.silver_customer_events .......... [RUN]","logger":"task.stdout"}
{"timestamp":"2026-05-12T07:42:56.555233Z","level":"info","event":"\u001b[0m07:42:56  2 of 4 START sql table model bronze_raw_silver.silver_inventory_snapshots ...... [RUN]","logger":"task.stdout"}
{"timestamp":"2026-05-12T07:42:57.250229Z","level":"info","event":"\u001b[0m07:42:57  1 of 4 ERROR creating sql table model bronze_raw_silver.silver_customer_events . [\u001b[31mERROR\u001b[0m in 0.75s]","logger":"task.stdout"}
{"timestamp":"2026-05-12T07:42:57.330926Z","level":"info","event":"\u001b[0m07:42:57  4 of 4 ERROR creating sql table model bronze_raw_silver.silver_support_tickets . [\u001b[31mERROR\u001b[0m in 0.74s]","logger":"task.stdout"}
{"timestamp":"2026-05-12T07:43:02.009168Z","level":"info","event":"\u001b[0m07:43:02  2 of 4 OK created sql table model bronze_raw_silver.silver_inventory_snapshots . [\u001b[32mCREATE TABLE (200 rows)\u001b[0m in 5.51s]","logger":"task.stdout"}
{"timestamp":"2026-05-12T07:43:03.531057Z","level":"info","event":"\u001b[0m07:43:03  3 of 4 OK created sql table model bronze_raw_silver.silver_payment_transactions  [\u001b[32mCREATE TABLE (200 rows)\u001b[0m in 7.02s]","logger":"task.stdout"}
{"timestamp":"2026-05-12T07:43:03.546326Z","level":"info","event":"\u001b[0m07:43:03","logger":"task.stdout"}
{"timestamp":"2026-05-12T07:43:03.549764Z","level":"info","event":"\u001b[0m07:43:03  Finished running 4 table models in 0 hours 0 minutes and 8.65 seconds (8.65s).","logger":"task.stdout"}
{"timestamp":"2026-05-12T07:43:03.906574Z","level":"info","event":"\u001b[0m07:43:03","logger":"task.stdout"}
{"timestamp":"2026-05-12T07:43:03.908387Z","level":"info","event":"\u001b[0m07:43:03  \u001b[31mCompleted with 2 errors, 0 partial successes, and 0 warnings:\u001b[0m","logger":"task.stdout"}
{"timestamp":"2026-05-12T07:43:03.909773Z","level":"info","event":"\u001b[0m07:43:03","logger":"task.stdout"}
{"timestamp":"2026-05-12T07:43:03.910863Z","level":"info","event":"\u001b[0m07:43:03  \u001b[31mFailure in model silver_customer_events (models/silver/silver_customer_events.sql)\u001b[0m","logger":"task.stdout"}
{"timestamp":"2026-05-12T07:43:03.912312Z","level":"info","event":"\u001b[0m07:43:03    Database Error in model silver_customer_events (models/silver/silver_customer_events.sql)","logger":"task.stdout"}
{"timestamp":"2026-05-12T07:43:03.912711Z","level":"info","event":"  TrinoUserError(type=USER_ERROR, name=SYNTAX_ERROR, message=\"line 37:9: mismatched input 'DATE_DIFF'. Expecting: ')', ',', 'EXCEPT', 'FETCH', 'FROM', 'GROUP', 'HAVING', 'INTERSECT', 'LIMIT', 'OFFSET', 'ORDER', 'UNION', 'WHERE', 'WINDOW'\", query_id=20260512_074257_00380_u872h)","logger":"task.stdout"}
{"timestamp":"2026-05-12T07:43:03.913065Z","level":"info","event":"  compiled code at target/run/ecommerce_dbt/models/silver/silver_customer_events.sql","logger":"task.stdout"}
{"timestamp":"2026-05-12T07:43:03.913420Z","level":"info","event":"\u001b[0m07:43:03","logger":"task.stdout"}
{"timestamp":"2026-05-12T07:43:03.914187Z","level":"info","event":"\u001b[0m07:43:03    compiled code at target/compiled/ecommerce_dbt/models/silver/silver_customer_events.sql","logger":"task.stdout"}
{"timestamp":"2026-05-12T07:43:03.915080Z","level":"info","event":"\u001b[0m07:43:03","logger":"task.stdout"}
{"timestamp":"2026-05-12T07:43:03.916085Z","level":"info","event":"\u001b[0m07:43:03  \u001b[31mFailure in model silver_support_tickets (models/silver/silver_support_tickets.sql)\u001b[0m","logger":"task.stdout"}
{"timestamp":"2026-05-12T07:43:03.917074Z","level":"info","event":"\u001b[0m07:43:03    Database Error in model silver_support_tickets (models/silver/silver_support_tickets.sql)","logger":"task.stdout"}
{"timestamp":"2026-05-12T07:43:03.917441Z","level":"info","event":"  TrinoUserError(type=USER_ERROR, name=SYNTAX_ERROR, message=\"line 51:18: Invalid EXTRACT field EPOCH, valid fields are: YEAR, QUARTER, MONTH, WEEK, DAY, DAY_OF_MONTH, DAY_OF_WEEK, DOW, DAY_OF_YEAR, DOY, YEAR_OF_WEEK, YOW, HOUR, MINUTE, SECOND, TIMEZONE_MINUTE, TIMEZONE_HOUR\", query_id=20260512_074257_00381_u872h)","logger":"task.stdout"}
{"timestamp":"2026-05-12T07:43:03.917735Z","level":"info","event":"  compiled code at target/run/ecommerce_dbt/models/silver/silver_support_tickets.sql","logger":"task.stdout"}
{"timestamp":"2026-05-12T07:43:03.918121Z","level":"info","event":"\u001b[0m07:43:03","logger":"task.stdout"}
{"timestamp":"2026-05-12T07:43:03.918905Z","level":"info","event":"\u001b[0m07:43:03    compiled code at target/compiled/ecommerce_dbt/models/silver/silver_support_tickets.sql","logger":"task.stdout"}
{"timestamp":"2026-05-12T07:43:03.920003Z","level":"info","event":"\u001b[0m07:43:03","logger":"task.stdout"}
{"timestamp":"2026-05-12T07:43:04.023549Z","level":"info","event":"\u001b[0m07:43:04  Done. PASS=2 WARN=0 ERROR=2 SKIP=0 NO-OP=0 TOTAL=4","logger":"task.stdout"}
{"timestamp":"2026-05-12T07:43:05.179384Z","level":"error","event":"dbt command failed!","logger":"airflow.task.operators.operators.dbt_operator.DbtOperator","filename":"dbt_operator.py","lineno":198}
{"timestamp":"2026-05-12T07:43:05.179816Z","level":"warning","event":"Error occurred during transformation: dbt command failed: run --select tag:silver --project-dir /opt/airflow/dags/ecommerce_dbt --profiles-dir /opt/airflow/dags/ecommerce_dbt","logger":"unusual_prefix_11c7dd38b84fb77f29c2585710943d4b7baaf7b9_dag_pipeline","filename":"dag_pipeline.py","lineno":522}
{"timestamp":"2026-05-12T07:43:05.180013Z","level":"error","event":"Task failed with exception","logger":"task","filename":"task_runner.py","lineno":1325,"error_detail":[{"exc_type":"AirflowException","exc_value":"dbt command failed: run --select tag:silver --project-dir /opt/airflow/dags/ecommerce_dbt --profiles-dir /opt/airflow/dags/ecommerce_dbt","exc_notes":[],"syntax_error":null,"is_cause":false,"frames":[{"filename":"/home/airflow/.local/lib/python3.13/site-packages/airflow/sdk/execution_time/task_runner.py","lineno":1263,"name":"run"},{"filename":"/home/airflow/.local/lib/python3.13/site-packages/airflow/sdk/execution_time/task_runner.py","lineno":1678,"name":"_execute_task"},{"filename":"/home/airflow/.local/lib/python3.13/site-packages/airflow/sdk/bases/operator.py","lineno":443,"name":"wrapper"},{"filename":"/home/airflow/.local/lib/python3.13/site-packages/airflow/sdk/bases/decorator.py","lineno":398,"name":"execute"},{"filename":"/home/airflow/.local/lib/python3.13/site-packages/airflow/sdk/bases/operator.py","lineno":443,"name":"wrapper"},{"filename":"/home/airflow/.local/lib/python3.13/site-packages/airflow/providers/standard/operators/python.py","lineno":227,"name":"execute"},{"filename":"/home/airflow/.local/lib/python3.13/site-packages/airflow/providers/standard/operators/python.py","lineno":250,"name":"execute_callable"},{"filename":"/home/airflow/.local/lib/python3.13/site-packages/airflow/sdk/execution_time/callback_runner.py","lineno":97,"name":"run"},{"filename":"/opt/airflow/dags/dag_pipeline.py","lineno":514,"name":"transform_silver_layer"},{"filename":"/home/airflow/.local/lib/python3.13/site-packages/airflow/sdk/bases/operator.py","lineno":443,"name":"wrapper"},{"filename":"/opt/airflow/dags/operators/dbt_operator.py","lineno":201,"name":"execute"}],"is_group":false,"exceptions":[]}]}
{"timestamp":"2026-05-12T07:43:05.240650Z","level":"error","event":"/usr/python/lib/python3.13/multiprocessing/resource_tracker.py:400: UserWarning: resource_tracker: There appear to be 2 leaked semaphore objects to clean up at shutdown: {'/mp-zdz5fgyj', '/mp-kh_bnnvq'}","logger":"task.stderr"}
{"timestamp":"2026-05-12T07:43:05.241354Z","level":"error","event":"  warnings.warn(","logger":"task.stderr"}
