{"timestamp":"2026-05-08T06:16:09.989641Z","level":"info","event":"DAG bundles loaded: dags-folder","logger":"airflow.dag_processing.bundles.manager.DagBundlesManager","filename":"manager.py","lineno":209}
{"timestamp":"2026-05-08T06:16:09.994438Z","level":"info","event":"Filling up the DagBag from /opt/airflow/dags/dag_pipeline.py","logger":"airflow.dag_processing.dagbag.BundleDagBag","filename":"dagbag.py","lineno":469}
{"timestamp":"2026-05-08T06:16:12.445260Z","level":"info","event":"Seeding bronze...","logger":"unusual_prefix_11c7dd38b84fb77f29c2585710943d4b7baaf7b9_dag_pipeline","filename":"dag_pipeline.py","lineno":382}
{"timestamp":"2026-05-08T06:16:13.679812Z","level":"info","event":"Tables do not exist or error occurred: (trino.exceptions.TrinoExternalError) TrinoExternalError(type=EXTERNAL, name=ICEBERG_CATALOG_ERROR, message=\"Cannot obtain metadata\", query_id=20260508_061612_00001_3cetj)\n[SQL: SELECT count(*) as cnt FROM raw_customer_events]\n(Background on this error at: https://sqlalche.me/e/20/e3q8), proceeding with seeding","logger":"unusual_prefix_11c7dd38b84fb77f29c2585710943d4b7baaf7b9_dag_pipeline","filename":"dag_pipeline.py","lineno":405}
{"timestamp":"2026-05-08T06:16:13.680380Z","level":"warning","event":"DbtOperator.execute cannot be called outside of the Task Runner!","logger":"airflow.task.operators.operators.dbt_operator.DbtOperator","filename":"operator.py","lineno":437}
{"timestamp":"2026-05-08T06:16:13.685105Z","level":"info","event":"Executing dbt command: seed --project-dir /opt/airflow/dags/ecommerce_dbt --profiles-dir /opt/airflow/dags/ecommerce_dbt --full-refresh","logger":"airflow.task.operators.operators.dbt_operator.DbtOperator","filename":"dbt_operator.py","lineno":180}
{"timestamp":"2026-05-08T06:16:13.838968Z","level":"info","event":"\u001b[0m06:16:13  Running with dbt=1.10.10","logger":"task.stdout"}
{"timestamp":"2026-05-08T06:16:13.883695Z","level":"info","event":"keyring module not found. OAuth2 token will not be stored in keyring.","logger":"trino.auth","filename":"auth.py","lineno":361}
{"timestamp":"2026-05-08T06:16:13.888353Z","level":"info","event":"keyring module not found. OAuth2 token will not be stored in keyring.","logger":"trino.auth","filename":"auth.py","lineno":361}
{"timestamp":"2026-05-08T06:16:14.675059Z","level":"info","event":"\u001b[0m06:16:14  Registered adapter: trino=1.9.3","logger":"task.stdout"}
{"timestamp":"2026-05-08T06:16:16.248341Z","level":"info","event":"\u001b[0m06:16:16  Encountered an error:","logger":"task.stdout"}
{"timestamp":"2026-05-08T06:16:16.249106Z","level":"info","event":"'dbt_trino://macros/catalog.sql'","logger":"task.stdout"}
{"timestamp":"2026-05-08T06:16:16.420380Z","level":"info","event":"\u001b[0m06:16:16  Traceback (most recent call last):","logger":"task.stdout"}
{"timestamp":"2026-05-08T06:16:16.421005Z","level":"info","event":"  File \"/home/airflow/.local/lib/python3.13/site-packages/sqlalchemy/engine/base.py\", line 1967, in _exec_single_context","logger":"task.stdout"}
{"timestamp":"2026-05-08T06:16:16.421583Z","level":"info","event":"    self.dialect.do_execute(","logger":"task.stdout"}
{"timestamp":"2026-05-08T06:16:16.422185Z","level":"info","event":"    ~~~~~~~~~~~~~~~~~~~~~~~^","logger":"task.stdout"}
{"timestamp":"2026-05-08T06:16:16.422723Z","level":"info","event":"        cursor, str_statement, effective_parameters, context","logger":"task.stdout"}
{"timestamp":"2026-05-08T06:16:16.423303Z","level":"info","event":"        ^^^^^^^^^^^^^^^^^^^^^^^^^^^^^^^^^^^^^^^^^^^^^^^^^^^^","logger":"task.stdout"}
{"timestamp":"2026-05-08T06:16:16.423913Z","level":"info","event":"    )","logger":"task.stdout"}
{"timestamp":"2026-05-08T06:16:16.424425Z","level":"info","event":"    ^","logger":"task.stdout"}
{"timestamp":"2026-05-08T06:16:16.424821Z","level":"info","event":"  File \"/home/airflow/.local/lib/python3.13/site-packages/trino/sqlalchemy/dialect.py\", line 442, in do_execute","logger":"task.stdout"}
{"timestamp":"2026-05-08T06:16:16.425141Z","level":"info","event":"    cursor.execute(statement, parameters)","logger":"task.stdout"}
{"timestamp":"2026-05-08T06:16:16.425580Z","level":"info","event":"    ~~~~~~~~~~~~~~^^^^^^^^^^^^^^^^^^^^^^^","logger":"task.stdout"}
{"timestamp":"2026-05-08T06:16:16.426215Z","level":"info","event":"  File \"/home/airflow/.local/lib/python3.13/site-packages/trino/dbapi.py\", line 640, in execute","logger":"task.stdout"}
{"timestamp":"2026-05-08T06:16:16.426873Z","level":"info","event":"    self._iterator = iter(self._query.execute())","logger":"task.stdout"}
{"timestamp":"2026-05-08T06:16:16.427414Z","level":"info","event":"                          ~~~~~~~~~~~~~~~~~~~^^","logger":"task.stdout"}
{"timestamp":"2026-05-08T06:16:16.428004Z","level":"info","event":"  File \"/home/airflow/.local/lib/python3.13/site-packages/trino/client.py\", line 938, in execute","logger":"task.stdout"}
{"timestamp":"2026-05-08T06:16:16.428492Z","level":"info","event":"    self._result.rows += self.fetch()","logger":"task.stdout"}
{"timestamp":"2026-05-08T06:16:16.429067Z","level":"info","event":"                         ~~~~~~~~~~^^","logger":"task.stdout"}
{"timestamp":"2026-05-08T06:16:16.429663Z","level":"info","event":"  File \"/home/airflow/.local/lib/python3.13/site-packages/trino/client.py\", line 958, in fetch","logger":"task.stdout"}
{"timestamp":"2026-05-08T06:16:16.430361Z","level":"info","event":"    status = self._request.process(response)","logger":"task.stdout"}
{"timestamp":"2026-05-08T06:16:16.430967Z","level":"info","event":"  File \"/home/airflow/.local/lib/python3.13/site-packages/trino/client.py\", line 727, in process","logger":"task.stdout"}
{"timestamp":"2026-05-08T06:16:16.431391Z","level":"info","event":"    raise self._process_error(response[\"error\"], response.get(\"id\"))","logger":"task.stdout"}
{"timestamp":"2026-05-08T06:16:16.431865Z","level":"info","event":"          ~~~~~~~~~~~~~~~~~~~^^^^^^^^^^^^^^^^^^^^^^^^^^^^^^^^^^^^^^^","logger":"task.stdout"}
{"timestamp":"2026-05-08T06:16:16.432357Z","level":"info","event":"  File \"/home/airflow/.local/lib/python3.13/site-packages/trino/client.py\", line 696, in _process_error","logger":"task.stdout"}
{"timestamp":"2026-05-08T06:16:16.432855Z","level":"info","event":"    raise exceptions.TrinoExternalError(error, query_id)","logger":"task.stdout"}
{"timestamp":"2026-05-08T06:16:16.433254Z","level":"info","event":"trino.exceptions.TrinoExternalError: TrinoExternalError(type=EXTERNAL, name=ICEBERG_CATALOG_ERROR, message=\"Cannot obtain metadata\", query_id=20260508_061612_00001_3cetj)","logger":"task.stdout"}
{"timestamp":"2026-05-08T06:16:16.433680Z","level":"info","event":"","logger":"task.stdout"}
{"timestamp":"2026-05-08T06:16:16.434164Z","level":"info","event":"The above exception was the direct cause of the following exception:","logger":"task.stdout"}
{"timestamp":"2026-05-08T06:16:16.434624Z","level":"info","event":"","logger":"task.stdout"}
{"timestamp":"2026-05-08T06:16:16.435087Z","level":"info","event":"Traceback (most recent call last):","logger":"task.stdout"}
{"timestamp":"2026-05-08T06:16:16.435529Z","level":"info","event":"  File \"/opt/airflow/dags/dag_pipeline.py\", line 391, in seed_bronze","logger":"task.stdout"}
{"timestamp":"2026-05-08T06:16:16.435953Z","level":"info","event":"    result = conn.execute(text(\"SELECT count(*) as cnt FROM raw_customer_events\"))","logger":"task.stdout"}
{"timestamp":"2026-05-08T06:16:16.436426Z","level":"info","event":"  File \"/home/airflow/.local/lib/python3.13/site-packages/sqlalchemy/engine/base.py\", line 1419, in execute","logger":"task.stdout"}
{"timestamp":"2026-05-08T06:16:16.436812Z","level":"info","event":"    return meth(","logger":"task.stdout"}
{"timestamp":"2026-05-08T06:16:16.437230Z","level":"info","event":"        self,","logger":"task.stdout"}
{"timestamp":"2026-05-08T06:16:16.437627Z","level":"info","event":"        distilled_parameters,","logger":"task.stdout"}
{"timestamp":"2026-05-08T06:16:16.438061Z","level":"info","event":"        execution_options or NO_OPTIONS,","logger":"task.stdout"}
{"timestamp":"2026-05-08T06:16:16.438495Z","level":"info","event":"    )","logger":"task.stdout"}
{"timestamp":"2026-05-08T06:16:16.439037Z","level":"info","event":"  File \"/home/airflow/.local/lib/python3.13/site-packages/sqlalchemy/sql/elements.py\", line 527, in _execute_on_connection","logger":"task.stdout"}
{"timestamp":"2026-05-08T06:16:16.439538Z","level":"info","event":"    return connection._execute_clauseelement(","logger":"task.stdout"}
{"timestamp":"2026-05-08T06:16:16.439961Z","level":"info","event":"           ~~~~~~~~~~~~~~~~~~~~~~~~~~~~~~~~~^","logger":"task.stdout"}
{"timestamp":"2026-05-08T06:16:16.440679Z","level":"info","event":"        self, distilled_params, execution_options","logger":"task.stdout"}
{"timestamp":"2026-05-08T06:16:16.441242Z","level":"info","event":"        ^^^^^^^^^^^^^^^^^^^^^^^^^^^^^^^^^^^^^^^^^","logger":"task.stdout"}
{"timestamp":"2026-05-08T06:16:16.441771Z","level":"info","event":"    )","logger":"task.stdout"}
{"timestamp":"2026-05-08T06:16:16.442214Z","level":"info","event":"    ^","logger":"task.stdout"}
{"timestamp":"2026-05-08T06:16:16.442673Z","level":"info","event":"  File \"/home/airflow/.local/lib/python3.13/site-packages/sqlalchemy/engine/base.py\", line 1641, in _execute_clauseelement","logger":"task.stdout"}
{"timestamp":"2026-05-08T06:16:16.443164Z","level":"info","event":"    ret = self._execute_context(","logger":"task.stdout"}
{"timestamp":"2026-05-08T06:16:16.443657Z","level":"info","event":"        dialect,","logger":"task.stdout"}
{"timestamp":"2026-05-08T06:16:16.444192Z","level":"info","event":"    ...<8 lines>...","logger":"task.stdout"}
{"timestamp":"2026-05-08T06:16:16.444819Z","level":"info","event":"        cache_hit=cache_hit,","logger":"task.stdout"}
{"timestamp":"2026-05-08T06:16:16.445322Z","level":"info","event":"    )","logger":"task.stdout"}
{"timestamp":"2026-05-08T06:16:16.445858Z","level":"info","event":"  File \"/home/airflow/.local/lib/python3.13/site-packages/sqlalchemy/engine/base.py\", line 1846, in _execute_context","logger":"task.stdout"}
{"timestamp":"2026-05-08T06:16:16.446429Z","level":"info","event":"    return self._exec_single_context(","logger":"task.stdout"}
{"timestamp":"2026-05-08T06:16:16.446926Z","level":"info","event":"           ~~~~~~~~~~~~~~~~~~~~~~~~~^","logger":"task.stdout"}
{"timestamp":"2026-05-08T06:16:16.447532Z","level":"info","event":"        dialect, context, statement, parameters","logger":"task.stdout"}
{"timestamp":"2026-05-08T06:16:16.447936Z","level":"info","event":"        ^^^^^^^^^^^^^^^^^^^^^^^^^^^^^^^^^^^^^^^","logger":"task.stdout"}
{"timestamp":"2026-05-08T06:16:16.448463Z","level":"info","event":"    )","logger":"task.stdout"}
{"timestamp":"2026-05-08T06:16:16.448962Z","level":"info","event":"    ^","logger":"task.stdout"}
{"timestamp":"2026-05-08T06:16:16.449450Z","level":"info","event":"  File \"/home/airflow/.local/lib/python3.13/site-packages/sqlalchemy/engine/base.py\", line 1986, in _exec_single_context","logger":"task.stdout"}
{"timestamp":"2026-05-08T06:16:16.449943Z","level":"info","event":"    self._handle_dbapi_exception(","logger":"task.stdout"}
{"timestamp":"2026-05-08T06:16:16.450436Z","level":"info","event":"    ~~~~~~~~~~~~~~~~~~~~~~~~~~~~^","logger":"task.stdout"}
{"timestamp":"2026-05-08T06:16:16.450922Z","level":"info","event":"        e, str_statement, effective_parameters, cursor, context","logger":"task.stdout"}
{"timestamp":"2026-05-08T06:16:16.451424Z","level":"info","event":"        ^^^^^^^^^^^^^^^^^^^^^^^^^^^^^^^^^^^^^^^^^^^^^^^^^^^^^^^","logger":"task.stdout"}
{"timestamp":"2026-05-08T06:16:16.451824Z","level":"info","event":"    )","logger":"task.stdout"}
{"timestamp":"2026-05-08T06:16:16.452293Z","level":"info","event":"    ^","logger":"task.stdout"}
{"timestamp":"2026-05-08T06:16:16.452796Z","level":"info","event":"  File \"/home/airflow/.local/lib/python3.13/site-packages/sqlalchemy/engine/base.py\", line 2363, in _handle_dbapi_exception","logger":"task.stdout"}
{"timestamp":"2026-05-08T06:16:16.453149Z","level":"info","event":"    raise sqlalchemy_exception.with_traceback(exc_info[2]) from e","logger":"task.stdout"}
{"timestamp":"2026-05-08T06:16:16.453497Z","level":"info","event":"  File \"/home/airflow/.local/lib/python3.13/site-packages/sqlalchemy/engine/base.py\", line 1967, in _exec_single_context","logger":"task.stdout"}
{"timestamp":"2026-05-08T06:16:16.453858Z","level":"info","event":"    self.dialect.do_execute(","logger":"task.stdout"}
{"timestamp":"2026-05-08T06:16:16.454194Z","level":"info","event":"    ~~~~~~~~~~~~~~~~~~~~~~~^","logger":"task.stdout"}
{"timestamp":"2026-05-08T06:16:16.454559Z","level":"info","event":"        cursor, str_statement, effective_parameters, context","logger":"task.stdout"}
{"timestamp":"2026-05-08T06:16:16.454931Z","level":"info","event":"        ^^^^^^^^^^^^^^^^^^^^^^^^^^^^^^^^^^^^^^^^^^^^^^^^^^^^","logger":"task.stdout"}
{"timestamp":"2026-05-08T06:16:16.455245Z","level":"info","event":"    )","logger":"task.stdout"}
{"timestamp":"2026-05-08T06:16:16.455688Z","level":"info","event":"    ^","logger":"task.stdout"}
{"timestamp":"2026-05-08T06:16:16.456111Z","level":"info","event":"  File \"/home/airflow/.local/lib/python3.13/site-packages/trino/sqlalchemy/dialect.py\", line 442, in do_execute","logger":"task.stdout"}
{"timestamp":"2026-05-08T06:16:16.456485Z","level":"info","event":"    cursor.execute(statement, parameters)","logger":"task.stdout"}
{"timestamp":"2026-05-08T06:16:16.456860Z","level":"info","event":"    ~~~~~~~~~~~~~~^^^^^^^^^^^^^^^^^^^^^^^","logger":"task.stdout"}
{"timestamp":"2026-05-08T06:16:16.457195Z","level":"info","event":"  File \"/home/airflow/.local/lib/python3.13/site-packages/trino/dbapi.py\", line 640, in execute","logger":"task.stdout"}
{"timestamp":"2026-05-08T06:16:16.457699Z","level":"info","event":"    self._iterator = iter(self._query.execute())","logger":"task.stdout"}
{"timestamp":"2026-05-08T06:16:16.458068Z","level":"info","event":"                          ~~~~~~~~~~~~~~~~~~~^^","logger":"task.stdout"}
{"timestamp":"2026-05-08T06:16:16.458445Z","level":"info","event":"  File \"/home/airflow/.local/lib/python3.13/site-packages/trino/client.py\", line 938, in execute","logger":"task.stdout"}
{"timestamp":"2026-05-08T06:16:16.458842Z","level":"info","event":"    self._result.rows += self.fetch()","logger":"task.stdout"}
{"timestamp":"2026-05-08T06:16:16.459151Z","level":"info","event":"                         ~~~~~~~~~~^^","logger":"task.stdout"}
{"timestamp":"2026-05-08T06:16:16.459480Z","level":"info","event":"  File \"/home/airflow/.local/lib/python3.13/site-packages/trino/client.py\", line 958, in fetch","logger":"task.stdout"}
{"timestamp":"2026-05-08T06:16:16.459843Z","level":"info","event":"    status = self._request.process(response)","logger":"task.stdout"}
{"timestamp":"2026-05-08T06:16:16.460252Z","level":"info","event":"  File \"/home/airflow/.local/lib/python3.13/site-packages/trino/client.py\", line 727, in process","logger":"task.stdout"}
{"timestamp":"2026-05-08T06:16:16.460695Z","level":"info","event":"    raise self._process_error(response[\"error\"], response.get(\"id\"))","logger":"task.stdout"}
{"timestamp":"2026-05-08T06:16:16.461136Z","level":"info","event":"          ~~~~~~~~~~~~~~~~~~~^^^^^^^^^^^^^^^^^^^^^^^^^^^^^^^^^^^^^^^","logger":"task.stdout"}
{"timestamp":"2026-05-08T06:16:16.461528Z","level":"info","event":"  File \"/home/airflow/.local/lib/python3.13/site-packages/trino/client.py\", line 696, in _process_error","logger":"task.stdout"}
{"timestamp":"2026-05-08T06:16:16.461895Z","level":"info","event":"    raise exceptions.TrinoExternalError(error, query_id)","logger":"task.stdout"}
{"timestamp":"2026-05-08T06:16:16.462335Z","level":"info","event":"sqlalchemy.exc.OperationalError: (trino.exceptions.TrinoExternalError) TrinoExternalError(type=EXTERNAL, name=ICEBERG_CATALOG_ERROR, message=\"Cannot obtain metadata\", query_id=20260508_061612_00001_3cetj)","logger":"task.stdout"}
{"timestamp":"2026-05-08T06:16:16.462761Z","level":"info","event":"[SQL: SELECT count(*) as cnt FROM raw_customer_events]","logger":"task.stdout"}
{"timestamp":"2026-05-08T06:16:16.463181Z","level":"info","event":"(Background on this error at: https://sqlalche.me/e/20/e3q8)","logger":"task.stdout"}
{"timestamp":"2026-05-08T06:16:16.463628Z","level":"info","event":"","logger":"task.stdout"}
{"timestamp":"2026-05-08T06:16:16.463950Z","level":"info","event":"During handling of the above exception, another exception occurred:","logger":"task.stdout"}
{"timestamp":"2026-05-08T06:16:16.464250Z","level":"info","event":"","logger":"task.stdout"}
{"timestamp":"2026-05-08T06:16:16.464658Z","level":"info","event":"Traceback (most recent call last):","logger":"task.stdout"}
{"timestamp":"2026-05-08T06:16:16.465124Z","level":"info","event":"  File \"/home/airflow/.local/lib/python3.13/site-packages/dbt/cli/requires.py\", line 178, in wrapper","logger":"task.stdout"}
{"timestamp":"2026-05-08T06:16:16.465523Z","level":"info","event":"    result, success = func(*args, **kwargs)","logger":"task.stdout"}
{"timestamp":"2026-05-08T06:16:16.465977Z","level":"info","event":"                      ~~~~^^^^^^^^^^^^^^^^^","logger":"task.stdout"}
{"timestamp":"2026-05-08T06:16:16.466415Z","level":"info","event":"  File \"/home/airflow/.local/lib/python3.13/site-packages/dbt/cli/requires.py\", line 128, in wrapper","logger":"task.stdout"}
{"timestamp":"2026-05-08T06:16:16.466772Z","level":"info","event":"    return func(*args, **kwargs)","logger":"task.stdout"}
{"timestamp":"2026-05-08T06:16:16.467307Z","level":"info","event":"  File \"/home/airflow/.local/lib/python3.13/site-packages/dbt/cli/requires.py\", line 272, in wrapper","logger":"task.stdout"}
{"timestamp":"2026-05-08T06:16:16.467763Z","level":"info","event":"    return func(*args, **kwargs)","logger":"task.stdout"}
{"timestamp":"2026-05-08T06:16:16.468188Z","level":"info","event":"  File \"/home/airflow/.local/lib/python3.13/site-packages/dbt/cli/requires.py\", line 303, in wrapper","logger":"task.stdout"}
{"timestamp":"2026-05-08T06:16:16.468691Z","level":"info","event":"    return func(*args, **kwargs)","logger":"task.stdout"}
{"timestamp":"2026-05-08T06:16:16.469102Z","level":"info","event":"  File \"/home/airflow/.local/lib/python3.13/site-packages/dbt/cli/requires.py\", line 350, in wrapper","logger":"task.stdout"}
{"timestamp":"2026-05-08T06:16:16.469567Z","level":"info","event":"    return func(*args, **kwargs)","logger":"task.stdout"}
{"timestamp":"2026-05-08T06:16:16.469994Z","level":"info","event":"  File \"/home/airflow/.local/lib/python3.13/site-packages/dbt/cli/requires.py\", line 389, in wrapper","logger":"task.stdout"}
{"timestamp":"2026-05-08T06:16:16.470417Z","level":"info","event":"    setup_manifest(ctx, write=write, write_perf_info=write_perf_info)","logger":"task.stdout"}
{"timestamp":"2026-05-08T06:16:16.470802Z","level":"info","event":"    ~~~~~~~~~~~~~~^^^^^^^^^^^^^^^^^^^^^^^^^^^^^^^^^^^^^^^^^^^^^^^^^^^","logger":"task.stdout"}
{"timestamp":"2026-05-08T06:16:16.471160Z","level":"info","event":"  File \"/home/airflow/.local/lib/python3.13/site-packages/dbt/cli/requires.py\", line 416, in setup_manifest","logger":"task.stdout"}
{"timestamp":"2026-05-08T06:16:16.471690Z","level":"info","event":"    ctx.obj[\"manifest\"] = parse_manifest(","logger":"task.stdout"}
{"timestamp":"2026-05-08T06:16:16.472157Z","level":"info","event":"                          ~~~~~~~~~~~~~~^","logger":"task.stdout"}
{"timestamp":"2026-05-08T06:16:16.472727Z","level":"info","event":"        runtime_config,","logger":"task.stdout"}
{"timestamp":"2026-05-08T06:16:16.473272Z","level":"info","event":"        ^^^^^^^^^^^^^^^","logger":"task.stdout"}
{"timestamp":"2026-05-08T06:16:16.473815Z","level":"info","event":"    ...<3 lines>...","logger":"task.stdout"}
{"timestamp":"2026-05-08T06:16:16.474266Z","level":"info","event":"        active_integrations,","logger":"task.stdout"}
{"timestamp":"2026-05-08T06:16:16.474859Z","level":"info","event":"        ^^^^^^^^^^^^^^^^^^^^","logger":"task.stdout"}
{"timestamp":"2026-05-08T06:16:16.475359Z","level":"info","event":"    )","logger":"task.stdout"}
{"timestamp":"2026-05-08T06:16:16.475846Z","level":"info","event":"    ^","logger":"task.stdout"}
{"timestamp":"2026-05-08T06:16:16.476343Z","level":"info","event":"  File \"/home/airflow/.local/lib/python3.13/site-packages/dbt/parser/manifest.py\", line 2123, in parse_manifest","logger":"task.stdout"}
{"timestamp":"2026-05-08T06:16:16.476826Z","level":"info","event":"    manifest = ManifestLoader.get_full_manifest(","logger":"task.stdout"}
{"timestamp":"2026-05-08T06:16:16.477308Z","level":"info","event":"        runtime_config,","logger":"task.stdout"}
{"timestamp":"2026-05-08T06:16:16.477766Z","level":"info","event":"        write_perf_info=write_perf_info,","logger":"task.stdout"}
{"timestamp":"2026-05-08T06:16:16.478154Z","level":"info","event":"    )","logger":"task.stdout"}
{"timestamp":"2026-05-08T06:16:16.478592Z","level":"info","event":"  File \"/home/airflow/.local/lib/python3.13/site-packages/dbt/parser/manifest.py\", line 320, in get_full_manifest","logger":"task.stdout"}
{"timestamp":"2026-05-08T06:16:16.479056Z","level":"info","event":"    manifest = loader.load()","logger":"task.stdout"}
{"timestamp":"2026-05-08T06:16:16.479573Z","level":"info","event":"  File \"/home/airflow/.local/lib/python3.13/site-packages/dbt/parser/manifest.py\", line 389, in load","logger":"task.stdout"}
{"timestamp":"2026-05-08T06:16:16.480093Z","level":"info","event":"    self.load_and_parse_macros(project_parser_files)","logger":"task.stdout"}
{"timestamp":"2026-05-08T06:16:16.480579Z","level":"info","event":"    ~~~~~~~~~~~~~~~~~~~~~~~~~~^^^^^^^^^^^^^^^^^^^^^^","logger":"task.stdout"}
{"timestamp":"2026-05-08T06:16:16.481002Z","level":"info","event":"  File \"/home/airflow/.local/lib/python3.13/site-packages/dbt/parser/manifest.py\", line 691, in load_and_parse_macros","logger":"task.stdout"}
{"timestamp":"2026-05-08T06:16:16.481539Z","level":"info","event":"    block = FileBlock(self.manifest.files[file_id])","logger":"task.stdout"}
{"timestamp":"2026-05-08T06:16:16.482098Z","level":"info","event":"                      ~~~~~~~~~~~~~~~~~~~^^^^^^^^^","logger":"task.stdout"}
{"timestamp":"2026-05-08T06:16:16.482576Z","level":"info","event":"KeyError: 'dbt_trino://macros/catalog.sql'","logger":"task.stdout"}
{"timestamp":"2026-05-08T06:16:16.483081Z","level":"info","event":"","logger":"task.stdout"}
{"timestamp":"2026-05-08T06:16:17.402010Z","level":"error","event":"dbt command failed!","logger":"airflow.task.operators.operators.dbt_operator.DbtOperator","filename":"dbt_operator.py","lineno":198}
{"timestamp":"2026-05-08T06:16:17.402212Z","level":"error","event":"Exception: 'dbt_trino://macros/catalog.sql'","logger":"airflow.task.operators.operators.dbt_operator.DbtOperator","filename":"dbt_operator.py","lineno":200}
{"timestamp":"2026-05-08T06:16:17.402406Z","level":"warning","event":"Error occurred during seeding: dbt command failed: seed --project-dir /opt/airflow/dags/ecommerce_dbt --profiles-dir /opt/airflow/dags/ecommerce_dbt --full-refresh","logger":"unusual_prefix_11c7dd38b84fb77f29c2585710943d4b7baaf7b9_dag_pipeline","filename":"dag_pipeline.py","lineno":424}
{"timestamp":"2026-05-08T06:16:17.402558Z","level":"info","event":"Done. Returned value was: {'status': 'failed', 'layer': 'bronze_seed', 'pipeline_id': 'dag_pipeline_20260508061608', 'timestamp': '2026-05-08T06:16:17.402483', 'error': 'dbt command failed: seed --project-dir /opt/airflow/dags/ecommerce_dbt --profiles-dir /opt/airflow/dags/ecommerce_dbt --full-refresh'}","logger":"airflow.task.operators.airflow.providers.standard.decorators.python._PythonDecoratedOperator","filename":"python.py","lineno":229}
{"timestamp":"2026-05-08T06:16:17.402807Z","level":"info","event":"Pushing xcom","ti":"RuntimeTaskInstance(id=UUID('019e063a-a772-7223-920a-c333b192b32f'), task_id='seed_bronze', dag_id='ecommerce_dag_pipeline', run_id='scheduled__2026-05-08T06:15:46.653548+00:00', try_number=1, dag_version_id=UUID('019dfd0d-c356-769c-9658-e2450a265e78'), map_index=-1, hostname='170cd49165bb', context_carrier={'traceparent': '00-a6f0a62f5335936a8e391121e1e72e88-0d16bf9ca954525c-01'}, task=<Task(_PythonDecoratedOperator): seed_bronze>, bundle_instance=LocalDagBundle(name=dags-folder), max_tries=2, start_date=datetime.datetime(2026, 5, 8, 6, 16, 9, 877221, tzinfo=datetime.timezone.utc), end_date=None, state=<TaskInstanceState.RUNNING: 'running'>, is_mapped=False, rendered_map_index=None, sentry_integration='')","logger":"task","filename":"task_runner.py","lineno":1724}
{"timestamp":"2026-05-08T06:16:17.654096Z","level":"error","event":"/usr/python/lib/python3.13/multiprocessing/resource_tracker.py:400: UserWarning: resource_tracker: There appear to be 3 leaked semaphore objects to clean up at shutdown: {'/mp-cottpk5y', '/mp-qynhc0z8', '/mp-i6tlffye'}","logger":"task.stderr"}
{"timestamp":"2026-05-08T06:16:17.654781Z","level":"error","event":"  warnings.warn(","logger":"task.stderr"}
