{"timestamp":"2026-05-11T06:14:32.986790Z","level":"info","event":"DAG bundles loaded: dags-folder","logger":"airflow.dag_processing.bundles.manager.DagBundlesManager","filename":"manager.py","lineno":209}
{"timestamp":"2026-05-11T06:14:33.019513Z","level":"info","event":"Filling up the DagBag from /opt/airflow/dags/dag_pipeline.py","logger":"airflow.dag_processing.dagbag.BundleDagBag","filename":"dagbag.py","lineno":469}
{"timestamp":"2026-05-11T06:14:44.902698Z","level":"info","event":"Seeding bronze...","logger":"unusual_prefix_11c7dd38b84fb77f29c2585710943d4b7baaf7b9_dag_pipeline","filename":"dag_pipeline.py","lineno":382}
{"timestamp":"2026-05-11T06:14:47.548646Z","level":"info","event":"Tables do not exist or error occurred: (trino.exceptions.TrinoQueryError) TrinoQueryError(type=INTERNAL_ERROR, name=SERVER_STARTING_UP, message=\"Trino server is still initializing\", query_id=20260511_061446_00000_ztyxs)\n[SQL: SELECT count(*) as cnt FROM raw_customer_events]\n(Background on this error at: https://sqlalche.me/e/20/dbapi), proceeding with seeding","logger":"unusual_prefix_11c7dd38b84fb77f29c2585710943d4b7baaf7b9_dag_pipeline","filename":"dag_pipeline.py","lineno":405}
{"timestamp":"2026-05-11T06:14:47.558397Z","level":"warning","event":"DbtOperator.execute cannot be called outside of the Task Runner!","logger":"airflow.task.operators.operators.dbt_operator.DbtOperator","filename":"operator.py","lineno":437}
{"timestamp":"2026-05-11T06:14:47.570656Z","level":"info","event":"Executing dbt command: seed --project-dir /opt/airflow/dags/ecommerce_dbt --profiles-dir /opt/airflow/dags/ecommerce_dbt --full-refresh","logger":"airflow.task.operators.operators.dbt_operator.DbtOperator","filename":"dbt_operator.py","lineno":180}
{"timestamp":"2026-05-11T06:14:48.349732Z","level":"info","event":"\u001b[0m06:14:48  Running with dbt=1.10.10","logger":"task.stdout"}
{"timestamp":"2026-05-11T06:14:48.565479Z","level":"info","event":"keyring module not found. OAuth2 token will not be stored in keyring.","logger":"trino.auth","filename":"auth.py","lineno":361}
{"timestamp":"2026-05-11T06:14:48.576266Z","level":"info","event":"keyring module not found. OAuth2 token will not be stored in keyring.","logger":"trino.auth","filename":"auth.py","lineno":361}
{"timestamp":"2026-05-11T06:14:50.657106Z","level":"info","event":"\u001b[0m06:14:50  Registered adapter: trino=1.9.3","logger":"task.stdout"}
{"timestamp":"2026-05-11T06:14:54.423477Z","level":"info","event":"\u001b[0m06:14:54  Found 12 models, 4 seeds, 55 data tests, 455 macros","logger":"task.stdout"}
{"timestamp":"2026-05-11T06:14:54.438765Z","level":"info","event":"\u001b[0m06:14:54","logger":"task.stdout"}
{"timestamp":"2026-05-11T06:14:54.443592Z","level":"info","event":"\u001b[0m06:14:54  Concurrency: 4 threads (target='dev')","logger":"task.stdout"}
{"timestamp":"2026-05-11T06:14:54.444865Z","level":"info","event":"\u001b[0m06:14:54","logger":"task.stdout"}
{"timestamp":"2026-05-11T06:14:54.792967Z","level":"info","event":"\u001b[0m06:14:54  [\u001b[33mWARNING\u001b[0m]: SSL certificate validation is disabled by default. It is legacy behavior which will be changed in future releases. It is strongly advised to enable `require_certificate_validation` flag or explicitly set `cert` configuration to `True` for security reasons. You may receive an error after that if your SSL setup is incorrect.","logger":"task.stdout"}
{"timestamp":"2026-05-11T06:14:54.806323Z","level":"info","event":"You may opt into the new behavior sooner by setting `flags.require_certificate_validation` to `True` in `dbt_project.yml`.","logger":"task.stdout"}
{"timestamp":"2026-05-11T06:14:54.806702Z","level":"info","event":"Visit https://docs.getdbt.com/reference/global-configs/behavior-changes for more information.","logger":"task.stdout"}
{"timestamp":"2026-05-11T06:14:54.939769Z","level":"info","event":"\u001b[0m06:14:54","logger":"task.stdout"}
{"timestamp":"2026-05-11T06:14:54.949761Z","level":"info","event":"\u001b[0m06:14:54  Finished running  in 0 hours 0 minutes and 0.49 seconds (0.49s).","logger":"task.stdout"}
{"timestamp":"2026-05-11T06:14:54.952159Z","level":"info","event":"\u001b[0m06:14:54  Encountered an error:","logger":"task.stdout"}
{"timestamp":"2026-05-11T06:14:54.952533Z","level":"info","event":"Database Error","logger":"task.stdout"}
{"timestamp":"2026-05-11T06:14:54.952840Z","level":"info","event":"  TrinoQueryError(type=INTERNAL_ERROR, name=SERVER_STARTING_UP, message=\"Trino server is still initializing\", query_id=20260511_061454_00001_ztyxs)","logger":"task.stdout"}
{"timestamp":"2026-05-11T06:14:56.173463Z","level":"error","event":"dbt command failed!","logger":"airflow.task.operators.operators.dbt_operator.DbtOperator","filename":"dbt_operator.py","lineno":198}
{"timestamp":"2026-05-11T06:14:56.183540Z","level":"error","event":"Exception: Database Error\n  TrinoQueryError(type=INTERNAL_ERROR, name=SERVER_STARTING_UP, message=\"Trino server is still initializing\", query_id=20260511_061454_00001_ztyxs)","logger":"airflow.task.operators.operators.dbt_operator.DbtOperator","filename":"dbt_operator.py","lineno":200}
{"timestamp":"2026-05-11T06:14:56.183792Z","level":"warning","event":"Error occurred during seeding: dbt command failed: seed --project-dir /opt/airflow/dags/ecommerce_dbt --profiles-dir /opt/airflow/dags/ecommerce_dbt --full-refresh","logger":"unusual_prefix_11c7dd38b84fb77f29c2585710943d4b7baaf7b9_dag_pipeline","filename":"dag_pipeline.py","lineno":424}
{"timestamp":"2026-05-11T06:14:56.183963Z","level":"info","event":"Done. Returned value was: {'status': 'failed', 'layer': 'bronze_seed', 'pipeline_id': 'dag_pipeline_20260511061429', 'timestamp': '2026-05-11T06:14:56.183877', 'error': 'dbt command failed: seed --project-dir /opt/airflow/dags/ecommerce_dbt --profiles-dir /opt/airflow/dags/ecommerce_dbt --full-refresh'}","logger":"airflow.task.operators.airflow.providers.standard.decorators.python._PythonDecoratedOperator","filename":"python.py","lineno":229}
{"timestamp":"2026-05-11T06:14:56.184410Z","level":"info","event":"Pushing xcom","ti":"RuntimeTaskInstance(id=UUID('019e15ac-2f06-700c-9e76-b47f43fd7cda'), task_id='seed_bronze', dag_id='ecommerce_dag_pipeline', run_id='manual__2026-05-11T06:14:26.273156+00:00', try_number=1, dag_version_id=UUID('019dfd0d-c356-769c-9658-e2450a265e78'), map_index=-1, hostname='9cc17aad94a1', context_carrier={'traceparent': '00-4387d0d69e6cddb90ab71596049e28ab-ba90f762ed3840dd-01'}, task=<Task(_PythonDecoratedOperator): seed_bronze>, bundle_instance=LocalDagBundle(name=dags-folder), max_tries=2, start_date=datetime.datetime(2026, 5, 11, 6, 14, 32, 618000, tzinfo=datetime.timezone.utc), end_date=None, state=<TaskInstanceState.RUNNING: 'running'>, is_mapped=False, rendered_map_index=None, sentry_integration='')","logger":"task","filename":"task_runner.py","lineno":1724}
{"timestamp":"2026-05-11T06:14:57.555306Z","level":"error","event":"/usr/python/lib/python3.13/multiprocessing/resource_tracker.py:400: UserWarning: resource_tracker: There appear to be 2 leaked semaphore objects to clean up at shutdown: {'/mp-y1y61e8v', '/mp-j906aq0c'}","logger":"task.stderr"}
{"timestamp":"2026-05-11T06:14:57.556156Z","level":"error","event":"  warnings.warn(","logger":"task.stderr"}
