{"timestamp":"2026-05-08T06:41:16.858180Z","level":"info","event":"DAG bundles loaded: dags-folder","logger":"airflow.dag_processing.bundles.manager.DagBundlesManager","filename":"manager.py","lineno":209}
{"timestamp":"2026-05-08T06:41:16.860343Z","level":"info","event":"Filling up the DagBag from /opt/airflow/dags/dag_pipeline.py","logger":"airflow.dag_processing.dagbag.BundleDagBag","filename":"dagbag.py","lineno":469}
{"timestamp":"2026-05-08T06:41:19.865841Z","level":"info","event":"Seeding bronze...","logger":"unusual_prefix_11c7dd38b84fb77f29c2585710943d4b7baaf7b9_dag_pipeline","filename":"dag_pipeline.py","lineno":382}
{"timestamp":"2026-05-08T06:41:20.030829Z","level":"info","event":"Tables do not exist or error occurred: (trino.exceptions.TrinoExternalError) TrinoExternalError(type=EXTERNAL, name=ICEBERG_CATALOG_ERROR, message=\"Cannot obtain metadata\", query_id=20260508_064120_00003_3cetj)\n[SQL: SELECT count(*) as cnt FROM raw_customer_events]\n(Background on this error at: https://sqlalche.me/e/20/e3q8), proceeding with seeding","logger":"unusual_prefix_11c7dd38b84fb77f29c2585710943d4b7baaf7b9_dag_pipeline","filename":"dag_pipeline.py","lineno":405}
{"timestamp":"2026-05-08T06:41:20.031344Z","level":"warning","event":"DbtOperator.execute cannot be called outside of the Task Runner!","logger":"airflow.task.operators.operators.dbt_operator.DbtOperator","filename":"operator.py","lineno":437}
{"timestamp":"2026-05-08T06:41:20.034436Z","level":"info","event":"Executing dbt command: seed --project-dir /opt/airflow/dags/ecommerce_dbt --profiles-dir /opt/airflow/dags/ecommerce_dbt --full-refresh","logger":"airflow.task.operators.operators.dbt_operator.DbtOperator","filename":"dbt_operator.py","lineno":180}
{"timestamp":"2026-05-08T06:41:20.227940Z","level":"info","event":"\u001b[0m06:41:20  Running with dbt=1.10.10","logger":"task.stdout"}
{"timestamp":"2026-05-08T06:41:20.302855Z","level":"info","event":"keyring module not found. OAuth2 token will not be stored in keyring.","logger":"trino.auth","filename":"auth.py","lineno":361}
{"timestamp":"2026-05-08T06:41:20.315189Z","level":"info","event":"keyring module not found. OAuth2 token will not be stored in keyring.","logger":"trino.auth","filename":"auth.py","lineno":361}
{"timestamp":"2026-05-08T06:41:21.494954Z","level":"info","event":"\u001b[0m06:41:21  Registered adapter: trino=1.9.3","logger":"task.stdout"}
{"timestamp":"2026-05-08T06:41:23.155059Z","level":"info","event":"\u001b[0m06:41:23  Encountered an error:","logger":"task.stdout"}
{"timestamp":"2026-05-08T06:41:23.158295Z","level":"info","event":"'dbt_trino://macros/catalog.sql'","logger":"task.stdout"}
{"timestamp":"2026-05-08T06:41:23.208922Z","level":"info","event":"\u001b[0m06:41:23  Traceback (most recent call last):","logger":"task.stdout"}
{"timestamp":"2026-05-08T06:41:23.211479Z","level":"info","event":"  File \"/home/airflow/.local/lib/python3.13/site-packages/sqlalchemy/engine/base.py\", line 1967, in _exec_single_context","logger":"task.stdout"}
{"timestamp":"2026-05-08T06:41:23.214813Z","level":"info","event":"    self.dialect.do_execute(","logger":"task.stdout"}
{"timestamp":"2026-05-08T06:41:23.215371Z","level":"info","event":"    ~~~~~~~~~~~~~~~~~~~~~~~^","logger":"task.stdout"}
{"timestamp":"2026-05-08T06:41:23.215853Z","level":"info","event":"        cursor, str_statement, effective_parameters, context","logger":"task.stdout"}
{"timestamp":"2026-05-08T06:41:23.216245Z","level":"info","event":"        ^^^^^^^^^^^^^^^^^^^^^^^^^^^^^^^^^^^^^^^^^^^^^^^^^^^^","logger":"task.stdout"}
{"timestamp":"2026-05-08T06:41:23.216578Z","level":"info","event":"    )","logger":"task.stdout"}
{"timestamp":"2026-05-08T06:41:23.216953Z","level":"info","event":"    ^","logger":"task.stdout"}
{"timestamp":"2026-05-08T06:41:23.217308Z","level":"info","event":"  File \"/home/airflow/.local/lib/python3.13/site-packages/trino/sqlalchemy/dialect.py\", line 442, in do_execute","logger":"task.stdout"}
{"timestamp":"2026-05-08T06:41:23.217646Z","level":"info","event":"    cursor.execute(statement, parameters)","logger":"task.stdout"}
{"timestamp":"2026-05-08T06:41:23.218061Z","level":"info","event":"    ~~~~~~~~~~~~~~^^^^^^^^^^^^^^^^^^^^^^^","logger":"task.stdout"}
{"timestamp":"2026-05-08T06:41:23.218534Z","level":"info","event":"  File \"/home/airflow/.local/lib/python3.13/site-packages/trino/dbapi.py\", line 640, in execute","logger":"task.stdout"}
{"timestamp":"2026-05-08T06:41:23.218934Z","level":"info","event":"    self._iterator = iter(self._query.execute())","logger":"task.stdout"}
{"timestamp":"2026-05-08T06:41:23.219693Z","level":"info","event":"                          ~~~~~~~~~~~~~~~~~~~^^","logger":"task.stdout"}
{"timestamp":"2026-05-08T06:41:23.220517Z","level":"info","event":"  File \"/home/airflow/.local/lib/python3.13/site-packages/trino/client.py\", line 938, in execute","logger":"task.stdout"}
{"timestamp":"2026-05-08T06:41:23.221080Z","level":"info","event":"    self._result.rows += self.fetch()","logger":"task.stdout"}
{"timestamp":"2026-05-08T06:41:23.221449Z","level":"info","event":"                         ~~~~~~~~~~^^","logger":"task.stdout"}
{"timestamp":"2026-05-08T06:41:23.221800Z","level":"info","event":"  File \"/home/airflow/.local/lib/python3.13/site-packages/trino/client.py\", line 958, in fetch","logger":"task.stdout"}
{"timestamp":"2026-05-08T06:41:23.222207Z","level":"info","event":"    status = self._request.process(response)","logger":"task.stdout"}
{"timestamp":"2026-05-08T06:41:23.222692Z","level":"info","event":"  File \"/home/airflow/.local/lib/python3.13/site-packages/trino/client.py\", line 727, in process","logger":"task.stdout"}
{"timestamp":"2026-05-08T06:41:23.223036Z","level":"info","event":"    raise self._process_error(response[\"error\"], response.get(\"id\"))","logger":"task.stdout"}
{"timestamp":"2026-05-08T06:41:23.223357Z","level":"info","event":"          ~~~~~~~~~~~~~~~~~~~^^^^^^^^^^^^^^^^^^^^^^^^^^^^^^^^^^^^^^^","logger":"task.stdout"}
{"timestamp":"2026-05-08T06:41:23.223660Z","level":"info","event":"  File \"/home/airflow/.local/lib/python3.13/site-packages/trino/client.py\", line 696, in _process_error","logger":"task.stdout"}
{"timestamp":"2026-05-08T06:41:23.223969Z","level":"info","event":"    raise exceptions.TrinoExternalError(error, query_id)","logger":"task.stdout"}
{"timestamp":"2026-05-08T06:41:23.224378Z","level":"info","event":"trino.exceptions.TrinoExternalError: TrinoExternalError(type=EXTERNAL, name=ICEBERG_CATALOG_ERROR, message=\"Cannot obtain metadata\", query_id=20260508_064120_00003_3cetj)","logger":"task.stdout"}
{"timestamp":"2026-05-08T06:41:23.224986Z","level":"info","event":"","logger":"task.stdout"}
{"timestamp":"2026-05-08T06:41:23.225501Z","level":"info","event":"The above exception was the direct cause of the following exception:","logger":"task.stdout"}
{"timestamp":"2026-05-08T06:41:23.226293Z","level":"info","event":"","logger":"task.stdout"}
{"timestamp":"2026-05-08T06:41:23.227251Z","level":"info","event":"Traceback (most recent call last):","logger":"task.stdout"}
{"timestamp":"2026-05-08T06:41:23.230191Z","level":"info","event":"  File \"/opt/airflow/dags/dag_pipeline.py\", line 391, in seed_bronze","logger":"task.stdout"}
{"timestamp":"2026-05-08T06:41:23.233454Z","level":"info","event":"    result = conn.execute(text(\"SELECT count(*) as cnt FROM raw_customer_events\"))","logger":"task.stdout"}
{"timestamp":"2026-05-08T06:41:23.235081Z","level":"info","event":"  File \"/home/airflow/.local/lib/python3.13/site-packages/sqlalchemy/engine/base.py\", line 1419, in execute","logger":"task.stdout"}
{"timestamp":"2026-05-08T06:41:23.236748Z","level":"info","event":"    return meth(","logger":"task.stdout"}
{"timestamp":"2026-05-08T06:41:23.239311Z","level":"info","event":"        self,","logger":"task.stdout"}
{"timestamp":"2026-05-08T06:41:23.240591Z","level":"info","event":"        distilled_parameters,","logger":"task.stdout"}
{"timestamp":"2026-05-08T06:41:23.242399Z","level":"info","event":"        execution_options or NO_OPTIONS,","logger":"task.stdout"}
{"timestamp":"2026-05-08T06:41:23.242832Z","level":"info","event":"    )","logger":"task.stdout"}
{"timestamp":"2026-05-08T06:41:23.243274Z","level":"info","event":"  File \"/home/airflow/.local/lib/python3.13/site-packages/sqlalchemy/sql/elements.py\", line 527, in _execute_on_connection","logger":"task.stdout"}
{"timestamp":"2026-05-08T06:41:23.243623Z","level":"info","event":"    return connection._execute_clauseelement(","logger":"task.stdout"}
{"timestamp":"2026-05-08T06:41:23.243957Z","level":"info","event":"           ~~~~~~~~~~~~~~~~~~~~~~~~~~~~~~~~~^","logger":"task.stdout"}
{"timestamp":"2026-05-08T06:41:23.245359Z","level":"info","event":"        self, distilled_params, execution_options","logger":"task.stdout"}
{"timestamp":"2026-05-08T06:41:23.245897Z","level":"info","event":"        ^^^^^^^^^^^^^^^^^^^^^^^^^^^^^^^^^^^^^^^^^","logger":"task.stdout"}
{"timestamp":"2026-05-08T06:41:23.246362Z","level":"info","event":"    )","logger":"task.stdout"}
{"timestamp":"2026-05-08T06:41:23.247186Z","level":"info","event":"    ^","logger":"task.stdout"}
{"timestamp":"2026-05-08T06:41:23.247939Z","level":"info","event":"  File \"/home/airflow/.local/lib/python3.13/site-packages/sqlalchemy/engine/base.py\", line 1641, in _execute_clauseelement","logger":"task.stdout"}
{"timestamp":"2026-05-08T06:41:23.248320Z","level":"info","event":"    ret = self._execute_context(","logger":"task.stdout"}
{"timestamp":"2026-05-08T06:41:23.248681Z","level":"info","event":"        dialect,","logger":"task.stdout"}
{"timestamp":"2026-05-08T06:41:23.249289Z","level":"info","event":"    ...<8 lines>...","logger":"task.stdout"}
{"timestamp":"2026-05-08T06:41:23.249985Z","level":"info","event":"        cache_hit=cache_hit,","logger":"task.stdout"}
{"timestamp":"2026-05-08T06:41:23.250852Z","level":"info","event":"    )","logger":"task.stdout"}
{"timestamp":"2026-05-08T06:41:23.253166Z","level":"info","event":"  File \"/home/airflow/.local/lib/python3.13/site-packages/sqlalchemy/engine/base.py\", line 1846, in _execute_context","logger":"task.stdout"}
{"timestamp":"2026-05-08T06:41:23.254526Z","level":"info","event":"    return self._exec_single_context(","logger":"task.stdout"}
{"timestamp":"2026-05-08T06:41:23.255081Z","level":"info","event":"           ~~~~~~~~~~~~~~~~~~~~~~~~~^","logger":"task.stdout"}
{"timestamp":"2026-05-08T06:41:23.255652Z","level":"info","event":"        dialect, context, statement, parameters","logger":"task.stdout"}
{"timestamp":"2026-05-08T06:41:23.256031Z","level":"info","event":"        ^^^^^^^^^^^^^^^^^^^^^^^^^^^^^^^^^^^^^^^","logger":"task.stdout"}
{"timestamp":"2026-05-08T06:41:23.256580Z","level":"info","event":"    )","logger":"task.stdout"}
{"timestamp":"2026-05-08T06:41:23.257545Z","level":"info","event":"    ^","logger":"task.stdout"}
{"timestamp":"2026-05-08T06:41:23.258086Z","level":"info","event":"  File \"/home/airflow/.local/lib/python3.13/site-packages/sqlalchemy/engine/base.py\", line 1986, in _exec_single_context","logger":"task.stdout"}
{"timestamp":"2026-05-08T06:41:23.258979Z","level":"info","event":"    self._handle_dbapi_exception(","logger":"task.stdout"}
{"timestamp":"2026-05-08T06:41:23.259488Z","level":"info","event":"    ~~~~~~~~~~~~~~~~~~~~~~~~~~~~^","logger":"task.stdout"}
{"timestamp":"2026-05-08T06:41:23.260318Z","level":"info","event":"        e, str_statement, effective_parameters, cursor, context","logger":"task.stdout"}
{"timestamp":"2026-05-08T06:41:23.261948Z","level":"info","event":"        ^^^^^^^^^^^^^^^^^^^^^^^^^^^^^^^^^^^^^^^^^^^^^^^^^^^^^^^","logger":"task.stdout"}
{"timestamp":"2026-05-08T06:41:23.262906Z","level":"info","event":"    )","logger":"task.stdout"}
{"timestamp":"2026-05-08T06:41:23.265519Z","level":"info","event":"    ^","logger":"task.stdout"}
{"timestamp":"2026-05-08T06:41:23.266306Z","level":"info","event":"  File \"/home/airflow/.local/lib/python3.13/site-packages/sqlalchemy/engine/base.py\", line 2363, in _handle_dbapi_exception","logger":"task.stdout"}
{"timestamp":"2026-05-08T06:41:23.266735Z","level":"info","event":"    raise sqlalchemy_exception.with_traceback(exc_info[2]) from e","logger":"task.stdout"}
{"timestamp":"2026-05-08T06:41:23.267089Z","level":"info","event":"  File \"/home/airflow/.local/lib/python3.13/site-packages/sqlalchemy/engine/base.py\", line 1967, in _exec_single_context","logger":"task.stdout"}
{"timestamp":"2026-05-08T06:41:23.267730Z","level":"info","event":"    self.dialect.do_execute(","logger":"task.stdout"}
{"timestamp":"2026-05-08T06:41:23.268758Z","level":"info","event":"    ~~~~~~~~~~~~~~~~~~~~~~~^","logger":"task.stdout"}
{"timestamp":"2026-05-08T06:41:23.269955Z","level":"info","event":"        cursor, str_statement, effective_parameters, context","logger":"task.stdout"}
{"timestamp":"2026-05-08T06:41:23.270377Z","level":"info","event":"        ^^^^^^^^^^^^^^^^^^^^^^^^^^^^^^^^^^^^^^^^^^^^^^^^^^^^","logger":"task.stdout"}
{"timestamp":"2026-05-08T06:41:23.270678Z","level":"info","event":"    )","logger":"task.stdout"}
{"timestamp":"2026-05-08T06:41:23.270973Z","level":"info","event":"    ^","logger":"task.stdout"}
{"timestamp":"2026-05-08T06:41:23.271279Z","level":"info","event":"  File \"/home/airflow/.local/lib/python3.13/site-packages/trino/sqlalchemy/dialect.py\", line 442, in do_execute","logger":"task.stdout"}
{"timestamp":"2026-05-08T06:41:23.271571Z","level":"info","event":"    cursor.execute(statement, parameters)","logger":"task.stdout"}
{"timestamp":"2026-05-08T06:41:23.271829Z","level":"info","event":"    ~~~~~~~~~~~~~~^^^^^^^^^^^^^^^^^^^^^^^","logger":"task.stdout"}
{"timestamp":"2026-05-08T06:41:23.272106Z","level":"info","event":"  File \"/home/airflow/.local/lib/python3.13/site-packages/trino/dbapi.py\", line 640, in execute","logger":"task.stdout"}
{"timestamp":"2026-05-08T06:41:23.272474Z","level":"info","event":"    self._iterator = iter(self._query.execute())","logger":"task.stdout"}
{"timestamp":"2026-05-08T06:41:23.272756Z","level":"info","event":"                          ~~~~~~~~~~~~~~~~~~~^^","logger":"task.stdout"}
{"timestamp":"2026-05-08T06:41:23.273010Z","level":"info","event":"  File \"/home/airflow/.local/lib/python3.13/site-packages/trino/client.py\", line 938, in execute","logger":"task.stdout"}
{"timestamp":"2026-05-08T06:41:23.273351Z","level":"info","event":"    self._result.rows += self.fetch()","logger":"task.stdout"}
{"timestamp":"2026-05-08T06:41:23.273645Z","level":"info","event":"                         ~~~~~~~~~~^^","logger":"task.stdout"}
{"timestamp":"2026-05-08T06:41:23.273914Z","level":"info","event":"  File \"/home/airflow/.local/lib/python3.13/site-packages/trino/client.py\", line 958, in fetch","logger":"task.stdout"}
{"timestamp":"2026-05-08T06:41:23.274175Z","level":"info","event":"    status = self._request.process(response)","logger":"task.stdout"}
{"timestamp":"2026-05-08T06:41:23.274485Z","level":"info","event":"  File \"/home/airflow/.local/lib/python3.13/site-packages/trino/client.py\", line 727, in process","logger":"task.stdout"}
{"timestamp":"2026-05-08T06:41:23.274755Z","level":"info","event":"    raise self._process_error(response[\"error\"], response.get(\"id\"))","logger":"task.stdout"}
{"timestamp":"2026-05-08T06:41:23.275006Z","level":"info","event":"          ~~~~~~~~~~~~~~~~~~~^^^^^^^^^^^^^^^^^^^^^^^^^^^^^^^^^^^^^^^","logger":"task.stdout"}
{"timestamp":"2026-05-08T06:41:23.275279Z","level":"info","event":"  File \"/home/airflow/.local/lib/python3.13/site-packages/trino/client.py\", line 696, in _process_error","logger":"task.stdout"}
{"timestamp":"2026-05-08T06:41:23.275554Z","level":"info","event":"    raise exceptions.TrinoExternalError(error, query_id)","logger":"task.stdout"}
{"timestamp":"2026-05-08T06:41:23.275855Z","level":"info","event":"sqlalchemy.exc.OperationalError: (trino.exceptions.TrinoExternalError) TrinoExternalError(type=EXTERNAL, name=ICEBERG_CATALOG_ERROR, message=\"Cannot obtain metadata\", query_id=20260508_064120_00003_3cetj)","logger":"task.stdout"}
{"timestamp":"2026-05-08T06:41:23.276187Z","level":"info","event":"[SQL: SELECT count(*) as cnt FROM raw_customer_events]","logger":"task.stdout"}
{"timestamp":"2026-05-08T06:41:23.276552Z","level":"info","event":"(Background on this error at: https://sqlalche.me/e/20/e3q8)","logger":"task.stdout"}
{"timestamp":"2026-05-08T06:41:23.276994Z","level":"info","event":"","logger":"task.stdout"}
{"timestamp":"2026-05-08T06:41:23.277310Z","level":"info","event":"During handling of the above exception, another exception occurred:","logger":"task.stdout"}
{"timestamp":"2026-05-08T06:41:23.277586Z","level":"info","event":"","logger":"task.stdout"}
{"timestamp":"2026-05-08T06:41:23.277895Z","level":"info","event":"Traceback (most recent call last):","logger":"task.stdout"}
{"timestamp":"2026-05-08T06:41:23.278278Z","level":"info","event":"  File \"/home/airflow/.local/lib/python3.13/site-packages/dbt/cli/requires.py\", line 178, in wrapper","logger":"task.stdout"}
{"timestamp":"2026-05-08T06:41:23.278617Z","level":"info","event":"    result, success = func(*args, **kwargs)","logger":"task.stdout"}
{"timestamp":"2026-05-08T06:41:23.279106Z","level":"info","event":"                      ~~~~^^^^^^^^^^^^^^^^^","logger":"task.stdout"}
{"timestamp":"2026-05-08T06:41:23.279596Z","level":"info","event":"  File \"/home/airflow/.local/lib/python3.13/site-packages/dbt/cli/requires.py\", line 128, in wrapper","logger":"task.stdout"}
{"timestamp":"2026-05-08T06:41:23.280052Z","level":"info","event":"    return func(*args, **kwargs)","logger":"task.stdout"}
{"timestamp":"2026-05-08T06:41:23.280675Z","level":"info","event":"  File \"/home/airflow/.local/lib/python3.13/site-packages/dbt/cli/requires.py\", line 272, in wrapper","logger":"task.stdout"}
{"timestamp":"2026-05-08T06:41:23.281069Z","level":"info","event":"    return func(*args, **kwargs)","logger":"task.stdout"}
{"timestamp":"2026-05-08T06:41:23.281685Z","level":"info","event":"  File \"/home/airflow/.local/lib/python3.13/site-packages/dbt/cli/requires.py\", line 303, in wrapper","logger":"task.stdout"}
{"timestamp":"2026-05-08T06:41:23.282188Z","level":"info","event":"    return func(*args, **kwargs)","logger":"task.stdout"}
{"timestamp":"2026-05-08T06:41:23.282537Z","level":"info","event":"  File \"/home/airflow/.local/lib/python3.13/site-packages/dbt/cli/requires.py\", line 350, in wrapper","logger":"task.stdout"}
{"timestamp":"2026-05-08T06:41:23.282895Z","level":"info","event":"    return func(*args, **kwargs)","logger":"task.stdout"}
{"timestamp":"2026-05-08T06:41:23.283227Z","level":"info","event":"  File \"/home/airflow/.local/lib/python3.13/site-packages/dbt/cli/requires.py\", line 389, in wrapper","logger":"task.stdout"}
{"timestamp":"2026-05-08T06:41:23.283635Z","level":"info","event":"    setup_manifest(ctx, write=write, write_perf_info=write_perf_info)","logger":"task.stdout"}
{"timestamp":"2026-05-08T06:41:23.283955Z","level":"info","event":"    ~~~~~~~~~~~~~~^^^^^^^^^^^^^^^^^^^^^^^^^^^^^^^^^^^^^^^^^^^^^^^^^^^","logger":"task.stdout"}
{"timestamp":"2026-05-08T06:41:23.284280Z","level":"info","event":"  File \"/home/airflow/.local/lib/python3.13/site-packages/dbt/cli/requires.py\", line 416, in setup_manifest","logger":"task.stdout"}
{"timestamp":"2026-05-08T06:41:23.284571Z","level":"info","event":"    ctx.obj[\"manifest\"] = parse_manifest(","logger":"task.stdout"}
{"timestamp":"2026-05-08T06:41:23.284842Z","level":"info","event":"                          ~~~~~~~~~~~~~~^","logger":"task.stdout"}
{"timestamp":"2026-05-08T06:41:23.285142Z","level":"info","event":"        runtime_config,","logger":"task.stdout"}
{"timestamp":"2026-05-08T06:41:23.285517Z","level":"info","event":"        ^^^^^^^^^^^^^^^","logger":"task.stdout"}
{"timestamp":"2026-05-08T06:41:23.285803Z","level":"info","event":"    ...<3 lines>...","logger":"task.stdout"}
{"timestamp":"2026-05-08T06:41:23.286142Z","level":"info","event":"        active_integrations,","logger":"task.stdout"}
{"timestamp":"2026-05-08T06:41:23.286448Z","level":"info","event":"        ^^^^^^^^^^^^^^^^^^^^","logger":"task.stdout"}
{"timestamp":"2026-05-08T06:41:23.286741Z","level":"info","event":"    )","logger":"task.stdout"}
{"timestamp":"2026-05-08T06:41:23.287040Z","level":"info","event":"    ^","logger":"task.stdout"}
{"timestamp":"2026-05-08T06:41:23.287327Z","level":"info","event":"  File \"/home/airflow/.local/lib/python3.13/site-packages/dbt/parser/manifest.py\", line 2123, in parse_manifest","logger":"task.stdout"}
{"timestamp":"2026-05-08T06:41:23.287608Z","level":"info","event":"    manifest = ManifestLoader.get_full_manifest(","logger":"task.stdout"}
{"timestamp":"2026-05-08T06:41:23.287891Z","level":"info","event":"        runtime_config,","logger":"task.stdout"}
{"timestamp":"2026-05-08T06:41:23.288205Z","level":"info","event":"        write_perf_info=write_perf_info,","logger":"task.stdout"}
{"timestamp":"2026-05-08T06:41:23.288498Z","level":"info","event":"    )","logger":"task.stdout"}
{"timestamp":"2026-05-08T06:41:23.288807Z","level":"info","event":"  File \"/home/airflow/.local/lib/python3.13/site-packages/dbt/parser/manifest.py\", line 320, in get_full_manifest","logger":"task.stdout"}
{"timestamp":"2026-05-08T06:41:23.289128Z","level":"info","event":"    manifest = loader.load()","logger":"task.stdout"}
{"timestamp":"2026-05-08T06:41:23.289532Z","level":"info","event":"  File \"/home/airflow/.local/lib/python3.13/site-packages/dbt/parser/manifest.py\", line 389, in load","logger":"task.stdout"}
{"timestamp":"2026-05-08T06:41:23.289836Z","level":"info","event":"    self.load_and_parse_macros(project_parser_files)","logger":"task.stdout"}
{"timestamp":"2026-05-08T06:41:23.290137Z","level":"info","event":"    ~~~~~~~~~~~~~~~~~~~~~~~~~~^^^^^^^^^^^^^^^^^^^^^^","logger":"task.stdout"}
{"timestamp":"2026-05-08T06:41:23.290440Z","level":"info","event":"  File \"/home/airflow/.local/lib/python3.13/site-packages/dbt/parser/manifest.py\", line 691, in load_and_parse_macros","logger":"task.stdout"}
{"timestamp":"2026-05-08T06:41:23.290733Z","level":"info","event":"    block = FileBlock(self.manifest.files[file_id])","logger":"task.stdout"}
{"timestamp":"2026-05-08T06:41:23.291040Z","level":"info","event":"                      ~~~~~~~~~~~~~~~~~~~^^^^^^^^^","logger":"task.stdout"}
{"timestamp":"2026-05-08T06:41:23.291335Z","level":"info","event":"KeyError: 'dbt_trino://macros/catalog.sql'","logger":"task.stdout"}
{"timestamp":"2026-05-08T06:41:23.291611Z","level":"info","event":"","logger":"task.stdout"}
{"timestamp":"2026-05-08T06:41:24.215665Z","level":"error","event":"dbt command failed!","logger":"airflow.task.operators.operators.dbt_operator.DbtOperator","filename":"dbt_operator.py","lineno":198}
{"timestamp":"2026-05-08T06:41:24.223594Z","level":"error","event":"Exception: 'dbt_trino://macros/catalog.sql'","logger":"airflow.task.operators.operators.dbt_operator.DbtOperator","filename":"dbt_operator.py","lineno":200}
{"timestamp":"2026-05-08T06:41:24.223945Z","level":"warning","event":"Error occurred during seeding: dbt command failed: seed --project-dir /opt/airflow/dags/ecommerce_dbt --profiles-dir /opt/airflow/dags/ecommerce_dbt --full-refresh","logger":"unusual_prefix_11c7dd38b84fb77f29c2585710943d4b7baaf7b9_dag_pipeline","filename":"dag_pipeline.py","lineno":424}
{"timestamp":"2026-05-08T06:41:24.224156Z","level":"info","event":"Done. Returned value was: {'status': 'failed', 'layer': 'bronze_seed', 'pipeline_id': 'dag_pipeline_20260508064115', 'timestamp': '2026-05-08T06:41:24.224047', 'error': 'dbt command failed: seed --project-dir /opt/airflow/dags/ecommerce_dbt --profiles-dir /opt/airflow/dags/ecommerce_dbt --full-refresh'}","logger":"airflow.task.operators.airflow.providers.standard.decorators.python._PythonDecoratedOperator","filename":"python.py","lineno":229}
{"timestamp":"2026-05-08T06:41:24.224503Z","level":"info","event":"Pushing xcom","ti":"RuntimeTaskInstance(id=UUID('019e0651-a084-7bcb-a0e6-fa0d8797152f'), task_id='seed_bronze', dag_id='ecommerce_dag_pipeline', run_id='manual__2026-05-08T06:41:13.307011+00:00', try_number=1, dag_version_id=UUID('019dfd0d-c356-769c-9658-e2450a265e78'), map_index=-1, hostname='170cd49165bb', context_carrier={'traceparent': '00-4b7bff524aa132655a6726993e8ae3a9-2106c59536997299-01'}, task=<Task(_PythonDecoratedOperator): seed_bronze>, bundle_instance=LocalDagBundle(name=dags-folder), max_tries=2, start_date=datetime.datetime(2026, 5, 8, 6, 41, 16, 674335, tzinfo=datetime.timezone.utc), end_date=None, state=<TaskInstanceState.RUNNING: 'running'>, is_mapped=False, rendered_map_index=None, sentry_integration='')","logger":"task","filename":"task_runner.py","lineno":1724}
{"timestamp":"2026-05-08T06:41:24.579225Z","level":"error","event":"/usr/python/lib/python3.13/multiprocessing/resource_tracker.py:400: UserWarning: resource_tracker: There appear to be 3 leaked semaphore objects to clean up at shutdown: {'/mp-c1l8gsnu', '/mp-u51iyovj', '/mp-9xc6j4ag'}","logger":"task.stderr"}
{"timestamp":"2026-05-08T06:41:24.590422Z","level":"error","event":"  warnings.warn(","logger":"task.stderr"}
