{"timestamp":"2026-05-12T07:44:06.187510Z","level":"info","event":"DAG bundles loaded: dags-folder","logger":"airflow.dag_processing.bundles.manager.DagBundlesManager","filename":"manager.py","lineno":209}
{"timestamp":"2026-05-12T07:44:06.191372Z","level":"info","event":"Filling up the DagBag from /opt/airflow/dags/dag_pipeline.py","logger":"airflow.dag_processing.dagbag.BundleDagBag","filename":"dagbag.py","lineno":469}
{"timestamp":"2026-05-12T07:44:08.452871Z","level":"info","event":"Transforming bronze...","logger":"unusual_prefix_11c7dd38b84fb77f29c2585710943d4b7baaf7b9_dag_pipeline","filename":"dag_pipeline.py","lineno":448}
{"timestamp":"2026-05-12T07:44:08.453543Z","level":"warning","event":"DbtOperator.execute cannot be called outside of the Task Runner!","logger":"airflow.task.operators.operators.dbt_operator.DbtOperator","filename":"operator.py","lineno":437}
{"timestamp":"2026-05-12T07:44:08.465451Z","level":"info","event":"Executing dbt command: run --select tag:bronze --project-dir /opt/airflow/dags/ecommerce_dbt --profiles-dir /opt/airflow/dags/ecommerce_dbt","logger":"airflow.task.operators.operators.dbt_operator.DbtOperator","filename":"dbt_operator.py","lineno":180}
{"timestamp":"2026-05-12T07:44:08.644097Z","level":"info","event":"\u001b[0m07:44:08  Running with dbt=1.10.10","logger":"task.stdout"}
{"timestamp":"2026-05-12T07:44:08.707888Z","level":"info","event":"keyring module not found. OAuth2 token will not be stored in keyring.","logger":"trino.auth","filename":"auth.py","lineno":361}
{"timestamp":"2026-05-12T07:44:08.711994Z","level":"info","event":"keyring module not found. OAuth2 token will not be stored in keyring.","logger":"trino.auth","filename":"auth.py","lineno":361}
{"timestamp":"2026-05-12T07:44:09.367471Z","level":"info","event":"\u001b[0m07:44:09  Registered adapter: trino=1.9.3","logger":"task.stdout"}
{"timestamp":"2026-05-12T07:44:11.268928Z","level":"info","event":"\u001b[0m07:44:11  Found 12 models, 4 seeds, 55 data tests, 455 macros","logger":"task.stdout"}
{"timestamp":"2026-05-12T07:44:11.350279Z","level":"info","event":"\u001b[0m07:44:11","logger":"task.stdout"}
{"timestamp":"2026-05-12T07:44:11.350928Z","level":"info","event":"\u001b[0m07:44:11  Concurrency: 4 threads (target='dev')","logger":"task.stdout"}
{"timestamp":"2026-05-12T07:44:11.351315Z","level":"info","event":"\u001b[0m07:44:11","logger":"task.stdout"}
{"timestamp":"2026-05-12T07:44:11.387179Z","level":"info","event":"\u001b[0m07:44:11  [\u001b[33mWARNING\u001b[0m]: SSL certificate validation is disabled by default. It is legacy behavior which will be changed in future releases. It is strongly advised to enable `require_certificate_validation` flag or explicitly set `cert` configuration to `True` for security reasons. You may receive an error after that if your SSL setup is incorrect.","logger":"task.stdout"}
{"timestamp":"2026-05-12T07:44:11.388024Z","level":"info","event":"You may opt into the new behavior sooner by setting `flags.require_certificate_validation` to `True` in `dbt_project.yml`.","logger":"task.stdout"}
{"timestamp":"2026-05-12T07:44:11.388466Z","level":"info","event":"Visit https://docs.getdbt.com/reference/global-configs/behavior-changes for more information.","logger":"task.stdout"}
{"timestamp":"2026-05-12T07:44:12.818042Z","level":"info","event":"\u001b[0m07:44:12  1 of 4 START sql table model bronze_raw_bronze.bronze_customer_events .......... [RUN]","logger":"task.stdout"}
{"timestamp":"2026-05-12T07:44:12.825182Z","level":"info","event":"\u001b[0m07:44:12  4 of 4 START sql table model bronze_raw_bronze.bronze_support_tickets .......... [RUN]","logger":"task.stdout"}
{"timestamp":"2026-05-12T07:44:12.825872Z","level":"info","event":"\u001b[0m07:44:12  3 of 4 START sql table model bronze_raw_bronze.bronze_payment_transactions ..... [RUN]","logger":"task.stdout"}
{"timestamp":"2026-05-12T07:44:12.826217Z","level":"info","event":"\u001b[0m07:44:12  2 of 4 START sql table model bronze_raw_bronze.bronze_inventory_snapshots ...... [RUN]","logger":"task.stdout"}
{"timestamp":"2026-05-12T07:44:19.322926Z","level":"info","event":"\u001b[0m07:44:19  3 of 4 OK created sql table model bronze_raw_bronze.bronze_payment_transactions  [\u001b[32mCREATE TABLE (200 rows)\u001b[0m in 6.49s]","logger":"task.stdout"}
{"timestamp":"2026-05-12T07:44:20.166687Z","level":"info","event":"\u001b[0m07:44:20  2 of 4 OK created sql table model bronze_raw_bronze.bronze_inventory_snapshots . [\u001b[32mCREATE TABLE (200 rows)\u001b[0m in 7.34s]","logger":"task.stdout"}
{"timestamp":"2026-05-12T07:44:20.906196Z","level":"info","event":"\u001b[0m07:44:20  4 of 4 OK created sql table model bronze_raw_bronze.bronze_support_tickets ..... [\u001b[32mCREATE TABLE (200 rows)\u001b[0m in 8.07s]","logger":"task.stdout"}
{"timestamp":"2026-05-12T07:44:21.344469Z","level":"info","event":"\u001b[0m07:44:21  1 of 4 OK created sql table model bronze_raw_bronze.bronze_customer_events ..... [\u001b[32mCREATE TABLE (200 rows)\u001b[0m in 8.52s]","logger":"task.stdout"}
{"timestamp":"2026-05-12T07:44:21.362867Z","level":"info","event":"\u001b[0m07:44:21","logger":"task.stdout"}
{"timestamp":"2026-05-12T07:44:21.364184Z","level":"info","event":"\u001b[0m07:44:21  Finished running 4 table models in 0 hours 0 minutes and 10.07 seconds (10.07s).","logger":"task.stdout"}
{"timestamp":"2026-05-12T07:44:21.628778Z","level":"info","event":"\u001b[0m07:44:21","logger":"task.stdout"}
{"timestamp":"2026-05-12T07:44:21.630170Z","level":"info","event":"\u001b[0m07:44:21  \u001b[32mCompleted successfully\u001b[0m","logger":"task.stdout"}
{"timestamp":"2026-05-12T07:44:21.631472Z","level":"info","event":"\u001b[0m07:44:21","logger":"task.stdout"}
{"timestamp":"2026-05-12T07:44:21.632494Z","level":"info","event":"\u001b[0m07:44:21  Done. PASS=4 WARN=0 ERROR=0 SKIP=0 NO-OP=0 TOTAL=4","logger":"task.stdout"}
{"timestamp":"2026-05-12T07:44:22.725335Z","level":"info","event":"dbt command executed successfully","logger":"airflow.task.operators.operators.dbt_operator.DbtOperator","filename":"dbt_operator.py","lineno":185}
{"timestamp":"2026-05-12T07:44:22.725669Z","level":"info","event":"Done. Returned value was: {'status': 'success', 'layer': 'bronze_transform', 'pipeline_id': 'dag_pipeline_20260512074346', 'timestamp': '2026-05-12T07:44:22.725574', 'rows_processed': 'check logs for details'}","logger":"airflow.task.operators.airflow.providers.standard.decorators.python._PythonDecoratedOperator","filename":"python.py","lineno":229}
{"timestamp":"2026-05-12T07:44:22.725990Z","level":"info","event":"Pushing xcom","ti":"RuntimeTaskInstance(id=UUID('019e1b24-4cc0-7798-8c2b-4fac09399f01'), task_id='transform_bronze_layer', dag_id='ecommerce_dag_pipeline', run_id='manual__2026-05-12T07:43:44.294680+00:00', try_number=1, dag_version_id=UUID('019dfd0d-c356-769c-9658-e2450a265e78'), map_index=-1, hostname='c09759c742ec', context_carrier={'traceparent': '00-38e50914dc1a37348a79ac84482fa1b5-0bcd39d379143e9c-01'}, task=<Task(_PythonDecoratedOperator): transform_bronze_layer>, bundle_instance=LocalDagBundle(name=dags-folder), max_tries=2, start_date=datetime.datetime(2026, 5, 12, 7, 44, 6, 116257, tzinfo=datetime.timezone.utc), end_date=None, state=<TaskInstanceState.RUNNING: 'running'>, is_mapped=False, rendered_map_index=None, sentry_integration='')","logger":"task","filename":"task_runner.py","lineno":1724}
{"timestamp":"2026-05-12T07:44:22.866533Z","level":"error","event":"/usr/python/lib/python3.13/multiprocessing/resource_tracker.py:400: UserWarning: resource_tracker: There appear to be 2 leaked semaphore objects to clean up at shutdown: {'/mp-7m5t4iec', '/mp-_ntbd5bo'}","logger":"task.stderr"}
{"timestamp":"2026-05-12T07:44:22.871948Z","level":"error","event":"  warnings.warn(","logger":"task.stderr"}
