{"timestamp":"2026-05-08T11:04:23.721860Z","level":"info","event":"DAG bundles loaded: dags-folder","logger":"airflow.dag_processing.bundles.manager.DagBundlesManager","filename":"manager.py","lineno":209}
{"timestamp":"2026-05-08T11:04:23.724076Z","level":"info","event":"Filling up the DagBag from /opt/airflow/dags/dag_pipeline.py","logger":"airflow.dag_processing.dagbag.BundleDagBag","filename":"dagbag.py","lineno":469}
{"timestamp":"2026-05-08T11:04:26.094436Z","level":"info","event":"Seeding bronze...","logger":"unusual_prefix_11c7dd38b84fb77f29c2585710943d4b7baaf7b9_dag_pipeline","filename":"dag_pipeline.py","lineno":382}
{"timestamp":"2026-05-08T11:04:26.364224Z","level":"info","event":"Tables do not exist or error occurred: (trino.exceptions.TrinoExternalError) TrinoExternalError(type=EXTERNAL, name=ICEBERG_CATALOG_ERROR, message=\"Cannot obtain metadata\", query_id=20260508_092545_00007_3cetj)\n[SQL: SELECT count(*) as cnt FROM raw_customer_events]\n(Background on this error at: https://sqlalche.me/e/20/e3q8), proceeding with seeding","logger":"unusual_prefix_11c7dd38b84fb77f29c2585710943d4b7baaf7b9_dag_pipeline","filename":"dag_pipeline.py","lineno":405}
{"timestamp":"2026-05-08T11:04:26.364764Z","level":"warning","event":"DbtOperator.execute cannot be called outside of the Task Runner!","logger":"airflow.task.operators.operators.dbt_operator.DbtOperator","filename":"operator.py","lineno":437}
{"timestamp":"2026-05-08T11:04:26.368879Z","level":"info","event":"Executing dbt command: seed --project-dir /opt/airflow/dags/ecommerce_dbt --profiles-dir /opt/airflow/dags/ecommerce_dbt --full-refresh","logger":"airflow.task.operators.operators.dbt_operator.DbtOperator","filename":"dbt_operator.py","lineno":180}
{"timestamp":"2026-05-08T11:04:26.544422Z","level":"info","event":"\u001b[0m11:04:26  Running with dbt=1.10.19","logger":"task.stdout"}
{"timestamp":"2026-05-08T11:04:26.595565Z","level":"info","event":"keyring module not found. OAuth2 token will not be stored in keyring.","logger":"trino.auth","filename":"auth.py","lineno":361}
{"timestamp":"2026-05-08T11:04:26.600209Z","level":"info","event":"keyring module not found. OAuth2 token will not be stored in keyring.","logger":"trino.auth","filename":"auth.py","lineno":361}
{"timestamp":"2026-05-08T11:04:27.473483Z","level":"info","event":"\u001b[0m11:04:27  Registered adapter: trino=1.9.3","logger":"task.stdout"}
{"timestamp":"2026-05-08T11:04:28.173234Z","level":"info","event":"\u001b[0m11:04:28  Unable to do partial parsing because of a version mismatch","logger":"task.stdout"}
{"timestamp":"2026-05-08T11:04:30.834575Z","level":"info","event":"\u001b[0m11:04:30  [\u001b[33mWARNING\u001b[0m][MissingArgumentsPropertyInGenericTestDeprecation]: Deprecated","logger":"task.stdout"}
{"timestamp":"2026-05-08T11:04:30.835273Z","level":"info","event":"functionality","logger":"task.stdout"}
{"timestamp":"2026-05-08T11:04:30.835832Z","level":"info","event":"Found top-level arguments to test `accepted_values`. Arguments to generic tests","logger":"task.stdout"}
{"timestamp":"2026-05-08T11:04:30.836490Z","level":"info","event":"should be nested under the `arguments` property.`","logger":"task.stdout"}
{"timestamp":"2026-05-08T11:04:31.662780Z","level":"info","event":"\u001b[0m11:04:31  Found 12 models, 4 seeds, 55 data tests, 455 macros","logger":"task.stdout"}
{"timestamp":"2026-05-08T11:04:31.668773Z","level":"info","event":"\u001b[0m11:04:31","logger":"task.stdout"}
{"timestamp":"2026-05-08T11:04:31.669783Z","level":"info","event":"\u001b[0m11:04:31  Concurrency: 4 threads (target='dev')","logger":"task.stdout"}
{"timestamp":"2026-05-08T11:04:31.670839Z","level":"info","event":"\u001b[0m11:04:31","logger":"task.stdout"}
{"timestamp":"2026-05-08T11:04:31.954233Z","level":"info","event":"\u001b[0m11:04:31  [\u001b[33mWARNING\u001b[0m]: SSL certificate validation is disabled by default. It is legacy behavior which will be changed in future releases. It is strongly advised to enable `require_certificate_validation` flag or explicitly set `cert` configuration to `True` for security reasons. You may receive an error after that if your SSL setup is incorrect.","logger":"task.stdout"}
{"timestamp":"2026-05-08T11:04:31.954749Z","level":"info","event":"You may opt into the new behavior sooner by setting `flags.require_certificate_validation` to `True` in `dbt_project.yml`.","logger":"task.stdout"}
{"timestamp":"2026-05-08T11:04:31.955212Z","level":"info","event":"Visit https://docs.getdbt.com/reference/global-configs/behavior-changes for more information.","logger":"task.stdout"}
{"timestamp":"2026-05-08T11:04:32.199828Z","level":"info","event":"\u001b[0m11:04:32","logger":"task.stdout"}
{"timestamp":"2026-05-08T11:04:32.200515Z","level":"info","event":"\u001b[0m11:04:32  Finished running  in 0 hours 0 minutes and 0.53 seconds (0.53s).","logger":"task.stdout"}
{"timestamp":"2026-05-08T11:04:32.201678Z","level":"info","event":"\u001b[0m11:04:32  Encountered an error:","logger":"task.stdout"}
{"timestamp":"2026-05-08T11:04:32.202090Z","level":"info","event":"Database Error","logger":"task.stdout"}
{"timestamp":"2026-05-08T11:04:32.203213Z","level":"info","event":"  TrinoExternalError(type=EXTERNAL, name=ICEBERG_CATALOG_ERROR, message=\"Cannot obtain metadata\", query_id=20260508_092551_00008_3cetj)","logger":"task.stdout"}
{"timestamp":"2026-05-08T11:04:32.203665Z","level":"info","event":"\u001b[0m11:04:32  [\u001b[33mWARNING\u001b[0m][DeprecationsSummary]: Deprecated functionality","logger":"task.stdout"}
{"timestamp":"2026-05-08T11:04:32.203964Z","level":"info","event":"Summary of encountered deprecations:","logger":"task.stdout"}
{"timestamp":"2026-05-08T11:04:32.204236Z","level":"info","event":"- MissingArgumentsPropertyInGenericTestDeprecation: 8 occurrences","logger":"task.stdout"}
{"timestamp":"2026-05-08T11:04:32.204493Z","level":"info","event":"To see all deprecation instances instead of just the first occurrence of each,","logger":"task.stdout"}
{"timestamp":"2026-05-08T11:04:32.204755Z","level":"info","event":"run command again with the `--show-all-deprecations` flag. You may also need to","logger":"task.stdout"}
{"timestamp":"2026-05-08T11:04:32.205099Z","level":"info","event":"run with `--no-partial-parse` as some deprecations are only encountered during","logger":"task.stdout"}
{"timestamp":"2026-05-08T11:04:32.205453Z","level":"info","event":"parsing.","logger":"task.stdout"}
{"timestamp":"2026-05-08T11:04:33.587908Z","level":"error","event":"dbt command failed!","logger":"airflow.task.operators.operators.dbt_operator.DbtOperator","filename":"dbt_operator.py","lineno":198}
{"timestamp":"2026-05-08T11:04:33.588275Z","level":"error","event":"Exception: Database Error\n  TrinoExternalError(type=EXTERNAL, name=ICEBERG_CATALOG_ERROR, message=\"Cannot obtain metadata\", query_id=20260508_092551_00008_3cetj)","logger":"airflow.task.operators.operators.dbt_operator.DbtOperator","filename":"dbt_operator.py","lineno":200}
{"timestamp":"2026-05-08T11:04:33.588497Z","level":"warning","event":"Error occurred during seeding: dbt command failed: seed --project-dir /opt/airflow/dags/ecommerce_dbt --profiles-dir /opt/airflow/dags/ecommerce_dbt --full-refresh","logger":"unusual_prefix_11c7dd38b84fb77f29c2585710943d4b7baaf7b9_dag_pipeline","filename":"dag_pipeline.py","lineno":424}
{"timestamp":"2026-05-08T11:04:33.588675Z","level":"info","event":"Done. Returned value was: {'status': 'failed', 'layer': 'bronze_seed', 'pipeline_id': 'dag_pipeline_20260508110422', 'timestamp': '2026-05-08T11:04:33.588590', 'error': 'dbt command failed: seed --project-dir /opt/airflow/dags/ecommerce_dbt --profiles-dir /opt/airflow/dags/ecommerce_dbt --full-refresh'}","logger":"airflow.task.operators.airflow.providers.standard.decorators.python._PythonDecoratedOperator","filename":"python.py","lineno":229}
{"timestamp":"2026-05-08T11:04:33.588935Z","level":"info","event":"Pushing xcom","ti":"RuntimeTaskInstance(id=UUID('019e0742-8830-7169-a4e4-635fe3d361e4'), task_id='seed_bronze', dag_id='ecommerce_dag_pipeline', run_id='manual__2026-05-08T11:04:21.265403+00:00', try_number=1, dag_version_id=UUID('019dfd0d-c356-769c-9658-e2450a265e78'), map_index=-1, hostname='5eb477baedce', context_carrier={'traceparent': '00-241425ff75fb852137e4cdd658157aec-c7c460db0f73dcb2-01'}, task=<Task(_PythonDecoratedOperator): seed_bronze>, bundle_instance=LocalDagBundle(name=dags-folder), max_tries=2, start_date=datetime.datetime(2026, 5, 8, 11, 4, 23, 659132, tzinfo=datetime.timezone.utc), end_date=None, state=<TaskInstanceState.RUNNING: 'running'>, is_mapped=False, rendered_map_index=None, sentry_integration='')","logger":"task","filename":"task_runner.py","lineno":1724}
{"timestamp":"2026-05-08T11:04:33.826774Z","level":"error","event":"/usr/python/lib/python3.13/multiprocessing/resource_tracker.py:400: UserWarning: resource_tracker: There appear to be 2 leaked semaphore objects to clean up at shutdown: {'/mp-j812q64u', '/mp-7b9o1a7g'}","logger":"task.stderr"}
{"timestamp":"2026-05-08T11:04:33.829474Z","level":"error","event":"  warnings.warn(","logger":"task.stderr"}
