{"timestamp":"2026-05-12T07:16:52.756868Z","level":"info","event":"DAG bundles loaded: dags-folder","logger":"airflow.dag_processing.bundles.manager.DagBundlesManager","filename":"manager.py","lineno":209}
{"timestamp":"2026-05-12T07:16:52.759575Z","level":"info","event":"Filling up the DagBag from /opt/airflow/dags/dag_pipeline.py","logger":"airflow.dag_processing.dagbag.BundleDagBag","filename":"dagbag.py","lineno":469}
{"timestamp":"2026-05-12T07:16:54.752113Z","level":"info","event":"Transforming bronze...","logger":"unusual_prefix_11c7dd38b84fb77f29c2585710943d4b7baaf7b9_dag_pipeline","filename":"dag_pipeline.py","lineno":448}
{"timestamp":"2026-05-12T07:16:54.752741Z","level":"warning","event":"DbtOperator.execute cannot be called outside of the Task Runner!","logger":"airflow.task.operators.operators.dbt_operator.DbtOperator","filename":"operator.py","lineno":437}
{"timestamp":"2026-05-12T07:16:54.759392Z","level":"info","event":"Executing dbt command: run --select tag:bronze --project-dir /opt/airflow/dags/ecommerce_dbt --profiles-dir /opt/airflow/dags/ecommerce_dbt","logger":"airflow.task.operators.operators.dbt_operator.DbtOperator","filename":"dbt_operator.py","lineno":180}
{"timestamp":"2026-05-12T07:16:55.036510Z","level":"info","event":"\u001b[0m07:16:55  Running with dbt=1.10.10","logger":"task.stdout"}
{"timestamp":"2026-05-12T07:16:55.134406Z","level":"info","event":"keyring module not found. OAuth2 token will not be stored in keyring.","logger":"trino.auth","filename":"auth.py","lineno":361}
{"timestamp":"2026-05-12T07:16:55.141740Z","level":"info","event":"keyring module not found. OAuth2 token will not be stored in keyring.","logger":"trino.auth","filename":"auth.py","lineno":361}
{"timestamp":"2026-05-12T07:16:56.272471Z","level":"info","event":"\u001b[0m07:16:56  Registered adapter: trino=1.9.3","logger":"task.stdout"}
{"timestamp":"2026-05-12T07:16:58.091532Z","level":"info","event":"\u001b[0m07:16:58  Found 12 models, 4 seeds, 55 data tests, 455 macros","logger":"task.stdout"}
{"timestamp":"2026-05-12T07:16:58.202316Z","level":"info","event":"\u001b[0m07:16:58","logger":"task.stdout"}
{"timestamp":"2026-05-12T07:16:58.204875Z","level":"info","event":"\u001b[0m07:16:58  Concurrency: 4 threads (target='dev')","logger":"task.stdout"}
{"timestamp":"2026-05-12T07:16:58.205367Z","level":"info","event":"\u001b[0m07:16:58","logger":"task.stdout"}
{"timestamp":"2026-05-12T07:16:58.205806Z","level":"info","event":"\u001b[0m07:16:58  [\u001b[33mWARNING\u001b[0m]: SSL certificate validation is disabled by default. It is legacy behavior which will be changed in future releases. It is strongly advised to enable `require_certificate_validation` flag or explicitly set `cert` configuration to `True` for security reasons. You may receive an error after that if your SSL setup is incorrect.","logger":"task.stdout"}
{"timestamp":"2026-05-12T07:16:58.206202Z","level":"info","event":"You may opt into the new behavior sooner by setting `flags.require_certificate_validation` to `True` in `dbt_project.yml`.","logger":"task.stdout"}
{"timestamp":"2026-05-12T07:16:58.206559Z","level":"info","event":"Visit https://docs.getdbt.com/reference/global-configs/behavior-changes for more information.","logger":"task.stdout"}
{"timestamp":"2026-05-12T07:16:59.189748Z","level":"info","event":"\u001b[0m07:16:59  1 of 4 START sql table model bronze_raw_bronze.bronze_customer_events .......... [RUN]","logger":"task.stdout"}
{"timestamp":"2026-05-12T07:16:59.190370Z","level":"info","event":"\u001b[0m07:16:59  3 of 4 START sql table model bronze_raw_bronze.bronze_payment_transactions ..... [RUN]","logger":"task.stdout"}
{"timestamp":"2026-05-12T07:16:59.194825Z","level":"info","event":"\u001b[0m07:16:59  4 of 4 START sql table model bronze_raw_bronze.bronze_support_tickets .......... [RUN]","logger":"task.stdout"}
{"timestamp":"2026-05-12T07:16:59.197372Z","level":"info","event":"\u001b[0m07:16:59  2 of 4 START sql table model bronze_raw_bronze.bronze_inventory_snapshots ...... [RUN]","logger":"task.stdout"}
{"timestamp":"2026-05-12T07:17:02.739852Z","level":"info","event":"\u001b[0m07:17:02  2 of 4 OK created sql table model bronze_raw_bronze.bronze_inventory_snapshots . [\u001b[32mCREATE TABLE (200 rows)\u001b[0m in 3.53s]","logger":"task.stdout"}
{"timestamp":"2026-05-12T07:17:03.104488Z","level":"info","event":"\u001b[0m07:17:03  1 of 4 OK created sql table model bronze_raw_bronze.bronze_customer_events ..... [\u001b[32mCREATE TABLE (200 rows)\u001b[0m in 3.90s]","logger":"task.stdout"}
{"timestamp":"2026-05-12T07:17:04.644742Z","level":"info","event":"\u001b[0m07:17:04  3 of 4 OK created sql table model bronze_raw_bronze.bronze_payment_transactions  [\u001b[32mCREATE TABLE (200 rows)\u001b[0m in 5.44s]","logger":"task.stdout"}
{"timestamp":"2026-05-12T07:17:05.414518Z","level":"info","event":"\u001b[0m07:17:05  4 of 4 OK created sql table model bronze_raw_bronze.bronze_support_tickets ..... [\u001b[32mCREATE TABLE (200 rows)\u001b[0m in 6.20s]","logger":"task.stdout"}
{"timestamp":"2026-05-12T07:17:05.477218Z","level":"info","event":"\u001b[0m07:17:05","logger":"task.stdout"}
{"timestamp":"2026-05-12T07:17:05.498629Z","level":"info","event":"\u001b[0m07:17:05  Finished running 4 table models in 0 hours 0 minutes and 7.37 seconds (7.37s).","logger":"task.stdout"}
{"timestamp":"2026-05-12T07:17:05.716718Z","level":"info","event":"\u001b[0m07:17:05","logger":"task.stdout"}
{"timestamp":"2026-05-12T07:17:05.717116Z","level":"info","event":"\u001b[0m07:17:05  \u001b[32mCompleted successfully\u001b[0m","logger":"task.stdout"}
{"timestamp":"2026-05-12T07:17:05.721292Z","level":"info","event":"\u001b[0m07:17:05","logger":"task.stdout"}
{"timestamp":"2026-05-12T07:17:05.725514Z","level":"info","event":"\u001b[0m07:17:05  Done. PASS=4 WARN=0 ERROR=0 SKIP=0 NO-OP=0 TOTAL=4","logger":"task.stdout"}
{"timestamp":"2026-05-12T07:17:05.760840Z","level":"info","event":"dbt command executed successfully","logger":"airflow.task.operators.operators.dbt_operator.DbtOperator","filename":"dbt_operator.py","lineno":185}
{"timestamp":"2026-05-12T07:17:05.761310Z","level":"info","event":"Done. Returned value was: {'status': 'success', 'layer': 'bronze_transform', 'pipeline_id': 'dag_pipeline_20260512071633', 'timestamp': '2026-05-12T07:17:05.761097', 'rows_processed': 'check logs for details'}","logger":"airflow.task.operators.airflow.providers.standard.decorators.python._PythonDecoratedOperator","filename":"python.py","lineno":229}
{"timestamp":"2026-05-12T07:17:05.761761Z","level":"info","event":"Pushing xcom","ti":"RuntimeTaskInstance(id=UUID('019e1b0b-6086-7443-b101-48ecda48a8f1'), task_id='transform_bronze_layer', dag_id='ecommerce_dag_pipeline', run_id='manual__2026-05-12T07:16:30.944644+00:00', try_number=1, dag_version_id=UUID('019dfd0d-c356-769c-9658-e2450a265e78'), map_index=-1, hostname='c09759c742ec', context_carrier={'traceparent': '00-33c62c15d35929359f38b6c87e9c8131-9986cc29fbf7ddd3-01'}, task=<Task(_PythonDecoratedOperator): transform_bronze_layer>, bundle_instance=LocalDagBundle(name=dags-folder), max_tries=2, start_date=datetime.datetime(2026, 5, 12, 7, 16, 52, 690521, tzinfo=datetime.timezone.utc), end_date=None, state=<TaskInstanceState.RUNNING: 'running'>, is_mapped=False, rendered_map_index=None, sentry_integration='')","logger":"task","filename":"task_runner.py","lineno":1724}
{"timestamp":"2026-05-12T07:17:05.918394Z","level":"error","event":"/usr/python/lib/python3.13/multiprocessing/resource_tracker.py:400: UserWarning: resource_tracker: There appear to be 2 leaked semaphore objects to clean up at shutdown: {'/mp-jtr5x6g_', '/mp-lohbu89y'}","logger":"task.stderr"}
{"timestamp":"2026-05-12T07:17:05.918884Z","level":"error","event":"  warnings.warn(","logger":"task.stderr"}
