{"timestamp":"2026-05-12T07:56:15.045442Z","level":"info","event":"DAG bundles loaded: dags-folder","logger":"airflow.dag_processing.bundles.manager.DagBundlesManager","filename":"manager.py","lineno":209}
{"timestamp":"2026-05-12T07:56:15.051530Z","level":"info","event":"Filling up the DagBag from /opt/airflow/dags/dag_pipeline.py","logger":"airflow.dag_processing.dagbag.BundleDagBag","filename":"dagbag.py","lineno":469}
{"timestamp":"2026-05-12T07:56:18.317007Z","level":"info","event":"Seeding bronze...","logger":"unusual_prefix_11c7dd38b84fb77f29c2585710943d4b7baaf7b9_dag_pipeline","filename":"dag_pipeline.py","lineno":382}
{"timestamp":"2026-05-12T07:56:18.414918Z","level":"info","event":"Tables do not exist or error occurred: (trino.exceptions.TrinoUserError) TrinoUserError(type=USER_ERROR, name=SCHEMA_NOT_FOUND, message=\"line 1:29: Schema 'bronze' does not exist\", query_id=20260512_075618_00565_u872h)\n[SQL: SELECT count(*) as cnt FROM raw_customer_events]\n(Background on this error at: https://sqlalche.me/e/20/f405), proceeding with seeding","logger":"unusual_prefix_11c7dd38b84fb77f29c2585710943d4b7baaf7b9_dag_pipeline","filename":"dag_pipeline.py","lineno":405}
{"timestamp":"2026-05-12T07:56:18.415453Z","level":"warning","event":"DbtOperator.execute cannot be called outside of the Task Runner!","logger":"airflow.task.operators.operators.dbt_operator.DbtOperator","filename":"operator.py","lineno":437}
{"timestamp":"2026-05-12T07:56:18.418722Z","level":"info","event":"Executing dbt command: seed --project-dir /opt/airflow/dags/ecommerce_dbt --profiles-dir /opt/airflow/dags/ecommerce_dbt --full-refresh","logger":"airflow.task.operators.operators.dbt_operator.DbtOperator","filename":"dbt_operator.py","lineno":180}
{"timestamp":"2026-05-12T07:56:18.578563Z","level":"info","event":"\u001b[0m07:56:18  Running with dbt=1.10.10","logger":"task.stdout"}
{"timestamp":"2026-05-12T07:56:18.632519Z","level":"info","event":"keyring module not found. OAuth2 token will not be stored in keyring.","logger":"trino.auth","filename":"auth.py","lineno":361}
{"timestamp":"2026-05-12T07:56:18.636960Z","level":"info","event":"keyring module not found. OAuth2 token will not be stored in keyring.","logger":"trino.auth","filename":"auth.py","lineno":361}
{"timestamp":"2026-05-12T07:56:19.151000Z","level":"info","event":"\u001b[0m07:56:19  Registered adapter: trino=1.9.3","logger":"task.stdout"}
{"timestamp":"2026-05-12T07:56:21.681516Z","level":"info","event":"\u001b[0m07:56:21  [\u001b[33mWARNING\u001b[0m][MissingArgumentsPropertyInGenericTestDeprecation]: Deprecated","logger":"task.stdout"}
{"timestamp":"2026-05-12T07:56:21.682012Z","level":"info","event":"functionality","logger":"task.stdout"}
{"timestamp":"2026-05-12T07:56:21.682364Z","level":"info","event":"Found top-level arguments to test `accepted_values`. Arguments to generic tests","logger":"task.stdout"}
{"timestamp":"2026-05-12T07:56:21.682687Z","level":"info","event":"should be nested under the `arguments` property.`","logger":"task.stdout"}
{"timestamp":"2026-05-12T07:56:22.205014Z","level":"info","event":"\u001b[0m07:56:22  Found 12 models, 4 seeds, 55 data tests, 455 macros","logger":"task.stdout"}
{"timestamp":"2026-05-12T07:56:22.211352Z","level":"info","event":"\u001b[0m07:56:22","logger":"task.stdout"}
{"timestamp":"2026-05-12T07:56:22.212657Z","level":"info","event":"\u001b[0m07:56:22  Concurrency: 4 threads (target='dev')","logger":"task.stdout"}
{"timestamp":"2026-05-12T07:56:22.213539Z","level":"info","event":"\u001b[0m07:56:22","logger":"task.stdout"}
{"timestamp":"2026-05-12T07:56:22.300850Z","level":"info","event":"\u001b[0m07:56:22  [\u001b[33mWARNING\u001b[0m]: SSL certificate validation is disabled by default. It is legacy behavior which will be changed in future releases. It is strongly advised to enable `require_certificate_validation` flag or explicitly set `cert` configuration to `True` for security reasons. You may receive an error after that if your SSL setup is incorrect.","logger":"task.stdout"}
{"timestamp":"2026-05-12T07:56:22.301407Z","level":"info","event":"You may opt into the new behavior sooner by setting `flags.require_certificate_validation` to `True` in `dbt_project.yml`.","logger":"task.stdout"}
{"timestamp":"2026-05-12T07:56:22.301810Z","level":"info","event":"Visit https://docs.getdbt.com/reference/global-configs/behavior-changes for more information.","logger":"task.stdout"}
{"timestamp":"2026-05-12T07:56:23.266522Z","level":"info","event":"\u001b[0m07:56:23  1 of 4 START seed file bronze_raw_raw.raw_customer_events ...................... [RUN]","logger":"task.stdout"}
{"timestamp":"2026-05-12T07:56:23.270867Z","level":"info","event":"\u001b[0m07:56:23  3 of 4 START seed file bronze_raw_raw.raw_payment_transactions ................. [RUN]","logger":"task.stdout"}
{"timestamp":"2026-05-12T07:56:23.296596Z","level":"info","event":"\u001b[0m07:56:23  4 of 4 START seed file bronze_raw_raw.raw_support_tickets ...................... [RUN]","logger":"task.stdout"}
{"timestamp":"2026-05-12T07:56:23.330257Z","level":"info","event":"\u001b[0m07:56:23  2 of 4 START seed file bronze_raw_raw.raw_inventory_snapshots .................. [RUN]","logger":"task.stdout"}
{"timestamp":"2026-05-12T07:56:31.918562Z","level":"info","event":"\u001b[0m07:56:31  4 of 4 OK loaded seed file bronze_raw_raw.raw_support_tickets .................. [\u001b[32mCREATE 200\u001b[0m in 8.51s]","logger":"task.stdout"}
{"timestamp":"2026-05-12T07:56:32.777026Z","level":"info","event":"\u001b[0m07:56:32  1 of 4 OK loaded seed file bronze_raw_raw.raw_customer_events .................. [\u001b[32mCREATE 200\u001b[0m in 9.51s]","logger":"task.stdout"}
{"timestamp":"2026-05-12T07:56:33.257016Z","level":"info","event":"\u001b[0m07:56:33  3 of 4 OK loaded seed file bronze_raw_raw.raw_payment_transactions ............. [\u001b[32mCREATE 200\u001b[0m in 9.98s]","logger":"task.stdout"}
{"timestamp":"2026-05-12T07:56:34.042126Z","level":"info","event":"\u001b[0m07:56:34  2 of 4 OK loaded seed file bronze_raw_raw.raw_inventory_snapshots .............. [\u001b[32mCREATE 200\u001b[0m in 10.70s]","logger":"task.stdout"}
{"timestamp":"2026-05-12T07:56:34.142521Z","level":"info","event":"\u001b[0m07:56:34","logger":"task.stdout"}
{"timestamp":"2026-05-12T07:56:34.145170Z","level":"info","event":"\u001b[0m07:56:34  Finished running 4 seeds in 0 hours 0 minutes and 11.84 seconds (11.84s).","logger":"task.stdout"}
{"timestamp":"2026-05-12T07:56:34.252140Z","level":"info","event":"\u001b[0m07:56:34","logger":"task.stdout"}
{"timestamp":"2026-05-12T07:56:34.253235Z","level":"info","event":"\u001b[0m07:56:34  \u001b[32mCompleted successfully\u001b[0m","logger":"task.stdout"}
{"timestamp":"2026-05-12T07:56:34.254524Z","level":"info","event":"\u001b[0m07:56:34","logger":"task.stdout"}
{"timestamp":"2026-05-12T07:56:34.255825Z","level":"info","event":"\u001b[0m07:56:34  Done. PASS=4 WARN=0 ERROR=0 SKIP=0 NO-OP=0 TOTAL=4","logger":"task.stdout"}
{"timestamp":"2026-05-12T07:56:34.257552Z","level":"info","event":"\u001b[0m07:56:34  [\u001b[33mWARNING\u001b[0m][DeprecationsSummary]: Deprecated functionality","logger":"task.stdout"}
{"timestamp":"2026-05-12T07:56:34.262338Z","level":"info","event":"Summary of encountered deprecations:","logger":"task.stdout"}
{"timestamp":"2026-05-12T07:56:34.265948Z","level":"info","event":"- MissingArgumentsPropertyInGenericTestDeprecation: 4 occurrences","logger":"task.stdout"}
{"timestamp":"2026-05-12T07:56:34.270804Z","level":"info","event":"To see all deprecation instances instead of just the first occurrence of each,","logger":"task.stdout"}
{"timestamp":"2026-05-12T07:56:34.274117Z","level":"info","event":"run command again with the `--show-all-deprecations` flag. You may also need to","logger":"task.stdout"}
{"timestamp":"2026-05-12T07:56:34.275113Z","level":"info","event":"run with `--no-partial-parse` as some deprecations are only encountered during","logger":"task.stdout"}
{"timestamp":"2026-05-12T07:56:34.277318Z","level":"info","event":"parsing.","logger":"task.stdout"}
{"timestamp":"2026-05-12T07:56:35.392575Z","level":"info","event":"dbt command executed successfully","logger":"airflow.task.operators.operators.dbt_operator.DbtOperator","filename":"dbt_operator.py","lineno":185}
{"timestamp":"2026-05-12T07:56:35.392933Z","level":"info","event":"Done. Returned value was: {'status': 'success', 'layer': 'bronze_seed', 'pipeline_id': 'dag_pipeline_20260512075613', 'timestamp': '2026-05-12T07:56:35.392825'}","logger":"airflow.task.operators.airflow.providers.standard.decorators.python._PythonDecoratedOperator","filename":"python.py","lineno":229}
{"timestamp":"2026-05-12T07:56:35.393216Z","level":"info","event":"Pushing xcom","ti":"RuntimeTaskInstance(id=UUID('019e1b2f-b61d-7286-ab5e-628fc681d4f6'), task_id='seed_bronze', dag_id='ecommerce_dag_pipeline', run_id='manual__2026-05-12T07:56:12.162757+00:00', try_number=1, dag_version_id=UUID('019dfd0d-c356-769c-9658-e2450a265e78'), map_index=-1, hostname='c09759c742ec', context_carrier={'traceparent': '00-41358613dfbcf0c46ea74e20aa59ff9c-58c9da1a6619f7e6-01'}, task=<Task(_PythonDecoratedOperator): seed_bronze>, bundle_instance=LocalDagBundle(name=dags-folder), max_tries=2, start_date=datetime.datetime(2026, 5, 12, 7, 56, 14, 966473, tzinfo=datetime.timezone.utc), end_date=None, state=<TaskInstanceState.RUNNING: 'running'>, is_mapped=False, rendered_map_index=None, sentry_integration='')","logger":"task","filename":"task_runner.py","lineno":1724}
{"timestamp":"2026-05-12T07:56:35.608132Z","level":"error","event":"/usr/python/lib/python3.13/multiprocessing/resource_tracker.py:400: UserWarning: resource_tracker: There appear to be 2 leaked semaphore objects to clean up at shutdown: {'/mp-lv6euaor', '/mp-6e96zw_f'}","logger":"task.stderr"}
{"timestamp":"2026-05-12T07:56:35.609742Z","level":"error","event":"  warnings.warn(","logger":"task.stderr"}
