{"timestamp":"2026-05-11T08:15:05.702556Z","level":"info","event":"DAG bundles loaded: dags-folder","logger":"airflow.dag_processing.bundles.manager.DagBundlesManager","filename":"manager.py","lineno":209}
{"timestamp":"2026-05-11T08:15:05.706009Z","level":"info","event":"Filling up the DagBag from /opt/airflow/dags/dag_pipeline.py","logger":"airflow.dag_processing.dagbag.BundleDagBag","filename":"dagbag.py","lineno":469}
{"timestamp":"2026-05-11T08:15:09.073231Z","level":"info","event":"Seeding bronze...","logger":"unusual_prefix_11c7dd38b84fb77f29c2585710943d4b7baaf7b9_dag_pipeline","filename":"dag_pipeline.py","lineno":382}
{"timestamp":"2026-05-11T08:15:11.141290Z","level":"info","event":"Tables do not exist or error occurred: (trino.exceptions.TrinoUserError) TrinoUserError(type=USER_ERROR, name=SCHEMA_NOT_FOUND, message=\"line 1:29: Schema 'bronze' does not exist\", query_id=20260511_081509_00000_fdvvx)\n[SQL: SELECT count(*) as cnt FROM raw_customer_events]\n(Background on this error at: https://sqlalche.me/e/20/f405), proceeding with seeding","logger":"unusual_prefix_11c7dd38b84fb77f29c2585710943d4b7baaf7b9_dag_pipeline","filename":"dag_pipeline.py","lineno":405}
{"timestamp":"2026-05-11T08:15:11.141930Z","level":"warning","event":"DbtOperator.execute cannot be called outside of the Task Runner!","logger":"airflow.task.operators.operators.dbt_operator.DbtOperator","filename":"operator.py","lineno":437}
{"timestamp":"2026-05-11T08:15:11.148636Z","level":"info","event":"Executing dbt command: seed --project-dir /opt/airflow/dags/ecommerce_dbt --profiles-dir /opt/airflow/dags/ecommerce_dbt --full-refresh","logger":"airflow.task.operators.operators.dbt_operator.DbtOperator","filename":"dbt_operator.py","lineno":180}
{"timestamp":"2026-05-11T08:15:11.442849Z","level":"info","event":"\u001b[0m08:15:11  Running with dbt=1.10.10","logger":"task.stdout"}
{"timestamp":"2026-05-11T08:15:11.538467Z","level":"info","event":"keyring module not found. OAuth2 token will not be stored in keyring.","logger":"trino.auth","filename":"auth.py","lineno":361}
{"timestamp":"2026-05-11T08:15:11.542621Z","level":"info","event":"keyring module not found. OAuth2 token will not be stored in keyring.","logger":"trino.auth","filename":"auth.py","lineno":361}
{"timestamp":"2026-05-11T08:15:12.059993Z","level":"info","event":"\u001b[0m08:15:12  Registered adapter: trino=1.9.3","logger":"task.stdout"}
{"timestamp":"2026-05-11T08:15:13.770176Z","level":"info","event":"\u001b[0m08:15:13  Found 12 models, 4 seeds, 55 data tests, 455 macros","logger":"task.stdout"}
{"timestamp":"2026-05-11T08:15:13.778148Z","level":"info","event":"\u001b[0m08:15:13","logger":"task.stdout"}
{"timestamp":"2026-05-11T08:15:13.779517Z","level":"info","event":"\u001b[0m08:15:13  Concurrency: 4 threads (target='dev')","logger":"task.stdout"}
{"timestamp":"2026-05-11T08:15:13.780935Z","level":"info","event":"\u001b[0m08:15:13","logger":"task.stdout"}
{"timestamp":"2026-05-11T08:15:13.996983Z","level":"info","event":"\u001b[0m08:15:13  [\u001b[33mWARNING\u001b[0m]: SSL certificate validation is disabled by default. It is legacy behavior which will be changed in future releases. It is strongly advised to enable `require_certificate_validation` flag or explicitly set `cert` configuration to `True` for security reasons. You may receive an error after that if your SSL setup is incorrect.","logger":"task.stdout"}
{"timestamp":"2026-05-11T08:15:13.997511Z","level":"info","event":"You may opt into the new behavior sooner by setting `flags.require_certificate_validation` to `True` in `dbt_project.yml`.","logger":"task.stdout"}
{"timestamp":"2026-05-11T08:15:13.997890Z","level":"info","event":"Visit https://docs.getdbt.com/reference/global-configs/behavior-changes for more information.","logger":"task.stdout"}
{"timestamp":"2026-05-11T08:15:25.135345Z","level":"info","event":"\u001b[0m08:15:25  3 of 4 START seed file bronze_raw.raw_payment_transactions ..................... [RUN]","logger":"task.stdout"}
{"timestamp":"2026-05-11T08:15:25.174133Z","level":"info","event":"\u001b[0m08:15:25  1 of 4 START seed file bronze_raw.raw_customer_events .......................... [RUN]","logger":"task.stdout"}
{"timestamp":"2026-05-11T08:15:25.190907Z","level":"info","event":"\u001b[0m08:15:25  2 of 4 START seed file bronze_raw.raw_inventory_snapshots ...................... [RUN]","logger":"task.stdout"}
{"timestamp":"2026-05-11T08:15:25.204134Z","level":"info","event":"\u001b[0m08:15:25  4 of 4 START seed file bronze_raw.raw_support_tickets .......................... [RUN]","logger":"task.stdout"}
{"timestamp":"2026-05-11T08:15:28.155442Z","level":"info","event":"\u001b[0m08:15:28  2 of 4 ERROR loading seed file bronze_raw.raw_inventory_snapshots .............. [\u001b[31mERROR\u001b[0m in 2.94s]","logger":"task.stdout"}
{"timestamp":"2026-05-11T08:15:28.157667Z","level":"info","event":"\u001b[0m08:15:28  4 of 4 ERROR loading seed file bronze_raw.raw_support_tickets .................. [\u001b[31mERROR\u001b[0m in 2.90s]","logger":"task.stdout"}
{"timestamp":"2026-05-11T08:15:28.161439Z","level":"info","event":"\u001b[0m08:15:28  3 of 4 ERROR loading seed file bronze_raw.raw_payment_transactions ............. [\u001b[31mERROR\u001b[0m in 3.01s]","logger":"task.stdout"}
{"timestamp":"2026-05-11T08:15:28.164453Z","level":"info","event":"\u001b[0m08:15:28  1 of 4 ERROR loading seed file bronze_raw.raw_customer_events .................. [\u001b[31mERROR\u001b[0m in 2.96s]","logger":"task.stdout"}
{"timestamp":"2026-05-11T08:15:28.200466Z","level":"info","event":"\u001b[0m08:15:28","logger":"task.stdout"}
{"timestamp":"2026-05-11T08:15:28.201847Z","level":"info","event":"\u001b[0m08:15:28  Finished running 4 seeds in 0 hours 0 minutes and 14.42 seconds (14.42s).","logger":"task.stdout"}
{"timestamp":"2026-05-11T08:15:28.393267Z","level":"info","event":"\u001b[0m08:15:28","logger":"task.stdout"}
{"timestamp":"2026-05-11T08:15:28.403706Z","level":"info","event":"\u001b[0m08:15:28  \u001b[31mCompleted with 4 errors, 0 partial successes, and 0 warnings:\u001b[0m","logger":"task.stdout"}
{"timestamp":"2026-05-11T08:15:28.404368Z","level":"info","event":"\u001b[0m08:15:28","logger":"task.stdout"}
{"timestamp":"2026-05-11T08:15:28.406564Z","level":"info","event":"\u001b[0m08:15:28  \u001b[31mFailure in seed raw_customer_events (seeds/raw_customer_events.csv)\u001b[0m","logger":"task.stdout"}
{"timestamp":"2026-05-11T08:15:28.407863Z","level":"info","event":"\u001b[0m08:15:28    Database Error in seed raw_customer_events (seeds/raw_customer_events.csv)","logger":"task.stdout"}
{"timestamp":"2026-05-11T08:15:28.408523Z","level":"info","event":"  TrinoQueryError(type=INTERNAL_ERROR, name=GENERIC_INTERNAL_ERROR, message=\"Location for ICEBERG_TABLE 'bronze_raw.raw_customer_events' cannot be associated with any configured object storage location: Missing access key and secret for STATIC authentication mode\", query_id=20260511_081525_00009_fdvvx)","logger":"task.stdout"}
{"timestamp":"2026-05-11T08:15:28.409611Z","level":"info","event":"\u001b[0m08:15:28","logger":"task.stdout"}
{"timestamp":"2026-05-11T08:15:28.410537Z","level":"info","event":"\u001b[0m08:15:28  \u001b[31mFailure in seed raw_inventory_snapshots (seeds/raw_inventory_snapshots.csv)\u001b[0m","logger":"task.stdout"}
{"timestamp":"2026-05-11T08:15:28.411736Z","level":"info","event":"\u001b[0m08:15:28    Database Error in seed raw_inventory_snapshots (seeds/raw_inventory_snapshots.csv)","logger":"task.stdout"}
{"timestamp":"2026-05-11T08:15:28.412175Z","level":"info","event":"  TrinoQueryError(type=INTERNAL_ERROR, name=GENERIC_INTERNAL_ERROR, message=\"Location for ICEBERG_TABLE 'bronze_raw.raw_inventory_snapshots' cannot be associated with any configured object storage location: Missing access key and secret for STATIC authentication mode\", query_id=20260511_081525_00007_fdvvx)","logger":"task.stdout"}
{"timestamp":"2026-05-11T08:15:28.418365Z","level":"info","event":"\u001b[0m08:15:28","logger":"task.stdout"}
{"timestamp":"2026-05-11T08:15:28.420395Z","level":"info","event":"\u001b[0m08:15:28  \u001b[31mFailure in seed raw_payment_transactions (seeds/raw_payment_transactions.csv)\u001b[0m","logger":"task.stdout"}
{"timestamp":"2026-05-11T08:15:28.422405Z","level":"info","event":"\u001b[0m08:15:28    Database Error in seed raw_payment_transactions (seeds/raw_payment_transactions.csv)","logger":"task.stdout"}
{"timestamp":"2026-05-11T08:15:28.422907Z","level":"info","event":"  TrinoQueryError(type=INTERNAL_ERROR, name=GENERIC_INTERNAL_ERROR, message=\"Location for ICEBERG_TABLE 'bronze_raw.raw_payment_transactions' cannot be associated with any configured object storage location: Missing access key and secret for STATIC authentication mode\", query_id=20260511_081525_00010_fdvvx)","logger":"task.stdout"}
{"timestamp":"2026-05-11T08:15:28.423456Z","level":"info","event":"\u001b[0m08:15:28","logger":"task.stdout"}
{"timestamp":"2026-05-11T08:15:28.424680Z","level":"info","event":"\u001b[0m08:15:28  \u001b[31mFailure in seed raw_support_tickets (seeds/raw_support_tickets.csv)\u001b[0m","logger":"task.stdout"}
{"timestamp":"2026-05-11T08:15:28.425965Z","level":"info","event":"\u001b[0m08:15:28    Database Error in seed raw_support_tickets (seeds/raw_support_tickets.csv)","logger":"task.stdout"}
{"timestamp":"2026-05-11T08:15:28.426524Z","level":"info","event":"  TrinoQueryError(type=INTERNAL_ERROR, name=GENERIC_INTERNAL_ERROR, message=\"Location for ICEBERG_TABLE 'bronze_raw.raw_support_tickets' cannot be associated with any configured object storage location: Missing access key and secret for STATIC authentication mode\", query_id=20260511_081525_00008_fdvvx)","logger":"task.stdout"}
{"timestamp":"2026-05-11T08:15:28.427100Z","level":"info","event":"\u001b[0m08:15:28","logger":"task.stdout"}
{"timestamp":"2026-05-11T08:15:28.427815Z","level":"info","event":"\u001b[0m08:15:28  Done. PASS=0 WARN=0 ERROR=4 SKIP=0 NO-OP=0 TOTAL=4","logger":"task.stdout"}
{"timestamp":"2026-05-11T08:15:30.384484Z","level":"error","event":"dbt command failed!","logger":"airflow.task.operators.operators.dbt_operator.DbtOperator","filename":"dbt_operator.py","lineno":198}
{"timestamp":"2026-05-11T08:15:30.384902Z","level":"warning","event":"Error occurred during seeding: dbt command failed: seed --project-dir /opt/airflow/dags/ecommerce_dbt --profiles-dir /opt/airflow/dags/ecommerce_dbt --full-refresh","logger":"unusual_prefix_11c7dd38b84fb77f29c2585710943d4b7baaf7b9_dag_pipeline","filename":"dag_pipeline.py","lineno":424}
{"timestamp":"2026-05-11T08:15:30.385156Z","level":"info","event":"Done. Returned value was: {'status': 'failed', 'layer': 'bronze_seed', 'pipeline_id': 'dag_pipeline_20260511081503', 'timestamp': '2026-05-11T08:15:30.385029', 'error': 'dbt command failed: seed --project-dir /opt/airflow/dags/ecommerce_dbt --profiles-dir /opt/airflow/dags/ecommerce_dbt --full-refresh'}","logger":"airflow.task.operators.airflow.providers.standard.decorators.python._PythonDecoratedOperator","filename":"python.py","lineno":229}
{"timestamp":"2026-05-11T08:15:30.385683Z","level":"info","event":"Pushing xcom","ti":"RuntimeTaskInstance(id=UUID('019e161a-7aaa-7f32-8872-1b8e91c5d2f2'), task_id='seed_bronze', dag_id='ecommerce_dag_pipeline', run_id='manual__2026-05-11T08:14:54.587852+00:00', try_number=1, dag_version_id=UUID('019dfd0d-c356-769c-9658-e2450a265e78'), map_index=-1, hostname='cf998ced2722', context_carrier={'traceparent': '00-8174a12ae46079ddc481593f8720344b-d1f99bbc9823ec27-01'}, task=<Task(_PythonDecoratedOperator): seed_bronze>, bundle_instance=LocalDagBundle(name=dags-folder), max_tries=2, start_date=datetime.datetime(2026, 5, 11, 8, 15, 5, 333243, tzinfo=datetime.timezone.utc), end_date=None, state=<TaskInstanceState.RUNNING: 'running'>, is_mapped=False, rendered_map_index=None, sentry_integration='')","logger":"task","filename":"task_runner.py","lineno":1724}
{"timestamp":"2026-05-11T08:15:30.551606Z","level":"error","event":"/usr/python/lib/python3.13/multiprocessing/resource_tracker.py:400: UserWarning: resource_tracker: There appear to be 2 leaked semaphore objects to clean up at shutdown: {'/mp-edyk7bt0', '/mp-hc1_eckd'}","logger":"task.stderr"}
{"timestamp":"2026-05-11T08:15:30.553233Z","level":"error","event":"  warnings.warn(","logger":"task.stderr"}
