{"timestamp":"2026-05-07T11:07:18.987962Z","level":"info","event":"DAG bundles loaded: dags-folder","logger":"airflow.dag_processing.bundles.manager.DagBundlesManager","filename":"manager.py","lineno":209}
{"timestamp":"2026-05-07T11:07:18.998910Z","level":"info","event":"Filling up the DagBag from /opt/airflow/dags/dag_pipeline.py","logger":"airflow.dag_processing.dagbag.BundleDagBag","filename":"dagbag.py","lineno":469}
{"timestamp":"2026-05-07T11:07:22.101000Z","level":"info","event":"Seeding bronze...","logger":"unusual_prefix_11c7dd38b84fb77f29c2585710943d4b7baaf7b9_dag_pipeline","filename":"dag_pipeline.py","lineno":382}
{"timestamp":"2026-05-07T11:07:23.062738Z","level":"info","event":"Tables do not exist or error occurred: (trino.exceptions.TrinoExternalError) TrinoExternalError(type=EXTERNAL, name=ICEBERG_CATALOG_ERROR, message=\"Cannot obtain metadata\", query_id=20260507_110722_00000_f8ybt)\n[SQL: SELECT count(*) as cnt FROM raw_customer_events]\n(Background on this error at: https://sqlalche.me/e/20/e3q8), proceeding with seeding","logger":"unusual_prefix_11c7dd38b84fb77f29c2585710943d4b7baaf7b9_dag_pipeline","filename":"dag_pipeline.py","lineno":405}
{"timestamp":"2026-05-07T11:07:23.063224Z","level":"warning","event":"DbtOperator.execute cannot be called outside of the Task Runner!","logger":"airflow.task.operators.operators.dbt_operator.DbtOperator","filename":"operator.py","lineno":437}
{"timestamp":"2026-05-07T11:07:23.066927Z","level":"info","event":"Executing dbt command: seed --project-dir /opt/airflow/dags/ecommerce_dbt --profiles-dir /opt/airflow/dags/ecommerce_dbt --full-refresh","logger":"airflow.task.operators.operators.dbt_operator.DbtOperator","filename":"dbt_operator.py","lineno":180}
{"timestamp":"2026-05-07T11:07:23.361102Z","level":"info","event":"\u001b[0m11:07:23  Running with dbt=1.10.10","logger":"task.stdout"}
{"timestamp":"2026-05-07T11:07:23.634212Z","level":"info","event":"keyring module not found. OAuth2 token will not be stored in keyring.","logger":"trino.auth","filename":"auth.py","lineno":361}
{"timestamp":"2026-05-07T11:07:23.647830Z","level":"info","event":"keyring module not found. OAuth2 token will not be stored in keyring.","logger":"trino.auth","filename":"auth.py","lineno":361}
{"timestamp":"2026-05-07T11:07:23.735631Z","level":"info","event":"\u001b[0m11:07:23  [\u001b[33mWARNING\u001b[0m][DuplicateYAMLKeysDeprecation]: Deprecated functionality","logger":"task.stdout"}
{"timestamp":"2026-05-07T11:07:23.736205Z","level":"info","event":"Duplicate key 'models' in \"<unicode string>\", line 30, column 1 in file","logger":"task.stdout"}
{"timestamp":"2026-05-07T11:07:23.738333Z","level":"info","event":"`/opt/airflow/dags/ecommerce_dbt/dbt_project.yml`","logger":"task.stdout"}
{"timestamp":"2026-05-07T11:07:25.911634Z","level":"info","event":"\u001b[0m11:07:25  Registered adapter: trino=1.9.3","logger":"task.stdout"}
{"timestamp":"2026-05-07T11:07:26.622384Z","level":"info","event":"\u001b[0m11:07:26  Unable to do partial parsing because saved manifest not found. Starting full parse.","logger":"task.stdout"}
{"timestamp":"2026-05-07T11:07:33.123499Z","level":"info","event":"\u001b[0m11:07:33  Encountered an error:","logger":"task.stdout"}
{"timestamp":"2026-05-07T11:07:33.124226Z","level":"info","event":"Compilation Error","logger":"task.stdout"}
{"timestamp":"2026-05-07T11:07:33.124625Z","level":"info","event":"  Model 'model.ecommerce_dbt.bronze_payment_transactions' (models/bronze/bronze_payment_transactions.sql) depends on a node named 'raw_payment_transactions' which was not found","logger":"task.stdout"}
{"timestamp":"2026-05-07T11:07:33.125784Z","level":"info","event":"\u001b[0m11:07:33  [\u001b[33mWARNING\u001b[0m][DeprecationsSummary]: Deprecated functionality","logger":"task.stdout"}
{"timestamp":"2026-05-07T11:07:33.129478Z","level":"info","event":"Summary of encountered deprecations:","logger":"task.stdout"}
{"timestamp":"2026-05-07T11:07:33.132092Z","level":"info","event":"- DuplicateYAMLKeysDeprecation: 1 occurrence","logger":"task.stdout"}
{"timestamp":"2026-05-07T11:07:33.133227Z","level":"info","event":"To see all deprecation instances instead of just the first occurrence of each,","logger":"task.stdout"}
{"timestamp":"2026-05-07T11:07:33.140382Z","level":"info","event":"run command again with the `--show-all-deprecations` flag. You may also need to","logger":"task.stdout"}
{"timestamp":"2026-05-07T11:07:33.141104Z","level":"info","event":"run with `--no-partial-parse` as some deprecations are only encountered during","logger":"task.stdout"}
{"timestamp":"2026-05-07T11:07:33.141771Z","level":"info","event":"parsing.","logger":"task.stdout"}
{"timestamp":"2026-05-07T11:07:35.330583Z","level":"error","event":"dbt command failed!","logger":"airflow.task.operators.operators.dbt_operator.DbtOperator","filename":"dbt_operator.py","lineno":198}
{"timestamp":"2026-05-07T11:07:35.331019Z","level":"error","event":"Exception: Compilation Error\n  Model 'model.ecommerce_dbt.bronze_payment_transactions' (models/bronze/bronze_payment_transactions.sql) depends on a node named 'raw_payment_transactions' which was not found","logger":"airflow.task.operators.operators.dbt_operator.DbtOperator","filename":"dbt_operator.py","lineno":200}
{"timestamp":"2026-05-07T11:07:35.331468Z","level":"warning","event":"Error occurred during seeding: dbt command failed: seed --project-dir /opt/airflow/dags/ecommerce_dbt --profiles-dir /opt/airflow/dags/ecommerce_dbt --full-refresh","logger":"unusual_prefix_11c7dd38b84fb77f29c2585710943d4b7baaf7b9_dag_pipeline","filename":"dag_pipeline.py","lineno":424}
{"timestamp":"2026-05-07T11:07:35.331726Z","level":"info","event":"Done. Returned value was: {'status': 'failed', 'layer': 'bronze_seed', 'pipeline_id': 'dag_pipeline_20260507110717', 'timestamp': '2026-05-07T11:07:35.331603', 'error': 'dbt command failed: seed --project-dir /opt/airflow/dags/ecommerce_dbt --profiles-dir /opt/airflow/dags/ecommerce_dbt --full-refresh'}","logger":"airflow.task.operators.airflow.providers.standard.decorators.python._PythonDecoratedOperator","filename":"python.py","lineno":229}
{"timestamp":"2026-05-07T11:07:35.332093Z","level":"info","event":"Pushing xcom","ti":"RuntimeTaskInstance(id=UUID('019e021e-c3cd-7e3a-8956-e24eebc1e393'), task_id='seed_bronze', dag_id='ecommerce_dag_pipeline', run_id='manual__2026-05-07T11:07:11.127899+00:00', try_number=1, dag_version_id=UUID('019dfd0d-c356-769c-9658-e2450a265e78'), map_index=-1, hostname='170cd49165bb', context_carrier={'traceparent': '00-69beebbf9a76be0e71ecab189a09ce14-4b8f387f9bbaf0e4-01'}, task=<Task(_PythonDecoratedOperator): seed_bronze>, bundle_instance=LocalDagBundle(name=dags-folder), max_tries=2, start_date=datetime.datetime(2026, 5, 7, 11, 7, 18, 876931, tzinfo=datetime.timezone.utc), end_date=None, state=<TaskInstanceState.RUNNING: 'running'>, is_mapped=False, rendered_map_index=None, sentry_integration='')","logger":"task","filename":"task_runner.py","lineno":1724}
{"timestamp":"2026-05-07T11:07:35.521869Z","level":"error","event":"/usr/python/lib/python3.13/multiprocessing/resource_tracker.py:400: UserWarning: resource_tracker: There appear to be 2 leaked semaphore objects to clean up at shutdown: {'/mp-v4nky0xe', '/mp-9imcgytc'}","logger":"task.stderr"}
{"timestamp":"2026-05-07T11:07:35.522434Z","level":"error","event":"  warnings.warn(","logger":"task.stderr"}
