{"timestamp":"2026-05-11T10:24:37.168816Z","level":"info","event":"DAG bundles loaded: dags-folder","logger":"airflow.dag_processing.bundles.manager.DagBundlesManager","filename":"manager.py","lineno":209}
{"timestamp":"2026-05-11T10:24:37.207687Z","level":"info","event":"Filling up the DagBag from /opt/airflow/dags/dag_pipeline.py","logger":"airflow.dag_processing.dagbag.BundleDagBag","filename":"dagbag.py","lineno":469}
{"timestamp":"2026-05-11T10:24:47.309189Z","level":"info","event":"Seeding bronze...","logger":"unusual_prefix_11c7dd38b84fb77f29c2585710943d4b7baaf7b9_dag_pipeline","filename":"dag_pipeline.py","lineno":382}
{"timestamp":"2026-05-11T10:24:48.766206Z","level":"info","event":"Tables do not exist or error occurred: (trino.exceptions.TrinoQueryError) TrinoQueryError(type=INTERNAL_ERROR, name=SERVER_STARTING_UP, message=\"Trino server is still initializing\", query_id=20260511_102447_00000_ew7v9)\n[SQL: SELECT count(*) as cnt FROM raw_customer_events]\n(Background on this error at: https://sqlalche.me/e/20/dbapi), proceeding with seeding","logger":"unusual_prefix_11c7dd38b84fb77f29c2585710943d4b7baaf7b9_dag_pipeline","filename":"dag_pipeline.py","lineno":405}
{"timestamp":"2026-05-11T10:24:48.766952Z","level":"warning","event":"DbtOperator.execute cannot be called outside of the Task Runner!","logger":"airflow.task.operators.operators.dbt_operator.DbtOperator","filename":"operator.py","lineno":437}
{"timestamp":"2026-05-11T10:24:48.806478Z","level":"info","event":"Executing dbt command: seed --project-dir /opt/airflow/dags/ecommerce_dbt --profiles-dir /opt/airflow/dags/ecommerce_dbt --full-refresh","logger":"airflow.task.operators.operators.dbt_operator.DbtOperator","filename":"dbt_operator.py","lineno":180}
{"timestamp":"2026-05-11T10:24:49.388149Z","level":"info","event":"\u001b[0m10:24:49  Running with dbt=1.10.10","logger":"task.stdout"}
{"timestamp":"2026-05-11T10:24:49.584651Z","level":"info","event":"keyring module not found. OAuth2 token will not be stored in keyring.","logger":"trino.auth","filename":"auth.py","lineno":361}
{"timestamp":"2026-05-11T10:24:49.589866Z","level":"info","event":"keyring module not found. OAuth2 token will not be stored in keyring.","logger":"trino.auth","filename":"auth.py","lineno":361}
{"timestamp":"2026-05-11T10:24:51.774137Z","level":"info","event":"\u001b[0m10:24:51  Registered adapter: trino=1.9.3","logger":"task.stdout"}
{"timestamp":"2026-05-11T10:24:55.008770Z","level":"info","event":"\u001b[0m10:24:55  Found 12 models, 4 seeds, 55 data tests, 455 macros","logger":"task.stdout"}
{"timestamp":"2026-05-11T10:24:55.116526Z","level":"info","event":"\u001b[0m10:24:55","logger":"task.stdout"}
{"timestamp":"2026-05-11T10:24:55.117025Z","level":"info","event":"\u001b[0m10:24:55  Concurrency: 4 threads (target='dev')","logger":"task.stdout"}
{"timestamp":"2026-05-11T10:24:55.117418Z","level":"info","event":"\u001b[0m10:24:55","logger":"task.stdout"}
{"timestamp":"2026-05-11T10:24:55.207670Z","level":"info","event":"\u001b[0m10:24:55  [\u001b[33mWARNING\u001b[0m]: SSL certificate validation is disabled by default. It is legacy behavior which will be changed in future releases. It is strongly advised to enable `require_certificate_validation` flag or explicitly set `cert` configuration to `True` for security reasons. You may receive an error after that if your SSL setup is incorrect.","logger":"task.stdout"}
{"timestamp":"2026-05-11T10:24:55.208687Z","level":"info","event":"You may opt into the new behavior sooner by setting `flags.require_certificate_validation` to `True` in `dbt_project.yml`.","logger":"task.stdout"}
{"timestamp":"2026-05-11T10:24:55.209067Z","level":"info","event":"Visit https://docs.getdbt.com/reference/global-configs/behavior-changes for more information.","logger":"task.stdout"}
{"timestamp":"2026-05-11T10:24:55.284866Z","level":"info","event":"\u001b[0m10:24:55","logger":"task.stdout"}
{"timestamp":"2026-05-11T10:24:55.287446Z","level":"info","event":"\u001b[0m10:24:55  Finished running  in 0 hours 0 minutes and 0.25 seconds (0.25s).","logger":"task.stdout"}
{"timestamp":"2026-05-11T10:24:55.287948Z","level":"info","event":"\u001b[0m10:24:55  Encountered an error:","logger":"task.stdout"}
{"timestamp":"2026-05-11T10:24:55.288541Z","level":"info","event":"Database Error","logger":"task.stdout"}
{"timestamp":"2026-05-11T10:24:55.289138Z","level":"info","event":"  TrinoQueryError(type=INTERNAL_ERROR, name=SERVER_STARTING_UP, message=\"Trino server is still initializing\", query_id=20260511_102455_00001_ew7v9)","logger":"task.stdout"}
{"timestamp":"2026-05-11T10:24:56.404565Z","level":"error","event":"dbt command failed!","logger":"airflow.task.operators.operators.dbt_operator.DbtOperator","filename":"dbt_operator.py","lineno":198}
{"timestamp":"2026-05-11T10:24:56.405105Z","level":"error","event":"Exception: Database Error\n  TrinoQueryError(type=INTERNAL_ERROR, name=SERVER_STARTING_UP, message=\"Trino server is still initializing\", query_id=20260511_102455_00001_ew7v9)","logger":"airflow.task.operators.operators.dbt_operator.DbtOperator","filename":"dbt_operator.py","lineno":200}
{"timestamp":"2026-05-11T10:24:56.405980Z","level":"warning","event":"Error occurred during seeding: dbt command failed: seed --project-dir /opt/airflow/dags/ecommerce_dbt --profiles-dir /opt/airflow/dags/ecommerce_dbt --full-refresh","logger":"unusual_prefix_11c7dd38b84fb77f29c2585710943d4b7baaf7b9_dag_pipeline","filename":"dag_pipeline.py","lineno":424}
{"timestamp":"2026-05-11T10:24:56.406944Z","level":"info","event":"Done. Returned value was: {'status': 'failed', 'layer': 'bronze_seed', 'pipeline_id': 'dag_pipeline_20260511102433', 'timestamp': '2026-05-11T10:24:56.406360', 'error': 'dbt command failed: seed --project-dir /opt/airflow/dags/ecommerce_dbt --profiles-dir /opt/airflow/dags/ecommerce_dbt --full-refresh'}","logger":"airflow.task.operators.airflow.providers.standard.decorators.python._PythonDecoratedOperator","filename":"python.py","lineno":229}
{"timestamp":"2026-05-11T10:24:56.433387Z","level":"info","event":"Pushing xcom","ti":"RuntimeTaskInstance(id=UUID('019e1691-2054-72cd-8794-b4f4da2e807a'), task_id='seed_bronze', dag_id='ecommerce_dag_pipeline', run_id='manual__2026-05-11T10:24:30.168734+00:00', try_number=1, dag_version_id=UUID('019dfd0d-c356-769c-9658-e2450a265e78'), map_index=-1, hostname='e3c021d3fcbf', context_carrier={'traceparent': '00-960fd3fc7978b09772aad113b6fb9eca-62fc816a5933b9aa-01'}, task=<Task(_PythonDecoratedOperator): seed_bronze>, bundle_instance=LocalDagBundle(name=dags-folder), max_tries=2, start_date=datetime.datetime(2026, 5, 11, 10, 24, 36, 780340, tzinfo=datetime.timezone.utc), end_date=None, state=<TaskInstanceState.RUNNING: 'running'>, is_mapped=False, rendered_map_index=None, sentry_integration='')","logger":"task","filename":"task_runner.py","lineno":1724}
{"timestamp":"2026-05-11T10:24:56.870911Z","level":"error","event":"/usr/python/lib/python3.13/multiprocessing/resource_tracker.py:400: UserWarning: resource_tracker: There appear to be 2 leaked semaphore objects to clean up at shutdown: {'/mp-urp9r9rl', '/mp-nb1_xv0c'}","logger":"task.stderr"}
{"timestamp":"2026-05-11T10:24:56.871609Z","level":"error","event":"  warnings.warn(","logger":"task.stderr"}
