{"timestamp":"2026-05-11T11:58:16.018483Z","level":"info","event":"DAG bundles loaded: dags-folder","logger":"airflow.dag_processing.bundles.manager.DagBundlesManager","filename":"manager.py","lineno":209}
{"timestamp":"2026-05-11T11:58:16.020452Z","level":"info","event":"Filling up the DagBag from /opt/airflow/dags/dag_pipeline.py","logger":"airflow.dag_processing.dagbag.BundleDagBag","filename":"dagbag.py","lineno":469}
{"timestamp":"2026-05-11T11:58:18.856218Z","level":"info","event":"Seeding bronze...","logger":"unusual_prefix_11c7dd38b84fb77f29c2585710943d4b7baaf7b9_dag_pipeline","filename":"dag_pipeline.py","lineno":382}
{"timestamp":"2026-05-11T11:58:20.758886Z","level":"info","event":"Tables do not exist or error occurred: (trino.exceptions.TrinoUserError) TrinoUserError(type=USER_ERROR, name=SCHEMA_NOT_FOUND, message=\"line 1:29: Schema 'bronze' does not exist\", query_id=20260511_115819_00000_jtagh)\n[SQL: SELECT count(*) as cnt FROM raw_customer_events]\n(Background on this error at: https://sqlalche.me/e/20/f405), proceeding with seeding","logger":"unusual_prefix_11c7dd38b84fb77f29c2585710943d4b7baaf7b9_dag_pipeline","filename":"dag_pipeline.py","lineno":405}
{"timestamp":"2026-05-11T11:58:20.759695Z","level":"warning","event":"DbtOperator.execute cannot be called outside of the Task Runner!","logger":"airflow.task.operators.operators.dbt_operator.DbtOperator","filename":"operator.py","lineno":437}
{"timestamp":"2026-05-11T11:58:20.765401Z","level":"info","event":"Executing dbt command: seed --project-dir /opt/airflow/dags/ecommerce_dbt --profiles-dir /opt/airflow/dags/ecommerce_dbt --full-refresh","logger":"airflow.task.operators.operators.dbt_operator.DbtOperator","filename":"dbt_operator.py","lineno":180}
{"timestamp":"2026-05-11T11:58:21.050819Z","level":"info","event":"\u001b[0m11:58:21  Running with dbt=1.10.10","logger":"task.stdout"}
{"timestamp":"2026-05-11T11:58:21.117844Z","level":"info","event":"keyring module not found. OAuth2 token will not be stored in keyring.","logger":"trino.auth","filename":"auth.py","lineno":361}
{"timestamp":"2026-05-11T11:58:21.122800Z","level":"info","event":"keyring module not found. OAuth2 token will not be stored in keyring.","logger":"trino.auth","filename":"auth.py","lineno":361}
{"timestamp":"2026-05-11T11:58:21.751108Z","level":"info","event":"\u001b[0m11:58:21  Registered adapter: trino=1.9.3","logger":"task.stdout"}
{"timestamp":"2026-05-11T11:58:23.556929Z","level":"info","event":"\u001b[0m11:58:23  Unable to do partial parsing because of a version mismatch","logger":"task.stdout"}
{"timestamp":"2026-05-11T11:58:27.130837Z","level":"info","event":"\u001b[0m11:58:27  [\u001b[33mWARNING\u001b[0m][MissingArgumentsPropertyInGenericTestDeprecation]: Deprecated","logger":"task.stdout"}
{"timestamp":"2026-05-11T11:58:27.131290Z","level":"info","event":"functionality","logger":"task.stdout"}
{"timestamp":"2026-05-11T11:58:27.131665Z","level":"info","event":"Found top-level arguments to test `accepted_values`. Arguments to generic tests","logger":"task.stdout"}
{"timestamp":"2026-05-11T11:58:27.132187Z","level":"info","event":"should be nested under the `arguments` property.`","logger":"task.stdout"}
{"timestamp":"2026-05-11T11:58:27.917704Z","level":"info","event":"\u001b[0m11:58:27  Found 12 models, 4 seeds, 55 data tests, 455 macros","logger":"task.stdout"}
{"timestamp":"2026-05-11T11:58:27.923770Z","level":"info","event":"\u001b[0m11:58:27","logger":"task.stdout"}
{"timestamp":"2026-05-11T11:58:27.924771Z","level":"info","event":"\u001b[0m11:58:27  Concurrency: 4 threads (target='dev')","logger":"task.stdout"}
{"timestamp":"2026-05-11T11:58:27.925638Z","level":"info","event":"\u001b[0m11:58:27","logger":"task.stdout"}
{"timestamp":"2026-05-11T11:58:28.044121Z","level":"info","event":"\u001b[0m11:58:28  [\u001b[33mWARNING\u001b[0m]: SSL certificate validation is disabled by default. It is legacy behavior which will be changed in future releases. It is strongly advised to enable `require_certificate_validation` flag or explicitly set `cert` configuration to `True` for security reasons. You may receive an error after that if your SSL setup is incorrect.","logger":"task.stdout"}
{"timestamp":"2026-05-11T11:58:28.044660Z","level":"info","event":"You may opt into the new behavior sooner by setting `flags.require_certificate_validation` to `True` in `dbt_project.yml`.","logger":"task.stdout"}
{"timestamp":"2026-05-11T11:58:28.045232Z","level":"info","event":"Visit https://docs.getdbt.com/reference/global-configs/behavior-changes for more information.","logger":"task.stdout"}
{"timestamp":"2026-05-11T11:58:28.710965Z","level":"info","event":"failed after 3 attempts","logger":"trino.client","filename":"client.py","lineno":1051}
{"timestamp":"2026-05-11T11:58:28.717755Z","level":"info","event":"\u001b[0m11:58:28","logger":"task.stdout"}
{"timestamp":"2026-05-11T11:58:28.718831Z","level":"info","event":"\u001b[0m11:58:28  Finished running  in 0 hours 0 minutes and 0.79 seconds (0.79s).","logger":"task.stdout"}
{"timestamp":"2026-05-11T11:58:28.720453Z","level":"info","event":"\u001b[0m11:58:28  Encountered an error:","logger":"task.stdout"}
{"timestamp":"2026-05-11T11:58:28.721042Z","level":"info","event":"Database Error","logger":"task.stdout"}
{"timestamp":"2026-05-11T11:58:28.721384Z","level":"info","event":"  failed to execute: HTTPConnectionPool(host='localhost', port=8088): Max retries exceeded with url: /v1/statement (Caused by NewConnectionError(\"HTTPConnection(host='localhost', port=8088): Failed to establish a new connection: [Errno 111] Connection refused\"))","logger":"task.stdout"}
{"timestamp":"2026-05-11T11:58:28.730446Z","level":"info","event":"\u001b[0m11:58:28  [\u001b[33mWARNING\u001b[0m][DeprecationsSummary]: Deprecated functionality","logger":"task.stdout"}
{"timestamp":"2026-05-11T11:58:28.731265Z","level":"info","event":"Summary of encountered deprecations:","logger":"task.stdout"}
{"timestamp":"2026-05-11T11:58:28.732273Z","level":"info","event":"- MissingArgumentsPropertyInGenericTestDeprecation: 8 occurrences","logger":"task.stdout"}
{"timestamp":"2026-05-11T11:58:28.737616Z","level":"info","event":"To see all deprecation instances instead of just the first occurrence of each,","logger":"task.stdout"}
{"timestamp":"2026-05-11T11:58:28.743607Z","level":"info","event":"run command again with the `--show-all-deprecations` flag. You may also need to","logger":"task.stdout"}
{"timestamp":"2026-05-11T11:58:28.744168Z","level":"info","event":"run with `--no-partial-parse` as some deprecations are only encountered during","logger":"task.stdout"}
{"timestamp":"2026-05-11T11:58:28.744518Z","level":"info","event":"parsing.","logger":"task.stdout"}
{"timestamp":"2026-05-11T11:58:30.002890Z","level":"error","event":"dbt command failed!","logger":"airflow.task.operators.operators.dbt_operator.DbtOperator","filename":"dbt_operator.py","lineno":198}
{"timestamp":"2026-05-11T11:58:30.003172Z","level":"error","event":"Exception: Database Error\n  failed to execute: HTTPConnectionPool(host='localhost', port=8088): Max retries exceeded with url: /v1/statement (Caused by NewConnectionError(\"HTTPConnection(host='localhost', port=8088): Failed to establish a new connection: [Errno 111] Connection refused\"))","logger":"airflow.task.operators.operators.dbt_operator.DbtOperator","filename":"dbt_operator.py","lineno":200}
{"timestamp":"2026-05-11T11:58:30.003362Z","level":"warning","event":"Error occurred during seeding: dbt command failed: seed --project-dir /opt/airflow/dags/ecommerce_dbt --profiles-dir /opt/airflow/dags/ecommerce_dbt --full-refresh","logger":"unusual_prefix_11c7dd38b84fb77f29c2585710943d4b7baaf7b9_dag_pipeline","filename":"dag_pipeline.py","lineno":424}
{"timestamp":"2026-05-11T11:58:30.003562Z","level":"info","event":"Done. Returned value was: {'status': 'failed', 'layer': 'bronze_seed', 'pipeline_id': 'dag_pipeline_20260511115814', 'timestamp': '2026-05-11T11:58:30.003450', 'error': 'dbt command failed: seed --project-dir /opt/airflow/dags/ecommerce_dbt --profiles-dir /opt/airflow/dags/ecommerce_dbt --full-refresh'}","logger":"airflow.task.operators.airflow.providers.standard.decorators.python._PythonDecoratedOperator","filename":"python.py","lineno":229}
{"timestamp":"2026-05-11T11:58:30.003830Z","level":"info","event":"Pushing xcom","ti":"RuntimeTaskInstance(id=UUID('019e16e6-eadd-7da4-8c9a-2ecf4b9dc456'), task_id='seed_bronze', dag_id='ecommerce_dag_pipeline', run_id='manual__2026-05-11T11:58:12.631586+00:00', try_number=1, dag_version_id=UUID('019dfd0d-c356-769c-9658-e2450a265e78'), map_index=-1, hostname='e3c021d3fcbf', context_carrier={'traceparent': '00-c52d79a83f05c9c0b968cacd88570bba-95376a2abb1aa8aa-01'}, task=<Task(_PythonDecoratedOperator): seed_bronze>, bundle_instance=LocalDagBundle(name=dags-folder), max_tries=2, start_date=datetime.datetime(2026, 5, 11, 11, 58, 15, 886112, tzinfo=datetime.timezone.utc), end_date=None, state=<TaskInstanceState.RUNNING: 'running'>, is_mapped=False, rendered_map_index=None, sentry_integration='')","logger":"task","filename":"task_runner.py","lineno":1724}
{"timestamp":"2026-05-11T11:58:30.125309Z","level":"error","event":"/usr/python/lib/python3.13/multiprocessing/resource_tracker.py:400: UserWarning: resource_tracker: There appear to be 2 leaked semaphore objects to clean up at shutdown: {'/mp-cb8f_f6g', '/mp-is6mpure'}","logger":"task.stderr"}
{"timestamp":"2026-05-11T11:58:30.126102Z","level":"error","event":"  warnings.warn(","logger":"task.stderr"}
