{"timestamp":"2026-05-11T07:55:50.141805Z","level":"info","event":"DAG bundles loaded: dags-folder","logger":"airflow.dag_processing.bundles.manager.DagBundlesManager","filename":"manager.py","lineno":209}
{"timestamp":"2026-05-11T07:55:50.147373Z","level":"info","event":"Filling up the DagBag from /opt/airflow/dags/dag_pipeline.py","logger":"airflow.dag_processing.dagbag.BundleDagBag","filename":"dagbag.py","lineno":469}
{"timestamp":"2026-05-11T07:55:53.578683Z","level":"info","event":"Seeding bronze...","logger":"unusual_prefix_11c7dd38b84fb77f29c2585710943d4b7baaf7b9_dag_pipeline","filename":"dag_pipeline.py","lineno":382}
{"timestamp":"2026-05-11T07:55:55.572103Z","level":"info","event":"Tables do not exist or error occurred: (trino.exceptions.TrinoUserError) TrinoUserError(type=USER_ERROR, name=SCHEMA_NOT_FOUND, message=\"line 1:29: Schema 'bronze' does not exist\", query_id=20260511_075553_00000_m7qpg)\n[SQL: SELECT count(*) as cnt FROM raw_customer_events]\n(Background on this error at: https://sqlalche.me/e/20/f405), proceeding with seeding","logger":"unusual_prefix_11c7dd38b84fb77f29c2585710943d4b7baaf7b9_dag_pipeline","filename":"dag_pipeline.py","lineno":405}
{"timestamp":"2026-05-11T07:55:55.573064Z","level":"warning","event":"DbtOperator.execute cannot be called outside of the Task Runner!","logger":"airflow.task.operators.operators.dbt_operator.DbtOperator","filename":"operator.py","lineno":437}
{"timestamp":"2026-05-11T07:55:55.578299Z","level":"info","event":"Executing dbt command: seed --project-dir /opt/airflow/dags/ecommerce_dbt --profiles-dir /opt/airflow/dags/ecommerce_dbt --full-refresh","logger":"airflow.task.operators.operators.dbt_operator.DbtOperator","filename":"dbt_operator.py","lineno":180}
{"timestamp":"2026-05-11T07:55:55.879634Z","level":"info","event":"\u001b[0m07:55:55  Running with dbt=1.10.10","logger":"task.stdout"}
{"timestamp":"2026-05-11T07:55:56.036054Z","level":"info","event":"keyring module not found. OAuth2 token will not be stored in keyring.","logger":"trino.auth","filename":"auth.py","lineno":361}
{"timestamp":"2026-05-11T07:55:56.040372Z","level":"info","event":"keyring module not found. OAuth2 token will not be stored in keyring.","logger":"trino.auth","filename":"auth.py","lineno":361}
{"timestamp":"2026-05-11T07:55:56.690403Z","level":"info","event":"\u001b[0m07:55:56  Registered adapter: trino=1.9.3","logger":"task.stdout"}
{"timestamp":"2026-05-11T07:55:57.945023Z","level":"info","event":"\u001b[0m07:55:57  Found 12 models, 4 seeds, 55 data tests, 455 macros","logger":"task.stdout"}
{"timestamp":"2026-05-11T07:55:57.952027Z","level":"info","event":"\u001b[0m07:55:57","logger":"task.stdout"}
{"timestamp":"2026-05-11T07:55:57.953481Z","level":"info","event":"\u001b[0m07:55:57  Concurrency: 4 threads (target='dev')","logger":"task.stdout"}
{"timestamp":"2026-05-11T07:55:57.954851Z","level":"info","event":"\u001b[0m07:55:57","logger":"task.stdout"}
{"timestamp":"2026-05-11T07:55:58.184927Z","level":"info","event":"\u001b[0m07:55:58  [\u001b[33mWARNING\u001b[0m]: SSL certificate validation is disabled by default. It is legacy behavior which will be changed in future releases. It is strongly advised to enable `require_certificate_validation` flag or explicitly set `cert` configuration to `True` for security reasons. You may receive an error after that if your SSL setup is incorrect.","logger":"task.stdout"}
{"timestamp":"2026-05-11T07:55:58.185456Z","level":"info","event":"You may opt into the new behavior sooner by setting `flags.require_certificate_validation` to `True` in `dbt_project.yml`.","logger":"task.stdout"}
{"timestamp":"2026-05-11T07:55:58.185952Z","level":"info","event":"Visit https://docs.getdbt.com/reference/global-configs/behavior-changes for more information.","logger":"task.stdout"}
{"timestamp":"2026-05-11T07:56:08.717576Z","level":"info","event":"\u001b[0m07:56:08  1 of 4 START seed file bronze_raw.raw_customer_events .......................... [RUN]","logger":"task.stdout"}
{"timestamp":"2026-05-11T07:56:08.719146Z","level":"info","event":"\u001b[0m07:56:08  3 of 4 START seed file bronze_raw.raw_payment_transactions ..................... [RUN]","logger":"task.stdout"}
{"timestamp":"2026-05-11T07:56:08.720428Z","level":"info","event":"\u001b[0m07:56:08  4 of 4 START seed file bronze_raw.raw_support_tickets .......................... [RUN]","logger":"task.stdout"}
{"timestamp":"2026-05-11T07:56:08.724252Z","level":"info","event":"\u001b[0m07:56:08  2 of 4 START seed file bronze_raw.raw_inventory_snapshots ...................... [RUN]","logger":"task.stdout"}
{"timestamp":"2026-05-11T07:56:16.353433Z","level":"info","event":"\u001b[0m07:56:16  3 of 4 ERROR loading seed file bronze_raw.raw_payment_transactions ............. [\u001b[31mERROR\u001b[0m in 7.62s]","logger":"task.stdout"}
{"timestamp":"2026-05-11T07:56:16.356132Z","level":"info","event":"\u001b[0m07:56:16  1 of 4 ERROR loading seed file bronze_raw.raw_customer_events .................. [\u001b[31mERROR\u001b[0m in 7.60s]","logger":"task.stdout"}
{"timestamp":"2026-05-11T07:56:16.383277Z","level":"info","event":"\u001b[0m07:56:16  2 of 4 ERROR loading seed file bronze_raw.raw_inventory_snapshots .............. [\u001b[31mERROR\u001b[0m in 7.63s]","logger":"task.stdout"}
{"timestamp":"2026-05-11T07:56:16.389593Z","level":"info","event":"\u001b[0m07:56:16  4 of 4 ERROR loading seed file bronze_raw.raw_support_tickets .................. [\u001b[31mERROR\u001b[0m in 7.64s]","logger":"task.stdout"}
{"timestamp":"2026-05-11T07:56:16.424213Z","level":"info","event":"\u001b[0m07:56:16","logger":"task.stdout"}
{"timestamp":"2026-05-11T07:56:16.435778Z","level":"info","event":"\u001b[0m07:56:16  Finished running 4 seeds in 0 hours 0 minutes and 18.47 seconds (18.47s).","logger":"task.stdout"}
{"timestamp":"2026-05-11T07:56:16.713071Z","level":"info","event":"\u001b[0m07:56:16","logger":"task.stdout"}
{"timestamp":"2026-05-11T07:56:16.715981Z","level":"info","event":"\u001b[0m07:56:16  \u001b[31mCompleted with 4 errors, 0 partial successes, and 0 warnings:\u001b[0m","logger":"task.stdout"}
{"timestamp":"2026-05-11T07:56:16.717540Z","level":"info","event":"\u001b[0m07:56:16","logger":"task.stdout"}
{"timestamp":"2026-05-11T07:56:16.718115Z","level":"info","event":"\u001b[0m07:56:16  \u001b[31mFailure in seed raw_payment_transactions (seeds/raw_payment_transactions.csv)\u001b[0m","logger":"task.stdout"}
{"timestamp":"2026-05-11T07:56:16.718530Z","level":"info","event":"\u001b[0m07:56:16    Database Error in seed raw_payment_transactions (seeds/raw_payment_transactions.csv)","logger":"task.stdout"}
{"timestamp":"2026-05-11T07:56:16.719020Z","level":"info","event":"  TrinoQueryError(type=INTERNAL_ERROR, name=GENERIC_INTERNAL_ERROR, message=\"Location for ICEBERG_TABLE 'bronze_raw.raw_payment_transactions' cannot be associated with any configured object storage location: Missing access key and secret for STATIC authentication mode\", query_id=20260511_075609_00009_m7qpg)","logger":"task.stdout"}
{"timestamp":"2026-05-11T07:56:16.719450Z","level":"info","event":"\u001b[0m07:56:16","logger":"task.stdout"}
{"timestamp":"2026-05-11T07:56:16.719831Z","level":"info","event":"\u001b[0m07:56:16  \u001b[31mFailure in seed raw_customer_events (seeds/raw_customer_events.csv)\u001b[0m","logger":"task.stdout"}
{"timestamp":"2026-05-11T07:56:16.720155Z","level":"info","event":"\u001b[0m07:56:16    Database Error in seed raw_customer_events (seeds/raw_customer_events.csv)","logger":"task.stdout"}
{"timestamp":"2026-05-11T07:56:16.720539Z","level":"info","event":"  TrinoQueryError(type=INTERNAL_ERROR, name=GENERIC_INTERNAL_ERROR, message=\"Location for ICEBERG_TABLE 'bronze_raw.raw_customer_events' cannot be associated with any configured object storage location: Missing access key and secret for STATIC authentication mode\", query_id=20260511_075609_00007_m7qpg)","logger":"task.stdout"}
{"timestamp":"2026-05-11T07:56:16.720933Z","level":"info","event":"\u001b[0m07:56:16","logger":"task.stdout"}
{"timestamp":"2026-05-11T07:56:16.727663Z","level":"info","event":"\u001b[0m07:56:16  \u001b[31mFailure in seed raw_inventory_snapshots (seeds/raw_inventory_snapshots.csv)\u001b[0m","logger":"task.stdout"}
{"timestamp":"2026-05-11T07:56:16.735542Z","level":"info","event":"\u001b[0m07:56:16    Database Error in seed raw_inventory_snapshots (seeds/raw_inventory_snapshots.csv)","logger":"task.stdout"}
{"timestamp":"2026-05-11T07:56:16.738922Z","level":"info","event":"  TrinoQueryError(type=INTERNAL_ERROR, name=GENERIC_INTERNAL_ERROR, message=\"Location for ICEBERG_TABLE 'bronze_raw.raw_inventory_snapshots' cannot be associated with any configured object storage location: Missing access key and secret for STATIC authentication mode\", query_id=20260511_075609_00010_m7qpg)","logger":"task.stdout"}
{"timestamp":"2026-05-11T07:56:16.739892Z","level":"info","event":"\u001b[0m07:56:16","logger":"task.stdout"}
{"timestamp":"2026-05-11T07:56:16.740823Z","level":"info","event":"\u001b[0m07:56:16  \u001b[31mFailure in seed raw_support_tickets (seeds/raw_support_tickets.csv)\u001b[0m","logger":"task.stdout"}
{"timestamp":"2026-05-11T07:56:16.741502Z","level":"info","event":"\u001b[0m07:56:16    Database Error in seed raw_support_tickets (seeds/raw_support_tickets.csv)","logger":"task.stdout"}
{"timestamp":"2026-05-11T07:56:16.746429Z","level":"info","event":"  TrinoQueryError(type=INTERNAL_ERROR, name=GENERIC_INTERNAL_ERROR, message=\"Location for ICEBERG_TABLE 'bronze_raw.raw_support_tickets' cannot be associated with any configured object storage location: Missing access key and secret for STATIC authentication mode\", query_id=20260511_075609_00008_m7qpg)","logger":"task.stdout"}
{"timestamp":"2026-05-11T07:56:16.746928Z","level":"info","event":"\u001b[0m07:56:16","logger":"task.stdout"}
{"timestamp":"2026-05-11T07:56:16.747904Z","level":"info","event":"\u001b[0m07:56:16  Done. PASS=0 WARN=0 ERROR=4 SKIP=0 NO-OP=0 TOTAL=4","logger":"task.stdout"}
{"timestamp":"2026-05-11T07:56:18.812961Z","level":"error","event":"dbt command failed!","logger":"airflow.task.operators.operators.dbt_operator.DbtOperator","filename":"dbt_operator.py","lineno":198}
{"timestamp":"2026-05-11T07:56:18.813252Z","level":"warning","event":"Error occurred during seeding: dbt command failed: seed --project-dir /opt/airflow/dags/ecommerce_dbt --profiles-dir /opt/airflow/dags/ecommerce_dbt --full-refresh","logger":"unusual_prefix_11c7dd38b84fb77f29c2585710943d4b7baaf7b9_dag_pipeline","filename":"dag_pipeline.py","lineno":424}
{"timestamp":"2026-05-11T07:56:18.813431Z","level":"info","event":"Done. Returned value was: {'status': 'failed', 'layer': 'bronze_seed', 'pipeline_id': 'dag_pipeline_20260511075548', 'timestamp': '2026-05-11T07:56:18.813340', 'error': 'dbt command failed: seed --project-dir /opt/airflow/dags/ecommerce_dbt --profiles-dir /opt/airflow/dags/ecommerce_dbt --full-refresh'}","logger":"airflow.task.operators.airflow.providers.standard.decorators.python._PythonDecoratedOperator","filename":"python.py","lineno":229}
{"timestamp":"2026-05-11T07:56:18.813913Z","level":"info","event":"Pushing xcom","ti":"RuntimeTaskInstance(id=UUID('019e1608-e467-76a1-88e5-1bba70a140e3'), task_id='seed_bronze', dag_id='ecommerce_dag_pipeline', run_id='manual__2026-05-11T07:55:42.008956+00:00', try_number=1, dag_version_id=UUID('019dfd0d-c356-769c-9658-e2450a265e78'), map_index=-1, hostname='2ccbd3ef9de6', context_carrier={'traceparent': '00-1fe7b8025afc7986f518a1915bdf9ada-54d3179bee4ad85c-01'}, task=<Task(_PythonDecoratedOperator): seed_bronze>, bundle_instance=LocalDagBundle(name=dags-folder), max_tries=2, start_date=datetime.datetime(2026, 5, 11, 7, 55, 49, 942041, tzinfo=datetime.timezone.utc), end_date=None, state=<TaskInstanceState.RUNNING: 'running'>, is_mapped=False, rendered_map_index=None, sentry_integration='')","logger":"task","filename":"task_runner.py","lineno":1724}
{"timestamp":"2026-05-11T07:56:19.588114Z","level":"error","event":"/usr/python/lib/python3.13/multiprocessing/resource_tracker.py:400: UserWarning: resource_tracker: There appear to be 2 leaked semaphore objects to clean up at shutdown: {'/mp-wq1eprkf', '/mp-yjoo5xsb'}","logger":"task.stderr"}
{"timestamp":"2026-05-11T07:56:19.589772Z","level":"error","event":"  warnings.warn(","logger":"task.stderr"}
