{"timestamp":"2026-05-08T08:55:05.562750Z","level":"info","event":"DAG bundles loaded: dags-folder","logger":"airflow.dag_processing.bundles.manager.DagBundlesManager","filename":"manager.py","lineno":209}
{"timestamp":"2026-05-08T08:55:05.564985Z","level":"info","event":"Filling up the DagBag from /opt/airflow/dags/dag_pipeline.py","logger":"airflow.dag_processing.dagbag.BundleDagBag","filename":"dagbag.py","lineno":469}
{"timestamp":"2026-05-08T08:55:09.871226Z","level":"info","event":"Seeding bronze...","logger":"unusual_prefix_11c7dd38b84fb77f29c2585710943d4b7baaf7b9_dag_pipeline","filename":"dag_pipeline.py","lineno":382}
{"timestamp":"2026-05-08T08:55:10.790625Z","level":"info","event":"Tables do not exist or error occurred: (trino.exceptions.TrinoExternalError) TrinoExternalError(type=EXTERNAL, name=ICEBERG_CATALOG_ERROR, message=\"Cannot obtain metadata\", query_id=20260508_085208_00005_3cetj)\n[SQL: SELECT count(*) as cnt FROM raw_customer_events]\n(Background on this error at: https://sqlalche.me/e/20/e3q8), proceeding with seeding","logger":"unusual_prefix_11c7dd38b84fb77f29c2585710943d4b7baaf7b9_dag_pipeline","filename":"dag_pipeline.py","lineno":405}
{"timestamp":"2026-05-08T08:55:10.791164Z","level":"warning","event":"DbtOperator.execute cannot be called outside of the Task Runner!","logger":"airflow.task.operators.operators.dbt_operator.DbtOperator","filename":"operator.py","lineno":437}
{"timestamp":"2026-05-08T08:55:10.796730Z","level":"info","event":"Executing dbt command: seed --project-dir /opt/airflow/dags/ecommerce_dbt --profiles-dir /opt/airflow/dags/ecommerce_dbt --full-refresh","logger":"airflow.task.operators.operators.dbt_operator.DbtOperator","filename":"dbt_operator.py","lineno":180}
{"timestamp":"2026-05-08T08:55:11.008332Z","level":"info","event":"\u001b[0m08:55:11  Running with dbt=1.10.19","logger":"task.stdout"}
{"timestamp":"2026-05-08T08:55:11.066683Z","level":"info","event":"keyring module not found. OAuth2 token will not be stored in keyring.","logger":"trino.auth","filename":"auth.py","lineno":361}
{"timestamp":"2026-05-08T08:55:11.071947Z","level":"info","event":"keyring module not found. OAuth2 token will not be stored in keyring.","logger":"trino.auth","filename":"auth.py","lineno":361}
{"timestamp":"2026-05-08T08:55:12.768535Z","level":"info","event":"\u001b[0m08:55:12  Registered adapter: trino=1.9.3","logger":"task.stdout"}
{"timestamp":"2026-05-08T08:55:14.067731Z","level":"info","event":"\u001b[0m08:55:14  Unable to do partial parsing because of a version mismatch","logger":"task.stdout"}
{"timestamp":"2026-05-08T08:55:15.719023Z","level":"info","event":"\u001b[0m08:55:15  Encountered an error:","logger":"task.stdout"}
{"timestamp":"2026-05-08T08:55:15.719527Z","level":"info","event":"Compilation Error in model bronze_customer_events (models/bronze/bronze_customer_events.sql)","logger":"task.stdout"}
{"timestamp":"2026-05-08T08:55:15.719946Z","level":"info","event":"  expected token ',', got '='","logger":"task.stdout"}
{"timestamp":"2026-05-08T08:55:15.720300Z","level":"info","event":"    line 27","logger":"task.stdout"}
{"timestamp":"2026-05-08T08:55:15.720702Z","level":"info","event":"      --     materialized='table',","logger":"task.stdout"}
{"timestamp":"2026-05-08T08:55:16.957573Z","level":"error","event":"dbt command failed!","logger":"airflow.task.operators.operators.dbt_operator.DbtOperator","filename":"dbt_operator.py","lineno":198}
{"timestamp":"2026-05-08T08:55:16.958146Z","level":"error","event":"Exception: Compilation Error in model bronze_customer_events (models/bronze/bronze_customer_events.sql)\n  expected token ',', got '='\n    line 27\n      --     materialized='table',","logger":"airflow.task.operators.operators.dbt_operator.DbtOperator","filename":"dbt_operator.py","lineno":200}
{"timestamp":"2026-05-08T08:55:16.958484Z","level":"warning","event":"Error occurred during seeding: dbt command failed: seed --project-dir /opt/airflow/dags/ecommerce_dbt --profiles-dir /opt/airflow/dags/ecommerce_dbt --full-refresh","logger":"unusual_prefix_11c7dd38b84fb77f29c2585710943d4b7baaf7b9_dag_pipeline","filename":"dag_pipeline.py","lineno":424}
{"timestamp":"2026-05-08T08:55:16.958844Z","level":"info","event":"Done. Returned value was: {'status': 'failed', 'layer': 'bronze_seed', 'pipeline_id': 'dag_pipeline_20260508085504', 'timestamp': '2026-05-08T08:55:16.958632', 'error': 'dbt command failed: seed --project-dir /opt/airflow/dags/ecommerce_dbt --profiles-dir /opt/airflow/dags/ecommerce_dbt --full-refresh'}","logger":"airflow.task.operators.airflow.providers.standard.decorators.python._PythonDecoratedOperator","filename":"python.py","lineno":229}
{"timestamp":"2026-05-08T08:55:16.959400Z","level":"info","event":"Pushing xcom","ti":"RuntimeTaskInstance(id=UUID('019e06cc-24a6-78d6-bb93-e2b0cfa83fbe'), task_id='seed_bronze', dag_id='ecommerce_dag_pipeline', run_id='manual__2026-05-08T08:55:02.497868+00:00', try_number=1, dag_version_id=UUID('019dfd0d-c356-769c-9658-e2450a265e78'), map_index=-1, hostname='5eb477baedce', context_carrier={'traceparent': '00-74edc4be2e373cf7e266e75324d15418-7e34d7739566318d-01'}, task=<Task(_PythonDecoratedOperator): seed_bronze>, bundle_instance=LocalDagBundle(name=dags-folder), max_tries=2, start_date=datetime.datetime(2026, 5, 8, 8, 55, 5, 480642, tzinfo=datetime.timezone.utc), end_date=None, state=<TaskInstanceState.RUNNING: 'running'>, is_mapped=False, rendered_map_index=None, sentry_integration='')","logger":"task","filename":"task_runner.py","lineno":1724}
{"timestamp":"2026-05-08T08:55:17.169206Z","level":"error","event":"/usr/python/lib/python3.13/multiprocessing/resource_tracker.py:400: UserWarning: resource_tracker: There appear to be 2 leaked semaphore objects to clean up at shutdown: {'/mp-13hw57_d', '/mp-vkp39lg9'}","logger":"task.stderr"}
{"timestamp":"2026-05-08T08:55:17.172443Z","level":"error","event":"  warnings.warn(","logger":"task.stderr"}
