{"timestamp":"2026-05-12T07:37:13.576290Z","level":"info","event":"DAG bundles loaded: dags-folder","logger":"airflow.dag_processing.bundles.manager.DagBundlesManager","filename":"manager.py","lineno":209}
{"timestamp":"2026-05-12T07:37:13.592500Z","level":"info","event":"Filling up the DagBag from /opt/airflow/dags/dag_pipeline.py","logger":"airflow.dag_processing.dagbag.BundleDagBag","filename":"dagbag.py","lineno":469}
{"timestamp":"2026-05-12T07:37:18.212907Z","level":"info","event":"Seeding bronze...","logger":"unusual_prefix_11c7dd38b84fb77f29c2585710943d4b7baaf7b9_dag_pipeline","filename":"dag_pipeline.py","lineno":382}
{"timestamp":"2026-05-12T07:37:18.377947Z","level":"info","event":"Tables do not exist or error occurred: (trino.exceptions.TrinoUserError) TrinoUserError(type=USER_ERROR, name=SCHEMA_NOT_FOUND, message=\"line 1:29: Schema 'bronze' does not exist\", query_id=20260512_073718_00235_u872h)\n[SQL: SELECT count(*) as cnt FROM raw_customer_events]\n(Background on this error at: https://sqlalche.me/e/20/f405), proceeding with seeding","logger":"unusual_prefix_11c7dd38b84fb77f29c2585710943d4b7baaf7b9_dag_pipeline","filename":"dag_pipeline.py","lineno":405}
{"timestamp":"2026-05-12T07:37:18.378591Z","level":"warning","event":"DbtOperator.execute cannot be called outside of the Task Runner!","logger":"airflow.task.operators.operators.dbt_operator.DbtOperator","filename":"operator.py","lineno":437}
{"timestamp":"2026-05-12T07:37:18.389868Z","level":"info","event":"Executing dbt command: seed --project-dir /opt/airflow/dags/ecommerce_dbt --profiles-dir /opt/airflow/dags/ecommerce_dbt --full-refresh","logger":"airflow.task.operators.operators.dbt_operator.DbtOperator","filename":"dbt_operator.py","lineno":180}
{"timestamp":"2026-05-12T07:37:18.584150Z","level":"info","event":"\u001b[0m07:37:18  Running with dbt=1.10.10","logger":"task.stdout"}
{"timestamp":"2026-05-12T07:37:18.666722Z","level":"info","event":"keyring module not found. OAuth2 token will not be stored in keyring.","logger":"trino.auth","filename":"auth.py","lineno":361}
{"timestamp":"2026-05-12T07:37:18.685207Z","level":"info","event":"keyring module not found. OAuth2 token will not be stored in keyring.","logger":"trino.auth","filename":"auth.py","lineno":361}
{"timestamp":"2026-05-12T07:37:19.208803Z","level":"info","event":"\u001b[0m07:37:19  Registered adapter: trino=1.9.3","logger":"task.stdout"}
{"timestamp":"2026-05-12T07:37:21.242117Z","level":"info","event":"\u001b[0m07:37:21  [\u001b[33mWARNING\u001b[0m][MissingArgumentsPropertyInGenericTestDeprecation]: Deprecated","logger":"task.stdout"}
{"timestamp":"2026-05-12T07:37:21.242548Z","level":"info","event":"functionality","logger":"task.stdout"}
{"timestamp":"2026-05-12T07:37:21.242924Z","level":"info","event":"Found top-level arguments to test `accepted_values`. Arguments to generic tests","logger":"task.stdout"}
{"timestamp":"2026-05-12T07:37:21.243301Z","level":"info","event":"should be nested under the `arguments` property.`","logger":"task.stdout"}
{"timestamp":"2026-05-12T07:37:21.785089Z","level":"info","event":"\u001b[0m07:37:21  Found 12 models, 4 seeds, 55 data tests, 455 macros","logger":"task.stdout"}
{"timestamp":"2026-05-12T07:37:21.795199Z","level":"info","event":"\u001b[0m07:37:21","logger":"task.stdout"}
{"timestamp":"2026-05-12T07:37:21.796627Z","level":"info","event":"\u001b[0m07:37:21  Concurrency: 4 threads (target='dev')","logger":"task.stdout"}
{"timestamp":"2026-05-12T07:37:21.797575Z","level":"info","event":"\u001b[0m07:37:21","logger":"task.stdout"}
{"timestamp":"2026-05-12T07:37:21.890642Z","level":"info","event":"\u001b[0m07:37:21  [\u001b[33mWARNING\u001b[0m]: SSL certificate validation is disabled by default. It is legacy behavior which will be changed in future releases. It is strongly advised to enable `require_certificate_validation` flag or explicitly set `cert` configuration to `True` for security reasons. You may receive an error after that if your SSL setup is incorrect.","logger":"task.stdout"}
{"timestamp":"2026-05-12T07:37:21.891070Z","level":"info","event":"You may opt into the new behavior sooner by setting `flags.require_certificate_validation` to `True` in `dbt_project.yml`.","logger":"task.stdout"}
{"timestamp":"2026-05-12T07:37:21.891461Z","level":"info","event":"Visit https://docs.getdbt.com/reference/global-configs/behavior-changes for more information.","logger":"task.stdout"}
{"timestamp":"2026-05-12T07:37:23.036544Z","level":"info","event":"\u001b[0m07:37:23  1 of 4 START seed file bronze_raw_raw.raw_customer_events ...................... [RUN]","logger":"task.stdout"}
{"timestamp":"2026-05-12T07:37:23.038556Z","level":"info","event":"\u001b[0m07:37:23  2 of 4 START seed file bronze_raw_raw.raw_inventory_snapshots .................. [RUN]","logger":"task.stdout"}
{"timestamp":"2026-05-12T07:37:23.043437Z","level":"info","event":"\u001b[0m07:37:23  3 of 4 START seed file bronze_raw_raw.raw_payment_transactions ................. [RUN]","logger":"task.stdout"}
{"timestamp":"2026-05-12T07:37:23.048697Z","level":"info","event":"\u001b[0m07:37:23  4 of 4 START seed file bronze_raw_raw.raw_support_tickets ...................... [RUN]","logger":"task.stdout"}
{"timestamp":"2026-05-12T07:37:30.082928Z","level":"info","event":"\u001b[0m07:37:30  2 of 4 OK loaded seed file bronze_raw_raw.raw_inventory_snapshots .............. [\u001b[32mCREATE 200\u001b[0m in 6.93s]","logger":"task.stdout"}
{"timestamp":"2026-05-12T07:37:32.095838Z","level":"info","event":"\u001b[0m07:37:32  4 of 4 OK loaded seed file bronze_raw_raw.raw_support_tickets .................. [\u001b[32mCREATE 200\u001b[0m in 9.05s]","logger":"task.stdout"}
{"timestamp":"2026-05-12T07:37:32.335557Z","level":"info","event":"\u001b[0m07:37:32  1 of 4 OK loaded seed file bronze_raw_raw.raw_customer_events .................. [\u001b[32mCREATE 200\u001b[0m in 9.29s]","logger":"task.stdout"}
{"timestamp":"2026-05-12T07:37:32.913616Z","level":"info","event":"\u001b[0m07:37:32  3 of 4 OK loaded seed file bronze_raw_raw.raw_payment_transactions ............. [\u001b[32mCREATE 200\u001b[0m in 9.87s]","logger":"task.stdout"}
{"timestamp":"2026-05-12T07:37:32.926860Z","level":"info","event":"\u001b[0m07:37:32","logger":"task.stdout"}
{"timestamp":"2026-05-12T07:37:32.927982Z","level":"info","event":"\u001b[0m07:37:32  Finished running 4 seeds in 0 hours 0 minutes and 11.13 seconds (11.13s).","logger":"task.stdout"}
{"timestamp":"2026-05-12T07:37:33.075122Z","level":"info","event":"\u001b[0m07:37:33","logger":"task.stdout"}
{"timestamp":"2026-05-12T07:37:33.134307Z","level":"info","event":"\u001b[0m07:37:33  \u001b[32mCompleted successfully\u001b[0m","logger":"task.stdout"}
{"timestamp":"2026-05-12T07:37:33.135160Z","level":"info","event":"\u001b[0m07:37:33","logger":"task.stdout"}
{"timestamp":"2026-05-12T07:37:33.135805Z","level":"info","event":"\u001b[0m07:37:33  Done. PASS=4 WARN=0 ERROR=0 SKIP=0 NO-OP=0 TOTAL=4","logger":"task.stdout"}
{"timestamp":"2026-05-12T07:37:33.136290Z","level":"info","event":"\u001b[0m07:37:33  [\u001b[33mWARNING\u001b[0m][DeprecationsSummary]: Deprecated functionality","logger":"task.stdout"}
{"timestamp":"2026-05-12T07:37:33.136714Z","level":"info","event":"Summary of encountered deprecations:","logger":"task.stdout"}
{"timestamp":"2026-05-12T07:37:33.137124Z","level":"info","event":"- MissingArgumentsPropertyInGenericTestDeprecation: 3 occurrences","logger":"task.stdout"}
{"timestamp":"2026-05-12T07:37:33.137549Z","level":"info","event":"To see all deprecation instances instead of just the first occurrence of each,","logger":"task.stdout"}
{"timestamp":"2026-05-12T07:37:33.138089Z","level":"info","event":"run command again with the `--show-all-deprecations` flag. You may also need to","logger":"task.stdout"}
{"timestamp":"2026-05-12T07:37:33.138649Z","level":"info","event":"run with `--no-partial-parse` as some deprecations are only encountered during","logger":"task.stdout"}
{"timestamp":"2026-05-12T07:37:33.139227Z","level":"info","event":"parsing.","logger":"task.stdout"}
{"timestamp":"2026-05-12T07:37:34.323294Z","level":"info","event":"dbt command executed successfully","logger":"airflow.task.operators.operators.dbt_operator.DbtOperator","filename":"dbt_operator.py","lineno":185}
{"timestamp":"2026-05-12T07:37:34.323703Z","level":"info","event":"Done. Returned value was: {'status': 'success', 'layer': 'bronze_seed', 'pipeline_id': 'dag_pipeline_20260512073712', 'timestamp': '2026-05-12T07:37:34.323617'}","logger":"airflow.task.operators.airflow.providers.standard.decorators.python._PythonDecoratedOperator","filename":"python.py","lineno":229}
{"timestamp":"2026-05-12T07:37:34.324259Z","level":"info","event":"Pushing xcom","ti":"RuntimeTaskInstance(id=UUID('019e1b1e-4cf5-7c73-b102-1869fcb4b1f7'), task_id='seed_bronze', dag_id='ecommerce_dag_pipeline', run_id='manual__2026-05-12T07:37:11.128757+00:00', try_number=1, dag_version_id=UUID('019dfd0d-c356-769c-9658-e2450a265e78'), map_index=-1, hostname='c09759c742ec', context_carrier={'traceparent': '00-a4b18ddc5925ea1371b4d02d4b731752-4c3f8367de44fccd-01'}, task=<Task(_PythonDecoratedOperator): seed_bronze>, bundle_instance=LocalDagBundle(name=dags-folder), max_tries=2, start_date=datetime.datetime(2026, 5, 12, 7, 37, 13, 439830, tzinfo=datetime.timezone.utc), end_date=None, state=<TaskInstanceState.RUNNING: 'running'>, is_mapped=False, rendered_map_index=None, sentry_integration='')","logger":"task","filename":"task_runner.py","lineno":1724}
{"timestamp":"2026-05-12T07:37:34.474778Z","level":"error","event":"/usr/python/lib/python3.13/multiprocessing/resource_tracker.py:400: UserWarning: resource_tracker: There appear to be 2 leaked semaphore objects to clean up at shutdown: {'/mp-ohc8eaw9', '/mp-pmmvxfb3'}","logger":"task.stderr"}
{"timestamp":"2026-05-12T07:37:34.475299Z","level":"error","event":"  warnings.warn(","logger":"task.stderr"}
