{"timestamp":"2026-05-11T06:34:19.897528Z","level":"info","event":"DAG bundles loaded: dags-folder","logger":"airflow.dag_processing.bundles.manager.DagBundlesManager","filename":"manager.py","lineno":209}
{"timestamp":"2026-05-11T06:34:19.900395Z","level":"info","event":"Filling up the DagBag from /opt/airflow/dags/dag_pipeline.py","logger":"airflow.dag_processing.dagbag.BundleDagBag","filename":"dagbag.py","lineno":469}
{"timestamp":"2026-05-11T06:34:22.091199Z","level":"info","event":"Seeding bronze...","logger":"unusual_prefix_11c7dd38b84fb77f29c2585710943d4b7baaf7b9_dag_pipeline","filename":"dag_pipeline.py","lineno":382}
{"timestamp":"2026-05-11T06:34:22.884151Z","level":"info","event":"Tables do not exist or error occurred: (trino.exceptions.TrinoUserError) TrinoUserError(type=USER_ERROR, name=SCHEMA_NOT_FOUND, message=\"line 1:29: Schema 'bronze' does not exist\", query_id=20260511_063422_00000_7kzw6)\n[SQL: SELECT count(*) as cnt FROM raw_customer_events]\n(Background on this error at: https://sqlalche.me/e/20/f405), proceeding with seeding","logger":"unusual_prefix_11c7dd38b84fb77f29c2585710943d4b7baaf7b9_dag_pipeline","filename":"dag_pipeline.py","lineno":405}
{"timestamp":"2026-05-11T06:34:22.884845Z","level":"warning","event":"DbtOperator.execute cannot be called outside of the Task Runner!","logger":"airflow.task.operators.operators.dbt_operator.DbtOperator","filename":"operator.py","lineno":437}
{"timestamp":"2026-05-11T06:34:22.890816Z","level":"info","event":"Executing dbt command: seed --project-dir /opt/airflow/dags/ecommerce_dbt --profiles-dir /opt/airflow/dags/ecommerce_dbt --full-refresh","logger":"airflow.task.operators.operators.dbt_operator.DbtOperator","filename":"dbt_operator.py","lineno":180}
{"timestamp":"2026-05-11T06:34:23.116799Z","level":"info","event":"\u001b[0m06:34:23  Running with dbt=1.10.10","logger":"task.stdout"}
{"timestamp":"2026-05-11T06:34:23.177267Z","level":"info","event":"keyring module not found. OAuth2 token will not be stored in keyring.","logger":"trino.auth","filename":"auth.py","lineno":361}
{"timestamp":"2026-05-11T06:34:23.182504Z","level":"info","event":"keyring module not found. OAuth2 token will not be stored in keyring.","logger":"trino.auth","filename":"auth.py","lineno":361}
{"timestamp":"2026-05-11T06:34:23.774519Z","level":"info","event":"\u001b[0m06:34:23  Registered adapter: trino=1.9.3","logger":"task.stdout"}
{"timestamp":"2026-05-11T06:34:25.005623Z","level":"info","event":"\u001b[0m06:34:25  Found 12 models, 4 seeds, 55 data tests, 455 macros","logger":"task.stdout"}
{"timestamp":"2026-05-11T06:34:25.059114Z","level":"info","event":"\u001b[0m06:34:25","logger":"task.stdout"}
{"timestamp":"2026-05-11T06:34:25.059798Z","level":"info","event":"\u001b[0m06:34:25  Concurrency: 4 threads (target='dev')","logger":"task.stdout"}
{"timestamp":"2026-05-11T06:34:25.060140Z","level":"info","event":"\u001b[0m06:34:25","logger":"task.stdout"}
{"timestamp":"2026-05-11T06:34:25.100823Z","level":"info","event":"\u001b[0m06:34:25  [\u001b[33mWARNING\u001b[0m]: SSL certificate validation is disabled by default. It is legacy behavior which will be changed in future releases. It is strongly advised to enable `require_certificate_validation` flag or explicitly set `cert` configuration to `True` for security reasons. You may receive an error after that if your SSL setup is incorrect.","logger":"task.stdout"}
{"timestamp":"2026-05-11T06:34:25.101226Z","level":"info","event":"You may opt into the new behavior sooner by setting `flags.require_certificate_validation` to `True` in `dbt_project.yml`.","logger":"task.stdout"}
{"timestamp":"2026-05-11T06:34:25.101546Z","level":"info","event":"Visit https://docs.getdbt.com/reference/global-configs/behavior-changes for more information.","logger":"task.stdout"}
{"timestamp":"2026-05-11T06:34:34.618348Z","level":"info","event":"\u001b[0m06:34:34  2 of 4 START seed file bronze_raw.raw_inventory_snapshots ...................... [RUN]","logger":"task.stdout"}
{"timestamp":"2026-05-11T06:34:34.619257Z","level":"info","event":"\u001b[0m06:34:34  1 of 4 START seed file bronze_raw.raw_customer_events .......................... [RUN]","logger":"task.stdout"}
{"timestamp":"2026-05-11T06:34:34.620590Z","level":"info","event":"\u001b[0m06:34:34  3 of 4 START seed file bronze_raw.raw_payment_transactions ..................... [RUN]","logger":"task.stdout"}
{"timestamp":"2026-05-11T06:34:34.625387Z","level":"info","event":"\u001b[0m06:34:34  4 of 4 START seed file bronze_raw.raw_support_tickets .......................... [RUN]","logger":"task.stdout"}
{"timestamp":"2026-05-11T06:34:39.251511Z","level":"info","event":"\u001b[0m06:34:39  3 of 4 ERROR loading seed file bronze_raw.raw_payment_transactions ............. [\u001b[31mERROR\u001b[0m in 4.61s]","logger":"task.stdout"}
{"timestamp":"2026-05-11T06:34:39.749838Z","level":"info","event":"\u001b[0m06:34:39  2 of 4 ERROR loading seed file bronze_raw.raw_inventory_snapshots .............. [\u001b[31mERROR\u001b[0m in 4.65s]","logger":"task.stdout"}
{"timestamp":"2026-05-11T06:34:39.750230Z","level":"info","event":"\u001b[0m06:34:39  4 of 4 ERROR loading seed file bronze_raw.raw_support_tickets .................. [\u001b[31mERROR\u001b[0m in 4.66s]","logger":"task.stdout"}
{"timestamp":"2026-05-11T06:34:39.750797Z","level":"info","event":"\u001b[0m06:34:39  1 of 4 ERROR loading seed file bronze_raw.raw_customer_events .................. [\u001b[31mERROR\u001b[0m in 4.67s]","logger":"task.stdout"}
{"timestamp":"2026-05-11T06:34:39.751423Z","level":"info","event":"\u001b[0m06:34:39","logger":"task.stdout"}
{"timestamp":"2026-05-11T06:34:39.751960Z","level":"info","event":"\u001b[0m06:34:39  Finished running 4 seeds in 0 hours 0 minutes and 14.30 seconds (14.30s).","logger":"task.stdout"}
{"timestamp":"2026-05-11T06:34:39.752460Z","level":"info","event":"\u001b[0m06:34:39","logger":"task.stdout"}
{"timestamp":"2026-05-11T06:34:39.752948Z","level":"info","event":"\u001b[0m06:34:39  \u001b[31mCompleted with 4 errors, 0 partial successes, and 0 warnings:\u001b[0m","logger":"task.stdout"}
{"timestamp":"2026-05-11T06:34:39.753437Z","level":"info","event":"\u001b[0m06:34:39","logger":"task.stdout"}
{"timestamp":"2026-05-11T06:34:39.753919Z","level":"info","event":"\u001b[0m06:34:39  \u001b[31mFailure in seed raw_payment_transactions (seeds/raw_payment_transactions.csv)\u001b[0m","logger":"task.stdout"}
{"timestamp":"2026-05-11T06:34:39.754407Z","level":"info","event":"\u001b[0m06:34:39    Database Error in seed raw_payment_transactions (seeds/raw_payment_transactions.csv)","logger":"task.stdout"}
{"timestamp":"2026-05-11T06:34:39.754838Z","level":"info","event":"  TrinoQueryError(type=INTERNAL_ERROR, name=GENERIC_INTERNAL_ERROR, message=\"Location for ICEBERG_TABLE 'bronze_raw.raw_payment_transactions' cannot be associated with any configured object storage location: Missing access key and secret for STATIC authentication mode\", query_id=20260511_063434_00007_7kzw6)","logger":"task.stdout"}
{"timestamp":"2026-05-11T06:34:39.755263Z","level":"info","event":"\u001b[0m06:34:39","logger":"task.stdout"}
{"timestamp":"2026-05-11T06:34:39.755722Z","level":"info","event":"\u001b[0m06:34:39  \u001b[31mFailure in seed raw_inventory_snapshots (seeds/raw_inventory_snapshots.csv)\u001b[0m","logger":"task.stdout"}
{"timestamp":"2026-05-11T06:34:39.756185Z","level":"info","event":"\u001b[0m06:34:39    Database Error in seed raw_inventory_snapshots (seeds/raw_inventory_snapshots.csv)","logger":"task.stdout"}
{"timestamp":"2026-05-11T06:34:39.756699Z","level":"info","event":"  TrinoQueryError(type=INTERNAL_ERROR, name=GENERIC_INTERNAL_ERROR, message=\"Location for ICEBERG_TABLE 'bronze_raw.raw_inventory_snapshots' cannot be associated with any configured object storage location: Missing access key and secret for STATIC authentication mode\", query_id=20260511_063434_00006_7kzw6)","logger":"task.stdout"}
{"timestamp":"2026-05-11T06:34:39.757139Z","level":"info","event":"\u001b[0m06:34:39","logger":"task.stdout"}
{"timestamp":"2026-05-11T06:34:39.757586Z","level":"info","event":"\u001b[0m06:34:39  \u001b[31mFailure in seed raw_support_tickets (seeds/raw_support_tickets.csv)\u001b[0m","logger":"task.stdout"}
{"timestamp":"2026-05-11T06:34:39.758075Z","level":"info","event":"\u001b[0m06:34:39    Database Error in seed raw_support_tickets (seeds/raw_support_tickets.csv)","logger":"task.stdout"}
{"timestamp":"2026-05-11T06:34:39.758544Z","level":"info","event":"  TrinoQueryError(type=INTERNAL_ERROR, name=GENERIC_INTERNAL_ERROR, message=\"Location for ICEBERG_TABLE 'bronze_raw.raw_support_tickets' cannot be associated with any configured object storage location: Missing access key and secret for STATIC authentication mode\", query_id=20260511_063434_00009_7kzw6)","logger":"task.stdout"}
{"timestamp":"2026-05-11T06:34:39.759017Z","level":"info","event":"\u001b[0m06:34:39","logger":"task.stdout"}
{"timestamp":"2026-05-11T06:34:39.759654Z","level":"info","event":"\u001b[0m06:34:39  \u001b[31mFailure in seed raw_customer_events (seeds/raw_customer_events.csv)\u001b[0m","logger":"task.stdout"}
{"timestamp":"2026-05-11T06:34:39.760292Z","level":"info","event":"\u001b[0m06:34:39    Database Error in seed raw_customer_events (seeds/raw_customer_events.csv)","logger":"task.stdout"}
{"timestamp":"2026-05-11T06:34:39.760834Z","level":"info","event":"  TrinoQueryError(type=INTERNAL_ERROR, name=GENERIC_INTERNAL_ERROR, message=\"Location for ICEBERG_TABLE 'bronze_raw.raw_customer_events' cannot be associated with any configured object storage location: Missing access key and secret for STATIC authentication mode\", query_id=20260511_063434_00008_7kzw6)","logger":"task.stdout"}
{"timestamp":"2026-05-11T06:34:39.761408Z","level":"info","event":"\u001b[0m06:34:39","logger":"task.stdout"}
{"timestamp":"2026-05-11T06:34:39.761943Z","level":"info","event":"\u001b[0m06:34:39  Done. PASS=0 WARN=0 ERROR=4 SKIP=0 NO-OP=0 TOTAL=4","logger":"task.stdout"}
{"timestamp":"2026-05-11T06:34:40.695178Z","level":"error","event":"dbt command failed!","logger":"airflow.task.operators.operators.dbt_operator.DbtOperator","filename":"dbt_operator.py","lineno":198}
{"timestamp":"2026-05-11T06:34:40.696871Z","level":"warning","event":"Error occurred during seeding: dbt command failed: seed --project-dir /opt/airflow/dags/ecommerce_dbt --profiles-dir /opt/airflow/dags/ecommerce_dbt --full-refresh","logger":"unusual_prefix_11c7dd38b84fb77f29c2585710943d4b7baaf7b9_dag_pipeline","filename":"dag_pipeline.py","lineno":424}
{"timestamp":"2026-05-11T06:34:40.697485Z","level":"info","event":"Done. Returned value was: {'status': 'failed', 'layer': 'bronze_seed', 'pipeline_id': 'dag_pipeline_20260511063418', 'timestamp': '2026-05-11T06:34:40.697359', 'error': 'dbt command failed: seed --project-dir /opt/airflow/dags/ecommerce_dbt --profiles-dir /opt/airflow/dags/ecommerce_dbt --full-refresh'}","logger":"airflow.task.operators.airflow.providers.standard.decorators.python._PythonDecoratedOperator","filename":"python.py","lineno":229}
{"timestamp":"2026-05-11T06:34:40.699742Z","level":"info","event":"Pushing xcom","ti":"RuntimeTaskInstance(id=UUID('019e15be-5a34-73d8-adba-af4a986f2879'), task_id='seed_bronze', dag_id='ecommerce_dag_pipeline', run_id='manual__2026-05-11T06:34:16.986515+00:00', try_number=1, dag_version_id=UUID('019dfd0d-c356-769c-9658-e2450a265e78'), map_index=-1, hostname='9cc17aad94a1', context_carrier={'traceparent': '00-e4c684f601a35c4bb8d65e7a487565f9-ad42355e43193c4b-01'}, task=<Task(_PythonDecoratedOperator): seed_bronze>, bundle_instance=LocalDagBundle(name=dags-folder), max_tries=2, start_date=datetime.datetime(2026, 5, 11, 6, 34, 19, 789079, tzinfo=datetime.timezone.utc), end_date=None, state=<TaskInstanceState.RUNNING: 'running'>, is_mapped=False, rendered_map_index=None, sentry_integration='')","logger":"task","filename":"task_runner.py","lineno":1724}
{"timestamp":"2026-05-11T06:34:40.884800Z","level":"error","event":"/usr/python/lib/python3.13/multiprocessing/resource_tracker.py:400: UserWarning: resource_tracker: There appear to be 2 leaked semaphore objects to clean up at shutdown: {'/mp-u39855s7', '/mp-gox26rgh'}","logger":"task.stderr"}
{"timestamp":"2026-05-11T06:34:40.895344Z","level":"error","event":"  warnings.warn(","logger":"task.stderr"}
