{"timestamp":"2026-05-12T07:43:47.798529Z","level":"info","event":"DAG bundles loaded: dags-folder","logger":"airflow.dag_processing.bundles.manager.DagBundlesManager","filename":"manager.py","lineno":209}
{"timestamp":"2026-05-12T07:43:47.800805Z","level":"info","event":"Filling up the DagBag from /opt/airflow/dags/dag_pipeline.py","logger":"airflow.dag_processing.dagbag.BundleDagBag","filename":"dagbag.py","lineno":469}
{"timestamp":"2026-05-12T07:43:50.508427Z","level":"info","event":"Seeding bronze...","logger":"unusual_prefix_11c7dd38b84fb77f29c2585710943d4b7baaf7b9_dag_pipeline","filename":"dag_pipeline.py","lineno":382}
{"timestamp":"2026-05-12T07:43:50.606795Z","level":"info","event":"Tables do not exist or error occurred: (trino.exceptions.TrinoUserError) TrinoUserError(type=USER_ERROR, name=SCHEMA_NOT_FOUND, message=\"line 1:29: Schema 'bronze' does not exist\", query_id=20260512_074350_00390_u872h)\n[SQL: SELECT count(*) as cnt FROM raw_customer_events]\n(Background on this error at: https://sqlalche.me/e/20/f405), proceeding with seeding","logger":"unusual_prefix_11c7dd38b84fb77f29c2585710943d4b7baaf7b9_dag_pipeline","filename":"dag_pipeline.py","lineno":405}
{"timestamp":"2026-05-12T07:43:50.607516Z","level":"warning","event":"DbtOperator.execute cannot be called outside of the Task Runner!","logger":"airflow.task.operators.operators.dbt_operator.DbtOperator","filename":"operator.py","lineno":437}
{"timestamp":"2026-05-12T07:43:50.614583Z","level":"info","event":"Executing dbt command: seed --project-dir /opt/airflow/dags/ecommerce_dbt --profiles-dir /opt/airflow/dags/ecommerce_dbt --full-refresh","logger":"airflow.task.operators.operators.dbt_operator.DbtOperator","filename":"dbt_operator.py","lineno":180}
{"timestamp":"2026-05-12T07:43:50.791128Z","level":"info","event":"\u001b[0m07:43:50  Running with dbt=1.10.10","logger":"task.stdout"}
{"timestamp":"2026-05-12T07:43:50.841473Z","level":"info","event":"keyring module not found. OAuth2 token will not be stored in keyring.","logger":"trino.auth","filename":"auth.py","lineno":361}
{"timestamp":"2026-05-12T07:43:50.853419Z","level":"info","event":"keyring module not found. OAuth2 token will not be stored in keyring.","logger":"trino.auth","filename":"auth.py","lineno":361}
{"timestamp":"2026-05-12T07:43:51.368260Z","level":"info","event":"\u001b[0m07:43:51  Registered adapter: trino=1.9.3","logger":"task.stdout"}
{"timestamp":"2026-05-12T07:43:52.750742Z","level":"info","event":"\u001b[0m07:43:52  Found 12 models, 4 seeds, 55 data tests, 455 macros","logger":"task.stdout"}
{"timestamp":"2026-05-12T07:43:52.761165Z","level":"info","event":"\u001b[0m07:43:52","logger":"task.stdout"}
{"timestamp":"2026-05-12T07:43:52.762437Z","level":"info","event":"\u001b[0m07:43:52  Concurrency: 4 threads (target='dev')","logger":"task.stdout"}
{"timestamp":"2026-05-12T07:43:52.763379Z","level":"info","event":"\u001b[0m07:43:52","logger":"task.stdout"}
{"timestamp":"2026-05-12T07:43:52.861074Z","level":"info","event":"\u001b[0m07:43:52  [\u001b[33mWARNING\u001b[0m]: SSL certificate validation is disabled by default. It is legacy behavior which will be changed in future releases. It is strongly advised to enable `require_certificate_validation` flag or explicitly set `cert` configuration to `True` for security reasons. You may receive an error after that if your SSL setup is incorrect.","logger":"task.stdout"}
{"timestamp":"2026-05-12T07:43:52.861543Z","level":"info","event":"You may opt into the new behavior sooner by setting `flags.require_certificate_validation` to `True` in `dbt_project.yml`.","logger":"task.stdout"}
{"timestamp":"2026-05-12T07:43:52.861893Z","level":"info","event":"Visit https://docs.getdbt.com/reference/global-configs/behavior-changes for more information.","logger":"task.stdout"}
{"timestamp":"2026-05-12T07:43:54.049388Z","level":"info","event":"\u001b[0m07:43:54  1 of 4 START seed file bronze_raw_raw.raw_customer_events ...................... [RUN]","logger":"task.stdout"}
{"timestamp":"2026-05-12T07:43:54.050779Z","level":"info","event":"\u001b[0m07:43:54  3 of 4 START seed file bronze_raw_raw.raw_payment_transactions ................. [RUN]","logger":"task.stdout"}
{"timestamp":"2026-05-12T07:43:54.052118Z","level":"info","event":"\u001b[0m07:43:54  4 of 4 START seed file bronze_raw_raw.raw_support_tickets ...................... [RUN]","logger":"task.stdout"}
{"timestamp":"2026-05-12T07:43:54.056093Z","level":"info","event":"\u001b[0m07:43:54  2 of 4 START seed file bronze_raw_raw.raw_inventory_snapshots .................. [RUN]","logger":"task.stdout"}
{"timestamp":"2026-05-12T07:44:02.796514Z","level":"info","event":"\u001b[0m07:44:02  2 of 4 OK loaded seed file bronze_raw_raw.raw_inventory_snapshots .............. [\u001b[32mCREATE 200\u001b[0m in 8.73s]","logger":"task.stdout"}
{"timestamp":"2026-05-12T07:44:03.057514Z","level":"info","event":"\u001b[0m07:44:03  3 of 4 OK loaded seed file bronze_raw_raw.raw_payment_transactions ............. [\u001b[32mCREATE 200\u001b[0m in 9.00s]","logger":"task.stdout"}
{"timestamp":"2026-05-12T07:44:03.426787Z","level":"info","event":"\u001b[0m07:44:03  4 of 4 OK loaded seed file bronze_raw_raw.raw_support_tickets .................. [\u001b[32mCREATE 200\u001b[0m in 9.37s]","logger":"task.stdout"}
{"timestamp":"2026-05-12T07:44:03.892335Z","level":"info","event":"\u001b[0m07:44:03  1 of 4 OK loaded seed file bronze_raw_raw.raw_customer_events .................. [\u001b[32mCREATE 200\u001b[0m in 9.83s]","logger":"task.stdout"}
{"timestamp":"2026-05-12T07:44:03.907386Z","level":"info","event":"\u001b[0m07:44:03","logger":"task.stdout"}
{"timestamp":"2026-05-12T07:44:03.908410Z","level":"info","event":"\u001b[0m07:44:03  Finished running 4 seeds in 0 hours 0 minutes and 11.14 seconds (11.14s).","logger":"task.stdout"}
{"timestamp":"2026-05-12T07:44:04.020097Z","level":"info","event":"\u001b[0m07:44:04","logger":"task.stdout"}
{"timestamp":"2026-05-12T07:44:04.021345Z","level":"info","event":"\u001b[0m07:44:04  \u001b[32mCompleted successfully\u001b[0m","logger":"task.stdout"}
{"timestamp":"2026-05-12T07:44:04.022458Z","level":"info","event":"\u001b[0m07:44:04","logger":"task.stdout"}
{"timestamp":"2026-05-12T07:44:04.023500Z","level":"info","event":"\u001b[0m07:44:04  Done. PASS=4 WARN=0 ERROR=0 SKIP=0 NO-OP=0 TOTAL=4","logger":"task.stdout"}
{"timestamp":"2026-05-12T07:44:04.941937Z","level":"info","event":"dbt command executed successfully","logger":"airflow.task.operators.operators.dbt_operator.DbtOperator","filename":"dbt_operator.py","lineno":185}
{"timestamp":"2026-05-12T07:44:04.942249Z","level":"info","event":"Done. Returned value was: {'status': 'success', 'layer': 'bronze_seed', 'pipeline_id': 'dag_pipeline_20260512074346', 'timestamp': '2026-05-12T07:44:04.942165'}","logger":"airflow.task.operators.airflow.providers.standard.decorators.python._PythonDecoratedOperator","filename":"python.py","lineno":229}
{"timestamp":"2026-05-12T07:44:04.942562Z","level":"info","event":"Pushing xcom","ti":"RuntimeTaskInstance(id=UUID('019e1b24-4cbf-7977-af1c-313fcedb362d'), task_id='seed_bronze', dag_id='ecommerce_dag_pipeline', run_id='manual__2026-05-12T07:43:44.294680+00:00', try_number=1, dag_version_id=UUID('019dfd0d-c356-769c-9658-e2450a265e78'), map_index=-1, hostname='c09759c742ec', context_carrier={'traceparent': '00-38e50914dc1a37348a79ac84482fa1b5-0bcd39d379143e9c-01'}, task=<Task(_PythonDecoratedOperator): seed_bronze>, bundle_instance=LocalDagBundle(name=dags-folder), max_tries=2, start_date=datetime.datetime(2026, 5, 12, 7, 43, 47, 668881, tzinfo=datetime.timezone.utc), end_date=None, state=<TaskInstanceState.RUNNING: 'running'>, is_mapped=False, rendered_map_index=None, sentry_integration='')","logger":"task","filename":"task_runner.py","lineno":1724}
{"timestamp":"2026-05-12T07:44:05.073890Z","level":"error","event":"/usr/python/lib/python3.13/multiprocessing/resource_tracker.py:400: UserWarning: resource_tracker: There appear to be 2 leaked semaphore objects to clean up at shutdown: {'/mp-mv10dbad', '/mp-6_obimhm'}","logger":"task.stderr"}
{"timestamp":"2026-05-12T07:44:05.074619Z","level":"error","event":"  warnings.warn(","logger":"task.stderr"}
