{"timestamp":"2026-05-12T07:58:04.339270Z","level":"info","event":"DAG bundles loaded: dags-folder","logger":"airflow.dag_processing.bundles.manager.DagBundlesManager","filename":"manager.py","lineno":209}
{"timestamp":"2026-05-12T07:58:04.341844Z","level":"info","event":"Filling up the DagBag from /opt/airflow/dags/dag_pipeline.py","logger":"airflow.dag_processing.dagbag.BundleDagBag","filename":"dagbag.py","lineno":469}
{"timestamp":"2026-05-12T07:58:06.859502Z","level":"info","event":"Generating documentation for pipeline: dag_pipeline_20260512075613","logger":"unusual_prefix_11c7dd38b84fb77f29c2585710943d4b7baaf7b9_dag_pipeline","filename":"dag_pipeline.py","lineno":612}
{"timestamp":"2026-05-12T07:58:06.860114Z","level":"warning","event":"DbtOperator.execute cannot be called outside of the Task Runner!","logger":"airflow.task.operators.operators.dbt_operator.DbtOperator","filename":"operator.py","lineno":437}
{"timestamp":"2026-05-12T07:58:06.870493Z","level":"info","event":"Executing dbt command: docs generate --project-dir /opt/airflow/dags/ecommerce_dbt --profiles-dir /opt/airflow/dags/ecommerce_dbt","logger":"airflow.task.operators.operators.dbt_operator.DbtOperator","filename":"dbt_operator.py","lineno":180}
{"timestamp":"2026-05-12T07:58:07.091044Z","level":"info","event":"\u001b[0m07:58:07  Running with dbt=1.10.10","logger":"task.stdout"}
{"timestamp":"2026-05-12T07:58:07.153924Z","level":"info","event":"keyring module not found. OAuth2 token will not be stored in keyring.","logger":"trino.auth","filename":"auth.py","lineno":361}
{"timestamp":"2026-05-12T07:58:07.157712Z","level":"info","event":"keyring module not found. OAuth2 token will not be stored in keyring.","logger":"trino.auth","filename":"auth.py","lineno":361}
{"timestamp":"2026-05-12T07:58:08.103563Z","level":"info","event":"\u001b[0m07:58:08  Registered adapter: trino=1.9.3","logger":"task.stdout"}
{"timestamp":"2026-05-12T07:58:09.339910Z","level":"info","event":"\u001b[0m07:58:09  Found 12 models, 4 seeds, 55 data tests, 455 macros","logger":"task.stdout"}
{"timestamp":"2026-05-12T07:58:09.402819Z","level":"info","event":"\u001b[0m07:58:09","logger":"task.stdout"}
{"timestamp":"2026-05-12T07:58:09.404750Z","level":"info","event":"\u001b[0m07:58:09  Concurrency: 4 threads (target='dev')","logger":"task.stdout"}
{"timestamp":"2026-05-12T07:58:09.405724Z","level":"info","event":"\u001b[0m07:58:09","logger":"task.stdout"}
{"timestamp":"2026-05-12T07:58:09.511598Z","level":"info","event":"\u001b[0m07:58:09  [\u001b[33mWARNING\u001b[0m]: SSL certificate validation is disabled by default. It is legacy behavior which will be changed in future releases. It is strongly advised to enable `require_certificate_validation` flag or explicitly set `cert` configuration to `True` for security reasons. You may receive an error after that if your SSL setup is incorrect.","logger":"task.stdout"}
{"timestamp":"2026-05-12T07:58:09.511973Z","level":"info","event":"You may opt into the new behavior sooner by setting `flags.require_certificate_validation` to `True` in `dbt_project.yml`.","logger":"task.stdout"}
{"timestamp":"2026-05-12T07:58:09.512281Z","level":"info","event":"Visit https://docs.getdbt.com/reference/global-configs/behavior-changes for more information.","logger":"task.stdout"}
{"timestamp":"2026-05-12T07:58:09.512857Z","level":"info","event":"\u001b[0m07:58:09  [\u001b[33mWARNING\u001b[0m]: SSL certificate validation is disabled by default. It is legacy behavior which will be changed in future releases. It is strongly advised to enable `require_certificate_validation` flag or explicitly set `cert` configuration to `True` for security reasons. You may receive an error after that if your SSL setup is incorrect.","logger":"task.stdout"}
{"timestamp":"2026-05-12T07:58:09.513180Z","level":"info","event":"You may opt into the new behavior sooner by setting `flags.require_certificate_validation` to `True` in `dbt_project.yml`.","logger":"task.stdout"}
{"timestamp":"2026-05-12T07:58:09.513474Z","level":"info","event":"Visit https://docs.getdbt.com/reference/global-configs/behavior-changes for more information.","logger":"task.stdout"}
{"timestamp":"2026-05-12T07:58:09.514744Z","level":"info","event":"\u001b[0m07:58:09  [\u001b[33mWARNING\u001b[0m]: SSL certificate validation is disabled by default. It is legacy behavior which will be changed in future releases. It is strongly advised to enable `require_certificate_validation` flag or explicitly set `cert` configuration to `True` for security reasons. You may receive an error after that if your SSL setup is incorrect.","logger":"task.stdout"}
{"timestamp":"2026-05-12T07:58:09.515179Z","level":"info","event":"You may opt into the new behavior sooner by setting `flags.require_certificate_validation` to `True` in `dbt_project.yml`.","logger":"task.stdout"}
{"timestamp":"2026-05-12T07:58:09.515491Z","level":"info","event":"Visit https://docs.getdbt.com/reference/global-configs/behavior-changes for more information.","logger":"task.stdout"}
{"timestamp":"2026-05-12T07:58:09.516746Z","level":"info","event":"\u001b[0m07:58:09  [\u001b[33mWARNING\u001b[0m]: SSL certificate validation is disabled by default. It is legacy behavior which will be changed in future releases. It is strongly advised to enable `require_certificate_validation` flag or explicitly set `cert` configuration to `True` for security reasons. You may receive an error after that if your SSL setup is incorrect.","logger":"task.stdout"}
{"timestamp":"2026-05-12T07:58:09.517173Z","level":"info","event":"You may opt into the new behavior sooner by setting `flags.require_certificate_validation` to `True` in `dbt_project.yml`.","logger":"task.stdout"}
{"timestamp":"2026-05-12T07:58:09.517687Z","level":"info","event":"Visit https://docs.getdbt.com/reference/global-configs/behavior-changes for more information.","logger":"task.stdout"}
{"timestamp":"2026-05-12T07:58:12.620903Z","level":"info","event":"\u001b[0m07:58:12  Building catalog","logger":"task.stdout"}
{"timestamp":"2026-05-12T07:58:22.845445Z","level":"info","event":"\u001b[0m07:58:22  Catalog written to /opt/airflow/dags/ecommerce_dbt/target/catalog.json","logger":"task.stdout"}
{"timestamp":"2026-05-12T07:58:24.247734Z","level":"info","event":"dbt command executed successfully","logger":"airflow.task.operators.operators.dbt_operator.DbtOperator","filename":"dbt_operator.py","lineno":185}
{"timestamp":"2026-05-12T07:58:24.247945Z","level":"info","event":"Command completed with result type: CatalogArtifact","logger":"airflow.task.operators.operators.dbt_operator.DbtOperator","filename":"dbt_operator.py","lineno":193}
{"timestamp":"2026-05-12T07:58:24.248522Z","level":"info","event":"Done. Returned value was: {'status': 'success', 'layer': 'docs_generate', 'pipeline_id': 'dag_pipeline_20260512075613', 'timestamp': '2026-05-12T07:58:24.248321'}","logger":"airflow.task.operators.airflow.providers.standard.decorators.python._PythonDecoratedOperator","filename":"python.py","lineno":229}
{"timestamp":"2026-05-12T07:58:24.248994Z","level":"info","event":"Pushing xcom","ti":"RuntimeTaskInstance(id=UUID('019e1b2f-b624-78a0-8b28-f0eda47791dc'), task_id='generate_documentation', dag_id='ecommerce_dag_pipeline', run_id='manual__2026-05-12T07:56:12.162757+00:00', try_number=1, dag_version_id=UUID('019dfd0d-c356-769c-9658-e2450a265e78'), map_index=-1, hostname='c09759c742ec', context_carrier={'traceparent': '00-41358613dfbcf0c46ea74e20aa59ff9c-58c9da1a6619f7e6-01'}, task=<Task(_PythonDecoratedOperator): generate_documentation>, bundle_instance=LocalDagBundle(name=dags-folder), max_tries=2, start_date=datetime.datetime(2026, 5, 12, 7, 58, 4, 254922, tzinfo=datetime.timezone.utc), end_date=None, state=<TaskInstanceState.RUNNING: 'running'>, is_mapped=False, rendered_map_index=None, sentry_integration='')","logger":"task","filename":"task_runner.py","lineno":1724}
{"timestamp":"2026-05-12T07:58:24.689976Z","level":"error","event":"/usr/python/lib/python3.13/multiprocessing/resource_tracker.py:400: UserWarning: resource_tracker: There appear to be 2 leaked semaphore objects to clean up at shutdown: {'/mp-x8pbzhtv', '/mp-ethiyapw'}","logger":"task.stderr"}
{"timestamp":"2026-05-12T07:58:24.703321Z","level":"error","event":"  warnings.warn(","logger":"task.stderr"}
