{"timestamp":"2026-05-08T13:14:43.126776Z","level":"info","event":"DAG bundles loaded: dags-folder","logger":"airflow.dag_processing.bundles.manager.DagBundlesManager","filename":"manager.py","lineno":209}
{"timestamp":"2026-05-08T13:14:43.175542Z","level":"info","event":"Filling up the DagBag from /opt/airflow/dags/dag_pipeline.py","logger":"airflow.dag_processing.dagbag.BundleDagBag","filename":"dagbag.py","lineno":469}
{"timestamp":"2026-05-08T13:15:02.407239Z","level":"info","event":"Seeding bronze...","logger":"unusual_prefix_11c7dd38b84fb77f29c2585710943d4b7baaf7b9_dag_pipeline","filename":"dag_pipeline.py","lineno":382}
{"timestamp":"2026-05-08T13:15:46.981119Z","level":"info","event":"Tables do not exist or error occurred: (trino.exceptions.TrinoUserError) TrinoUserError(type=USER_ERROR, name=SCHEMA_NOT_FOUND, message=\"line 1:29: Schema 'bronze' does not exist\", query_id=20260508_131505_00000_kyv4u)\n[SQL: SELECT count(*) as cnt FROM raw_customer_events]\n(Background on this error at: https://sqlalche.me/e/20/f405), proceeding with seeding","logger":"unusual_prefix_11c7dd38b84fb77f29c2585710943d4b7baaf7b9_dag_pipeline","filename":"dag_pipeline.py","lineno":405}
{"timestamp":"2026-05-08T13:15:46.982157Z","level":"warning","event":"DbtOperator.execute cannot be called outside of the Task Runner!","logger":"airflow.task.operators.operators.dbt_operator.DbtOperator","filename":"operator.py","lineno":437}
{"timestamp":"2026-05-08T13:15:47.027931Z","level":"info","event":"Executing dbt command: seed --project-dir /opt/airflow/dags/ecommerce_dbt --profiles-dir /opt/airflow/dags/ecommerce_dbt --full-refresh","logger":"airflow.task.operators.operators.dbt_operator.DbtOperator","filename":"dbt_operator.py","lineno":180}
{"timestamp":"2026-05-08T13:15:55.385885Z","level":"info","event":"\u001b[0m13:15:55  Running with dbt=1.10.10","logger":"task.stdout"}
{"timestamp":"2026-05-08T13:15:56.064939Z","level":"info","event":"keyring module not found. OAuth2 token will not be stored in keyring.","logger":"trino.auth","filename":"auth.py","lineno":361}
{"timestamp":"2026-05-08T13:15:56.070220Z","level":"info","event":"keyring module not found. OAuth2 token will not be stored in keyring.","logger":"trino.auth","filename":"auth.py","lineno":361}
{"timestamp":"2026-05-08T13:16:05.471333Z","level":"info","event":"\u001b[0m13:16:05  Registered adapter: trino=1.9.3","logger":"task.stdout"}
{"timestamp":"2026-05-08T13:16:16.412155Z","level":"info","event":"\u001b[0m13:16:16  Found 12 models, 4 seeds, 55 data tests, 455 macros","logger":"task.stdout"}
{"timestamp":"2026-05-08T13:16:16.441614Z","level":"info","event":"\u001b[0m13:16:16","logger":"task.stdout"}
{"timestamp":"2026-05-08T13:16:16.443763Z","level":"info","event":"\u001b[0m13:16:16  Concurrency: 4 threads (target='dev')","logger":"task.stdout"}
{"timestamp":"2026-05-08T13:16:16.446019Z","level":"info","event":"\u001b[0m13:16:16","logger":"task.stdout"}
{"timestamp":"2026-05-08T13:16:20.037273Z","level":"info","event":"\u001b[0m13:16:20  [\u001b[33mWARNING\u001b[0m]: SSL certificate validation is disabled by default. It is legacy behavior which will be changed in future releases. It is strongly advised to enable `require_certificate_validation` flag or explicitly set `cert` configuration to `True` for security reasons. You may receive an error after that if your SSL setup is incorrect.","logger":"task.stdout"}
{"timestamp":"2026-05-08T13:16:20.039107Z","level":"info","event":"You may opt into the new behavior sooner by setting `flags.require_certificate_validation` to `True` in `dbt_project.yml`.","logger":"task.stdout"}
{"timestamp":"2026-05-08T13:16:20.039556Z","level":"info","event":"Visit https://docs.getdbt.com/reference/global-configs/behavior-changes for more information.","logger":"task.stdout"}
{"timestamp":"2026-05-08T13:17:11.225320Z","level":"info","event":"\u001b[0m13:17:11  4 of 4 START seed file bronze_raw.raw_support_tickets .......................... [RUN]","logger":"task.stdout"}
{"timestamp":"2026-05-08T13:17:13.182752Z","level":"info","event":"\u001b[0m13:17:11  3 of 4 START seed file bronze_raw.raw_payment_transactions ..................... [RUN]","logger":"task.stdout"}
{"timestamp":"2026-05-08T13:17:13.189809Z","level":"info","event":"\u001b[0m13:17:11  1 of 4 START seed file bronze_raw.raw_customer_events .......................... [RUN]","logger":"task.stdout"}
{"timestamp":"2026-05-08T13:17:13.204321Z","level":"info","event":"\u001b[0m13:17:11  2 of 4 START seed file bronze_raw.raw_inventory_snapshots ...................... [RUN]","logger":"task.stdout"}
{"timestamp":"2026-05-08T13:18:04.969386Z","level":"info","event":"\u001b[0m13:18:04  4 of 4 ERROR loading seed file bronze_raw.raw_support_tickets .................. [\u001b[31mERROR\u001b[0m in 53.66s]","logger":"task.stdout"}
{"timestamp":"2026-05-08T13:18:04.972648Z","level":"info","event":"\u001b[0m13:18:04  1 of 4 ERROR loading seed file bronze_raw.raw_customer_events .................. [\u001b[31mERROR\u001b[0m in 53.53s]","logger":"task.stdout"}
{"timestamp":"2026-05-08T13:18:04.977720Z","level":"info","event":"\u001b[0m13:18:04  3 of 4 ERROR loading seed file bronze_raw.raw_payment_transactions ............. [\u001b[31mERROR\u001b[0m in 53.66s]","logger":"task.stdout"}
{"timestamp":"2026-05-08T13:18:04.983413Z","level":"info","event":"\u001b[0m13:18:04  2 of 4 ERROR loading seed file bronze_raw.raw_inventory_snapshots .............. [\u001b[31mERROR\u001b[0m in 53.67s]","logger":"task.stdout"}
{"timestamp":"2026-05-08T13:18:05.039744Z","level":"info","event":"\u001b[0m13:18:05","logger":"task.stdout"}
{"timestamp":"2026-05-08T13:18:05.040779Z","level":"info","event":"\u001b[0m13:18:05  Finished running 4 seeds in 0 hours 1 minutes and 48.59 seconds (108.59s).","logger":"task.stdout"}
{"timestamp":"2026-05-08T13:18:05.170439Z","level":"info","event":"\u001b[0m13:18:05","logger":"task.stdout"}
{"timestamp":"2026-05-08T13:18:05.171743Z","level":"info","event":"\u001b[0m13:18:05  \u001b[31mCompleted with 4 errors, 0 partial successes, and 0 warnings:\u001b[0m","logger":"task.stdout"}
{"timestamp":"2026-05-08T13:18:05.172722Z","level":"info","event":"\u001b[0m13:18:05","logger":"task.stdout"}
{"timestamp":"2026-05-08T13:18:05.173929Z","level":"info","event":"\u001b[0m13:18:05  \u001b[31mFailure in seed raw_payment_transactions (seeds/raw_payment_transactions.csv)\u001b[0m","logger":"task.stdout"}
{"timestamp":"2026-05-08T13:18:05.175120Z","level":"info","event":"\u001b[0m13:18:05    Database Error in seed raw_payment_transactions (seeds/raw_payment_transactions.csv)","logger":"task.stdout"}
{"timestamp":"2026-05-08T13:18:05.175499Z","level":"info","event":"  TrinoExternalError(type=EXTERNAL, name=ICEBERG_FILESYSTEM_ERROR, message=\"Failed checking new table's location: s3://lakehouse/bronze_raw/raw_payment_transactions_1ec6c95e-daf5-4539-9f67-4d06c2d5782c\", query_id=20260508_131715_00009_kyv4u)","logger":"task.stdout"}
{"timestamp":"2026-05-08T13:18:05.176080Z","level":"info","event":"\u001b[0m13:18:05","logger":"task.stdout"}
{"timestamp":"2026-05-08T13:18:05.177041Z","level":"info","event":"\u001b[0m13:18:05  \u001b[31mFailure in seed raw_customer_events (seeds/raw_customer_events.csv)\u001b[0m","logger":"task.stdout"}
{"timestamp":"2026-05-08T13:18:05.178087Z","level":"info","event":"\u001b[0m13:18:05    Database Error in seed raw_customer_events (seeds/raw_customer_events.csv)","logger":"task.stdout"}
{"timestamp":"2026-05-08T13:18:05.178522Z","level":"info","event":"  TrinoExternalError(type=EXTERNAL, name=ICEBERG_FILESYSTEM_ERROR, message=\"Failed checking new table's location: s3://lakehouse/bronze_raw/raw_customer_events_d0e70d7b-8ff9-42cf-b2f7-e0d81f287671\", query_id=20260508_131715_00008_kyv4u)","logger":"task.stdout"}
{"timestamp":"2026-05-08T13:18:05.179146Z","level":"info","event":"\u001b[0m13:18:05","logger":"task.stdout"}
{"timestamp":"2026-05-08T13:18:05.180220Z","level":"info","event":"\u001b[0m13:18:05  \u001b[31mFailure in seed raw_support_tickets (seeds/raw_support_tickets.csv)\u001b[0m","logger":"task.stdout"}
{"timestamp":"2026-05-08T13:18:05.181501Z","level":"info","event":"\u001b[0m13:18:05    Database Error in seed raw_support_tickets (seeds/raw_support_tickets.csv)","logger":"task.stdout"}
{"timestamp":"2026-05-08T13:18:05.181955Z","level":"info","event":"  TrinoExternalError(type=EXTERNAL, name=ICEBERG_FILESYSTEM_ERROR, message=\"Failed checking new table's location: s3://lakehouse/bronze_raw/raw_support_tickets_2cfeec79-c411-43c2-bd43-70fdc87c03e4\", query_id=20260508_131715_00010_kyv4u)","logger":"task.stdout"}
{"timestamp":"2026-05-08T13:18:05.183203Z","level":"info","event":"\u001b[0m13:18:05","logger":"task.stdout"}
{"timestamp":"2026-05-08T13:18:05.185318Z","level":"info","event":"\u001b[0m13:18:05  \u001b[31mFailure in seed raw_inventory_snapshots (seeds/raw_inventory_snapshots.csv)\u001b[0m","logger":"task.stdout"}
{"timestamp":"2026-05-08T13:18:05.189490Z","level":"info","event":"\u001b[0m13:18:05    Database Error in seed raw_inventory_snapshots (seeds/raw_inventory_snapshots.csv)","logger":"task.stdout"}
{"timestamp":"2026-05-08T13:18:05.190057Z","level":"info","event":"  TrinoExternalError(type=EXTERNAL, name=ICEBERG_FILESYSTEM_ERROR, message=\"Failed checking new table's location: s3://lakehouse/bronze_raw/raw_inventory_snapshots_9f6bf9c8-fedf-4ad1-b37f-1908af584b07\", query_id=20260508_131715_00007_kyv4u)","logger":"task.stdout"}
{"timestamp":"2026-05-08T13:18:05.190874Z","level":"info","event":"\u001b[0m13:18:05","logger":"task.stdout"}
{"timestamp":"2026-05-08T13:18:05.191774Z","level":"info","event":"\u001b[0m13:18:05  Done. PASS=0 WARN=0 ERROR=4 SKIP=0 NO-OP=0 TOTAL=4","logger":"task.stdout"}
{"timestamp":"2026-05-08T13:18:08.737873Z","level":"error","event":"dbt command failed!","logger":"airflow.task.operators.operators.dbt_operator.DbtOperator","filename":"dbt_operator.py","lineno":198}
{"timestamp":"2026-05-08T13:18:08.738612Z","level":"warning","event":"Error occurred during seeding: dbt command failed: seed --project-dir /opt/airflow/dags/ecommerce_dbt --profiles-dir /opt/airflow/dags/ecommerce_dbt --full-refresh","logger":"unusual_prefix_11c7dd38b84fb77f29c2585710943d4b7baaf7b9_dag_pipeline","filename":"dag_pipeline.py","lineno":424}
{"timestamp":"2026-05-08T13:18:08.739021Z","level":"info","event":"Done. Returned value was: {'status': 'failed', 'layer': 'bronze_seed', 'pipeline_id': 'dag_pipeline_20260508131439', 'timestamp': '2026-05-08T13:18:08.738735', 'error': 'dbt command failed: seed --project-dir /opt/airflow/dags/ecommerce_dbt --profiles-dir /opt/airflow/dags/ecommerce_dbt --full-refresh'}","logger":"airflow.task.operators.airflow.providers.standard.decorators.python._PythonDecoratedOperator","filename":"python.py","lineno":229}
{"timestamp":"2026-05-08T13:18:08.740643Z","level":"info","event":"Pushing xcom","ti":"RuntimeTaskInstance(id=UUID('019e07b8-1523-7421-8ef6-33372bf7d05e'), task_id='seed_bronze', dag_id='ecommerce_dag_pipeline', run_id='scheduled__2026-05-08T12:15:46.653548+00:00', try_number=1, dag_version_id=UUID('019dfd0d-c356-769c-9658-e2450a265e78'), map_index=-1, hostname='51b69460b717', context_carrier={'traceparent': '00-47ad4ec91d55af854d64fc046a97409d-cb44a0c515324bc3-01'}, task=<Task(_PythonDecoratedOperator): seed_bronze>, bundle_instance=LocalDagBundle(name=dags-folder), max_tries=2, start_date=datetime.datetime(2026, 5, 8, 13, 14, 41, 456698, tzinfo=datetime.timezone.utc), end_date=None, state=<TaskInstanceState.RUNNING: 'running'>, is_mapped=False, rendered_map_index=None, sentry_integration='')","logger":"task","filename":"task_runner.py","lineno":1724}
{"timestamp":"2026-05-08T13:18:09.817059Z","level":"error","event":"/usr/python/lib/python3.13/multiprocessing/resource_tracker.py:400: UserWarning: resource_tracker: There appear to be 2 leaked semaphore objects to clean up at shutdown: {'/mp-bv0brbwi', '/mp-ztlwvqtv'}","logger":"task.stderr"}
{"timestamp":"2026-05-08T13:18:09.822420Z","level":"error","event":"  warnings.warn(","logger":"task.stderr"}
