{"timestamp":"2026-05-08T13:19:17.793298Z","level":"info","event":"DAG bundles loaded: dags-folder","logger":"airflow.dag_processing.bundles.manager.DagBundlesManager","filename":"manager.py","lineno":209}
{"timestamp":"2026-05-08T13:19:17.796624Z","level":"info","event":"Filling up the DagBag from /opt/airflow/dags/dag_pipeline.py","logger":"airflow.dag_processing.dagbag.BundleDagBag","filename":"dagbag.py","lineno":469}
{"timestamp":"2026-05-08T13:19:21.223575Z","level":"info","event":"Seeding bronze...","logger":"unusual_prefix_11c7dd38b84fb77f29c2585710943d4b7baaf7b9_dag_pipeline","filename":"dag_pipeline.py","lineno":382}
{"timestamp":"2026-05-08T13:19:23.664869Z","level":"info","event":"failed after 3 attempts","logger":"trino.client","filename":"client.py","lineno":1051}
{"timestamp":"2026-05-08T13:19:23.665615Z","level":"info","event":"Tables do not exist or error occurred: (trino.exceptions.TrinoConnectionError) failed to execute: HTTPConnectionPool(host='trino-coordinator', port=8080): Max retries exceeded with url: /v1/statement (Caused by NewConnectionError(\"HTTPConnection(host='trino-coordinator', port=8080): Failed to establish a new connection: [Errno 111] Connection refused\"))\n[SQL: SELECT count(*) as cnt FROM raw_customer_events]\n(Background on this error at: https://sqlalche.me/e/20/e3q8), proceeding with seeding","logger":"unusual_prefix_11c7dd38b84fb77f29c2585710943d4b7baaf7b9_dag_pipeline","filename":"dag_pipeline.py","lineno":405}
{"timestamp":"2026-05-08T13:19:23.666147Z","level":"warning","event":"DbtOperator.execute cannot be called outside of the Task Runner!","logger":"airflow.task.operators.operators.dbt_operator.DbtOperator","filename":"operator.py","lineno":437}
{"timestamp":"2026-05-08T13:19:23.669931Z","level":"info","event":"Executing dbt command: seed --project-dir /opt/airflow/dags/ecommerce_dbt --profiles-dir /opt/airflow/dags/ecommerce_dbt --full-refresh","logger":"airflow.task.operators.operators.dbt_operator.DbtOperator","filename":"dbt_operator.py","lineno":180}
{"timestamp":"2026-05-08T13:19:23.950543Z","level":"info","event":"\u001b[0m13:19:23  Running with dbt=1.10.10","logger":"task.stdout"}
{"timestamp":"2026-05-08T13:19:24.022076Z","level":"info","event":"keyring module not found. OAuth2 token will not be stored in keyring.","logger":"trino.auth","filename":"auth.py","lineno":361}
{"timestamp":"2026-05-08T13:19:24.028160Z","level":"info","event":"keyring module not found. OAuth2 token will not be stored in keyring.","logger":"trino.auth","filename":"auth.py","lineno":361}
{"timestamp":"2026-05-08T13:19:24.648432Z","level":"info","event":"\u001b[0m13:19:24  Registered adapter: trino=1.9.3","logger":"task.stdout"}
{"timestamp":"2026-05-08T13:19:25.995999Z","level":"info","event":"\u001b[0m13:19:25  Found 12 models, 4 seeds, 55 data tests, 455 macros","logger":"task.stdout"}
{"timestamp":"2026-05-08T13:19:26.002256Z","level":"info","event":"\u001b[0m13:19:26","logger":"task.stdout"}
{"timestamp":"2026-05-08T13:19:26.003002Z","level":"info","event":"\u001b[0m13:19:26  Concurrency: 4 threads (target='dev')","logger":"task.stdout"}
{"timestamp":"2026-05-08T13:19:26.006011Z","level":"info","event":"\u001b[0m13:19:26","logger":"task.stdout"}
{"timestamp":"2026-05-08T13:19:26.099320Z","level":"info","event":"\u001b[0m13:19:26  [\u001b[33mWARNING\u001b[0m]: SSL certificate validation is disabled by default. It is legacy behavior which will be changed in future releases. It is strongly advised to enable `require_certificate_validation` flag or explicitly set `cert` configuration to `True` for security reasons. You may receive an error after that if your SSL setup is incorrect.","logger":"task.stdout"}
{"timestamp":"2026-05-08T13:19:26.099791Z","level":"info","event":"You may opt into the new behavior sooner by setting `flags.require_certificate_validation` to `True` in `dbt_project.yml`.","logger":"task.stdout"}
{"timestamp":"2026-05-08T13:19:26.100167Z","level":"info","event":"Visit https://docs.getdbt.com/reference/global-configs/behavior-changes for more information.","logger":"task.stdout"}
{"timestamp":"2026-05-08T13:19:26.660010Z","level":"info","event":"failed after 3 attempts","logger":"trino.client","filename":"client.py","lineno":1051}
{"timestamp":"2026-05-08T13:19:26.666037Z","level":"info","event":"\u001b[0m13:19:26","logger":"task.stdout"}
{"timestamp":"2026-05-08T13:19:26.667131Z","level":"info","event":"\u001b[0m13:19:26  Finished running  in 0 hours 0 minutes and 0.66 seconds (0.66s).","logger":"task.stdout"}
{"timestamp":"2026-05-08T13:19:26.668614Z","level":"info","event":"\u001b[0m13:19:26  Encountered an error:","logger":"task.stdout"}
{"timestamp":"2026-05-08T13:19:26.671741Z","level":"info","event":"Database Error","logger":"task.stdout"}
{"timestamp":"2026-05-08T13:19:26.674473Z","level":"info","event":"  failed to execute: HTTPConnectionPool(host='trino-coordinator', port=8080): Max retries exceeded with url: /v1/statement (Caused by NewConnectionError(\"HTTPConnection(host='trino-coordinator', port=8080): Failed to establish a new connection: [Errno 111] Connection refused\"))","logger":"task.stdout"}
{"timestamp":"2026-05-08T13:19:28.208684Z","level":"error","event":"dbt command failed!","logger":"airflow.task.operators.operators.dbt_operator.DbtOperator","filename":"dbt_operator.py","lineno":198}
{"timestamp":"2026-05-08T13:19:28.208935Z","level":"error","event":"Exception: Database Error\n  failed to execute: HTTPConnectionPool(host='trino-coordinator', port=8080): Max retries exceeded with url: /v1/statement (Caused by NewConnectionError(\"HTTPConnection(host='trino-coordinator', port=8080): Failed to establish a new connection: [Errno 111] Connection refused\"))","logger":"airflow.task.operators.operators.dbt_operator.DbtOperator","filename":"dbt_operator.py","lineno":200}
{"timestamp":"2026-05-08T13:19:28.209119Z","level":"warning","event":"Error occurred during seeding: dbt command failed: seed --project-dir /opt/airflow/dags/ecommerce_dbt --profiles-dir /opt/airflow/dags/ecommerce_dbt --full-refresh","logger":"unusual_prefix_11c7dd38b84fb77f29c2585710943d4b7baaf7b9_dag_pipeline","filename":"dag_pipeline.py","lineno":424}
{"timestamp":"2026-05-08T13:19:28.209281Z","level":"info","event":"Done. Returned value was: {'status': 'failed', 'layer': 'bronze_seed', 'pipeline_id': 'dag_pipeline_20260508131916', 'timestamp': '2026-05-08T13:19:28.209195', 'error': 'dbt command failed: seed --project-dir /opt/airflow/dags/ecommerce_dbt --profiles-dir /opt/airflow/dags/ecommerce_dbt --full-refresh'}","logger":"airflow.task.operators.airflow.providers.standard.decorators.python._PythonDecoratedOperator","filename":"python.py","lineno":229}
{"timestamp":"2026-05-08T13:19:28.209574Z","level":"info","event":"Pushing xcom","ti":"RuntimeTaskInstance(id=UUID('019e07bb-5ce1-7f89-990c-b01b87aa569f'), task_id='seed_bronze', dag_id='ecommerce_dag_pipeline', run_id='manual__2026-05-08T13:16:19.745264+00:00', try_number=1, dag_version_id=UUID('019dfd0d-c356-769c-9658-e2450a265e78'), map_index=-1, hostname='51b69460b717', context_carrier={'traceparent': '00-e8fd335de45ca6499021a46386e4b1d5-f7bd3114f49dcf74-01'}, task=<Task(_PythonDecoratedOperator): seed_bronze>, bundle_instance=LocalDagBundle(name=dags-folder), max_tries=2, start_date=datetime.datetime(2026, 5, 8, 13, 19, 17, 640370, tzinfo=datetime.timezone.utc), end_date=None, state=<TaskInstanceState.RUNNING: 'running'>, is_mapped=False, rendered_map_index=None, sentry_integration='')","logger":"task","filename":"task_runner.py","lineno":1724}
{"timestamp":"2026-05-08T13:19:28.809069Z","level":"error","event":"/usr/python/lib/python3.13/multiprocessing/resource_tracker.py:400: UserWarning: resource_tracker: There appear to be 2 leaked semaphore objects to clean up at shutdown: {'/mp-4numoyp1', '/mp-pdlxk5m8'}","logger":"task.stderr"}
{"timestamp":"2026-05-08T13:19:28.836321Z","level":"error","event":"  warnings.warn(","logger":"task.stderr"}
