{"timestamp":"2026-05-12T06:03:39.529395Z","level":"info","event":"DAG bundles loaded: dags-folder","logger":"airflow.dag_processing.bundles.manager.DagBundlesManager","filename":"manager.py","lineno":209}
{"timestamp":"2026-05-12T06:03:39.535022Z","level":"info","event":"Filling up the DagBag from /opt/airflow/dags/dag_pipeline.py","logger":"airflow.dag_processing.dagbag.BundleDagBag","filename":"dagbag.py","lineno":469}
{"timestamp":"2026-05-12T06:03:42.524198Z","level":"info","event":"Seeding bronze...","logger":"unusual_prefix_11c7dd38b84fb77f29c2585710943d4b7baaf7b9_dag_pipeline","filename":"dag_pipeline.py","lineno":382}
{"timestamp":"2026-05-12T06:03:44.813265Z","level":"info","event":"Tables do not exist or error occurred: (trino.exceptions.TrinoQueryError) TrinoQueryError(type=INTERNAL_ERROR, name=SERVER_STARTING_UP, message=\"Trino server is still initializing\", query_id=20260512_060344_00000_6imh5)\n[SQL: SELECT count(*) as cnt FROM raw_customer_events]\n(Background on this error at: https://sqlalche.me/e/20/dbapi), proceeding with seeding","logger":"unusual_prefix_11c7dd38b84fb77f29c2585710943d4b7baaf7b9_dag_pipeline","filename":"dag_pipeline.py","lineno":405}
{"timestamp":"2026-05-12T06:03:44.813843Z","level":"warning","event":"DbtOperator.execute cannot be called outside of the Task Runner!","logger":"airflow.task.operators.operators.dbt_operator.DbtOperator","filename":"operator.py","lineno":437}
{"timestamp":"2026-05-12T06:03:44.822495Z","level":"info","event":"Executing dbt command: seed --project-dir /opt/airflow/dags/ecommerce_dbt --profiles-dir /opt/airflow/dags/ecommerce_dbt --full-refresh","logger":"airflow.task.operators.operators.dbt_operator.DbtOperator","filename":"dbt_operator.py","lineno":180}
{"timestamp":"2026-05-12T06:03:45.120943Z","level":"info","event":"\u001b[0m06:03:45  Running with dbt=1.10.10","logger":"task.stdout"}
{"timestamp":"2026-05-12T06:03:45.547504Z","level":"info","event":"keyring module not found. OAuth2 token will not be stored in keyring.","logger":"trino.auth","filename":"auth.py","lineno":361}
{"timestamp":"2026-05-12T06:03:45.557282Z","level":"info","event":"keyring module not found. OAuth2 token will not be stored in keyring.","logger":"trino.auth","filename":"auth.py","lineno":361}
{"timestamp":"2026-05-12T06:03:47.364846Z","level":"info","event":"\u001b[0m06:03:47  Registered adapter: trino=1.9.3","logger":"task.stdout"}
{"timestamp":"2026-05-12T06:03:52.540779Z","level":"info","event":"\u001b[0m06:03:52  Found 12 models, 4 seeds, 55 data tests, 455 macros","logger":"task.stdout"}
{"timestamp":"2026-05-12T06:03:52.548771Z","level":"info","event":"\u001b[0m06:03:52","logger":"task.stdout"}
{"timestamp":"2026-05-12T06:03:52.549325Z","level":"info","event":"\u001b[0m06:03:52  Concurrency: 4 threads (target='dev')","logger":"task.stdout"}
{"timestamp":"2026-05-12T06:03:52.550346Z","level":"info","event":"\u001b[0m06:03:52","logger":"task.stdout"}
{"timestamp":"2026-05-12T06:03:53.673372Z","level":"info","event":"\u001b[0m06:03:53  [\u001b[33mWARNING\u001b[0m]: SSL certificate validation is disabled by default. It is legacy behavior which will be changed in future releases. It is strongly advised to enable `require_certificate_validation` flag or explicitly set `cert` configuration to `True` for security reasons. You may receive an error after that if your SSL setup is incorrect.","logger":"task.stdout"}
{"timestamp":"2026-05-12T06:03:53.673907Z","level":"info","event":"You may opt into the new behavior sooner by setting `flags.require_certificate_validation` to `True` in `dbt_project.yml`.","logger":"task.stdout"}
{"timestamp":"2026-05-12T06:03:53.674346Z","level":"info","event":"Visit https://docs.getdbt.com/reference/global-configs/behavior-changes for more information.","logger":"task.stdout"}
{"timestamp":"2026-05-12T06:03:54.270814Z","level":"info","event":"failed after 3 attempts","logger":"trino.client","filename":"client.py","lineno":1051}
{"timestamp":"2026-05-12T06:03:54.275232Z","level":"info","event":"\u001b[0m06:03:54","logger":"task.stdout"}
{"timestamp":"2026-05-12T06:03:54.276157Z","level":"info","event":"\u001b[0m06:03:54  Finished running  in 0 hours 0 minutes and 1.72 seconds (1.72s).","logger":"task.stdout"}
{"timestamp":"2026-05-12T06:03:54.277443Z","level":"info","event":"\u001b[0m06:03:54  Encountered an error:","logger":"task.stdout"}
{"timestamp":"2026-05-12T06:03:54.277888Z","level":"info","event":"Database Error","logger":"task.stdout"}
{"timestamp":"2026-05-12T06:03:54.278212Z","level":"info","event":"  failed to execute: HTTPConnectionPool(host='localhost', port=8088): Max retries exceeded with url: /v1/statement (Caused by NewConnectionError(\"HTTPConnection(host='localhost', port=8088): Failed to establish a new connection: [Errno 111] Connection refused\"))","logger":"task.stdout"}
{"timestamp":"2026-05-12T06:03:55.953352Z","level":"error","event":"dbt command failed!","logger":"airflow.task.operators.operators.dbt_operator.DbtOperator","filename":"dbt_operator.py","lineno":198}
{"timestamp":"2026-05-12T06:03:55.953743Z","level":"error","event":"Exception: Database Error\n  failed to execute: HTTPConnectionPool(host='localhost', port=8088): Max retries exceeded with url: /v1/statement (Caused by NewConnectionError(\"HTTPConnection(host='localhost', port=8088): Failed to establish a new connection: [Errno 111] Connection refused\"))","logger":"airflow.task.operators.operators.dbt_operator.DbtOperator","filename":"dbt_operator.py","lineno":200}
{"timestamp":"2026-05-12T06:03:55.953943Z","level":"warning","event":"Error occurred during seeding: dbt command failed: seed --project-dir /opt/airflow/dags/ecommerce_dbt --profiles-dir /opt/airflow/dags/ecommerce_dbt --full-refresh","logger":"unusual_prefix_11c7dd38b84fb77f29c2585710943d4b7baaf7b9_dag_pipeline","filename":"dag_pipeline.py","lineno":424}
{"timestamp":"2026-05-12T06:03:55.954091Z","level":"info","event":"Done. Returned value was: {'status': 'failed', 'layer': 'bronze_seed', 'pipeline_id': 'dag_pipeline_20260512060337', 'timestamp': '2026-05-12T06:03:55.954016', 'error': 'dbt command failed: seed --project-dir /opt/airflow/dags/ecommerce_dbt --profiles-dir /opt/airflow/dags/ecommerce_dbt --full-refresh'}","logger":"airflow.task.operators.airflow.providers.standard.decorators.python._PythonDecoratedOperator","filename":"python.py","lineno":229}
{"timestamp":"2026-05-12T06:03:55.954351Z","level":"info","event":"Pushing xcom","ti":"RuntimeTaskInstance(id=UUID('019e1ac8-3f84-792b-8a87-246cde5f69af'), task_id='seed_bronze', dag_id='ecommerce_dag_pipeline', run_id='scheduled__2026-05-11T18:06:05.932581+00:00', try_number=1, dag_version_id=UUID('019dfd0d-c356-769c-9658-e2450a265e78'), map_index=-1, hostname='e3c021d3fcbf', context_carrier={'traceparent': '00-8da7d413b730466d056ba01b99de473b-1ee744691d2b1bd0-01'}, task=<Task(_PythonDecoratedOperator): seed_bronze>, bundle_instance=LocalDagBundle(name=dags-folder), max_tries=2, start_date=datetime.datetime(2026, 5, 12, 6, 3, 39, 415823, tzinfo=datetime.timezone.utc), end_date=None, state=<TaskInstanceState.RUNNING: 'running'>, is_mapped=False, rendered_map_index=None, sentry_integration='')","logger":"task","filename":"task_runner.py","lineno":1724}
{"timestamp":"2026-05-12T06:03:56.364868Z","level":"error","event":"/usr/python/lib/python3.13/multiprocessing/resource_tracker.py:400: UserWarning: resource_tracker: There appear to be 2 leaked semaphore objects to clean up at shutdown: {'/mp-067ytcgn', '/mp-ic5g94dv'}","logger":"task.stderr"}
{"timestamp":"2026-05-12T06:03:56.375125Z","level":"error","event":"  warnings.warn(","logger":"task.stderr"}
