{"timestamp":"2026-05-08T10:59:29.093444Z","level":"info","event":"DAG bundles loaded: dags-folder","logger":"airflow.dag_processing.bundles.manager.DagBundlesManager","filename":"manager.py","lineno":209}
{"timestamp":"2026-05-08T10:59:29.096504Z","level":"info","event":"Filling up the DagBag from /opt/airflow/dags/dag_pipeline.py","logger":"airflow.dag_processing.dagbag.BundleDagBag","filename":"dagbag.py","lineno":469}
{"timestamp":"2026-05-08T10:59:32.092067Z","level":"info","event":"Seeding bronze...","logger":"unusual_prefix_11c7dd38b84fb77f29c2585710943d4b7baaf7b9_dag_pipeline","filename":"dag_pipeline.py","lineno":382}
{"timestamp":"2026-05-08T10:59:32.480059Z","level":"info","event":"Tables do not exist or error occurred: (trino.exceptions.TrinoExternalError) TrinoExternalError(type=EXTERNAL, name=ICEBERG_CATALOG_ERROR, message=\"Cannot obtain metadata\", query_id=20260508_092051_00006_3cetj)\n[SQL: SELECT count(*) as cnt FROM raw_customer_events]\n(Background on this error at: https://sqlalche.me/e/20/e3q8), proceeding with seeding","logger":"unusual_prefix_11c7dd38b84fb77f29c2585710943d4b7baaf7b9_dag_pipeline","filename":"dag_pipeline.py","lineno":405}
{"timestamp":"2026-05-08T10:59:32.480614Z","level":"warning","event":"DbtOperator.execute cannot be called outside of the Task Runner!","logger":"airflow.task.operators.operators.dbt_operator.DbtOperator","filename":"operator.py","lineno":437}
{"timestamp":"2026-05-08T10:59:32.504289Z","level":"info","event":"Executing dbt command: seed --project-dir /opt/airflow/dags/ecommerce_dbt --profiles-dir /opt/airflow/dags/ecommerce_dbt --full-refresh","logger":"airflow.task.operators.operators.dbt_operator.DbtOperator","filename":"dbt_operator.py","lineno":180}
{"timestamp":"2026-05-08T10:59:32.709744Z","level":"info","event":"\u001b[0m10:59:32  Running with dbt=1.10.19","logger":"task.stdout"}
{"timestamp":"2026-05-08T10:59:32.773869Z","level":"info","event":"keyring module not found. OAuth2 token will not be stored in keyring.","logger":"trino.auth","filename":"auth.py","lineno":361}
{"timestamp":"2026-05-08T10:59:32.779723Z","level":"info","event":"keyring module not found. OAuth2 token will not be stored in keyring.","logger":"trino.auth","filename":"auth.py","lineno":361}
{"timestamp":"2026-05-08T10:59:33.465677Z","level":"info","event":"\u001b[0m10:59:33  Registered adapter: trino=1.9.3","logger":"task.stdout"}
{"timestamp":"2026-05-08T10:59:34.230186Z","level":"info","event":"\u001b[0m10:59:34  Unable to do partial parsing because of a version mismatch","logger":"task.stdout"}
{"timestamp":"2026-05-08T10:59:37.175878Z","level":"info","event":"\u001b[0m10:59:37  [\u001b[33mWARNING\u001b[0m][MissingArgumentsPropertyInGenericTestDeprecation]: Deprecated","logger":"task.stdout"}
{"timestamp":"2026-05-08T10:59:37.176555Z","level":"info","event":"functionality","logger":"task.stdout"}
{"timestamp":"2026-05-08T10:59:37.177450Z","level":"info","event":"Found top-level arguments to test `accepted_values`. Arguments to generic tests","logger":"task.stdout"}
{"timestamp":"2026-05-08T10:59:37.178018Z","level":"info","event":"should be nested under the `arguments` property.`","logger":"task.stdout"}
{"timestamp":"2026-05-08T10:59:37.390230Z","level":"info","event":"\u001b[0m10:59:37  Encountered an error:","logger":"task.stdout"}
{"timestamp":"2026-05-08T10:59:37.390697Z","level":"info","event":"Compilation Error","logger":"task.stdout"}
{"timestamp":"2026-05-08T10:59:37.391245Z","level":"info","event":"  Model 'model.ecommerce_dbt.gold_daily_revenue' (models/gold/gold_daily_revenue.sql) depends on a node named 'silver_payments' which was not found","logger":"task.stdout"}
{"timestamp":"2026-05-08T10:59:37.391762Z","level":"info","event":"\u001b[0m10:59:37  [\u001b[33mWARNING\u001b[0m][DeprecationsSummary]: Deprecated functionality","logger":"task.stdout"}
{"timestamp":"2026-05-08T10:59:37.392205Z","level":"info","event":"Summary of encountered deprecations:","logger":"task.stdout"}
{"timestamp":"2026-05-08T10:59:37.392591Z","level":"info","event":"- MissingArgumentsPropertyInGenericTestDeprecation: 8 occurrences","logger":"task.stdout"}
{"timestamp":"2026-05-08T10:59:37.393006Z","level":"info","event":"To see all deprecation instances instead of just the first occurrence of each,","logger":"task.stdout"}
{"timestamp":"2026-05-08T10:59:37.393300Z","level":"info","event":"run command again with the `--show-all-deprecations` flag. You may also need to","logger":"task.stdout"}
{"timestamp":"2026-05-08T10:59:37.393609Z","level":"info","event":"run with `--no-partial-parse` as some deprecations are only encountered during","logger":"task.stdout"}
{"timestamp":"2026-05-08T10:59:37.393910Z","level":"info","event":"parsing.","logger":"task.stdout"}
{"timestamp":"2026-05-08T10:59:38.797277Z","level":"error","event":"dbt command failed!","logger":"airflow.task.operators.operators.dbt_operator.DbtOperator","filename":"dbt_operator.py","lineno":198}
{"timestamp":"2026-05-08T10:59:38.797636Z","level":"error","event":"Exception: Compilation Error\n  Model 'model.ecommerce_dbt.gold_daily_revenue' (models/gold/gold_daily_revenue.sql) depends on a node named 'silver_payments' which was not found","logger":"airflow.task.operators.operators.dbt_operator.DbtOperator","filename":"dbt_operator.py","lineno":200}
{"timestamp":"2026-05-08T10:59:38.798068Z","level":"warning","event":"Error occurred during seeding: dbt command failed: seed --project-dir /opt/airflow/dags/ecommerce_dbt --profiles-dir /opt/airflow/dags/ecommerce_dbt --full-refresh","logger":"unusual_prefix_11c7dd38b84fb77f29c2585710943d4b7baaf7b9_dag_pipeline","filename":"dag_pipeline.py","lineno":424}
{"timestamp":"2026-05-08T10:59:38.798520Z","level":"info","event":"Done. Returned value was: {'status': 'failed', 'layer': 'bronze_seed', 'pipeline_id': 'dag_pipeline_20260508105928', 'timestamp': '2026-05-08T10:59:38.798339', 'error': 'dbt command failed: seed --project-dir /opt/airflow/dags/ecommerce_dbt --profiles-dir /opt/airflow/dags/ecommerce_dbt --full-refresh'}","logger":"airflow.task.operators.airflow.providers.standard.decorators.python._PythonDecoratedOperator","filename":"python.py","lineno":229}
{"timestamp":"2026-05-08T10:59:38.799080Z","level":"info","event":"Pushing xcom","ti":"RuntimeTaskInstance(id=UUID('019e073e-0718-7924-8809-7197525f5b05'), task_id='seed_bronze', dag_id='ecommerce_dag_pipeline', run_id='manual__2026-05-08T10:59:26.056942+00:00', try_number=1, dag_version_id=UUID('019dfd0d-c356-769c-9658-e2450a265e78'), map_index=-1, hostname='5eb477baedce', context_carrier={'traceparent': '00-dffd8247b0e61b7282e4af09900bcd90-1e87273512ef4d87-01'}, task=<Task(_PythonDecoratedOperator): seed_bronze>, bundle_instance=LocalDagBundle(name=dags-folder), max_tries=2, start_date=datetime.datetime(2026, 5, 8, 10, 59, 29, 9528, tzinfo=datetime.timezone.utc), end_date=None, state=<TaskInstanceState.RUNNING: 'running'>, is_mapped=False, rendered_map_index=None, sentry_integration='')","logger":"task","filename":"task_runner.py","lineno":1724}
{"timestamp":"2026-05-08T10:59:38.923389Z","level":"error","event":"/usr/python/lib/python3.13/multiprocessing/resource_tracker.py:400: UserWarning: resource_tracker: There appear to be 2 leaked semaphore objects to clean up at shutdown: {'/mp-e291k_bl', '/mp-_o2zhtrz'}","logger":"task.stderr"}
{"timestamp":"2026-05-08T10:59:38.933013Z","level":"error","event":"  warnings.warn(","logger":"task.stderr"}
