{"timestamp":"2026-05-12T07:45:23.247420Z","level":"info","event":"DAG bundles loaded: dags-folder","logger":"airflow.dag_processing.bundles.manager.DagBundlesManager","filename":"manager.py","lineno":209}
{"timestamp":"2026-05-12T07:45:23.252877Z","level":"info","event":"Filling up the DagBag from /opt/airflow/dags/dag_pipeline.py","logger":"airflow.dag_processing.dagbag.BundleDagBag","filename":"dagbag.py","lineno":469}
{"timestamp":"2026-05-12T07:45:25.462714Z","level":"info","event":"Transforming silver layer for pipeline: dag_pipeline_20260512074346","logger":"unusual_prefix_11c7dd38b84fb77f29c2585710943d4b7baaf7b9_dag_pipeline","filename":"dag_pipeline.py","lineno":504}
{"timestamp":"2026-05-12T07:45:25.463289Z","level":"warning","event":"DbtOperator.execute cannot be called outside of the Task Runner!","logger":"airflow.task.operators.operators.dbt_operator.DbtOperator","filename":"operator.py","lineno":437}
{"timestamp":"2026-05-12T07:45:25.468505Z","level":"info","event":"Executing dbt command: run --select tag:silver --project-dir /opt/airflow/dags/ecommerce_dbt --profiles-dir /opt/airflow/dags/ecommerce_dbt","logger":"airflow.task.operators.operators.dbt_operator.DbtOperator","filename":"dbt_operator.py","lineno":180}
{"timestamp":"2026-05-12T07:45:25.649166Z","level":"info","event":"\u001b[0m07:45:25  Running with dbt=1.10.10","logger":"task.stdout"}
{"timestamp":"2026-05-12T07:45:25.718292Z","level":"info","event":"keyring module not found. OAuth2 token will not be stored in keyring.","logger":"trino.auth","filename":"auth.py","lineno":361}
{"timestamp":"2026-05-12T07:45:25.722293Z","level":"info","event":"keyring module not found. OAuth2 token will not be stored in keyring.","logger":"trino.auth","filename":"auth.py","lineno":361}
{"timestamp":"2026-05-12T07:45:26.193595Z","level":"info","event":"\u001b[0m07:45:26  Registered adapter: trino=1.9.3","logger":"task.stdout"}
{"timestamp":"2026-05-12T07:45:27.709739Z","level":"info","event":"\u001b[0m07:45:27  Found 12 models, 4 seeds, 55 data tests, 455 macros","logger":"task.stdout"}
{"timestamp":"2026-05-12T07:45:27.714950Z","level":"info","event":"\u001b[0m07:45:27","logger":"task.stdout"}
{"timestamp":"2026-05-12T07:45:27.716010Z","level":"info","event":"\u001b[0m07:45:27  Concurrency: 4 threads (target='dev')","logger":"task.stdout"}
{"timestamp":"2026-05-12T07:45:27.716862Z","level":"info","event":"\u001b[0m07:45:27","logger":"task.stdout"}
{"timestamp":"2026-05-12T07:45:27.799221Z","level":"info","event":"\u001b[0m07:45:27  [\u001b[33mWARNING\u001b[0m]: SSL certificate validation is disabled by default. It is legacy behavior which will be changed in future releases. It is strongly advised to enable `require_certificate_validation` flag or explicitly set `cert` configuration to `True` for security reasons. You may receive an error after that if your SSL setup is incorrect.","logger":"task.stdout"}
{"timestamp":"2026-05-12T07:45:27.799689Z","level":"info","event":"You may opt into the new behavior sooner by setting `flags.require_certificate_validation` to `True` in `dbt_project.yml`.","logger":"task.stdout"}
{"timestamp":"2026-05-12T07:45:27.800012Z","level":"info","event":"Visit https://docs.getdbt.com/reference/global-configs/behavior-changes for more information.","logger":"task.stdout"}
{"timestamp":"2026-05-12T07:45:28.634618Z","level":"info","event":"\u001b[0m07:45:28  2 of 4 START sql table model bronze_raw_silver.silver_inventory_snapshots ...... [RUN]","logger":"task.stdout"}
{"timestamp":"2026-05-12T07:45:28.681705Z","level":"info","event":"\u001b[0m07:45:28  4 of 4 START sql table model bronze_raw_silver.silver_support_tickets .......... [RUN]","logger":"task.stdout"}
{"timestamp":"2026-05-12T07:45:28.686708Z","level":"info","event":"\u001b[0m07:45:28  3 of 4 START sql table model bronze_raw_silver.silver_payment_transactions ..... [RUN]","logger":"task.stdout"}
{"timestamp":"2026-05-12T07:45:28.688649Z","level":"info","event":"\u001b[0m07:45:28  1 of 4 START sql table model bronze_raw_silver.silver_customer_events .......... [RUN]","logger":"task.stdout"}
{"timestamp":"2026-05-12T07:45:29.479071Z","level":"info","event":"\u001b[0m07:45:29  4 of 4 ERROR creating sql table model bronze_raw_silver.silver_support_tickets . [\u001b[31mERROR\u001b[0m in 0.81s]","logger":"task.stdout"}
{"timestamp":"2026-05-12T07:45:29.496681Z","level":"info","event":"\u001b[0m07:45:29  1 of 4 ERROR creating sql table model bronze_raw_silver.silver_customer_events . [\u001b[31mERROR\u001b[0m in 0.80s]","logger":"task.stdout"}
{"timestamp":"2026-05-12T07:45:33.997817Z","level":"info","event":"\u001b[0m07:45:33  2 of 4 OK created sql table model bronze_raw_silver.silver_inventory_snapshots . [\u001b[32mCREATE TABLE (200 rows)\u001b[0m in 5.29s]","logger":"task.stdout"}
{"timestamp":"2026-05-12T07:45:34.227195Z","level":"info","event":"\u001b[0m07:45:34  3 of 4 OK created sql table model bronze_raw_silver.silver_payment_transactions  [\u001b[32mCREATE TABLE (200 rows)\u001b[0m in 5.58s]","logger":"task.stdout"}
{"timestamp":"2026-05-12T07:45:34.237482Z","level":"info","event":"\u001b[0m07:45:34","logger":"task.stdout"}
{"timestamp":"2026-05-12T07:45:34.238689Z","level":"info","event":"\u001b[0m07:45:34  Finished running 4 table models in 0 hours 0 minutes and 6.52 seconds (6.52s).","logger":"task.stdout"}
{"timestamp":"2026-05-12T07:45:34.434816Z","level":"info","event":"\u001b[0m07:45:34","logger":"task.stdout"}
{"timestamp":"2026-05-12T07:45:34.437728Z","level":"info","event":"\u001b[0m07:45:34  \u001b[31mCompleted with 2 errors, 0 partial successes, and 0 warnings:\u001b[0m","logger":"task.stdout"}
{"timestamp":"2026-05-12T07:45:34.439411Z","level":"info","event":"\u001b[0m07:45:34","logger":"task.stdout"}
{"timestamp":"2026-05-12T07:45:34.440984Z","level":"info","event":"\u001b[0m07:45:34  \u001b[31mFailure in model silver_support_tickets (models/silver/silver_support_tickets.sql)\u001b[0m","logger":"task.stdout"}
{"timestamp":"2026-05-12T07:45:34.442028Z","level":"info","event":"\u001b[0m07:45:34    Database Error in model silver_support_tickets (models/silver/silver_support_tickets.sql)","logger":"task.stdout"}
{"timestamp":"2026-05-12T07:45:34.442407Z","level":"info","event":"  TrinoUserError(type=USER_ERROR, name=SYNTAX_ERROR, message=\"line 51:18: Invalid EXTRACT field EPOCH, valid fields are: YEAR, QUARTER, MONTH, WEEK, DAY, DAY_OF_MONTH, DAY_OF_WEEK, DOW, DAY_OF_YEAR, DOY, YEAR_OF_WEEK, YOW, HOUR, MINUTE, SECOND, TIMEZONE_MINUTE, TIMEZONE_HOUR\", query_id=20260512_074529_00468_u872h)","logger":"task.stdout"}
{"timestamp":"2026-05-12T07:45:34.442688Z","level":"info","event":"  compiled code at target/run/ecommerce_dbt/models/silver/silver_support_tickets.sql","logger":"task.stdout"}
{"timestamp":"2026-05-12T07:45:34.443039Z","level":"info","event":"\u001b[0m07:45:34","logger":"task.stdout"}
{"timestamp":"2026-05-12T07:45:34.443733Z","level":"info","event":"\u001b[0m07:45:34    compiled code at target/compiled/ecommerce_dbt/models/silver/silver_support_tickets.sql","logger":"task.stdout"}
{"timestamp":"2026-05-12T07:45:34.444638Z","level":"info","event":"\u001b[0m07:45:34","logger":"task.stdout"}
{"timestamp":"2026-05-12T07:45:34.445629Z","level":"info","event":"\u001b[0m07:45:34  \u001b[31mFailure in model silver_customer_events (models/silver/silver_customer_events.sql)\u001b[0m","logger":"task.stdout"}
{"timestamp":"2026-05-12T07:45:34.446638Z","level":"info","event":"\u001b[0m07:45:34    Database Error in model silver_customer_events (models/silver/silver_customer_events.sql)","logger":"task.stdout"}
{"timestamp":"2026-05-12T07:45:34.446977Z","level":"info","event":"  TrinoUserError(type=USER_ERROR, name=SYNTAX_ERROR, message=\"line 37:9: mismatched input 'DATE_DIFF'. Expecting: ')', ',', 'EXCEPT', 'FETCH', 'FROM', 'GROUP', 'HAVING', 'INTERSECT', 'LIMIT', 'OFFSET', 'ORDER', 'UNION', 'WHERE', 'WINDOW'\", query_id=20260512_074529_00466_u872h)","logger":"task.stdout"}
{"timestamp":"2026-05-12T07:45:34.447249Z","level":"info","event":"  compiled code at target/run/ecommerce_dbt/models/silver/silver_customer_events.sql","logger":"task.stdout"}
{"timestamp":"2026-05-12T07:45:34.447636Z","level":"info","event":"\u001b[0m07:45:34","logger":"task.stdout"}
{"timestamp":"2026-05-12T07:45:34.448399Z","level":"info","event":"\u001b[0m07:45:34    compiled code at target/compiled/ecommerce_dbt/models/silver/silver_customer_events.sql","logger":"task.stdout"}
{"timestamp":"2026-05-12T07:45:34.450977Z","level":"info","event":"\u001b[0m07:45:34","logger":"task.stdout"}
{"timestamp":"2026-05-12T07:45:34.451486Z","level":"info","event":"\u001b[0m07:45:34  Done. PASS=2 WARN=0 ERROR=2 SKIP=0 NO-OP=0 TOTAL=4","logger":"task.stdout"}
{"timestamp":"2026-05-12T07:45:35.523046Z","level":"error","event":"dbt command failed!","logger":"airflow.task.operators.operators.dbt_operator.DbtOperator","filename":"dbt_operator.py","lineno":198}
{"timestamp":"2026-05-12T07:45:35.523460Z","level":"warning","event":"Error occurred during transformation: dbt command failed: run --select tag:silver --project-dir /opt/airflow/dags/ecommerce_dbt --profiles-dir /opt/airflow/dags/ecommerce_dbt","logger":"unusual_prefix_11c7dd38b84fb77f29c2585710943d4b7baaf7b9_dag_pipeline","filename":"dag_pipeline.py","lineno":522}
{"timestamp":"2026-05-12T07:45:35.523675Z","level":"error","event":"Task failed with exception","logger":"task","filename":"task_runner.py","lineno":1325,"error_detail":[{"exc_type":"AirflowException","exc_value":"dbt command failed: run --select tag:silver --project-dir /opt/airflow/dags/ecommerce_dbt --profiles-dir /opt/airflow/dags/ecommerce_dbt","exc_notes":[],"syntax_error":null,"is_cause":false,"frames":[{"filename":"/home/airflow/.local/lib/python3.13/site-packages/airflow/sdk/execution_time/task_runner.py","lineno":1263,"name":"run"},{"filename":"/home/airflow/.local/lib/python3.13/site-packages/airflow/sdk/execution_time/task_runner.py","lineno":1678,"name":"_execute_task"},{"filename":"/home/airflow/.local/lib/python3.13/site-packages/airflow/sdk/bases/operator.py","lineno":443,"name":"wrapper"},{"filename":"/home/airflow/.local/lib/python3.13/site-packages/airflow/sdk/bases/decorator.py","lineno":398,"name":"execute"},{"filename":"/home/airflow/.local/lib/python3.13/site-packages/airflow/sdk/bases/operator.py","lineno":443,"name":"wrapper"},{"filename":"/home/airflow/.local/lib/python3.13/site-packages/airflow/providers/standard/operators/python.py","lineno":227,"name":"execute"},{"filename":"/home/airflow/.local/lib/python3.13/site-packages/airflow/providers/standard/operators/python.py","lineno":250,"name":"execute_callable"},{"filename":"/home/airflow/.local/lib/python3.13/site-packages/airflow/sdk/execution_time/callback_runner.py","lineno":97,"name":"run"},{"filename":"/opt/airflow/dags/dag_pipeline.py","lineno":514,"name":"transform_silver_layer"},{"filename":"/home/airflow/.local/lib/python3.13/site-packages/airflow/sdk/bases/operator.py","lineno":443,"name":"wrapper"},{"filename":"/opt/airflow/dags/operators/dbt_operator.py","lineno":201,"name":"execute"}],"is_group":false,"exceptions":[]}]}
{"timestamp":"2026-05-12T07:45:35.561541Z","level":"error","event":"/usr/python/lib/python3.13/multiprocessing/resource_tracker.py:400: UserWarning: resource_tracker: There appear to be 2 leaked semaphore objects to clean up at shutdown: {'/mp-ae2iru_1', '/mp-thtjif0x'}","logger":"task.stderr"}
{"timestamp":"2026-05-12T07:45:35.565039Z","level":"error","event":"  warnings.warn(","logger":"task.stderr"}
