{"timestamp":"2026-05-12T07:44:25.475859Z","level":"info","event":"DAG bundles loaded: dags-folder","logger":"airflow.dag_processing.bundles.manager.DagBundlesManager","filename":"manager.py","lineno":209}
{"timestamp":"2026-05-12T07:44:25.478076Z","level":"info","event":"Filling up the DagBag from /opt/airflow/dags/dag_pipeline.py","logger":"airflow.dag_processing.dagbag.BundleDagBag","filename":"dagbag.py","lineno":469}
{"timestamp":"2026-05-12T07:44:27.915894Z","level":"info","event":"Transforming silver layer for pipeline: dag_pipeline_20260512074346","logger":"unusual_prefix_11c7dd38b84fb77f29c2585710943d4b7baaf7b9_dag_pipeline","filename":"dag_pipeline.py","lineno":504}
{"timestamp":"2026-05-12T07:44:27.916391Z","level":"warning","event":"DbtOperator.execute cannot be called outside of the Task Runner!","logger":"airflow.task.operators.operators.dbt_operator.DbtOperator","filename":"operator.py","lineno":437}
{"timestamp":"2026-05-12T07:44:27.923128Z","level":"info","event":"Executing dbt command: run --select tag:silver --project-dir /opt/airflow/dags/ecommerce_dbt --profiles-dir /opt/airflow/dags/ecommerce_dbt","logger":"airflow.task.operators.operators.dbt_operator.DbtOperator","filename":"dbt_operator.py","lineno":180}
{"timestamp":"2026-05-12T07:44:28.104354Z","level":"info","event":"\u001b[0m07:44:28  Running with dbt=1.10.10","logger":"task.stdout"}
{"timestamp":"2026-05-12T07:44:28.196711Z","level":"info","event":"keyring module not found. OAuth2 token will not be stored in keyring.","logger":"trino.auth","filename":"auth.py","lineno":361}
{"timestamp":"2026-05-12T07:44:28.201485Z","level":"info","event":"keyring module not found. OAuth2 token will not be stored in keyring.","logger":"trino.auth","filename":"auth.py","lineno":361}
{"timestamp":"2026-05-12T07:44:28.683585Z","level":"info","event":"\u001b[0m07:44:28  Registered adapter: trino=1.9.3","logger":"task.stdout"}
{"timestamp":"2026-05-12T07:44:29.913360Z","level":"info","event":"\u001b[0m07:44:29  Found 12 models, 4 seeds, 55 data tests, 455 macros","logger":"task.stdout"}
{"timestamp":"2026-05-12T07:44:29.924783Z","level":"info","event":"\u001b[0m07:44:29","logger":"task.stdout"}
{"timestamp":"2026-05-12T07:44:29.932920Z","level":"info","event":"\u001b[0m07:44:29  Concurrency: 4 threads (target='dev')","logger":"task.stdout"}
{"timestamp":"2026-05-12T07:44:29.935877Z","level":"info","event":"\u001b[0m07:44:29","logger":"task.stdout"}
{"timestamp":"2026-05-12T07:44:30.036056Z","level":"info","event":"\u001b[0m07:44:30  [\u001b[33mWARNING\u001b[0m]: SSL certificate validation is disabled by default. It is legacy behavior which will be changed in future releases. It is strongly advised to enable `require_certificate_validation` flag or explicitly set `cert` configuration to `True` for security reasons. You may receive an error after that if your SSL setup is incorrect.","logger":"task.stdout"}
{"timestamp":"2026-05-12T07:44:30.038656Z","level":"info","event":"You may opt into the new behavior sooner by setting `flags.require_certificate_validation` to `True` in `dbt_project.yml`.","logger":"task.stdout"}
{"timestamp":"2026-05-12T07:44:30.040995Z","level":"info","event":"Visit https://docs.getdbt.com/reference/global-configs/behavior-changes for more information.","logger":"task.stdout"}
{"timestamp":"2026-05-12T07:44:30.918033Z","level":"info","event":"\u001b[0m07:44:30  1 of 4 START sql table model bronze_raw_silver.silver_customer_events .......... [RUN]","logger":"task.stdout"}
{"timestamp":"2026-05-12T07:44:30.944941Z","level":"info","event":"\u001b[0m07:44:30  2 of 4 START sql table model bronze_raw_silver.silver_inventory_snapshots ...... [RUN]","logger":"task.stdout"}
{"timestamp":"2026-05-12T07:44:30.945383Z","level":"info","event":"\u001b[0m07:44:30  4 of 4 START sql table model bronze_raw_silver.silver_support_tickets .......... [RUN]","logger":"task.stdout"}
{"timestamp":"2026-05-12T07:44:30.945721Z","level":"info","event":"\u001b[0m07:44:30  3 of 4 START sql table model bronze_raw_silver.silver_payment_transactions ..... [RUN]","logger":"task.stdout"}
{"timestamp":"2026-05-12T07:44:31.232657Z","level":"info","event":"\u001b[0m07:44:31  1 of 4 ERROR creating sql table model bronze_raw_silver.silver_customer_events . [\u001b[31mERROR\u001b[0m in 0.31s]","logger":"task.stdout"}
{"timestamp":"2026-05-12T07:44:31.260631Z","level":"info","event":"\u001b[0m07:44:31  4 of 4 ERROR creating sql table model bronze_raw_silver.silver_support_tickets . [\u001b[31mERROR\u001b[0m in 0.33s]","logger":"task.stdout"}
{"timestamp":"2026-05-12T07:44:33.763370Z","level":"info","event":"\u001b[0m07:44:33  3 of 4 OK created sql table model bronze_raw_silver.silver_payment_transactions  [\u001b[32mCREATE TABLE (200 rows)\u001b[0m in 2.84s]","logger":"task.stdout"}
{"timestamp":"2026-05-12T07:44:34.404198Z","level":"info","event":"\u001b[0m07:44:34  2 of 4 OK created sql table model bronze_raw_silver.silver_inventory_snapshots . [\u001b[32mCREATE TABLE (200 rows)\u001b[0m in 3.48s]","logger":"task.stdout"}
{"timestamp":"2026-05-12T07:44:34.415684Z","level":"info","event":"\u001b[0m07:44:34","logger":"task.stdout"}
{"timestamp":"2026-05-12T07:44:34.416818Z","level":"info","event":"\u001b[0m07:44:34  Finished running 4 table models in 0 hours 0 minutes and 4.48 seconds (4.48s).","logger":"task.stdout"}
{"timestamp":"2026-05-12T07:44:34.613157Z","level":"info","event":"\u001b[0m07:44:34","logger":"task.stdout"}
{"timestamp":"2026-05-12T07:44:34.614354Z","level":"info","event":"\u001b[0m07:44:34  \u001b[31mCompleted with 2 errors, 0 partial successes, and 0 warnings:\u001b[0m","logger":"task.stdout"}
{"timestamp":"2026-05-12T07:44:34.615442Z","level":"info","event":"\u001b[0m07:44:34","logger":"task.stdout"}
{"timestamp":"2026-05-12T07:44:34.616875Z","level":"info","event":"\u001b[0m07:44:34  \u001b[31mFailure in model silver_customer_events (models/silver/silver_customer_events.sql)\u001b[0m","logger":"task.stdout"}
{"timestamp":"2026-05-12T07:44:34.618694Z","level":"info","event":"\u001b[0m07:44:34    Database Error in model silver_customer_events (models/silver/silver_customer_events.sql)","logger":"task.stdout"}
{"timestamp":"2026-05-12T07:44:34.619223Z","level":"info","event":"  TrinoUserError(type=USER_ERROR, name=SYNTAX_ERROR, message=\"line 37:9: mismatched input 'DATE_DIFF'. Expecting: ')', ',', 'EXCEPT', 'FETCH', 'FROM', 'GROUP', 'HAVING', 'INTERSECT', 'LIMIT', 'OFFSET', 'ORDER', 'UNION', 'WHERE', 'WINDOW'\", query_id=20260512_074431_00435_u872h)","logger":"task.stdout"}
{"timestamp":"2026-05-12T07:44:34.620206Z","level":"info","event":"  compiled code at target/run/ecommerce_dbt/models/silver/silver_customer_events.sql","logger":"task.stdout"}
{"timestamp":"2026-05-12T07:44:34.620710Z","level":"info","event":"\u001b[0m07:44:34","logger":"task.stdout"}
{"timestamp":"2026-05-12T07:44:34.621419Z","level":"info","event":"\u001b[0m07:44:34    compiled code at target/compiled/ecommerce_dbt/models/silver/silver_customer_events.sql","logger":"task.stdout"}
{"timestamp":"2026-05-12T07:44:34.622353Z","level":"info","event":"\u001b[0m07:44:34","logger":"task.stdout"}
{"timestamp":"2026-05-12T07:44:34.623622Z","level":"info","event":"\u001b[0m07:44:34  \u001b[31mFailure in model silver_support_tickets (models/silver/silver_support_tickets.sql)\u001b[0m","logger":"task.stdout"}
{"timestamp":"2026-05-12T07:44:34.625912Z","level":"info","event":"\u001b[0m07:44:34    Database Error in model silver_support_tickets (models/silver/silver_support_tickets.sql)","logger":"task.stdout"}
{"timestamp":"2026-05-12T07:44:34.626488Z","level":"info","event":"  TrinoUserError(type=USER_ERROR, name=SYNTAX_ERROR, message=\"line 51:18: Invalid EXTRACT field EPOCH, valid fields are: YEAR, QUARTER, MONTH, WEEK, DAY, DAY_OF_MONTH, DAY_OF_WEEK, DOW, DAY_OF_YEAR, DOY, YEAR_OF_WEEK, YOW, HOUR, MINUTE, SECOND, TIMEZONE_MINUTE, TIMEZONE_HOUR\", query_id=20260512_074431_00438_u872h)","logger":"task.stdout"}
{"timestamp":"2026-05-12T07:44:34.627011Z","level":"info","event":"  compiled code at target/run/ecommerce_dbt/models/silver/silver_support_tickets.sql","logger":"task.stdout"}
{"timestamp":"2026-05-12T07:44:34.627641Z","level":"info","event":"\u001b[0m07:44:34","logger":"task.stdout"}
{"timestamp":"2026-05-12T07:44:34.628469Z","level":"info","event":"\u001b[0m07:44:34    compiled code at target/compiled/ecommerce_dbt/models/silver/silver_support_tickets.sql","logger":"task.stdout"}
{"timestamp":"2026-05-12T07:44:34.629066Z","level":"info","event":"\u001b[0m07:44:34","logger":"task.stdout"}
{"timestamp":"2026-05-12T07:44:34.630071Z","level":"info","event":"\u001b[0m07:44:34  Done. PASS=2 WARN=0 ERROR=2 SKIP=0 NO-OP=0 TOTAL=4","logger":"task.stdout"}
{"timestamp":"2026-05-12T07:44:35.566774Z","level":"error","event":"dbt command failed!","logger":"airflow.task.operators.operators.dbt_operator.DbtOperator","filename":"dbt_operator.py","lineno":198}
{"timestamp":"2026-05-12T07:44:35.567217Z","level":"warning","event":"Error occurred during transformation: dbt command failed: run --select tag:silver --project-dir /opt/airflow/dags/ecommerce_dbt --profiles-dir /opt/airflow/dags/ecommerce_dbt","logger":"unusual_prefix_11c7dd38b84fb77f29c2585710943d4b7baaf7b9_dag_pipeline","filename":"dag_pipeline.py","lineno":522}
{"timestamp":"2026-05-12T07:44:35.567473Z","level":"error","event":"Task failed with exception","logger":"task","filename":"task_runner.py","lineno":1325,"error_detail":[{"exc_type":"AirflowException","exc_value":"dbt command failed: run --select tag:silver --project-dir /opt/airflow/dags/ecommerce_dbt --profiles-dir /opt/airflow/dags/ecommerce_dbt","exc_notes":[],"syntax_error":null,"is_cause":false,"frames":[{"filename":"/home/airflow/.local/lib/python3.13/site-packages/airflow/sdk/execution_time/task_runner.py","lineno":1263,"name":"run"},{"filename":"/home/airflow/.local/lib/python3.13/site-packages/airflow/sdk/execution_time/task_runner.py","lineno":1678,"name":"_execute_task"},{"filename":"/home/airflow/.local/lib/python3.13/site-packages/airflow/sdk/bases/operator.py","lineno":443,"name":"wrapper"},{"filename":"/home/airflow/.local/lib/python3.13/site-packages/airflow/sdk/bases/decorator.py","lineno":398,"name":"execute"},{"filename":"/home/airflow/.local/lib/python3.13/site-packages/airflow/sdk/bases/operator.py","lineno":443,"name":"wrapper"},{"filename":"/home/airflow/.local/lib/python3.13/site-packages/airflow/providers/standard/operators/python.py","lineno":227,"name":"execute"},{"filename":"/home/airflow/.local/lib/python3.13/site-packages/airflow/providers/standard/operators/python.py","lineno":250,"name":"execute_callable"},{"filename":"/home/airflow/.local/lib/python3.13/site-packages/airflow/sdk/execution_time/callback_runner.py","lineno":97,"name":"run"},{"filename":"/opt/airflow/dags/dag_pipeline.py","lineno":514,"name":"transform_silver_layer"},{"filename":"/home/airflow/.local/lib/python3.13/site-packages/airflow/sdk/bases/operator.py","lineno":443,"name":"wrapper"},{"filename":"/opt/airflow/dags/operators/dbt_operator.py","lineno":201,"name":"execute"}],"is_group":false,"exceptions":[]}]}
{"timestamp":"2026-05-12T07:44:35.666135Z","level":"error","event":"/usr/python/lib/python3.13/multiprocessing/resource_tracker.py:400: UserWarning: resource_tracker: There appear to be 2 leaked semaphore objects to clean up at shutdown: {'/mp-aoxnhea_', '/mp-jayfb0qr'}","logger":"task.stderr"}
{"timestamp":"2026-05-12T07:44:35.666799Z","level":"error","event":"  warnings.warn(","logger":"task.stderr"}
