{"timestamp":"2026-05-12T06:40:24.973974Z","level":"info","event":"DAG bundles loaded: dags-folder","logger":"airflow.dag_processing.bundles.manager.DagBundlesManager","filename":"manager.py","lineno":209}
{"timestamp":"2026-05-12T06:40:24.982408Z","level":"info","event":"Filling up the DagBag from /opt/airflow/dags/dag_pipeline.py","logger":"airflow.dag_processing.dagbag.BundleDagBag","filename":"dagbag.py","lineno":469}
{"timestamp":"2026-05-12T06:40:27.529801Z","level":"info","event":"Transforming bronze...","logger":"unusual_prefix_11c7dd38b84fb77f29c2585710943d4b7baaf7b9_dag_pipeline","filename":"dag_pipeline.py","lineno":448}
{"timestamp":"2026-05-12T06:40:27.530330Z","level":"warning","event":"DbtOperator.execute cannot be called outside of the Task Runner!","logger":"airflow.task.operators.operators.dbt_operator.DbtOperator","filename":"operator.py","lineno":437}
{"timestamp":"2026-05-12T06:40:27.533579Z","level":"info","event":"Executing dbt command: run --select tag:bronze --project-dir /opt/airflow/dags/ecommerce_dbt --profiles-dir /opt/airflow/dags/ecommerce_dbt","logger":"airflow.task.operators.operators.dbt_operator.DbtOperator","filename":"dbt_operator.py","lineno":180}
{"timestamp":"2026-05-12T06:40:27.708040Z","level":"info","event":"\u001b[0m06:40:27  Running with dbt=1.10.10","logger":"task.stdout"}
{"timestamp":"2026-05-12T06:40:27.780555Z","level":"info","event":"keyring module not found. OAuth2 token will not be stored in keyring.","logger":"trino.auth","filename":"auth.py","lineno":361}
{"timestamp":"2026-05-12T06:40:27.784996Z","level":"info","event":"keyring module not found. OAuth2 token will not be stored in keyring.","logger":"trino.auth","filename":"auth.py","lineno":361}
{"timestamp":"2026-05-12T06:40:28.240188Z","level":"info","event":"\u001b[0m06:40:28  Registered adapter: trino=1.9.3","logger":"task.stdout"}
{"timestamp":"2026-05-12T06:40:29.387845Z","level":"info","event":"\u001b[0m06:40:29  Found 12 models, 4 seeds, 55 data tests, 455 macros","logger":"task.stdout"}
{"timestamp":"2026-05-12T06:40:29.393902Z","level":"info","event":"\u001b[0m06:40:29","logger":"task.stdout"}
{"timestamp":"2026-05-12T06:40:29.394766Z","level":"info","event":"\u001b[0m06:40:29  Concurrency: 4 threads (target='dev')","logger":"task.stdout"}
{"timestamp":"2026-05-12T06:40:29.395841Z","level":"info","event":"\u001b[0m06:40:29","logger":"task.stdout"}
{"timestamp":"2026-05-12T06:40:29.497237Z","level":"info","event":"\u001b[0m06:40:29  [\u001b[33mWARNING\u001b[0m]: SSL certificate validation is disabled by default. It is legacy behavior which will be changed in future releases. It is strongly advised to enable `require_certificate_validation` flag or explicitly set `cert` configuration to `True` for security reasons. You may receive an error after that if your SSL setup is incorrect.","logger":"task.stdout"}
{"timestamp":"2026-05-12T06:40:29.510003Z","level":"info","event":"You may opt into the new behavior sooner by setting `flags.require_certificate_validation` to `True` in `dbt_project.yml`.","logger":"task.stdout"}
{"timestamp":"2026-05-12T06:40:29.511894Z","level":"info","event":"Visit https://docs.getdbt.com/reference/global-configs/behavior-changes for more information.","logger":"task.stdout"}
{"timestamp":"2026-05-12T06:40:31.173142Z","level":"info","event":"\u001b[0m06:40:31  2 of 4 START sql table model bronze_bronze.bronze_inventory_snapshots .......... [RUN]","logger":"task.stdout"}
{"timestamp":"2026-05-12T06:40:31.215690Z","level":"info","event":"\u001b[0m06:40:31  1 of 4 START sql table model bronze_bronze.bronze_customer_events .............. [RUN]","logger":"task.stdout"}
{"timestamp":"2026-05-12T06:40:31.216352Z","level":"info","event":"\u001b[0m06:40:31  3 of 4 START sql table model bronze_bronze.bronze_payment_transactions ......... [RUN]","logger":"task.stdout"}
{"timestamp":"2026-05-12T06:40:31.216794Z","level":"info","event":"\u001b[0m06:40:31  4 of 4 START sql table model bronze_bronze.bronze_support_tickets .............. [RUN]","logger":"task.stdout"}
{"timestamp":"2026-05-12T06:40:31.500167Z","level":"info","event":"\u001b[0m06:40:31  1 of 4 ERROR creating sql table model bronze_bronze.bronze_customer_events ..... [\u001b[31mERROR\u001b[0m in 0.28s]","logger":"task.stdout"}
{"timestamp":"2026-05-12T06:40:31.504657Z","level":"info","event":"\u001b[0m06:40:31  4 of 4 ERROR creating sql table model bronze_bronze.bronze_support_tickets ..... [\u001b[31mERROR\u001b[0m in 0.32s]","logger":"task.stdout"}
{"timestamp":"2026-05-12T06:40:31.538040Z","level":"info","event":"\u001b[0m06:40:31  2 of 4 ERROR creating sql table model bronze_bronze.bronze_inventory_snapshots . [\u001b[31mERROR\u001b[0m in 0.36s]","logger":"task.stdout"}
{"timestamp":"2026-05-12T06:40:32.455085Z","level":"info","event":"\u001b[0m06:40:32  3 of 4 OK created sql table model bronze_bronze.bronze_payment_transactions .... [\u001b[32mCREATE TABLE (200 rows)\u001b[0m in 1.27s]","logger":"task.stdout"}
{"timestamp":"2026-05-12T06:40:32.466831Z","level":"info","event":"\u001b[0m06:40:32","logger":"task.stdout"}
{"timestamp":"2026-05-12T06:40:32.468338Z","level":"info","event":"\u001b[0m06:40:32  Finished running 4 table models in 0 hours 0 minutes and 3.07 seconds (3.07s).","logger":"task.stdout"}
{"timestamp":"2026-05-12T06:40:32.578184Z","level":"info","event":"\u001b[0m06:40:32","logger":"task.stdout"}
{"timestamp":"2026-05-12T06:40:32.579176Z","level":"info","event":"\u001b[0m06:40:32  \u001b[31mCompleted with 3 errors, 0 partial successes, and 0 warnings:\u001b[0m","logger":"task.stdout"}
{"timestamp":"2026-05-12T06:40:32.580232Z","level":"info","event":"\u001b[0m06:40:32","logger":"task.stdout"}
{"timestamp":"2026-05-12T06:40:32.581425Z","level":"info","event":"\u001b[0m06:40:32  \u001b[31mFailure in model bronze_support_tickets (models/bronze/bronze_support_tickets.sql)\u001b[0m","logger":"task.stdout"}
{"timestamp":"2026-05-12T06:40:32.582873Z","level":"info","event":"\u001b[0m06:40:32    Database Error in model bronze_support_tickets (models/bronze/bronze_support_tickets.sql)","logger":"task.stdout"}
{"timestamp":"2026-05-12T06:40:32.583394Z","level":"info","event":"  TrinoUserError(type=USER_ERROR, name=SYNTAX_ERROR, message=\"line 22:118: mismatched input ','. Expecting: '%', '(', '*', '+', '-', '.', '/', 'AND', 'AT', 'ELSE', 'END', 'OR', 'WHEN', '[', '||', <predicate>\", query_id=20260512_064031_00077_u872h)","logger":"task.stdout"}
{"timestamp":"2026-05-12T06:40:32.583819Z","level":"info","event":"  compiled code at target/run/ecommerce_dbt/models/bronze/bronze_support_tickets.sql","logger":"task.stdout"}
{"timestamp":"2026-05-12T06:40:32.585334Z","level":"info","event":"\u001b[0m06:40:32","logger":"task.stdout"}
{"timestamp":"2026-05-12T06:40:32.585994Z","level":"info","event":"\u001b[0m06:40:32    compiled code at target/compiled/ecommerce_dbt/models/bronze/bronze_support_tickets.sql","logger":"task.stdout"}
{"timestamp":"2026-05-12T06:40:32.586687Z","level":"info","event":"\u001b[0m06:40:32","logger":"task.stdout"}
{"timestamp":"2026-05-12T06:40:32.587788Z","level":"info","event":"\u001b[0m06:40:32  \u001b[31mFailure in model bronze_customer_events (models/bronze/bronze_customer_events.sql)\u001b[0m","logger":"task.stdout"}
{"timestamp":"2026-05-12T06:40:32.588936Z","level":"info","event":"\u001b[0m06:40:32    Database Error in model bronze_customer_events (models/bronze/bronze_customer_events.sql)","logger":"task.stdout"}
{"timestamp":"2026-05-12T06:40:32.589349Z","level":"info","event":"  TrinoUserError(type=USER_ERROR, name=SYNTAX_ERROR, message=\"line 28:1: mismatched input 'FROM'. Expecting: '*', <expression>\", query_id=20260512_064031_00074_u872h)","logger":"task.stdout"}
{"timestamp":"2026-05-12T06:40:32.589715Z","level":"info","event":"  compiled code at target/run/ecommerce_dbt/models/bronze/bronze_customer_events.sql","logger":"task.stdout"}
{"timestamp":"2026-05-12T06:40:32.590235Z","level":"info","event":"\u001b[0m06:40:32","logger":"task.stdout"}
{"timestamp":"2026-05-12T06:40:32.590717Z","level":"info","event":"\u001b[0m06:40:32    compiled code at target/compiled/ecommerce_dbt/models/bronze/bronze_customer_events.sql","logger":"task.stdout"}
{"timestamp":"2026-05-12T06:40:32.591654Z","level":"info","event":"\u001b[0m06:40:32","logger":"task.stdout"}
{"timestamp":"2026-05-12T06:40:32.592677Z","level":"info","event":"\u001b[0m06:40:32  \u001b[31mFailure in model bronze_inventory_snapshots (models/bronze/bronze_inventory_snapshots.sql)\u001b[0m","logger":"task.stdout"}
{"timestamp":"2026-05-12T06:40:32.593629Z","level":"info","event":"\u001b[0m06:40:32    Database Error in model bronze_inventory_snapshots (models/bronze/bronze_inventory_snapshots.sql)","logger":"task.stdout"}
{"timestamp":"2026-05-12T06:40:32.594020Z","level":"info","event":"  TrinoUserError(type=USER_ERROR, name=COLUMN_NOT_FOUND, message=\"line 19:9: Column 'quantity_avaliable' cannot be resolved\", query_id=20260512_064031_00075_u872h)","logger":"task.stdout"}
{"timestamp":"2026-05-12T06:40:32.594464Z","level":"info","event":"  compiled code at target/run/ecommerce_dbt/models/bronze/bronze_inventory_snapshots.sql","logger":"task.stdout"}
{"timestamp":"2026-05-12T06:40:32.594990Z","level":"info","event":"\u001b[0m06:40:32","logger":"task.stdout"}
{"timestamp":"2026-05-12T06:40:32.595512Z","level":"info","event":"\u001b[0m06:40:32    compiled code at target/compiled/ecommerce_dbt/models/bronze/bronze_inventory_snapshots.sql","logger":"task.stdout"}
{"timestamp":"2026-05-12T06:40:32.596267Z","level":"info","event":"\u001b[0m06:40:32","logger":"task.stdout"}
{"timestamp":"2026-05-12T06:40:32.598877Z","level":"info","event":"\u001b[0m06:40:32  Done. PASS=1 WARN=0 ERROR=3 SKIP=0 NO-OP=0 TOTAL=4","logger":"task.stdout"}
{"timestamp":"2026-05-12T06:40:33.502866Z","level":"error","event":"dbt command failed!","logger":"airflow.task.operators.operators.dbt_operator.DbtOperator","filename":"dbt_operator.py","lineno":198}
{"timestamp":"2026-05-12T06:40:33.503187Z","level":"warning","event":"Error occurred during transformation: dbt command failed: run --select tag:bronze --project-dir /opt/airflow/dags/ecommerce_dbt --profiles-dir /opt/airflow/dags/ecommerce_dbt","logger":"unusual_prefix_11c7dd38b84fb77f29c2585710943d4b7baaf7b9_dag_pipeline","filename":"dag_pipeline.py","lineno":468}
{"timestamp":"2026-05-12T06:40:33.503404Z","level":"error","event":"Task failed with exception","logger":"task","filename":"task_runner.py","lineno":1325,"error_detail":[{"exc_type":"AirflowException","exc_value":"dbt command failed: run --select tag:bronze --project-dir /opt/airflow/dags/ecommerce_dbt --profiles-dir /opt/airflow/dags/ecommerce_dbt","exc_notes":[],"syntax_error":null,"is_cause":false,"frames":[{"filename":"/home/airflow/.local/lib/python3.13/site-packages/airflow/sdk/execution_time/task_runner.py","lineno":1263,"name":"run"},{"filename":"/home/airflow/.local/lib/python3.13/site-packages/airflow/sdk/execution_time/task_runner.py","lineno":1678,"name":"_execute_task"},{"filename":"/home/airflow/.local/lib/python3.13/site-packages/airflow/sdk/bases/operator.py","lineno":443,"name":"wrapper"},{"filename":"/home/airflow/.local/lib/python3.13/site-packages/airflow/sdk/bases/decorator.py","lineno":398,"name":"execute"},{"filename":"/home/airflow/.local/lib/python3.13/site-packages/airflow/sdk/bases/operator.py","lineno":443,"name":"wrapper"},{"filename":"/home/airflow/.local/lib/python3.13/site-packages/airflow/providers/standard/operators/python.py","lineno":227,"name":"execute"},{"filename":"/home/airflow/.local/lib/python3.13/site-packages/airflow/providers/standard/operators/python.py","lineno":250,"name":"execute_callable"},{"filename":"/home/airflow/.local/lib/python3.13/site-packages/airflow/sdk/execution_time/callback_runner.py","lineno":97,"name":"run"},{"filename":"/opt/airflow/dags/dag_pipeline.py","lineno":459,"name":"transform_bronze_layer"},{"filename":"/home/airflow/.local/lib/python3.13/site-packages/airflow/sdk/bases/operator.py","lineno":443,"name":"wrapper"},{"filename":"/opt/airflow/dags/operators/dbt_operator.py","lineno":201,"name":"execute"}],"is_group":false,"exceptions":[]}]}
{"timestamp":"2026-05-12T06:40:33.734230Z","level":"error","event":"/usr/python/lib/python3.13/multiprocessing/resource_tracker.py:400: UserWarning: resource_tracker: There appear to be 2 leaked semaphore objects to clean up at shutdown: {'/mp-7ze0a1xs', '/mp-13my8j79'}","logger":"task.stderr"}
{"timestamp":"2026-05-12T06:40:33.766340Z","level":"error","event":"  warnings.warn(","logger":"task.stderr"}
