{"timestamp":"2026-05-12T06:40:48.960091Z","level":"info","event":"DAG bundles loaded: dags-folder","logger":"airflow.dag_processing.bundles.manager.DagBundlesManager","filename":"manager.py","lineno":209}
{"timestamp":"2026-05-12T06:40:48.962589Z","level":"info","event":"Filling up the DagBag from /opt/airflow/dags/dag_pipeline.py","logger":"airflow.dag_processing.dagbag.BundleDagBag","filename":"dagbag.py","lineno":469}
{"timestamp":"2026-05-12T06:40:51.219285Z","level":"info","event":"Transforming bronze...","logger":"unusual_prefix_11c7dd38b84fb77f29c2585710943d4b7baaf7b9_dag_pipeline","filename":"dag_pipeline.py","lineno":448}
{"timestamp":"2026-05-12T06:40:51.219885Z","level":"warning","event":"DbtOperator.execute cannot be called outside of the Task Runner!","logger":"airflow.task.operators.operators.dbt_operator.DbtOperator","filename":"operator.py","lineno":437}
{"timestamp":"2026-05-12T06:40:51.227540Z","level":"info","event":"Executing dbt command: run --select tag:bronze --project-dir /opt/airflow/dags/ecommerce_dbt --profiles-dir /opt/airflow/dags/ecommerce_dbt","logger":"airflow.task.operators.operators.dbt_operator.DbtOperator","filename":"dbt_operator.py","lineno":180}
{"timestamp":"2026-05-12T06:40:51.409576Z","level":"info","event":"\u001b[0m06:40:51  Running with dbt=1.10.10","logger":"task.stdout"}
{"timestamp":"2026-05-12T06:40:51.471132Z","level":"info","event":"keyring module not found. OAuth2 token will not be stored in keyring.","logger":"trino.auth","filename":"auth.py","lineno":361}
{"timestamp":"2026-05-12T06:40:51.475545Z","level":"info","event":"keyring module not found. OAuth2 token will not be stored in keyring.","logger":"trino.auth","filename":"auth.py","lineno":361}
{"timestamp":"2026-05-12T06:40:51.948584Z","level":"info","event":"\u001b[0m06:40:51  Registered adapter: trino=1.9.3","logger":"task.stdout"}
{"timestamp":"2026-05-12T06:40:53.175858Z","level":"info","event":"\u001b[0m06:40:53  Found 12 models, 4 seeds, 55 data tests, 455 macros","logger":"task.stdout"}
{"timestamp":"2026-05-12T06:40:53.185089Z","level":"info","event":"\u001b[0m06:40:53","logger":"task.stdout"}
{"timestamp":"2026-05-12T06:40:53.187082Z","level":"info","event":"\u001b[0m06:40:53  Concurrency: 4 threads (target='dev')","logger":"task.stdout"}
{"timestamp":"2026-05-12T06:40:53.188201Z","level":"info","event":"\u001b[0m06:40:53","logger":"task.stdout"}
{"timestamp":"2026-05-12T06:40:53.357921Z","level":"info","event":"\u001b[0m06:40:53  [\u001b[33mWARNING\u001b[0m]: SSL certificate validation is disabled by default. It is legacy behavior which will be changed in future releases. It is strongly advised to enable `require_certificate_validation` flag or explicitly set `cert` configuration to `True` for security reasons. You may receive an error after that if your SSL setup is incorrect.","logger":"task.stdout"}
{"timestamp":"2026-05-12T06:40:53.364444Z","level":"info","event":"You may opt into the new behavior sooner by setting `flags.require_certificate_validation` to `True` in `dbt_project.yml`.","logger":"task.stdout"}
{"timestamp":"2026-05-12T06:40:53.366496Z","level":"info","event":"Visit https://docs.getdbt.com/reference/global-configs/behavior-changes for more information.","logger":"task.stdout"}
{"timestamp":"2026-05-12T06:40:55.654684Z","level":"info","event":"\u001b[0m06:40:55  3 of 4 START sql table model bronze_bronze.bronze_payment_transactions ......... [RUN]","logger":"task.stdout"}
{"timestamp":"2026-05-12T06:40:55.697723Z","level":"info","event":"\u001b[0m06:40:55  2 of 4 START sql table model bronze_bronze.bronze_inventory_snapshots .......... [RUN]","logger":"task.stdout"}
{"timestamp":"2026-05-12T06:40:55.698399Z","level":"info","event":"\u001b[0m06:40:55  4 of 4 START sql table model bronze_bronze.bronze_support_tickets .............. [RUN]","logger":"task.stdout"}
{"timestamp":"2026-05-12T06:40:55.698993Z","level":"info","event":"\u001b[0m06:40:55  1 of 4 START sql table model bronze_bronze.bronze_customer_events .............. [RUN]","logger":"task.stdout"}
{"timestamp":"2026-05-12T06:40:56.223329Z","level":"info","event":"\u001b[0m06:40:56  1 of 4 ERROR creating sql table model bronze_bronze.bronze_customer_events ..... [\u001b[31mERROR\u001b[0m in 0.52s]","logger":"task.stdout"}
{"timestamp":"2026-05-12T06:40:56.255374Z","level":"info","event":"\u001b[0m06:40:56  4 of 4 ERROR creating sql table model bronze_bronze.bronze_support_tickets ..... [\u001b[31mERROR\u001b[0m in 0.57s]","logger":"task.stdout"}
{"timestamp":"2026-05-12T06:40:56.272332Z","level":"info","event":"\u001b[0m06:40:56  2 of 4 ERROR creating sql table model bronze_bronze.bronze_inventory_snapshots . [\u001b[31mERROR\u001b[0m in 0.61s]","logger":"task.stdout"}
{"timestamp":"2026-05-12T06:41:00.246918Z","level":"info","event":"\u001b[0m06:41:00  3 of 4 OK created sql table model bronze_bronze.bronze_payment_transactions .... [\u001b[32mCREATE TABLE (200 rows)\u001b[0m in 4.59s]","logger":"task.stdout"}
{"timestamp":"2026-05-12T06:41:00.258643Z","level":"info","event":"\u001b[0m06:41:00","logger":"task.stdout"}
{"timestamp":"2026-05-12T06:41:00.259755Z","level":"info","event":"\u001b[0m06:41:00  Finished running 4 table models in 0 hours 0 minutes and 7.05 seconds (7.05s).","logger":"task.stdout"}
{"timestamp":"2026-05-12T06:41:00.471402Z","level":"info","event":"\u001b[0m06:41:00","logger":"task.stdout"}
{"timestamp":"2026-05-12T06:41:00.472861Z","level":"info","event":"\u001b[0m06:41:00  \u001b[31mCompleted with 3 errors, 0 partial successes, and 0 warnings:\u001b[0m","logger":"task.stdout"}
{"timestamp":"2026-05-12T06:41:00.475437Z","level":"info","event":"\u001b[0m06:41:00","logger":"task.stdout"}
{"timestamp":"2026-05-12T06:41:00.476904Z","level":"info","event":"\u001b[0m06:41:00  \u001b[31mFailure in model bronze_customer_events (models/bronze/bronze_customer_events.sql)\u001b[0m","logger":"task.stdout"}
{"timestamp":"2026-05-12T06:41:00.478022Z","level":"info","event":"\u001b[0m06:41:00    Database Error in model bronze_customer_events (models/bronze/bronze_customer_events.sql)","logger":"task.stdout"}
{"timestamp":"2026-05-12T06:41:00.479195Z","level":"info","event":"  TrinoUserError(type=USER_ERROR, name=SYNTAX_ERROR, message=\"line 28:1: mismatched input 'FROM'. Expecting: '*', <expression>\", query_id=20260512_064056_00086_u872h)","logger":"task.stdout"}
{"timestamp":"2026-05-12T06:41:00.480471Z","level":"info","event":"  compiled code at target/run/ecommerce_dbt/models/bronze/bronze_customer_events.sql","logger":"task.stdout"}
{"timestamp":"2026-05-12T06:41:00.482801Z","level":"info","event":"\u001b[0m06:41:00","logger":"task.stdout"}
{"timestamp":"2026-05-12T06:41:00.484356Z","level":"info","event":"\u001b[0m06:41:00    compiled code at target/compiled/ecommerce_dbt/models/bronze/bronze_customer_events.sql","logger":"task.stdout"}
{"timestamp":"2026-05-12T06:41:00.485547Z","level":"info","event":"\u001b[0m06:41:00","logger":"task.stdout"}
{"timestamp":"2026-05-12T06:41:00.486635Z","level":"info","event":"\u001b[0m06:41:00  \u001b[31mFailure in model bronze_support_tickets (models/bronze/bronze_support_tickets.sql)\u001b[0m","logger":"task.stdout"}
{"timestamp":"2026-05-12T06:41:00.487884Z","level":"info","event":"\u001b[0m06:41:00    Database Error in model bronze_support_tickets (models/bronze/bronze_support_tickets.sql)","logger":"task.stdout"}
{"timestamp":"2026-05-12T06:41:00.488879Z","level":"info","event":"  TrinoUserError(type=USER_ERROR, name=SYNTAX_ERROR, message=\"line 22:118: mismatched input ','. Expecting: '%', '(', '*', '+', '-', '.', '/', 'AND', 'AT', 'ELSE', 'END', 'OR', 'WHEN', '[', '||', <predicate>\", query_id=20260512_064056_00085_u872h)","logger":"task.stdout"}
{"timestamp":"2026-05-12T06:41:00.490583Z","level":"info","event":"  compiled code at target/run/ecommerce_dbt/models/bronze/bronze_support_tickets.sql","logger":"task.stdout"}
{"timestamp":"2026-05-12T06:41:00.491984Z","level":"info","event":"\u001b[0m06:41:00","logger":"task.stdout"}
{"timestamp":"2026-05-12T06:41:00.493260Z","level":"info","event":"\u001b[0m06:41:00    compiled code at target/compiled/ecommerce_dbt/models/bronze/bronze_support_tickets.sql","logger":"task.stdout"}
{"timestamp":"2026-05-12T06:41:00.494774Z","level":"info","event":"\u001b[0m06:41:00","logger":"task.stdout"}
{"timestamp":"2026-05-12T06:41:00.495154Z","level":"info","event":"\u001b[0m06:41:00  \u001b[31mFailure in model bronze_inventory_snapshots (models/bronze/bronze_inventory_snapshots.sql)\u001b[0m","logger":"task.stdout"}
{"timestamp":"2026-05-12T06:41:00.495784Z","level":"info","event":"\u001b[0m06:41:00    Database Error in model bronze_inventory_snapshots (models/bronze/bronze_inventory_snapshots.sql)","logger":"task.stdout"}
{"timestamp":"2026-05-12T06:41:00.496948Z","level":"info","event":"  TrinoUserError(type=USER_ERROR, name=COLUMN_NOT_FOUND, message=\"line 19:9: Column 'quantity_avaliable' cannot be resolved\", query_id=20260512_064056_00084_u872h)","logger":"task.stdout"}
{"timestamp":"2026-05-12T06:41:00.497274Z","level":"info","event":"  compiled code at target/run/ecommerce_dbt/models/bronze/bronze_inventory_snapshots.sql","logger":"task.stdout"}
{"timestamp":"2026-05-12T06:41:00.497574Z","level":"info","event":"\u001b[0m06:41:00","logger":"task.stdout"}
{"timestamp":"2026-05-12T06:41:00.498754Z","level":"info","event":"\u001b[0m06:41:00    compiled code at target/compiled/ecommerce_dbt/models/bronze/bronze_inventory_snapshots.sql","logger":"task.stdout"}
{"timestamp":"2026-05-12T06:41:00.502519Z","level":"info","event":"\u001b[0m06:41:00","logger":"task.stdout"}
{"timestamp":"2026-05-12T06:41:00.508651Z","level":"info","event":"\u001b[0m06:41:00  Done. PASS=1 WARN=0 ERROR=3 SKIP=0 NO-OP=0 TOTAL=4","logger":"task.stdout"}
{"timestamp":"2026-05-12T06:41:01.584673Z","level":"error","event":"dbt command failed!","logger":"airflow.task.operators.operators.dbt_operator.DbtOperator","filename":"dbt_operator.py","lineno":198}
{"timestamp":"2026-05-12T06:41:01.584983Z","level":"warning","event":"Error occurred during transformation: dbt command failed: run --select tag:bronze --project-dir /opt/airflow/dags/ecommerce_dbt --profiles-dir /opt/airflow/dags/ecommerce_dbt","logger":"unusual_prefix_11c7dd38b84fb77f29c2585710943d4b7baaf7b9_dag_pipeline","filename":"dag_pipeline.py","lineno":468}
{"timestamp":"2026-05-12T06:41:01.585266Z","level":"error","event":"Task failed with exception","logger":"task","filename":"task_runner.py","lineno":1325,"error_detail":[{"exc_type":"AirflowException","exc_value":"dbt command failed: run --select tag:bronze --project-dir /opt/airflow/dags/ecommerce_dbt --profiles-dir /opt/airflow/dags/ecommerce_dbt","exc_notes":[],"syntax_error":null,"is_cause":false,"frames":[{"filename":"/home/airflow/.local/lib/python3.13/site-packages/airflow/sdk/execution_time/task_runner.py","lineno":1263,"name":"run"},{"filename":"/home/airflow/.local/lib/python3.13/site-packages/airflow/sdk/execution_time/task_runner.py","lineno":1678,"name":"_execute_task"},{"filename":"/home/airflow/.local/lib/python3.13/site-packages/airflow/sdk/bases/operator.py","lineno":443,"name":"wrapper"},{"filename":"/home/airflow/.local/lib/python3.13/site-packages/airflow/sdk/bases/decorator.py","lineno":398,"name":"execute"},{"filename":"/home/airflow/.local/lib/python3.13/site-packages/airflow/sdk/bases/operator.py","lineno":443,"name":"wrapper"},{"filename":"/home/airflow/.local/lib/python3.13/site-packages/airflow/providers/standard/operators/python.py","lineno":227,"name":"execute"},{"filename":"/home/airflow/.local/lib/python3.13/site-packages/airflow/providers/standard/operators/python.py","lineno":250,"name":"execute_callable"},{"filename":"/home/airflow/.local/lib/python3.13/site-packages/airflow/sdk/execution_time/callback_runner.py","lineno":97,"name":"run"},{"filename":"/opt/airflow/dags/dag_pipeline.py","lineno":459,"name":"transform_bronze_layer"},{"filename":"/home/airflow/.local/lib/python3.13/site-packages/airflow/sdk/bases/operator.py","lineno":443,"name":"wrapper"},{"filename":"/opt/airflow/dags/operators/dbt_operator.py","lineno":201,"name":"execute"}],"is_group":false,"exceptions":[]}]}
{"timestamp":"2026-05-12T06:41:01.680846Z","level":"error","event":"/usr/python/lib/python3.13/multiprocessing/resource_tracker.py:400: UserWarning: resource_tracker: There appear to be 2 leaked semaphore objects to clean up at shutdown: {'/mp-uhz36aer', '/mp-ef6vui1p'}","logger":"task.stderr"}
{"timestamp":"2026-05-12T06:41:01.682482Z","level":"error","event":"  warnings.warn(","logger":"task.stderr"}
