{"timestamp":"2026-05-12T06:41:17.863482Z","level":"info","event":"DAG bundles loaded: dags-folder","logger":"airflow.dag_processing.bundles.manager.DagBundlesManager","filename":"manager.py","lineno":209}
{"timestamp":"2026-05-12T06:41:17.866895Z","level":"info","event":"Filling up the DagBag from /opt/airflow/dags/dag_pipeline.py","logger":"airflow.dag_processing.dagbag.BundleDagBag","filename":"dagbag.py","lineno":469}
{"timestamp":"2026-05-12T06:41:20.620747Z","level":"info","event":"Transforming bronze...","logger":"unusual_prefix_11c7dd38b84fb77f29c2585710943d4b7baaf7b9_dag_pipeline","filename":"dag_pipeline.py","lineno":448}
{"timestamp":"2026-05-12T06:41:20.621342Z","level":"warning","event":"DbtOperator.execute cannot be called outside of the Task Runner!","logger":"airflow.task.operators.operators.dbt_operator.DbtOperator","filename":"operator.py","lineno":437}
{"timestamp":"2026-05-12T06:41:20.626937Z","level":"info","event":"Executing dbt command: run --select tag:bronze --project-dir /opt/airflow/dags/ecommerce_dbt --profiles-dir /opt/airflow/dags/ecommerce_dbt","logger":"airflow.task.operators.operators.dbt_operator.DbtOperator","filename":"dbt_operator.py","lineno":180}
{"timestamp":"2026-05-12T06:41:20.801477Z","level":"info","event":"\u001b[0m06:41:20  Running with dbt=1.10.10","logger":"task.stdout"}
{"timestamp":"2026-05-12T06:41:20.871720Z","level":"info","event":"keyring module not found. OAuth2 token will not be stored in keyring.","logger":"trino.auth","filename":"auth.py","lineno":361}
{"timestamp":"2026-05-12T06:41:20.875659Z","level":"info","event":"keyring module not found. OAuth2 token will not be stored in keyring.","logger":"trino.auth","filename":"auth.py","lineno":361}
{"timestamp":"2026-05-12T06:41:21.535288Z","level":"info","event":"\u001b[0m06:41:21  Registered adapter: trino=1.9.3","logger":"task.stdout"}
{"timestamp":"2026-05-12T06:41:23.913909Z","level":"info","event":"\u001b[0m06:41:23  Found 12 models, 4 seeds, 55 data tests, 455 macros","logger":"task.stdout"}
{"timestamp":"2026-05-12T06:41:24.012955Z","level":"info","event":"\u001b[0m06:41:23","logger":"task.stdout"}
{"timestamp":"2026-05-12T06:41:24.013767Z","level":"info","event":"\u001b[0m06:41:23  Concurrency: 4 threads (target='dev')","logger":"task.stdout"}
{"timestamp":"2026-05-12T06:41:24.018334Z","level":"info","event":"\u001b[0m06:41:23","logger":"task.stdout"}
{"timestamp":"2026-05-12T06:41:24.479610Z","level":"info","event":"\u001b[0m06:41:24  [\u001b[33mWARNING\u001b[0m]: SSL certificate validation is disabled by default. It is legacy behavior which will be changed in future releases. It is strongly advised to enable `require_certificate_validation` flag or explicitly set `cert` configuration to `True` for security reasons. You may receive an error after that if your SSL setup is incorrect.","logger":"task.stdout"}
{"timestamp":"2026-05-12T06:41:24.487432Z","level":"info","event":"You may opt into the new behavior sooner by setting `flags.require_certificate_validation` to `True` in `dbt_project.yml`.","logger":"task.stdout"}
{"timestamp":"2026-05-12T06:41:24.509667Z","level":"info","event":"Visit https://docs.getdbt.com/reference/global-configs/behavior-changes for more information.","logger":"task.stdout"}
{"timestamp":"2026-05-12T06:41:27.405116Z","level":"info","event":"\u001b[0m06:41:27  1 of 4 START sql table model bronze_bronze.bronze_customer_events .............. [RUN]","logger":"task.stdout"}
{"timestamp":"2026-05-12T06:41:27.447733Z","level":"info","event":"\u001b[0m06:41:27  3 of 4 START sql table model bronze_bronze.bronze_payment_transactions ......... [RUN]","logger":"task.stdout"}
{"timestamp":"2026-05-12T06:41:27.462516Z","level":"info","event":"\u001b[0m06:41:27  4 of 4 START sql table model bronze_bronze.bronze_support_tickets .............. [RUN]","logger":"task.stdout"}
{"timestamp":"2026-05-12T06:41:27.477790Z","level":"info","event":"\u001b[0m06:41:27  2 of 4 START sql table model bronze_bronze.bronze_inventory_snapshots .......... [RUN]","logger":"task.stdout"}
{"timestamp":"2026-05-12T06:41:28.365355Z","level":"info","event":"\u001b[0m06:41:28  4 of 4 ERROR creating sql table model bronze_bronze.bronze_support_tickets ..... [\u001b[31mERROR\u001b[0m in 0.67s]","logger":"task.stdout"}
{"timestamp":"2026-05-12T06:41:28.382578Z","level":"info","event":"\u001b[0m06:41:28  1 of 4 ERROR creating sql table model bronze_bronze.bronze_customer_events ..... [\u001b[31mERROR\u001b[0m in 0.80s]","logger":"task.stdout"}
{"timestamp":"2026-05-12T06:41:28.472967Z","level":"info","event":"\u001b[0m06:41:28  2 of 4 ERROR creating sql table model bronze_bronze.bronze_inventory_snapshots . [\u001b[31mERROR\u001b[0m in 0.76s]","logger":"task.stdout"}
{"timestamp":"2026-05-12T06:41:32.587880Z","level":"info","event":"\u001b[0m06:41:32  3 of 4 OK created sql table model bronze_bronze.bronze_payment_transactions .... [\u001b[32mCREATE TABLE (200 rows)\u001b[0m in 4.93s]","logger":"task.stdout"}
{"timestamp":"2026-05-12T06:41:32.656059Z","level":"info","event":"\u001b[0m06:41:32","logger":"task.stdout"}
{"timestamp":"2026-05-12T06:41:32.656773Z","level":"info","event":"\u001b[0m06:41:32  Finished running 4 table models in 0 hours 0 minutes and 8.66 seconds (8.66s).","logger":"task.stdout"}
{"timestamp":"2026-05-12T06:41:32.760210Z","level":"info","event":"\u001b[0m06:41:32","logger":"task.stdout"}
{"timestamp":"2026-05-12T06:41:32.762344Z","level":"info","event":"\u001b[0m06:41:32  \u001b[31mCompleted with 3 errors, 0 partial successes, and 0 warnings:\u001b[0m","logger":"task.stdout"}
{"timestamp":"2026-05-12T06:41:32.767294Z","level":"info","event":"\u001b[0m06:41:32","logger":"task.stdout"}
{"timestamp":"2026-05-12T06:41:32.769634Z","level":"info","event":"\u001b[0m06:41:32  \u001b[31mFailure in model bronze_support_tickets (models/bronze/bronze_support_tickets.sql)\u001b[0m","logger":"task.stdout"}
{"timestamp":"2026-05-12T06:41:32.770897Z","level":"info","event":"\u001b[0m06:41:32    Database Error in model bronze_support_tickets (models/bronze/bronze_support_tickets.sql)","logger":"task.stdout"}
{"timestamp":"2026-05-12T06:41:32.772260Z","level":"info","event":"  TrinoUserError(type=USER_ERROR, name=SYNTAX_ERROR, message=\"line 22:118: mismatched input ','. Expecting: '%', '(', '*', '+', '-', '.', '/', 'AND', 'AT', 'ELSE', 'END', 'OR', 'WHEN', '[', '||', <predicate>\", query_id=20260512_064128_00095_u872h)","logger":"task.stdout"}
{"timestamp":"2026-05-12T06:41:32.772757Z","level":"info","event":"  compiled code at target/run/ecommerce_dbt/models/bronze/bronze_support_tickets.sql","logger":"task.stdout"}
{"timestamp":"2026-05-12T06:41:32.773196Z","level":"info","event":"\u001b[0m06:41:32","logger":"task.stdout"}
{"timestamp":"2026-05-12T06:41:32.773649Z","level":"info","event":"\u001b[0m06:41:32    compiled code at target/compiled/ecommerce_dbt/models/bronze/bronze_support_tickets.sql","logger":"task.stdout"}
{"timestamp":"2026-05-12T06:41:32.774151Z","level":"info","event":"\u001b[0m06:41:32","logger":"task.stdout"}
{"timestamp":"2026-05-12T06:41:32.781054Z","level":"info","event":"\u001b[0m06:41:32  \u001b[31mFailure in model bronze_customer_events (models/bronze/bronze_customer_events.sql)\u001b[0m","logger":"task.stdout"}
{"timestamp":"2026-05-12T06:41:32.782656Z","level":"info","event":"\u001b[0m06:41:32    Database Error in model bronze_customer_events (models/bronze/bronze_customer_events.sql)","logger":"task.stdout"}
{"timestamp":"2026-05-12T06:41:32.783644Z","level":"info","event":"  TrinoUserError(type=USER_ERROR, name=SYNTAX_ERROR, message=\"line 28:1: mismatched input 'FROM'. Expecting: '*', <expression>\", query_id=20260512_064128_00097_u872h)","logger":"task.stdout"}
{"timestamp":"2026-05-12T06:41:32.784029Z","level":"info","event":"  compiled code at target/run/ecommerce_dbt/models/bronze/bronze_customer_events.sql","logger":"task.stdout"}
{"timestamp":"2026-05-12T06:41:32.784517Z","level":"info","event":"\u001b[0m06:41:32","logger":"task.stdout"}
{"timestamp":"2026-05-12T06:41:32.785771Z","level":"info","event":"\u001b[0m06:41:32    compiled code at target/compiled/ecommerce_dbt/models/bronze/bronze_customer_events.sql","logger":"task.stdout"}
{"timestamp":"2026-05-12T06:41:32.786736Z","level":"info","event":"\u001b[0m06:41:32","logger":"task.stdout"}
{"timestamp":"2026-05-12T06:41:32.788235Z","level":"info","event":"\u001b[0m06:41:32  \u001b[31mFailure in model bronze_inventory_snapshots (models/bronze/bronze_inventory_snapshots.sql)\u001b[0m","logger":"task.stdout"}
{"timestamp":"2026-05-12T06:41:32.789129Z","level":"info","event":"\u001b[0m06:41:32    Database Error in model bronze_inventory_snapshots (models/bronze/bronze_inventory_snapshots.sql)","logger":"task.stdout"}
{"timestamp":"2026-05-12T06:41:32.789546Z","level":"info","event":"  TrinoUserError(type=USER_ERROR, name=COLUMN_NOT_FOUND, message=\"line 19:9: Column 'quantity_avaliable' cannot be resolved\", query_id=20260512_064128_00096_u872h)","logger":"task.stdout"}
{"timestamp":"2026-05-12T06:41:32.790055Z","level":"info","event":"  compiled code at target/run/ecommerce_dbt/models/bronze/bronze_inventory_snapshots.sql","logger":"task.stdout"}
{"timestamp":"2026-05-12T06:41:32.790678Z","level":"info","event":"\u001b[0m06:41:32","logger":"task.stdout"}
{"timestamp":"2026-05-12T06:41:32.791555Z","level":"info","event":"\u001b[0m06:41:32    compiled code at target/compiled/ecommerce_dbt/models/bronze/bronze_inventory_snapshots.sql","logger":"task.stdout"}
{"timestamp":"2026-05-12T06:41:32.792255Z","level":"info","event":"\u001b[0m06:41:32","logger":"task.stdout"}
{"timestamp":"2026-05-12T06:41:32.793386Z","level":"info","event":"\u001b[0m06:41:32  Done. PASS=1 WARN=0 ERROR=3 SKIP=0 NO-OP=0 TOTAL=4","logger":"task.stdout"}
{"timestamp":"2026-05-12T06:41:34.290431Z","level":"error","event":"dbt command failed!","logger":"airflow.task.operators.operators.dbt_operator.DbtOperator","filename":"dbt_operator.py","lineno":198}
{"timestamp":"2026-05-12T06:41:34.290709Z","level":"warning","event":"Error occurred during transformation: dbt command failed: run --select tag:bronze --project-dir /opt/airflow/dags/ecommerce_dbt --profiles-dir /opt/airflow/dags/ecommerce_dbt","logger":"unusual_prefix_11c7dd38b84fb77f29c2585710943d4b7baaf7b9_dag_pipeline","filename":"dag_pipeline.py","lineno":468}
{"timestamp":"2026-05-12T06:41:34.290884Z","level":"error","event":"Task failed with exception","logger":"task","filename":"task_runner.py","lineno":1325,"error_detail":[{"exc_type":"AirflowException","exc_value":"dbt command failed: run --select tag:bronze --project-dir /opt/airflow/dags/ecommerce_dbt --profiles-dir /opt/airflow/dags/ecommerce_dbt","exc_notes":[],"syntax_error":null,"is_cause":false,"frames":[{"filename":"/home/airflow/.local/lib/python3.13/site-packages/airflow/sdk/execution_time/task_runner.py","lineno":1263,"name":"run"},{"filename":"/home/airflow/.local/lib/python3.13/site-packages/airflow/sdk/execution_time/task_runner.py","lineno":1678,"name":"_execute_task"},{"filename":"/home/airflow/.local/lib/python3.13/site-packages/airflow/sdk/bases/operator.py","lineno":443,"name":"wrapper"},{"filename":"/home/airflow/.local/lib/python3.13/site-packages/airflow/sdk/bases/decorator.py","lineno":398,"name":"execute"},{"filename":"/home/airflow/.local/lib/python3.13/site-packages/airflow/sdk/bases/operator.py","lineno":443,"name":"wrapper"},{"filename":"/home/airflow/.local/lib/python3.13/site-packages/airflow/providers/standard/operators/python.py","lineno":227,"name":"execute"},{"filename":"/home/airflow/.local/lib/python3.13/site-packages/airflow/providers/standard/operators/python.py","lineno":250,"name":"execute_callable"},{"filename":"/home/airflow/.local/lib/python3.13/site-packages/airflow/sdk/execution_time/callback_runner.py","lineno":97,"name":"run"},{"filename":"/opt/airflow/dags/dag_pipeline.py","lineno":459,"name":"transform_bronze_layer"},{"filename":"/home/airflow/.local/lib/python3.13/site-packages/airflow/sdk/bases/operator.py","lineno":443,"name":"wrapper"},{"filename":"/opt/airflow/dags/operators/dbt_operator.py","lineno":201,"name":"execute"}],"is_group":false,"exceptions":[]}]}
{"timestamp":"2026-05-12T06:41:34.392643Z","level":"error","event":"/usr/python/lib/python3.13/multiprocessing/resource_tracker.py:400: UserWarning: resource_tracker: There appear to be 2 leaked semaphore objects to clean up at shutdown: {'/mp-uhc_113n', '/mp-jec6pte0'}","logger":"task.stderr"}
{"timestamp":"2026-05-12T06:41:34.452145Z","level":"error","event":"  warnings.warn(","logger":"task.stderr"}
