{"timestamp":"2026-05-12T07:41:39.152195Z","level":"info","event":"DAG bundles loaded: dags-folder","logger":"airflow.dag_processing.bundles.manager.DagBundlesManager","filename":"manager.py","lineno":209}
{"timestamp":"2026-05-12T07:41:39.157060Z","level":"info","event":"Filling up the DagBag from /opt/airflow/dags/dag_pipeline.py","logger":"airflow.dag_processing.dagbag.BundleDagBag","filename":"dagbag.py","lineno":469}
{"timestamp":"2026-05-12T07:41:41.608647Z","level":"info","event":"Transforming bronze...","logger":"unusual_prefix_11c7dd38b84fb77f29c2585710943d4b7baaf7b9_dag_pipeline","filename":"dag_pipeline.py","lineno":448}
{"timestamp":"2026-05-12T07:41:41.609166Z","level":"warning","event":"DbtOperator.execute cannot be called outside of the Task Runner!","logger":"airflow.task.operators.operators.dbt_operator.DbtOperator","filename":"operator.py","lineno":437}
{"timestamp":"2026-05-12T07:41:41.612314Z","level":"info","event":"Executing dbt command: run --select tag:bronze --project-dir /opt/airflow/dags/ecommerce_dbt --profiles-dir /opt/airflow/dags/ecommerce_dbt","logger":"airflow.task.operators.operators.dbt_operator.DbtOperator","filename":"dbt_operator.py","lineno":180}
{"timestamp":"2026-05-12T07:41:41.781117Z","level":"info","event":"\u001b[0m07:41:41  Running with dbt=1.10.10","logger":"task.stdout"}
{"timestamp":"2026-05-12T07:41:41.844043Z","level":"info","event":"keyring module not found. OAuth2 token will not be stored in keyring.","logger":"trino.auth","filename":"auth.py","lineno":361}
{"timestamp":"2026-05-12T07:41:41.848841Z","level":"info","event":"keyring module not found. OAuth2 token will not be stored in keyring.","logger":"trino.auth","filename":"auth.py","lineno":361}
{"timestamp":"2026-05-12T07:41:42.333420Z","level":"info","event":"\u001b[0m07:41:42  Registered adapter: trino=1.9.3","logger":"task.stdout"}
{"timestamp":"2026-05-12T07:41:43.970242Z","level":"info","event":"\u001b[0m07:41:43  [\u001b[33mWARNING\u001b[0m][MissingArgumentsPropertyInGenericTestDeprecation]: Deprecated","logger":"task.stdout"}
{"timestamp":"2026-05-12T07:41:43.970841Z","level":"info","event":"functionality","logger":"task.stdout"}
{"timestamp":"2026-05-12T07:41:43.971327Z","level":"info","event":"Found top-level arguments to test `accepted_values`. Arguments to generic tests","logger":"task.stdout"}
{"timestamp":"2026-05-12T07:41:43.971901Z","level":"info","event":"should be nested under the `arguments` property.`","logger":"task.stdout"}
{"timestamp":"2026-05-12T07:41:44.359144Z","level":"info","event":"\u001b[0m07:41:44  Found 12 models, 4 seeds, 55 data tests, 455 macros","logger":"task.stdout"}
{"timestamp":"2026-05-12T07:41:44.392184Z","level":"info","event":"\u001b[0m07:41:44","logger":"task.stdout"}
{"timestamp":"2026-05-12T07:41:44.393052Z","level":"info","event":"\u001b[0m07:41:44  Concurrency: 4 threads (target='dev')","logger":"task.stdout"}
{"timestamp":"2026-05-12T07:41:44.395999Z","level":"info","event":"\u001b[0m07:41:44","logger":"task.stdout"}
{"timestamp":"2026-05-12T07:41:44.450550Z","level":"info","event":"\u001b[0m07:41:44  [\u001b[33mWARNING\u001b[0m]: SSL certificate validation is disabled by default. It is legacy behavior which will be changed in future releases. It is strongly advised to enable `require_certificate_validation` flag or explicitly set `cert` configuration to `True` for security reasons. You may receive an error after that if your SSL setup is incorrect.","logger":"task.stdout"}
{"timestamp":"2026-05-12T07:41:44.451045Z","level":"info","event":"You may opt into the new behavior sooner by setting `flags.require_certificate_validation` to `True` in `dbt_project.yml`.","logger":"task.stdout"}
{"timestamp":"2026-05-12T07:41:44.451418Z","level":"info","event":"Visit https://docs.getdbt.com/reference/global-configs/behavior-changes for more information.","logger":"task.stdout"}
{"timestamp":"2026-05-12T07:41:45.601458Z","level":"info","event":"\u001b[0m07:41:45  2 of 4 START sql table model bronze_raw_bronze.bronze_inventory_snapshots ...... [RUN]","logger":"task.stdout"}
{"timestamp":"2026-05-12T07:41:45.603928Z","level":"info","event":"\u001b[0m07:41:45  4 of 4 START sql table model bronze_raw_bronze.bronze_support_tickets .......... [RUN]","logger":"task.stdout"}
{"timestamp":"2026-05-12T07:41:45.604685Z","level":"info","event":"\u001b[0m07:41:45  3 of 4 START sql table model bronze_raw_bronze.bronze_payment_transactions ..... [RUN]","logger":"task.stdout"}
{"timestamp":"2026-05-12T07:41:45.617331Z","level":"info","event":"\u001b[0m07:41:45  1 of 4 START sql table model bronze_raw_bronze.bronze_customer_events .......... [RUN]","logger":"task.stdout"}
{"timestamp":"2026-05-12T07:41:51.817277Z","level":"info","event":"\u001b[0m07:41:51  1 of 4 OK created sql table model bronze_raw_bronze.bronze_customer_events ..... [\u001b[32mCREATE TABLE (200 rows)\u001b[0m in 6.18s]","logger":"task.stdout"}
{"timestamp":"2026-05-12T07:41:52.194165Z","level":"info","event":"\u001b[0m07:41:52  2 of 4 OK created sql table model bronze_raw_bronze.bronze_inventory_snapshots . [\u001b[32mCREATE TABLE (200 rows)\u001b[0m in 6.58s]","logger":"task.stdout"}
{"timestamp":"2026-05-12T07:41:52.470830Z","level":"info","event":"\u001b[0m07:41:52  3 of 4 OK created sql table model bronze_raw_bronze.bronze_payment_transactions  [\u001b[32mCREATE TABLE (200 rows)\u001b[0m in 6.86s]","logger":"task.stdout"}
{"timestamp":"2026-05-12T07:41:53.126356Z","level":"info","event":"\u001b[0m07:41:53  4 of 4 OK created sql table model bronze_raw_bronze.bronze_support_tickets ..... [\u001b[32mCREATE TABLE (200 rows)\u001b[0m in 7.51s]","logger":"task.stdout"}
{"timestamp":"2026-05-12T07:41:53.139192Z","level":"info","event":"\u001b[0m07:41:53","logger":"task.stdout"}
{"timestamp":"2026-05-12T07:41:53.140409Z","level":"info","event":"\u001b[0m07:41:53  Finished running 4 table models in 0 hours 0 minutes and 8.77 seconds (8.77s).","logger":"task.stdout"}
{"timestamp":"2026-05-12T07:41:53.290890Z","level":"info","event":"\u001b[0m07:41:53","logger":"task.stdout"}
{"timestamp":"2026-05-12T07:41:53.294143Z","level":"info","event":"\u001b[0m07:41:53  \u001b[32mCompleted successfully\u001b[0m","logger":"task.stdout"}
{"timestamp":"2026-05-12T07:41:53.297152Z","level":"info","event":"\u001b[0m07:41:53","logger":"task.stdout"}
{"timestamp":"2026-05-12T07:41:53.299407Z","level":"info","event":"\u001b[0m07:41:53  Done. PASS=4 WARN=0 ERROR=0 SKIP=0 NO-OP=0 TOTAL=4","logger":"task.stdout"}
{"timestamp":"2026-05-12T07:41:53.300785Z","level":"info","event":"\u001b[0m07:41:53  [\u001b[33mWARNING\u001b[0m][DeprecationsSummary]: Deprecated functionality","logger":"task.stdout"}
{"timestamp":"2026-05-12T07:41:53.301269Z","level":"info","event":"Summary of encountered deprecations:","logger":"task.stdout"}
{"timestamp":"2026-05-12T07:41:53.301656Z","level":"info","event":"- MissingArgumentsPropertyInGenericTestDeprecation: 1 occurrence","logger":"task.stdout"}
{"timestamp":"2026-05-12T07:41:53.302089Z","level":"info","event":"To see all deprecation instances instead of just the first occurrence of each,","logger":"task.stdout"}
{"timestamp":"2026-05-12T07:41:53.304198Z","level":"info","event":"run command again with the `--show-all-deprecations` flag. You may also need to","logger":"task.stdout"}
{"timestamp":"2026-05-12T07:41:53.304692Z","level":"info","event":"run with `--no-partial-parse` as some deprecations are only encountered during","logger":"task.stdout"}
{"timestamp":"2026-05-12T07:41:53.305037Z","level":"info","event":"parsing.","logger":"task.stdout"}
{"timestamp":"2026-05-12T07:41:54.326593Z","level":"info","event":"dbt command executed successfully","logger":"airflow.task.operators.operators.dbt_operator.DbtOperator","filename":"dbt_operator.py","lineno":185}
{"timestamp":"2026-05-12T07:41:54.326976Z","level":"info","event":"Done. Returned value was: {'status': 'success', 'layer': 'bronze_transform', 'pipeline_id': 'dag_pipeline_20260512074113', 'timestamp': '2026-05-12T07:41:54.326858', 'rows_processed': 'check logs for details'}","logger":"airflow.task.operators.airflow.providers.standard.decorators.python._PythonDecoratedOperator","filename":"python.py","lineno":229}
{"timestamp":"2026-05-12T07:41:54.327377Z","level":"info","event":"Pushing xcom","ti":"RuntimeTaskInstance(id=UUID('019e1b21-fb5c-7554-9ae4-eb1aae73a885'), task_id='transform_bronze_layer', dag_id='ecommerce_dag_pipeline', run_id='manual__2026-05-12T07:41:12.383739+00:00', try_number=1, dag_version_id=UUID('019dfd0d-c356-769c-9658-e2450a265e78'), map_index=-1, hostname='c09759c742ec', context_carrier={'traceparent': '00-d6f19eb0e924860c731ea3eb06fb9834-5411668bd1ff5b1b-01'}, task=<Task(_PythonDecoratedOperator): transform_bronze_layer>, bundle_instance=LocalDagBundle(name=dags-folder), max_tries=2, start_date=datetime.datetime(2026, 5, 12, 7, 41, 39, 68892, tzinfo=datetime.timezone.utc), end_date=None, state=<TaskInstanceState.RUNNING: 'running'>, is_mapped=False, rendered_map_index=None, sentry_integration='')","logger":"task","filename":"task_runner.py","lineno":1724}
{"timestamp":"2026-05-12T07:41:54.477880Z","level":"error","event":"/usr/python/lib/python3.13/multiprocessing/resource_tracker.py:400: UserWarning: resource_tracker: There appear to be 2 leaked semaphore objects to clean up at shutdown: {'/mp-h9xojiro', '/mp-wiu5lbah'}","logger":"task.stderr"}
{"timestamp":"2026-05-12T07:41:54.483081Z","level":"error","event":"  warnings.warn(","logger":"task.stderr"}
