{"timestamp":"2026-05-12T07:50:15.268959Z","level":"info","event":"DAG bundles loaded: dags-folder","logger":"airflow.dag_processing.bundles.manager.DagBundlesManager","filename":"manager.py","lineno":209}
{"timestamp":"2026-05-12T07:50:15.274672Z","level":"info","event":"Filling up the DagBag from /opt/airflow/dags/dag_pipeline.py","logger":"airflow.dag_processing.dagbag.BundleDagBag","filename":"dagbag.py","lineno":469}
{"timestamp":"2026-05-12T07:50:17.406215Z","level":"info","event":"Transforming bronze...","logger":"unusual_prefix_11c7dd38b84fb77f29c2585710943d4b7baaf7b9_dag_pipeline","filename":"dag_pipeline.py","lineno":448}
{"timestamp":"2026-05-12T07:50:17.406892Z","level":"warning","event":"DbtOperator.execute cannot be called outside of the Task Runner!","logger":"airflow.task.operators.operators.dbt_operator.DbtOperator","filename":"operator.py","lineno":437}
{"timestamp":"2026-05-12T07:50:17.414999Z","level":"info","event":"Executing dbt command: run --select tag:bronze --project-dir /opt/airflow/dags/ecommerce_dbt --profiles-dir /opt/airflow/dags/ecommerce_dbt","logger":"airflow.task.operators.operators.dbt_operator.DbtOperator","filename":"dbt_operator.py","lineno":180}
{"timestamp":"2026-05-12T07:50:17.695097Z","level":"info","event":"\u001b[0m07:50:17  Running with dbt=1.10.10","logger":"task.stdout"}
{"timestamp":"2026-05-12T07:50:17.757606Z","level":"info","event":"keyring module not found. OAuth2 token will not be stored in keyring.","logger":"trino.auth","filename":"auth.py","lineno":361}
{"timestamp":"2026-05-12T07:50:17.761922Z","level":"info","event":"keyring module not found. OAuth2 token will not be stored in keyring.","logger":"trino.auth","filename":"auth.py","lineno":361}
{"timestamp":"2026-05-12T07:50:18.175172Z","level":"info","event":"\u001b[0m07:50:18  Registered adapter: trino=1.9.3","logger":"task.stdout"}
{"timestamp":"2026-05-12T07:50:19.293902Z","level":"info","event":"\u001b[0m07:50:19  Found 12 models, 4 seeds, 55 data tests, 455 macros","logger":"task.stdout"}
{"timestamp":"2026-05-12T07:50:19.299575Z","level":"info","event":"\u001b[0m07:50:19","logger":"task.stdout"}
{"timestamp":"2026-05-12T07:50:19.300778Z","level":"info","event":"\u001b[0m07:50:19  Concurrency: 4 threads (target='dev')","logger":"task.stdout"}
{"timestamp":"2026-05-12T07:50:19.301728Z","level":"info","event":"\u001b[0m07:50:19","logger":"task.stdout"}
{"timestamp":"2026-05-12T07:50:19.389996Z","level":"info","event":"\u001b[0m07:50:19  [\u001b[33mWARNING\u001b[0m]: SSL certificate validation is disabled by default. It is legacy behavior which will be changed in future releases. It is strongly advised to enable `require_certificate_validation` flag or explicitly set `cert` configuration to `True` for security reasons. You may receive an error after that if your SSL setup is incorrect.","logger":"task.stdout"}
{"timestamp":"2026-05-12T07:50:19.390598Z","level":"info","event":"You may opt into the new behavior sooner by setting `flags.require_certificate_validation` to `True` in `dbt_project.yml`.","logger":"task.stdout"}
{"timestamp":"2026-05-12T07:50:19.391112Z","level":"info","event":"Visit https://docs.getdbt.com/reference/global-configs/behavior-changes for more information.","logger":"task.stdout"}
{"timestamp":"2026-05-12T07:50:20.597578Z","level":"info","event":"\u001b[0m07:50:20  2 of 4 START sql table model bronze_raw_bronze.bronze_inventory_snapshots ...... [RUN]","logger":"task.stdout"}
{"timestamp":"2026-05-12T07:50:20.661845Z","level":"info","event":"\u001b[0m07:50:20  4 of 4 START sql table model bronze_raw_bronze.bronze_support_tickets .......... [RUN]","logger":"task.stdout"}
{"timestamp":"2026-05-12T07:50:20.662225Z","level":"info","event":"\u001b[0m07:50:20  1 of 4 START sql table model bronze_raw_bronze.bronze_customer_events .......... [RUN]","logger":"task.stdout"}
{"timestamp":"2026-05-12T07:50:20.662521Z","level":"info","event":"\u001b[0m07:50:20  3 of 4 START sql table model bronze_raw_bronze.bronze_payment_transactions ..... [RUN]","logger":"task.stdout"}
{"timestamp":"2026-05-12T07:50:24.278954Z","level":"info","event":"\u001b[0m07:50:24  4 of 4 OK created sql table model bronze_raw_bronze.bronze_support_tickets ..... [\u001b[32mCREATE TABLE (200 rows)\u001b[0m in 3.63s]","logger":"task.stdout"}
{"timestamp":"2026-05-12T07:50:25.697735Z","level":"info","event":"\u001b[0m07:50:25  3 of 4 OK created sql table model bronze_raw_bronze.bronze_payment_transactions  [\u001b[32mCREATE TABLE (200 rows)\u001b[0m in 5.03s]","logger":"task.stdout"}
{"timestamp":"2026-05-12T07:50:26.027241Z","level":"info","event":"\u001b[0m07:50:26  1 of 4 OK created sql table model bronze_raw_bronze.bronze_customer_events ..... [\u001b[32mCREATE TABLE (200 rows)\u001b[0m in 5.39s]","logger":"task.stdout"}
{"timestamp":"2026-05-12T07:50:26.734139Z","level":"info","event":"\u001b[0m07:50:26  2 of 4 OK created sql table model bronze_raw_bronze.bronze_inventory_snapshots . [\u001b[32mCREATE TABLE (200 rows)\u001b[0m in 6.10s]","logger":"task.stdout"}
{"timestamp":"2026-05-12T07:50:26.745801Z","level":"info","event":"\u001b[0m07:50:26","logger":"task.stdout"}
{"timestamp":"2026-05-12T07:50:26.746965Z","level":"info","event":"\u001b[0m07:50:26  Finished running 4 table models in 0 hours 0 minutes and 7.44 seconds (7.44s).","logger":"task.stdout"}
{"timestamp":"2026-05-12T07:50:26.858704Z","level":"info","event":"\u001b[0m07:50:26","logger":"task.stdout"}
{"timestamp":"2026-05-12T07:50:26.860533Z","level":"info","event":"\u001b[0m07:50:26  \u001b[32mCompleted successfully\u001b[0m","logger":"task.stdout"}
{"timestamp":"2026-05-12T07:50:26.861384Z","level":"info","event":"\u001b[0m07:50:26","logger":"task.stdout"}
{"timestamp":"2026-05-12T07:50:26.862305Z","level":"info","event":"\u001b[0m07:50:26  Done. PASS=4 WARN=0 ERROR=0 SKIP=0 NO-OP=0 TOTAL=4","logger":"task.stdout"}
{"timestamp":"2026-05-12T07:50:27.820234Z","level":"info","event":"dbt command executed successfully","logger":"airflow.task.operators.operators.dbt_operator.DbtOperator","filename":"dbt_operator.py","lineno":185}
{"timestamp":"2026-05-12T07:50:27.820582Z","level":"info","event":"Done. Returned value was: {'status': 'success', 'layer': 'bronze_transform', 'pipeline_id': 'dag_pipeline_20260512074952', 'timestamp': '2026-05-12T07:50:27.820463', 'rows_processed': 'check logs for details'}","logger":"airflow.task.operators.airflow.providers.standard.decorators.python._PythonDecoratedOperator","filename":"python.py","lineno":229}
{"timestamp":"2026-05-12T07:50:27.820905Z","level":"info","event":"Pushing xcom","ti":"RuntimeTaskInstance(id=UUID('019e1b29-e7f6-7ad0-9635-6b2b35f8f1ed'), task_id='transform_bronze_layer', dag_id='ecommerce_dag_pipeline', run_id='manual__2026-05-12T07:49:51.706916+00:00', try_number=1, dag_version_id=UUID('019dfd0d-c356-769c-9658-e2450a265e78'), map_index=-1, hostname='c09759c742ec', context_carrier={'traceparent': '00-909cff330d8ca42cdc568ad711c0c136-907634a1e013504a-01'}, task=<Task(_PythonDecoratedOperator): transform_bronze_layer>, bundle_instance=LocalDagBundle(name=dags-folder), max_tries=2, start_date=datetime.datetime(2026, 5, 12, 7, 50, 15, 204250, tzinfo=datetime.timezone.utc), end_date=None, state=<TaskInstanceState.RUNNING: 'running'>, is_mapped=False, rendered_map_index=None, sentry_integration='')","logger":"task","filename":"task_runner.py","lineno":1724}
{"timestamp":"2026-05-12T07:50:27.942992Z","level":"error","event":"/usr/python/lib/python3.13/multiprocessing/resource_tracker.py:400: UserWarning: resource_tracker: There appear to be 2 leaked semaphore objects to clean up at shutdown: {'/mp-yjy1d_p2', '/mp-pwdt168b'}","logger":"task.stderr"}
{"timestamp":"2026-05-12T07:50:27.943849Z","level":"error","event":"  warnings.warn(","logger":"task.stderr"}
