{"timestamp":"2026-05-11T12:06:09.162664Z","level":"info","event":"DAG bundles loaded: dags-folder","logger":"airflow.dag_processing.bundles.manager.DagBundlesManager","filename":"manager.py","lineno":209}
{"timestamp":"2026-05-11T12:06:09.165301Z","level":"info","event":"Filling up the DagBag from /opt/airflow/dags/dag_pipeline.py","logger":"airflow.dag_processing.dagbag.BundleDagBag","filename":"dagbag.py","lineno":469}
{"timestamp":"2026-05-11T12:06:12.127570Z","level":"info","event":"Seeding bronze...","logger":"unusual_prefix_11c7dd38b84fb77f29c2585710943d4b7baaf7b9_dag_pipeline","filename":"dag_pipeline.py","lineno":382}
{"timestamp":"2026-05-11T12:06:12.313030Z","level":"info","event":"Tables do not exist or error occurred: (trino.exceptions.TrinoExternalError) TrinoExternalError(type=EXTERNAL, name=ICEBERG_CATALOG_ERROR, message=\"Cannot obtain metadata\", query_id=20260511_120612_00002_zpcbw)\n[SQL: SELECT count(*) as cnt FROM raw_customer_events]\n(Background on this error at: https://sqlalche.me/e/20/e3q8), proceeding with seeding","logger":"unusual_prefix_11c7dd38b84fb77f29c2585710943d4b7baaf7b9_dag_pipeline","filename":"dag_pipeline.py","lineno":405}
{"timestamp":"2026-05-11T12:06:12.313554Z","level":"warning","event":"DbtOperator.execute cannot be called outside of the Task Runner!","logger":"airflow.task.operators.operators.dbt_operator.DbtOperator","filename":"operator.py","lineno":437}
{"timestamp":"2026-05-11T12:06:12.323061Z","level":"info","event":"Executing dbt command: seed --project-dir /opt/airflow/dags/ecommerce_dbt --profiles-dir /opt/airflow/dags/ecommerce_dbt --full-refresh","logger":"airflow.task.operators.operators.dbt_operator.DbtOperator","filename":"dbt_operator.py","lineno":180}
{"timestamp":"2026-05-11T12:06:12.550239Z","level":"info","event":"\u001b[0m12:06:12  Running with dbt=1.10.10","logger":"task.stdout"}
{"timestamp":"2026-05-11T12:06:12.606172Z","level":"info","event":"keyring module not found. OAuth2 token will not be stored in keyring.","logger":"trino.auth","filename":"auth.py","lineno":361}
{"timestamp":"2026-05-11T12:06:12.612205Z","level":"info","event":"keyring module not found. OAuth2 token will not be stored in keyring.","logger":"trino.auth","filename":"auth.py","lineno":361}
{"timestamp":"2026-05-11T12:06:13.313599Z","level":"info","event":"\u001b[0m12:06:13  Registered adapter: trino=1.9.3","logger":"task.stdout"}
{"timestamp":"2026-05-11T12:06:14.001639Z","level":"info","event":"\u001b[0m12:06:14  Unable to do partial parsing because of a version mismatch","logger":"task.stdout"}
{"timestamp":"2026-05-11T12:06:17.047765Z","level":"info","event":"\u001b[0m12:06:17  [\u001b[33mWARNING\u001b[0m][MissingArgumentsPropertyInGenericTestDeprecation]: Deprecated","logger":"task.stdout"}
{"timestamp":"2026-05-11T12:06:17.048225Z","level":"info","event":"functionality","logger":"task.stdout"}
{"timestamp":"2026-05-11T12:06:17.048542Z","level":"info","event":"Found top-level arguments to test `accepted_values`. Arguments to generic tests","logger":"task.stdout"}
{"timestamp":"2026-05-11T12:06:17.048807Z","level":"info","event":"should be nested under the `arguments` property.`","logger":"task.stdout"}
{"timestamp":"2026-05-11T12:06:17.765913Z","level":"info","event":"\u001b[0m12:06:17  Found 12 models, 4 seeds, 55 data tests, 455 macros","logger":"task.stdout"}
{"timestamp":"2026-05-11T12:06:17.771385Z","level":"info","event":"\u001b[0m12:06:17","logger":"task.stdout"}
{"timestamp":"2026-05-11T12:06:17.772346Z","level":"info","event":"\u001b[0m12:06:17  Concurrency: 4 threads (target='dev')","logger":"task.stdout"}
{"timestamp":"2026-05-11T12:06:17.773376Z","level":"info","event":"\u001b[0m12:06:17","logger":"task.stdout"}
{"timestamp":"2026-05-11T12:06:18.206253Z","level":"info","event":"\u001b[0m12:06:18  [\u001b[33mWARNING\u001b[0m]: SSL certificate validation is disabled by default. It is legacy behavior which will be changed in future releases. It is strongly advised to enable `require_certificate_validation` flag or explicitly set `cert` configuration to `True` for security reasons. You may receive an error after that if your SSL setup is incorrect.","logger":"task.stdout"}
{"timestamp":"2026-05-11T12:06:18.222759Z","level":"info","event":"You may opt into the new behavior sooner by setting `flags.require_certificate_validation` to `True` in `dbt_project.yml`.","logger":"task.stdout"}
{"timestamp":"2026-05-11T12:06:18.231322Z","level":"info","event":"Visit https://docs.getdbt.com/reference/global-configs/behavior-changes for more information.","logger":"task.stdout"}
{"timestamp":"2026-05-11T12:06:18.567828Z","level":"info","event":"failed after 3 attempts","logger":"trino.client","filename":"client.py","lineno":1051}
{"timestamp":"2026-05-11T12:06:18.571999Z","level":"info","event":"\u001b[0m12:06:18","logger":"task.stdout"}
{"timestamp":"2026-05-11T12:06:18.573070Z","level":"info","event":"\u001b[0m12:06:18  Finished running  in 0 hours 0 minutes and 0.79 seconds (0.79s).","logger":"task.stdout"}
{"timestamp":"2026-05-11T12:06:18.577829Z","level":"info","event":"\u001b[0m12:06:18  Encountered an error:","logger":"task.stdout"}
{"timestamp":"2026-05-11T12:06:18.578483Z","level":"info","event":"Database Error","logger":"task.stdout"}
{"timestamp":"2026-05-11T12:06:18.579189Z","level":"info","event":"  failed to execute: HTTPConnectionPool(host='localhost', port=8088): Max retries exceeded with url: /v1/statement (Caused by NewConnectionError(\"HTTPConnection(host='localhost', port=8088): Failed to establish a new connection: [Errno 111] Connection refused\"))","logger":"task.stdout"}
{"timestamp":"2026-05-11T12:06:18.579817Z","level":"info","event":"\u001b[0m12:06:18  [\u001b[33mWARNING\u001b[0m][DeprecationsSummary]: Deprecated functionality","logger":"task.stdout"}
{"timestamp":"2026-05-11T12:06:18.580267Z","level":"info","event":"Summary of encountered deprecations:","logger":"task.stdout"}
{"timestamp":"2026-05-11T12:06:18.580599Z","level":"info","event":"- MissingArgumentsPropertyInGenericTestDeprecation: 8 occurrences","logger":"task.stdout"}
{"timestamp":"2026-05-11T12:06:18.580943Z","level":"info","event":"To see all deprecation instances instead of just the first occurrence of each,","logger":"task.stdout"}
{"timestamp":"2026-05-11T12:06:18.581298Z","level":"info","event":"run command again with the `--show-all-deprecations` flag. You may also need to","logger":"task.stdout"}
{"timestamp":"2026-05-11T12:06:18.581669Z","level":"info","event":"run with `--no-partial-parse` as some deprecations are only encountered during","logger":"task.stdout"}
{"timestamp":"2026-05-11T12:06:18.582028Z","level":"info","event":"parsing.","logger":"task.stdout"}
{"timestamp":"2026-05-11T12:06:19.569304Z","level":"error","event":"dbt command failed!","logger":"airflow.task.operators.operators.dbt_operator.DbtOperator","filename":"dbt_operator.py","lineno":198}
{"timestamp":"2026-05-11T12:06:19.569502Z","level":"error","event":"Exception: Database Error\n  failed to execute: HTTPConnectionPool(host='localhost', port=8088): Max retries exceeded with url: /v1/statement (Caused by NewConnectionError(\"HTTPConnection(host='localhost', port=8088): Failed to establish a new connection: [Errno 111] Connection refused\"))","logger":"airflow.task.operators.operators.dbt_operator.DbtOperator","filename":"dbt_operator.py","lineno":200}
{"timestamp":"2026-05-11T12:06:19.569683Z","level":"warning","event":"Error occurred during seeding: dbt command failed: seed --project-dir /opt/airflow/dags/ecommerce_dbt --profiles-dir /opt/airflow/dags/ecommerce_dbt --full-refresh","logger":"unusual_prefix_11c7dd38b84fb77f29c2585710943d4b7baaf7b9_dag_pipeline","filename":"dag_pipeline.py","lineno":424}
{"timestamp":"2026-05-11T12:06:19.569868Z","level":"info","event":"Done. Returned value was: {'status': 'failed', 'layer': 'bronze_seed', 'pipeline_id': 'dag_pipeline_20260511120607', 'timestamp': '2026-05-11T12:06:19.569783', 'error': 'dbt command failed: seed --project-dir /opt/airflow/dags/ecommerce_dbt --profiles-dir /opt/airflow/dags/ecommerce_dbt --full-refresh'}","logger":"airflow.task.operators.airflow.providers.standard.decorators.python._PythonDecoratedOperator","filename":"python.py","lineno":229}
{"timestamp":"2026-05-11T12:06:19.571922Z","level":"info","event":"Pushing xcom","ti":"RuntimeTaskInstance(id=UUID('019e16ee-25db-7357-ae96-13b89fb1a6c9'), task_id='seed_bronze', dag_id='ecommerce_dag_pipeline', run_id='scheduled__2026-05-11T12:06:05.932581+00:00', try_number=1, dag_version_id=UUID('019dfd0d-c356-769c-9658-e2450a265e78'), map_index=-1, hostname='e3c021d3fcbf', context_carrier={'traceparent': '00-c315ce71e0a7cabe7cdaf870202afbb6-2b2824ee90cb0ced-01'}, task=<Task(_PythonDecoratedOperator): seed_bronze>, bundle_instance=LocalDagBundle(name=dags-folder), max_tries=2, start_date=datetime.datetime(2026, 5, 11, 12, 6, 9, 60264, tzinfo=datetime.timezone.utc), end_date=None, state=<TaskInstanceState.RUNNING: 'running'>, is_mapped=False, rendered_map_index=None, sentry_integration='')","logger":"task","filename":"task_runner.py","lineno":1724}
{"timestamp":"2026-05-11T12:06:19.735186Z","level":"error","event":"/usr/python/lib/python3.13/multiprocessing/resource_tracker.py:400: UserWarning: resource_tracker: There appear to be 2 leaked semaphore objects to clean up at shutdown: {'/mp-0opwscn5', '/mp-gsfn_tdc'}","logger":"task.stderr"}
{"timestamp":"2026-05-11T12:06:19.752206Z","level":"error","event":"  warnings.warn(","logger":"task.stderr"}
