{"timestamp":"2026-05-12T06:40:04.676170Z","level":"info","event":"DAG bundles loaded: dags-folder","logger":"airflow.dag_processing.bundles.manager.DagBundlesManager","filename":"manager.py","lineno":209}
{"timestamp":"2026-05-12T06:40:04.681085Z","level":"info","event":"Filling up the DagBag from /opt/airflow/dags/dag_pipeline.py","logger":"airflow.dag_processing.dagbag.BundleDagBag","filename":"dagbag.py","lineno":469}
{"timestamp":"2026-05-12T06:40:06.841211Z","level":"info","event":"Seeding bronze...","logger":"unusual_prefix_11c7dd38b84fb77f29c2585710943d4b7baaf7b9_dag_pipeline","filename":"dag_pipeline.py","lineno":382}
{"timestamp":"2026-05-12T06:40:06.976898Z","level":"info","event":"Tables do not exist or error occurred: (trino.exceptions.TrinoUserError) TrinoUserError(type=USER_ERROR, name=SCHEMA_NOT_FOUND, message=\"line 1:29: Schema 'bronze' does not exist\", query_id=20260512_064007_00052_u872h)\n[SQL: SELECT count(*) as cnt FROM raw_customer_events]\n(Background on this error at: https://sqlalche.me/e/20/f405), proceeding with seeding","logger":"unusual_prefix_11c7dd38b84fb77f29c2585710943d4b7baaf7b9_dag_pipeline","filename":"dag_pipeline.py","lineno":405}
{"timestamp":"2026-05-12T06:40:06.977434Z","level":"warning","event":"DbtOperator.execute cannot be called outside of the Task Runner!","logger":"airflow.task.operators.operators.dbt_operator.DbtOperator","filename":"operator.py","lineno":437}
{"timestamp":"2026-05-12T06:40:06.983220Z","level":"info","event":"Executing dbt command: seed --project-dir /opt/airflow/dags/ecommerce_dbt --profiles-dir /opt/airflow/dags/ecommerce_dbt --full-refresh","logger":"airflow.task.operators.operators.dbt_operator.DbtOperator","filename":"dbt_operator.py","lineno":180}
{"timestamp":"2026-05-12T06:40:07.154171Z","level":"info","event":"\u001b[0m06:40:07  Running with dbt=1.10.10","logger":"task.stdout"}
{"timestamp":"2026-05-12T06:40:07.206989Z","level":"info","event":"keyring module not found. OAuth2 token will not be stored in keyring.","logger":"trino.auth","filename":"auth.py","lineno":361}
{"timestamp":"2026-05-12T06:40:07.215091Z","level":"info","event":"keyring module not found. OAuth2 token will not be stored in keyring.","logger":"trino.auth","filename":"auth.py","lineno":361}
{"timestamp":"2026-05-12T06:40:07.659557Z","level":"info","event":"\u001b[0m06:40:07  Registered adapter: trino=1.9.3","logger":"task.stdout"}
{"timestamp":"2026-05-12T06:40:08.277452Z","level":"info","event":"\u001b[0m06:40:08  Unable to do partial parsing because profile has changed","logger":"task.stdout"}
{"timestamp":"2026-05-12T06:40:10.715159Z","level":"info","event":"\u001b[0m06:40:10  [\u001b[33mWARNING\u001b[0m][MissingArgumentsPropertyInGenericTestDeprecation]: Deprecated","logger":"task.stdout"}
{"timestamp":"2026-05-12T06:40:10.716169Z","level":"info","event":"functionality","logger":"task.stdout"}
{"timestamp":"2026-05-12T06:40:10.721755Z","level":"info","event":"Found top-level arguments to test `accepted_values`. Arguments to generic tests","logger":"task.stdout"}
{"timestamp":"2026-05-12T06:40:10.722238Z","level":"info","event":"should be nested under the `arguments` property.`","logger":"task.stdout"}
{"timestamp":"2026-05-12T06:40:11.436368Z","level":"info","event":"\u001b[0m06:40:11  Found 12 models, 4 seeds, 55 data tests, 455 macros","logger":"task.stdout"}
{"timestamp":"2026-05-12T06:40:11.442720Z","level":"info","event":"\u001b[0m06:40:11","logger":"task.stdout"}
{"timestamp":"2026-05-12T06:40:11.444684Z","level":"info","event":"\u001b[0m06:40:11  Concurrency: 4 threads (target='dev')","logger":"task.stdout"}
{"timestamp":"2026-05-12T06:40:11.445816Z","level":"info","event":"\u001b[0m06:40:11","logger":"task.stdout"}
{"timestamp":"2026-05-12T06:40:11.534688Z","level":"info","event":"\u001b[0m06:40:11  [\u001b[33mWARNING\u001b[0m]: SSL certificate validation is disabled by default. It is legacy behavior which will be changed in future releases. It is strongly advised to enable `require_certificate_validation` flag or explicitly set `cert` configuration to `True` for security reasons. You may receive an error after that if your SSL setup is incorrect.","logger":"task.stdout"}
{"timestamp":"2026-05-12T06:40:11.535166Z","level":"info","event":"You may opt into the new behavior sooner by setting `flags.require_certificate_validation` to `True` in `dbt_project.yml`.","logger":"task.stdout"}
{"timestamp":"2026-05-12T06:40:11.535548Z","level":"info","event":"Visit https://docs.getdbt.com/reference/global-configs/behavior-changes for more information.","logger":"task.stdout"}
{"timestamp":"2026-05-12T06:40:13.439903Z","level":"info","event":"\u001b[0m06:40:13  2 of 4 START seed file bronze_raw.raw_inventory_snapshots ...................... [RUN]","logger":"task.stdout"}
{"timestamp":"2026-05-12T06:40:13.441558Z","level":"info","event":"\u001b[0m06:40:13  3 of 4 START seed file bronze_raw.raw_payment_transactions ..................... [RUN]","logger":"task.stdout"}
{"timestamp":"2026-05-12T06:40:13.443515Z","level":"info","event":"\u001b[0m06:40:13  4 of 4 START seed file bronze_raw.raw_support_tickets .......................... [RUN]","logger":"task.stdout"}
{"timestamp":"2026-05-12T06:40:13.450894Z","level":"info","event":"\u001b[0m06:40:13  1 of 4 START seed file bronze_raw.raw_customer_events .......................... [RUN]","logger":"task.stdout"}
{"timestamp":"2026-05-12T06:40:21.111763Z","level":"info","event":"\u001b[0m06:40:21  1 of 4 OK loaded seed file bronze_raw.raw_customer_events ...................... [\u001b[32mCREATE 200\u001b[0m in 7.65s]","logger":"task.stdout"}
{"timestamp":"2026-05-12T06:40:21.470172Z","level":"info","event":"\u001b[0m06:40:21  4 of 4 OK loaded seed file bronze_raw.raw_support_tickets ...................... [\u001b[32mCREATE 200\u001b[0m in 8.02s]","logger":"task.stdout"}
{"timestamp":"2026-05-12T06:40:21.989433Z","level":"info","event":"\u001b[0m06:40:21  3 of 4 OK loaded seed file bronze_raw.raw_payment_transactions ................. [\u001b[32mCREATE 200\u001b[0m in 8.54s]","logger":"task.stdout"}
{"timestamp":"2026-05-12T06:40:22.425923Z","level":"info","event":"\u001b[0m06:40:22  2 of 4 OK loaded seed file bronze_raw.raw_inventory_snapshots .................. [\u001b[32mCREATE 200\u001b[0m in 8.98s]","logger":"task.stdout"}
{"timestamp":"2026-05-12T06:40:22.442594Z","level":"info","event":"\u001b[0m06:40:22","logger":"task.stdout"}
{"timestamp":"2026-05-12T06:40:22.444820Z","level":"info","event":"\u001b[0m06:40:22  Finished running 4 seeds in 0 hours 0 minutes and 11.00 seconds (11.00s).","logger":"task.stdout"}
{"timestamp":"2026-05-12T06:40:22.592290Z","level":"info","event":"\u001b[0m06:40:22","logger":"task.stdout"}
{"timestamp":"2026-05-12T06:40:22.593634Z","level":"info","event":"\u001b[0m06:40:22  \u001b[32mCompleted successfully\u001b[0m","logger":"task.stdout"}
{"timestamp":"2026-05-12T06:40:22.594782Z","level":"info","event":"\u001b[0m06:40:22","logger":"task.stdout"}
{"timestamp":"2026-05-12T06:40:22.596099Z","level":"info","event":"\u001b[0m06:40:22  Done. PASS=4 WARN=0 ERROR=0 SKIP=0 NO-OP=0 TOTAL=4","logger":"task.stdout"}
{"timestamp":"2026-05-12T06:40:22.598211Z","level":"info","event":"\u001b[0m06:40:22  [\u001b[33mWARNING\u001b[0m][DeprecationsSummary]: Deprecated functionality","logger":"task.stdout"}
{"timestamp":"2026-05-12T06:40:22.599397Z","level":"info","event":"Summary of encountered deprecations:","logger":"task.stdout"}
{"timestamp":"2026-05-12T06:40:22.601467Z","level":"info","event":"- MissingArgumentsPropertyInGenericTestDeprecation: 8 occurrences","logger":"task.stdout"}
{"timestamp":"2026-05-12T06:40:22.602008Z","level":"info","event":"To see all deprecation instances instead of just the first occurrence of each,","logger":"task.stdout"}
{"timestamp":"2026-05-12T06:40:22.602416Z","level":"info","event":"run command again with the `--show-all-deprecations` flag. You may also need to","logger":"task.stdout"}
{"timestamp":"2026-05-12T06:40:22.602816Z","level":"info","event":"run with `--no-partial-parse` as some deprecations are only encountered during","logger":"task.stdout"}
{"timestamp":"2026-05-12T06:40:22.603114Z","level":"info","event":"parsing.","logger":"task.stdout"}
{"timestamp":"2026-05-12T06:40:24.140340Z","level":"info","event":"dbt command executed successfully","logger":"airflow.task.operators.operators.dbt_operator.DbtOperator","filename":"dbt_operator.py","lineno":185}
{"timestamp":"2026-05-12T06:40:24.140673Z","level":"info","event":"Done. Returned value was: {'status': 'success', 'layer': 'bronze_seed', 'pipeline_id': 'dag_pipeline_20260512064003', 'timestamp': '2026-05-12T06:40:24.140571'}","logger":"airflow.task.operators.airflow.providers.standard.decorators.python._PythonDecoratedOperator","filename":"python.py","lineno":229}
{"timestamp":"2026-05-12T06:40:24.141459Z","level":"info","event":"Pushing xcom","ti":"RuntimeTaskInstance(id=UUID('019e1ae9-f66a-752f-8e3c-1bf8b0848b0a'), task_id='seed_bronze', dag_id='ecommerce_dag_pipeline', run_id='manual__2026-05-12T06:40:01.106135+00:00', try_number=1, dag_version_id=UUID('019dfd0d-c356-769c-9658-e2450a265e78'), map_index=-1, hostname='c09759c742ec', context_carrier={'traceparent': '00-e5a73b3e3c0b92a12e03f8596925bf4c-8f203dd3a5302db1-01'}, task=<Task(_PythonDecoratedOperator): seed_bronze>, bundle_instance=LocalDagBundle(name=dags-folder), max_tries=2, start_date=datetime.datetime(2026, 5, 12, 6, 40, 4, 560864, tzinfo=datetime.timezone.utc), end_date=None, state=<TaskInstanceState.RUNNING: 'running'>, is_mapped=False, rendered_map_index=None, sentry_integration='')","logger":"task","filename":"task_runner.py","lineno":1724}
{"timestamp":"2026-05-12T06:40:24.331535Z","level":"error","event":"/usr/python/lib/python3.13/multiprocessing/resource_tracker.py:400: UserWarning: resource_tracker: There appear to be 2 leaked semaphore objects to clean up at shutdown: {'/mp-um45xx3z', '/mp-dv67i1d2'}","logger":"task.stderr"}
{"timestamp":"2026-05-12T06:40:24.344928Z","level":"error","event":"  warnings.warn(","logger":"task.stderr"}
