{"timestamp":"2026-05-08T11:46:03.951643Z","level":"info","event":"DAG bundles loaded: dags-folder","logger":"airflow.dag_processing.bundles.manager.DagBundlesManager","filename":"manager.py","lineno":209}
{"timestamp":"2026-05-08T11:46:03.954260Z","level":"info","event":"Filling up the DagBag from /opt/airflow/dags/dag_pipeline.py","logger":"airflow.dag_processing.dagbag.BundleDagBag","filename":"dagbag.py","lineno":469}
{"timestamp":"2026-05-08T11:46:06.723802Z","level":"info","event":"Seeding bronze...","logger":"unusual_prefix_11c7dd38b84fb77f29c2585710943d4b7baaf7b9_dag_pipeline","filename":"dag_pipeline.py","lineno":382}
{"timestamp":"2026-05-08T11:46:08.528025Z","level":"info","event":"Tables do not exist or error occurred: (trino.exceptions.TrinoExternalError) TrinoExternalError(type=EXTERNAL, name=ICEBERG_CATALOG_ERROR, message=\"Cannot obtain metadata\", query_id=20260508_114606_00000_neu5v)\n[SQL: SELECT count(*) as cnt FROM raw_customer_events]\n(Background on this error at: https://sqlalche.me/e/20/e3q8), proceeding with seeding","logger":"unusual_prefix_11c7dd38b84fb77f29c2585710943d4b7baaf7b9_dag_pipeline","filename":"dag_pipeline.py","lineno":405}
{"timestamp":"2026-05-08T11:46:08.528653Z","level":"warning","event":"DbtOperator.execute cannot be called outside of the Task Runner!","logger":"airflow.task.operators.operators.dbt_operator.DbtOperator","filename":"operator.py","lineno":437}
{"timestamp":"2026-05-08T11:46:08.545434Z","level":"info","event":"Executing dbt command: seed --project-dir /opt/airflow/dags/ecommerce_dbt --profiles-dir /opt/airflow/dags/ecommerce_dbt --full-refresh","logger":"airflow.task.operators.operators.dbt_operator.DbtOperator","filename":"dbt_operator.py","lineno":180}
{"timestamp":"2026-05-08T11:46:08.949564Z","level":"info","event":"\u001b[0m11:46:08  Running with dbt=1.10.10","logger":"task.stdout"}
{"timestamp":"2026-05-08T11:46:09.083467Z","level":"info","event":"keyring module not found. OAuth2 token will not be stored in keyring.","logger":"trino.auth","filename":"auth.py","lineno":361}
{"timestamp":"2026-05-08T11:46:09.088671Z","level":"info","event":"keyring module not found. OAuth2 token will not be stored in keyring.","logger":"trino.auth","filename":"auth.py","lineno":361}
{"timestamp":"2026-05-08T11:46:09.795583Z","level":"info","event":"\u001b[0m11:46:09  Registered adapter: trino=1.9.3","logger":"task.stdout"}
{"timestamp":"2026-05-08T11:46:10.507625Z","level":"info","event":"\u001b[0m11:46:10  Unable to do partial parsing because of a version mismatch","logger":"task.stdout"}
{"timestamp":"2026-05-08T11:46:14.349014Z","level":"info","event":"\u001b[0m11:46:14  [\u001b[33mWARNING\u001b[0m][MissingArgumentsPropertyInGenericTestDeprecation]: Deprecated","logger":"task.stdout"}
{"timestamp":"2026-05-08T11:46:14.353482Z","level":"info","event":"functionality","logger":"task.stdout"}
{"timestamp":"2026-05-08T11:46:14.353904Z","level":"info","event":"Found top-level arguments to test `accepted_values`. Arguments to generic tests","logger":"task.stdout"}
{"timestamp":"2026-05-08T11:46:14.354648Z","level":"info","event":"should be nested under the `arguments` property.`","logger":"task.stdout"}
{"timestamp":"2026-05-08T11:46:15.600183Z","level":"info","event":"\u001b[0m11:46:15  Found 12 models, 4 seeds, 55 data tests, 455 macros","logger":"task.stdout"}
{"timestamp":"2026-05-08T11:46:15.615950Z","level":"info","event":"\u001b[0m11:46:15","logger":"task.stdout"}
{"timestamp":"2026-05-08T11:46:15.618448Z","level":"info","event":"\u001b[0m11:46:15  Concurrency: 4 threads (target='dev')","logger":"task.stdout"}
{"timestamp":"2026-05-08T11:46:15.619782Z","level":"info","event":"\u001b[0m11:46:15","logger":"task.stdout"}
{"timestamp":"2026-05-08T11:46:15.997737Z","level":"info","event":"\u001b[0m11:46:15  [\u001b[33mWARNING\u001b[0m]: SSL certificate validation is disabled by default. It is legacy behavior which will be changed in future releases. It is strongly advised to enable `require_certificate_validation` flag or explicitly set `cert` configuration to `True` for security reasons. You may receive an error after that if your SSL setup is incorrect.","logger":"task.stdout"}
{"timestamp":"2026-05-08T11:46:15.998577Z","level":"info","event":"You may opt into the new behavior sooner by setting `flags.require_certificate_validation` to `True` in `dbt_project.yml`.","logger":"task.stdout"}
{"timestamp":"2026-05-08T11:46:15.999914Z","level":"info","event":"Visit https://docs.getdbt.com/reference/global-configs/behavior-changes for more information.","logger":"task.stdout"}
{"timestamp":"2026-05-08T11:46:16.184039Z","level":"info","event":"\u001b[0m11:46:16","logger":"task.stdout"}
{"timestamp":"2026-05-08T11:46:16.185161Z","level":"info","event":"\u001b[0m11:46:16  Finished running  in 0 hours 0 minutes and 0.56 seconds (0.56s).","logger":"task.stdout"}
{"timestamp":"2026-05-08T11:46:16.187139Z","level":"info","event":"\u001b[0m11:46:16  Encountered an error:","logger":"task.stdout"}
{"timestamp":"2026-05-08T11:46:16.189336Z","level":"info","event":"Database Error","logger":"task.stdout"}
{"timestamp":"2026-05-08T11:46:16.189748Z","level":"info","event":"  TrinoExternalError(type=EXTERNAL, name=ICEBERG_CATALOG_ERROR, message=\"Cannot obtain metadata\", query_id=20260508_114616_00001_neu5v)","logger":"task.stdout"}
{"timestamp":"2026-05-08T11:46:16.190157Z","level":"info","event":"\u001b[0m11:46:16  [\u001b[33mWARNING\u001b[0m][DeprecationsSummary]: Deprecated functionality","logger":"task.stdout"}
{"timestamp":"2026-05-08T11:46:16.190606Z","level":"info","event":"Summary of encountered deprecations:","logger":"task.stdout"}
{"timestamp":"2026-05-08T11:46:16.190885Z","level":"info","event":"- MissingArgumentsPropertyInGenericTestDeprecation: 8 occurrences","logger":"task.stdout"}
{"timestamp":"2026-05-08T11:46:16.191152Z","level":"info","event":"To see all deprecation instances instead of just the first occurrence of each,","logger":"task.stdout"}
{"timestamp":"2026-05-08T11:46:16.192830Z","level":"info","event":"run command again with the `--show-all-deprecations` flag. You may also need to","logger":"task.stdout"}
{"timestamp":"2026-05-08T11:46:16.193359Z","level":"info","event":"run with `--no-partial-parse` as some deprecations are only encountered during","logger":"task.stdout"}
{"timestamp":"2026-05-08T11:46:16.193647Z","level":"info","event":"parsing.","logger":"task.stdout"}
{"timestamp":"2026-05-08T11:46:17.337311Z","level":"error","event":"dbt command failed!","logger":"airflow.task.operators.operators.dbt_operator.DbtOperator","filename":"dbt_operator.py","lineno":198}
{"timestamp":"2026-05-08T11:46:17.337507Z","level":"error","event":"Exception: Database Error\n  TrinoExternalError(type=EXTERNAL, name=ICEBERG_CATALOG_ERROR, message=\"Cannot obtain metadata\", query_id=20260508_114616_00001_neu5v)","logger":"airflow.task.operators.operators.dbt_operator.DbtOperator","filename":"dbt_operator.py","lineno":200}
{"timestamp":"2026-05-08T11:46:17.337694Z","level":"warning","event":"Error occurred during seeding: dbt command failed: seed --project-dir /opt/airflow/dags/ecommerce_dbt --profiles-dir /opt/airflow/dags/ecommerce_dbt --full-refresh","logger":"unusual_prefix_11c7dd38b84fb77f29c2585710943d4b7baaf7b9_dag_pipeline","filename":"dag_pipeline.py","lineno":424}
{"timestamp":"2026-05-08T11:46:17.337877Z","level":"info","event":"Done. Returned value was: {'status': 'failed', 'layer': 'bronze_seed', 'pipeline_id': 'dag_pipeline_20260508114602', 'timestamp': '2026-05-08T11:46:17.337776', 'error': 'dbt command failed: seed --project-dir /opt/airflow/dags/ecommerce_dbt --profiles-dir /opt/airflow/dags/ecommerce_dbt --full-refresh'}","logger":"airflow.task.operators.airflow.providers.standard.decorators.python._PythonDecoratedOperator","filename":"python.py","lineno":229}
{"timestamp":"2026-05-08T11:46:17.338120Z","level":"info","event":"Pushing xcom","ti":"RuntimeTaskInstance(id=UUID('019e0768-98c8-7990-b7ea-90c43fb02835'), task_id='seed_bronze', dag_id='ecommerce_dag_pipeline', run_id='manual__2026-05-08T11:45:55.854304+00:00', try_number=1, dag_version_id=UUID('019dfd0d-c356-769c-9658-e2450a265e78'), map_index=-1, hostname='d502fc1d7f02', context_carrier={'traceparent': '00-46c6496c0b61aa00bbb14c70954b16e2-a8fb390fbea853ed-01'}, task=<Task(_PythonDecoratedOperator): seed_bronze>, bundle_instance=LocalDagBundle(name=dags-folder), max_tries=2, start_date=datetime.datetime(2026, 5, 8, 11, 46, 3, 848282, tzinfo=datetime.timezone.utc), end_date=None, state=<TaskInstanceState.RUNNING: 'running'>, is_mapped=False, rendered_map_index=None, sentry_integration='')","logger":"task","filename":"task_runner.py","lineno":1724}
{"timestamp":"2026-05-08T11:46:17.527939Z","level":"error","event":"/usr/python/lib/python3.13/multiprocessing/resource_tracker.py:400: UserWarning: resource_tracker: There appear to be 2 leaked semaphore objects to clean up at shutdown: {'/mp-xc5bfvnq', '/mp-dguevppw'}","logger":"task.stderr"}
{"timestamp":"2026-05-08T11:46:17.528580Z","level":"error","event":"  warnings.warn(","logger":"task.stderr"}
