{"timestamp":"2026-05-12T07:50:30.734214Z","level":"info","event":"DAG bundles loaded: dags-folder","logger":"airflow.dag_processing.bundles.manager.DagBundlesManager","filename":"manager.py","lineno":209}
{"timestamp":"2026-05-12T07:50:30.736259Z","level":"info","event":"Filling up the DagBag from /opt/airflow/dags/dag_pipeline.py","logger":"airflow.dag_processing.dagbag.BundleDagBag","filename":"dagbag.py","lineno":469}
{"timestamp":"2026-05-12T07:50:32.916344Z","level":"info","event":"Transforming silver layer for pipeline: dag_pipeline_20260512074952","logger":"unusual_prefix_11c7dd38b84fb77f29c2585710943d4b7baaf7b9_dag_pipeline","filename":"dag_pipeline.py","lineno":504}
{"timestamp":"2026-05-12T07:50:32.916896Z","level":"warning","event":"DbtOperator.execute cannot be called outside of the Task Runner!","logger":"airflow.task.operators.operators.dbt_operator.DbtOperator","filename":"operator.py","lineno":437}
{"timestamp":"2026-05-12T07:50:32.923438Z","level":"info","event":"Executing dbt command: run --select tag:silver --project-dir /opt/airflow/dags/ecommerce_dbt --profiles-dir /opt/airflow/dags/ecommerce_dbt","logger":"airflow.task.operators.operators.dbt_operator.DbtOperator","filename":"dbt_operator.py","lineno":180}
{"timestamp":"2026-05-12T07:50:33.099209Z","level":"info","event":"\u001b[0m07:50:33  Running with dbt=1.10.10","logger":"task.stdout"}
{"timestamp":"2026-05-12T07:50:33.161987Z","level":"info","event":"keyring module not found. OAuth2 token will not be stored in keyring.","logger":"trino.auth","filename":"auth.py","lineno":361}
{"timestamp":"2026-05-12T07:50:33.166075Z","level":"info","event":"keyring module not found. OAuth2 token will not be stored in keyring.","logger":"trino.auth","filename":"auth.py","lineno":361}
{"timestamp":"2026-05-12T07:50:33.583951Z","level":"info","event":"\u001b[0m07:50:33  Registered adapter: trino=1.9.3","logger":"task.stdout"}
{"timestamp":"2026-05-12T07:50:34.716902Z","level":"info","event":"\u001b[0m07:50:34  Found 12 models, 4 seeds, 55 data tests, 455 macros","logger":"task.stdout"}
{"timestamp":"2026-05-12T07:50:34.728761Z","level":"info","event":"\u001b[0m07:50:34","logger":"task.stdout"}
{"timestamp":"2026-05-12T07:50:34.730780Z","level":"info","event":"\u001b[0m07:50:34  Concurrency: 4 threads (target='dev')","logger":"task.stdout"}
{"timestamp":"2026-05-12T07:50:34.735438Z","level":"info","event":"\u001b[0m07:50:34","logger":"task.stdout"}
{"timestamp":"2026-05-12T07:50:34.856148Z","level":"info","event":"\u001b[0m07:50:34  [\u001b[33mWARNING\u001b[0m]: SSL certificate validation is disabled by default. It is legacy behavior which will be changed in future releases. It is strongly advised to enable `require_certificate_validation` flag or explicitly set `cert` configuration to `True` for security reasons. You may receive an error after that if your SSL setup is incorrect.","logger":"task.stdout"}
{"timestamp":"2026-05-12T07:50:34.858878Z","level":"info","event":"You may opt into the new behavior sooner by setting `flags.require_certificate_validation` to `True` in `dbt_project.yml`.","logger":"task.stdout"}
{"timestamp":"2026-05-12T07:50:34.859403Z","level":"info","event":"Visit https://docs.getdbt.com/reference/global-configs/behavior-changes for more information.","logger":"task.stdout"}
{"timestamp":"2026-05-12T07:50:35.677938Z","level":"info","event":"\u001b[0m07:50:35  1 of 4 START sql table model bronze_raw_silver.silver_customer_events .......... [RUN]","logger":"task.stdout"}
{"timestamp":"2026-05-12T07:50:35.695558Z","level":"info","event":"\u001b[0m07:50:35  4 of 4 START sql table model bronze_raw_silver.silver_support_tickets .......... [RUN]","logger":"task.stdout"}
{"timestamp":"2026-05-12T07:50:35.712942Z","level":"info","event":"\u001b[0m07:50:35  2 of 4 START sql table model bronze_raw_silver.silver_inventory_snapshots ...... [RUN]","logger":"task.stdout"}
{"timestamp":"2026-05-12T07:50:35.746927Z","level":"info","event":"\u001b[0m07:50:35  3 of 4 START sql table model bronze_raw_silver.silver_payment_transactions ..... [RUN]","logger":"task.stdout"}
{"timestamp":"2026-05-12T07:50:39.312444Z","level":"info","event":"\u001b[0m07:50:39  4 of 4 OK created sql table model bronze_raw_silver.silver_support_tickets ..... [\u001b[32mCREATE TABLE (200 rows)\u001b[0m in 3.61s]","logger":"task.stdout"}
{"timestamp":"2026-05-12T07:50:39.850669Z","level":"info","event":"\u001b[0m07:50:39  1 of 4 OK created sql table model bronze_raw_silver.silver_customer_events ..... [\u001b[32mCREATE TABLE (64 rows)\u001b[0m in 4.16s]","logger":"task.stdout"}
{"timestamp":"2026-05-12T07:50:40.531606Z","level":"info","event":"\u001b[0m07:50:40  2 of 4 OK created sql table model bronze_raw_silver.silver_inventory_snapshots . [\u001b[32mCREATE TABLE (200 rows)\u001b[0m in 4.77s]","logger":"task.stdout"}
{"timestamp":"2026-05-12T07:50:41.316627Z","level":"info","event":"\u001b[0m07:50:41  3 of 4 OK created sql table model bronze_raw_silver.silver_payment_transactions  [\u001b[32mCREATE TABLE (200 rows)\u001b[0m in 5.53s]","logger":"task.stdout"}
{"timestamp":"2026-05-12T07:50:41.368143Z","level":"info","event":"\u001b[0m07:50:41","logger":"task.stdout"}
{"timestamp":"2026-05-12T07:50:41.368465Z","level":"info","event":"\u001b[0m07:50:41  Finished running 4 table models in 0 hours 0 minutes and 6.59 seconds (6.59s).","logger":"task.stdout"}
{"timestamp":"2026-05-12T07:50:41.427510Z","level":"info","event":"\u001b[0m07:50:41","logger":"task.stdout"}
{"timestamp":"2026-05-12T07:50:41.428380Z","level":"info","event":"\u001b[0m07:50:41  \u001b[32mCompleted successfully\u001b[0m","logger":"task.stdout"}
{"timestamp":"2026-05-12T07:50:41.429177Z","level":"info","event":"\u001b[0m07:50:41","logger":"task.stdout"}
{"timestamp":"2026-05-12T07:50:41.430081Z","level":"info","event":"\u001b[0m07:50:41  Done. PASS=4 WARN=0 ERROR=0 SKIP=0 NO-OP=0 TOTAL=4","logger":"task.stdout"}
{"timestamp":"2026-05-12T07:50:42.355386Z","level":"info","event":"dbt command executed successfully","logger":"airflow.task.operators.operators.dbt_operator.DbtOperator","filename":"dbt_operator.py","lineno":185}
{"timestamp":"2026-05-12T07:50:42.356056Z","level":"info","event":"Done. Returned value was: {'status': 'success', 'layer': 'silver_transform', 'pipeline_id': 'dag_pipeline_20260512074952', 'timestamp': '2026-05-12T07:50:42.355814'}","logger":"airflow.task.operators.airflow.providers.standard.decorators.python._PythonDecoratedOperator","filename":"python.py","lineno":229}
{"timestamp":"2026-05-12T07:50:42.356779Z","level":"info","event":"Pushing xcom","ti":"RuntimeTaskInstance(id=UUID('019e1b29-e7f8-72be-9d1b-279619443fd5'), task_id='transform_silver_layer', dag_id='ecommerce_dag_pipeline', run_id='manual__2026-05-12T07:49:51.706916+00:00', try_number=1, dag_version_id=UUID('019dfd0d-c356-769c-9658-e2450a265e78'), map_index=-1, hostname='c09759c742ec', context_carrier={'traceparent': '00-909cff330d8ca42cdc568ad711c0c136-907634a1e013504a-01'}, task=<Task(_PythonDecoratedOperator): transform_silver_layer>, bundle_instance=LocalDagBundle(name=dags-folder), max_tries=2, start_date=datetime.datetime(2026, 5, 12, 7, 50, 30, 634251, tzinfo=datetime.timezone.utc), end_date=None, state=<TaskInstanceState.RUNNING: 'running'>, is_mapped=False, rendered_map_index=None, sentry_integration='')","logger":"task","filename":"task_runner.py","lineno":1724}
{"timestamp":"2026-05-12T07:50:42.497380Z","level":"error","event":"/usr/python/lib/python3.13/multiprocessing/resource_tracker.py:400: UserWarning: resource_tracker: There appear to be 2 leaked semaphore objects to clean up at shutdown: {'/mp-iqnusm1_', '/mp-6uzk7rdp'}","logger":"task.stderr"}
{"timestamp":"2026-05-12T07:50:42.498081Z","level":"error","event":"  warnings.warn(","logger":"task.stderr"}
