[0m14:11:26.976841 [debug] [MainThread]: Sending event: {'category': 'dbt', 'action': 'invocation', 'label': 'start', 'context': [<snowplow_tracker.self_describing_json.SelfDescribingJson object at 0x0000018C163ADBD0>, <snowplow_tracker.self_describing_json.SelfDescribingJson object at 0x0000018C16427250>, <snowplow_tracker.self_describing_json.SelfDescribingJson object at 0x0000018C16426B10>]}


============================== 14:11:27.026201 | a23777b3-e492-4ac9-b20f-433b6e87ae04 ==============================
[0m14:11:27.026201 [info ] [MainThread]: Running with dbt=1.10.10
[0m14:11:27.029728 [debug] [MainThread]: running dbt with arguments {'static_parser': 'True', 'no_print': 'None', 'version_check': 'True', 'warn_error_options': 'WarnErrorOptionsV2(error=[], warn=[], silence=[])', 'target_path': 'None', 'printer_width': '80', 'write_json': 'True', 'introspect': 'True', 'log_cache_events': 'False', 'empty': 'None', 'cache_selected_only': 'False', 'fail_fast': 'False', 'debug': 'False', 'log_format': 'default', 'profiles_dir': 'C:\\Users\\zeyne\\.dbt', 'send_anonymous_usage_stats': 'True', 'quiet': 'False', 'warn_error': 'None', 'partial_parse': 'True', 'invocation_command': 'dbt clean', 'indirect_selection': 'eager', 'use_colors': 'True', 'use_experimental_parser': 'False', 'log_path': 'logs'}
[0m14:11:27.031736 [error] [MainThread]: Encountered an error:
Runtime Error
  No dbt_project.yml found at expected path D:\Distributed_Lakehouse\dbt_project.yml
  Verify that each entry within packages.yml (and their transitive dependencies) contains a file named dbt_project.yml
  
[0m14:11:27.034477 [debug] [MainThread]: Command `dbt clean` failed at 14:11:27.033467 after 0.59 seconds
[0m14:11:27.035475 [debug] [MainThread]: Sending event: {'category': 'dbt', 'action': 'invocation', 'label': 'end', 'context': [<snowplow_tracker.self_describing_json.SelfDescribingJson object at 0x0000018C163B6050>, <snowplow_tracker.self_describing_json.SelfDescribingJson object at 0x0000018C163AF550>, <snowplow_tracker.self_describing_json.SelfDescribingJson object at 0x0000018C163AC350>]}
[0m14:11:27.036481 [debug] [MainThread]: Flushing usage events
[0m14:11:29.852111 [debug] [MainThread]: An error was encountered while trying to flush usage events
[0m14:25:01.758952 [debug] [MainThread]: Sending event: {'category': 'dbt', 'action': 'invocation', 'label': 'start', 'context': [<snowplow_tracker.self_describing_json.SelfDescribingJson object at 0x0000019A40615810>, <snowplow_tracker.self_describing_json.SelfDescribingJson object at 0x0000019A40614710>, <snowplow_tracker.self_describing_json.SelfDescribingJson object at 0x0000019A40615A10>]}


============================== 14:25:01.838931 | 0ba836ff-fe8d-483c-82de-c997031aa088 ==============================
[0m14:25:01.838931 [info ] [MainThread]: Running with dbt=1.10.19
[0m14:25:01.839754 [debug] [MainThread]: running dbt with arguments {'static_parser': 'True', 'no_print': 'None', 'version_check': 'True', 'warn_error_options': 'WarnErrorOptionsV2(error=[], warn=[], silence=[])', 'target_path': 'None', 'printer_width': '80', 'write_json': 'True', 'introspect': 'True', 'log_cache_events': 'False', 'empty': 'None', 'cache_selected_only': 'False', 'log_format': 'default', 'debug': 'False', 'fail_fast': 'False', 'profiles_dir': 'C:\\Users\\zeyne\\.dbt', 'send_anonymous_usage_stats': 'True', 'quiet': 'False', 'warn_error': 'None', 'partial_parse': 'True', 'indirect_selection': 'eager', 'use_colors': 'True', 'invocation_command': 'dbt seed --full-refresh', 'use_experimental_parser': 'False', 'log_path': 'logs'}
[0m14:25:01.842283 [error] [MainThread]: Encountered an error:
Runtime Error
  No dbt_project.yml found at expected path D:\Distributed_Lakehouse\dbt_project.yml
  Verify that each entry within packages.yml (and their transitive dependencies) contains a file named dbt_project.yml
  
[0m14:25:01.844288 [debug] [MainThread]: Command `dbt seed` failed at 14:25:01.844288 after 0.48 seconds
[0m14:25:01.845287 [debug] [MainThread]: Sending event: {'category': 'dbt', 'action': 'invocation', 'label': 'end', 'context': [<snowplow_tracker.self_describing_json.SelfDescribingJson object at 0x0000019A405E2150>, <snowplow_tracker.self_describing_json.SelfDescribingJson object at 0x0000019A4024E990>, <snowplow_tracker.self_describing_json.SelfDescribingJson object at 0x0000019A40593ED0>]}
[0m14:25:01.846809 [debug] [MainThread]: Flushing usage events
[0m14:25:03.729736 [debug] [MainThread]: An error was encountered while trying to flush usage events
