{"timestamp":"2026-05-12T07:41:14.984888Z","level":"info","event":"DAG bundles loaded: dags-folder","logger":"airflow.dag_processing.bundles.manager.DagBundlesManager","filename":"manager.py","lineno":209}
{"timestamp":"2026-05-12T07:41:14.990714Z","level":"info","event":"Filling up the DagBag from /opt/airflow/dags/dag_pipeline.py","logger":"airflow.dag_processing.dagbag.BundleDagBag","filename":"dagbag.py","lineno":469}
{"timestamp":"2026-05-12T07:41:18.674393Z","level":"info","event":"Seeding bronze...","logger":"unusual_prefix_11c7dd38b84fb77f29c2585710943d4b7baaf7b9_dag_pipeline","filename":"dag_pipeline.py","lineno":382}
{"timestamp":"2026-05-12T07:41:18.792515Z","level":"info","event":"Tables do not exist or error occurred: (trino.exceptions.TrinoUserError) TrinoUserError(type=USER_ERROR, name=SCHEMA_NOT_FOUND, message=\"line 1:29: Schema 'bronze' does not exist\", query_id=20260512_074119_00308_u872h)\n[SQL: SELECT count(*) as cnt FROM raw_customer_events]\n(Background on this error at: https://sqlalche.me/e/20/f405), proceeding with seeding","logger":"unusual_prefix_11c7dd38b84fb77f29c2585710943d4b7baaf7b9_dag_pipeline","filename":"dag_pipeline.py","lineno":405}
{"timestamp":"2026-05-12T07:41:18.793090Z","level":"warning","event":"DbtOperator.execute cannot be called outside of the Task Runner!","logger":"airflow.task.operators.operators.dbt_operator.DbtOperator","filename":"operator.py","lineno":437}
{"timestamp":"2026-05-12T07:41:18.796934Z","level":"info","event":"Executing dbt command: seed --project-dir /opt/airflow/dags/ecommerce_dbt --profiles-dir /opt/airflow/dags/ecommerce_dbt --full-refresh","logger":"airflow.task.operators.operators.dbt_operator.DbtOperator","filename":"dbt_operator.py","lineno":180}
{"timestamp":"2026-05-12T07:41:18.963182Z","level":"info","event":"\u001b[0m07:41:18  Running with dbt=1.10.10","logger":"task.stdout"}
{"timestamp":"2026-05-12T07:41:19.015825Z","level":"info","event":"keyring module not found. OAuth2 token will not be stored in keyring.","logger":"trino.auth","filename":"auth.py","lineno":361}
{"timestamp":"2026-05-12T07:41:19.021734Z","level":"info","event":"keyring module not found. OAuth2 token will not be stored in keyring.","logger":"trino.auth","filename":"auth.py","lineno":361}
{"timestamp":"2026-05-12T07:41:19.643179Z","level":"info","event":"\u001b[0m07:41:19  Registered adapter: trino=1.9.3","logger":"task.stdout"}
{"timestamp":"2026-05-12T07:41:21.868864Z","level":"info","event":"\u001b[0m07:41:21  Found 12 models, 4 seeds, 55 data tests, 455 macros","logger":"task.stdout"}
{"timestamp":"2026-05-12T07:41:21.916303Z","level":"info","event":"\u001b[0m07:41:21","logger":"task.stdout"}
{"timestamp":"2026-05-12T07:41:21.916847Z","level":"info","event":"\u001b[0m07:41:21  Concurrency: 4 threads (target='dev')","logger":"task.stdout"}
{"timestamp":"2026-05-12T07:41:21.917239Z","level":"info","event":"\u001b[0m07:41:21","logger":"task.stdout"}
{"timestamp":"2026-05-12T07:41:21.962607Z","level":"info","event":"\u001b[0m07:41:21  [\u001b[33mWARNING\u001b[0m]: SSL certificate validation is disabled by default. It is legacy behavior which will be changed in future releases. It is strongly advised to enable `require_certificate_validation` flag or explicitly set `cert` configuration to `True` for security reasons. You may receive an error after that if your SSL setup is incorrect.","logger":"task.stdout"}
{"timestamp":"2026-05-12T07:41:21.963088Z","level":"info","event":"You may opt into the new behavior sooner by setting `flags.require_certificate_validation` to `True` in `dbt_project.yml`.","logger":"task.stdout"}
{"timestamp":"2026-05-12T07:41:21.963427Z","level":"info","event":"Visit https://docs.getdbt.com/reference/global-configs/behavior-changes for more information.","logger":"task.stdout"}
{"timestamp":"2026-05-12T07:41:24.899554Z","level":"info","event":"\u001b[0m07:41:24  3 of 4 START seed file bronze_raw_raw.raw_payment_transactions ................. [RUN]","logger":"task.stdout"}
{"timestamp":"2026-05-12T07:41:24.904915Z","level":"info","event":"\u001b[0m07:41:24  1 of 4 START seed file bronze_raw_raw.raw_customer_events ...................... [RUN]","logger":"task.stdout"}
{"timestamp":"2026-05-12T07:41:24.952641Z","level":"info","event":"\u001b[0m07:41:24  2 of 4 START seed file bronze_raw_raw.raw_inventory_snapshots .................. [RUN]","logger":"task.stdout"}
{"timestamp":"2026-05-12T07:41:24.958625Z","level":"info","event":"\u001b[0m07:41:24  4 of 4 START seed file bronze_raw_raw.raw_support_tickets ...................... [RUN]","logger":"task.stdout"}
{"timestamp":"2026-05-12T07:41:34.040456Z","level":"info","event":"\u001b[0m07:41:34  1 of 4 OK loaded seed file bronze_raw_raw.raw_customer_events .................. [\u001b[32mCREATE 200\u001b[0m in 9.07s]","logger":"task.stdout"}
{"timestamp":"2026-05-12T07:41:35.492024Z","level":"info","event":"\u001b[0m07:41:35  4 of 4 OK loaded seed file bronze_raw_raw.raw_support_tickets .................. [\u001b[32mCREATE 200\u001b[0m in 10.52s]","logger":"task.stdout"}
{"timestamp":"2026-05-12T07:41:36.007437Z","level":"info","event":"\u001b[0m07:41:36  2 of 4 OK loaded seed file bronze_raw_raw.raw_inventory_snapshots .............. [\u001b[32mCREATE 200\u001b[0m in 11.04s]","logger":"task.stdout"}
{"timestamp":"2026-05-12T07:41:36.340188Z","level":"info","event":"\u001b[0m07:41:36  3 of 4 OK loaded seed file bronze_raw_raw.raw_payment_transactions ............. [\u001b[32mCREATE 200\u001b[0m in 11.39s]","logger":"task.stdout"}
{"timestamp":"2026-05-12T07:41:36.352025Z","level":"info","event":"\u001b[0m07:41:36","logger":"task.stdout"}
{"timestamp":"2026-05-12T07:41:36.353089Z","level":"info","event":"\u001b[0m07:41:36  Finished running 4 seeds in 0 hours 0 minutes and 14.47 seconds (14.47s).","logger":"task.stdout"}
{"timestamp":"2026-05-12T07:41:36.559624Z","level":"info","event":"\u001b[0m07:41:36","logger":"task.stdout"}
{"timestamp":"2026-05-12T07:41:36.561014Z","level":"info","event":"\u001b[0m07:41:36  \u001b[32mCompleted successfully\u001b[0m","logger":"task.stdout"}
{"timestamp":"2026-05-12T07:41:36.561963Z","level":"info","event":"\u001b[0m07:41:36","logger":"task.stdout"}
{"timestamp":"2026-05-12T07:41:36.563080Z","level":"info","event":"\u001b[0m07:41:36  Done. PASS=4 WARN=0 ERROR=0 SKIP=0 NO-OP=0 TOTAL=4","logger":"task.stdout"}
{"timestamp":"2026-05-12T07:41:38.038079Z","level":"info","event":"dbt command executed successfully","logger":"airflow.task.operators.operators.dbt_operator.DbtOperator","filename":"dbt_operator.py","lineno":185}
{"timestamp":"2026-05-12T07:41:38.038397Z","level":"info","event":"Done. Returned value was: {'status': 'success', 'layer': 'bronze_seed', 'pipeline_id': 'dag_pipeline_20260512074113', 'timestamp': '2026-05-12T07:41:38.038312'}","logger":"airflow.task.operators.airflow.providers.standard.decorators.python._PythonDecoratedOperator","filename":"python.py","lineno":229}
{"timestamp":"2026-05-12T07:41:38.038716Z","level":"info","event":"Pushing xcom","ti":"RuntimeTaskInstance(id=UUID('019e1b21-fb5b-72b8-a50b-08ed3d687354'), task_id='seed_bronze', dag_id='ecommerce_dag_pipeline', run_id='manual__2026-05-12T07:41:12.383739+00:00', try_number=1, dag_version_id=UUID('019dfd0d-c356-769c-9658-e2450a265e78'), map_index=-1, hostname='c09759c742ec', context_carrier={'traceparent': '00-d6f19eb0e924860c731ea3eb06fb9834-5411668bd1ff5b1b-01'}, task=<Task(_PythonDecoratedOperator): seed_bronze>, bundle_instance=LocalDagBundle(name=dags-folder), max_tries=2, start_date=datetime.datetime(2026, 5, 12, 7, 41, 14, 888452, tzinfo=datetime.timezone.utc), end_date=None, state=<TaskInstanceState.RUNNING: 'running'>, is_mapped=False, rendered_map_index=None, sentry_integration='')","logger":"task","filename":"task_runner.py","lineno":1724}
{"timestamp":"2026-05-12T07:41:38.174350Z","level":"error","event":"/usr/python/lib/python3.13/multiprocessing/resource_tracker.py:400: UserWarning: resource_tracker: There appear to be 2 leaked semaphore objects to clean up at shutdown: {'/mp-8fnb5d1_', '/mp-cm19z9pa'}","logger":"task.stderr"}
{"timestamp":"2026-05-12T07:41:38.174836Z","level":"error","event":"  warnings.warn(","logger":"task.stderr"}
