{"timestamp":"2026-05-11T06:07:46.070300Z","level":"info","event":"DAG bundles loaded: dags-folder","logger":"airflow.dag_processing.bundles.manager.DagBundlesManager","filename":"manager.py","lineno":209}
{"timestamp":"2026-05-11T06:07:46.072615Z","level":"info","event":"Filling up the DagBag from /opt/airflow/dags/dag_pipeline.py","logger":"airflow.dag_processing.dagbag.BundleDagBag","filename":"dagbag.py","lineno":469}
{"timestamp":"2026-05-11T06:07:48.561195Z","level":"info","event":"Seeding bronze...","logger":"unusual_prefix_11c7dd38b84fb77f29c2585710943d4b7baaf7b9_dag_pipeline","filename":"dag_pipeline.py","lineno":382}
{"timestamp":"2026-05-11T06:08:07.500122Z","level":"info","event":"Tables do not exist or error occurred: (trino.exceptions.TrinoUserError) TrinoUserError(type=USER_ERROR, name=SCHEMA_NOT_FOUND, message=\"line 1:29: Schema 'bronze' does not exist\", query_id=20260511_060748_00004_8erta)\n[SQL: SELECT count(*) as cnt FROM raw_customer_events]\n(Background on this error at: https://sqlalche.me/e/20/f405), proceeding with seeding","logger":"unusual_prefix_11c7dd38b84fb77f29c2585710943d4b7baaf7b9_dag_pipeline","filename":"dag_pipeline.py","lineno":405}
{"timestamp":"2026-05-11T06:08:07.500772Z","level":"warning","event":"DbtOperator.execute cannot be called outside of the Task Runner!","logger":"airflow.task.operators.operators.dbt_operator.DbtOperator","filename":"operator.py","lineno":437}
{"timestamp":"2026-05-11T06:08:07.506156Z","level":"info","event":"Executing dbt command: seed --project-dir /opt/airflow/dags/ecommerce_dbt --profiles-dir /opt/airflow/dags/ecommerce_dbt --full-refresh","logger":"airflow.task.operators.operators.dbt_operator.DbtOperator","filename":"dbt_operator.py","lineno":180}
{"timestamp":"2026-05-11T06:08:07.730932Z","level":"info","event":"\u001b[0m06:08:07  Running with dbt=1.10.10","logger":"task.stdout"}
{"timestamp":"2026-05-11T06:08:07.798382Z","level":"info","event":"keyring module not found. OAuth2 token will not be stored in keyring.","logger":"trino.auth","filename":"auth.py","lineno":361}
{"timestamp":"2026-05-11T06:08:07.802585Z","level":"info","event":"keyring module not found. OAuth2 token will not be stored in keyring.","logger":"trino.auth","filename":"auth.py","lineno":361}
{"timestamp":"2026-05-11T06:08:08.349758Z","level":"info","event":"\u001b[0m06:08:08  Registered adapter: trino=1.9.3","logger":"task.stdout"}
{"timestamp":"2026-05-11T06:08:09.949616Z","level":"info","event":"\u001b[0m06:08:09  Found 12 models, 4 seeds, 55 data tests, 455 macros","logger":"task.stdout"}
{"timestamp":"2026-05-11T06:08:10.032352Z","level":"info","event":"\u001b[0m06:08:09","logger":"task.stdout"}
{"timestamp":"2026-05-11T06:08:10.032821Z","level":"info","event":"\u001b[0m06:08:09  Concurrency: 4 threads (target='dev')","logger":"task.stdout"}
{"timestamp":"2026-05-11T06:08:10.033845Z","level":"info","event":"\u001b[0m06:08:09","logger":"task.stdout"}
{"timestamp":"2026-05-11T06:08:10.108670Z","level":"info","event":"\u001b[0m06:08:10  [\u001b[33mWARNING\u001b[0m]: SSL certificate validation is disabled by default. It is legacy behavior which will be changed in future releases. It is strongly advised to enable `require_certificate_validation` flag or explicitly set `cert` configuration to `True` for security reasons. You may receive an error after that if your SSL setup is incorrect.","logger":"task.stdout"}
{"timestamp":"2026-05-11T06:08:10.115291Z","level":"info","event":"You may opt into the new behavior sooner by setting `flags.require_certificate_validation` to `True` in `dbt_project.yml`.","logger":"task.stdout"}
{"timestamp":"2026-05-11T06:08:10.116103Z","level":"info","event":"Visit https://docs.getdbt.com/reference/global-configs/behavior-changes for more information.","logger":"task.stdout"}
{"timestamp":"2026-05-11T06:08:34.167863Z","level":"info","event":"\u001b[0m06:08:34  4 of 4 START seed file bronze_raw.raw_support_tickets .......................... [RUN]","logger":"task.stdout"}
{"timestamp":"2026-05-11T06:08:34.184160Z","level":"info","event":"\u001b[0m06:08:34  1 of 4 START seed file bronze_raw.raw_customer_events .......................... [RUN]","logger":"task.stdout"}
{"timestamp":"2026-05-11T06:08:34.239842Z","level":"info","event":"\u001b[0m06:08:34  2 of 4 START seed file bronze_raw.raw_inventory_snapshots ...................... [RUN]","logger":"task.stdout"}
{"timestamp":"2026-05-11T06:08:34.320547Z","level":"info","event":"\u001b[0m06:08:34  3 of 4 START seed file bronze_raw.raw_payment_transactions ..................... [RUN]","logger":"task.stdout"}
{"timestamp":"2026-05-11T06:09:08.319859Z","level":"info","event":"\u001b[0m06:09:08  1 of 4 ERROR loading seed file bronze_raw.raw_customer_events .................. [\u001b[31mERROR\u001b[0m in 34.09s]","logger":"task.stdout"}
{"timestamp":"2026-05-11T06:09:08.320607Z","level":"info","event":"\u001b[0m06:09:08  3 of 4 ERROR loading seed file bronze_raw.raw_payment_transactions ............. [\u001b[31mERROR\u001b[0m in 33.91s]","logger":"task.stdout"}
{"timestamp":"2026-05-11T06:09:08.321632Z","level":"info","event":"\u001b[0m06:09:08  2 of 4 ERROR loading seed file bronze_raw.raw_inventory_snapshots .............. [\u001b[31mERROR\u001b[0m in 33.79s]","logger":"task.stdout"}
{"timestamp":"2026-05-11T06:09:08.323605Z","level":"info","event":"\u001b[0m06:09:08  4 of 4 ERROR loading seed file bronze_raw.raw_support_tickets .................. [\u001b[31mERROR\u001b[0m in 34.03s]","logger":"task.stdout"}
{"timestamp":"2026-05-11T06:09:08.343648Z","level":"info","event":"\u001b[0m06:09:08","logger":"task.stdout"}
{"timestamp":"2026-05-11T06:09:08.344627Z","level":"info","event":"\u001b[0m06:09:08  Finished running 4 seeds in 0 hours 0 minutes and 58.37 seconds (58.37s).","logger":"task.stdout"}
{"timestamp":"2026-05-11T06:09:08.453857Z","level":"info","event":"\u001b[0m06:09:08","logger":"task.stdout"}
{"timestamp":"2026-05-11T06:09:08.455266Z","level":"info","event":"\u001b[0m06:09:08  \u001b[31mCompleted with 4 errors, 0 partial successes, and 0 warnings:\u001b[0m","logger":"task.stdout"}
{"timestamp":"2026-05-11T06:09:08.456468Z","level":"info","event":"\u001b[0m06:09:08","logger":"task.stdout"}
{"timestamp":"2026-05-11T06:09:08.458450Z","level":"info","event":"\u001b[0m06:09:08  \u001b[31mFailure in seed raw_inventory_snapshots (seeds/raw_inventory_snapshots.csv)\u001b[0m","logger":"task.stdout"}
{"timestamp":"2026-05-11T06:09:08.459812Z","level":"info","event":"\u001b[0m06:09:08    Database Error in seed raw_inventory_snapshots (seeds/raw_inventory_snapshots.csv)","logger":"task.stdout"}
{"timestamp":"2026-05-11T06:09:08.460975Z","level":"info","event":"  TrinoQueryError(type=INTERNAL_ERROR, name=GENERIC_INTERNAL_ERROR, message=\"Location for ICEBERG_TABLE 'bronze_raw.raw_inventory_snapshots' cannot be associated with any configured object storage location: Missing access key and secret for STATIC authentication mode\", query_id=20260511_060835_00014_8erta)","logger":"task.stdout"}
{"timestamp":"2026-05-11T06:09:08.462062Z","level":"info","event":"\u001b[0m06:09:08","logger":"task.stdout"}
{"timestamp":"2026-05-11T06:09:08.462450Z","level":"info","event":"\u001b[0m06:09:08  \u001b[31mFailure in seed raw_support_tickets (seeds/raw_support_tickets.csv)\u001b[0m","logger":"task.stdout"}
{"timestamp":"2026-05-11T06:09:08.463991Z","level":"info","event":"\u001b[0m06:09:08    Database Error in seed raw_support_tickets (seeds/raw_support_tickets.csv)","logger":"task.stdout"}
{"timestamp":"2026-05-11T06:09:08.464981Z","level":"info","event":"  TrinoQueryError(type=INTERNAL_ERROR, name=GENERIC_INTERNAL_ERROR, message=\"Location for ICEBERG_TABLE 'bronze_raw.raw_support_tickets' cannot be associated with any configured object storage location: Missing access key and secret for STATIC authentication mode\", query_id=20260511_060835_00012_8erta)","logger":"task.stdout"}
{"timestamp":"2026-05-11T06:09:08.465407Z","level":"info","event":"\u001b[0m06:09:08","logger":"task.stdout"}
{"timestamp":"2026-05-11T06:09:08.466272Z","level":"info","event":"\u001b[0m06:09:08  \u001b[31mFailure in seed raw_customer_events (seeds/raw_customer_events.csv)\u001b[0m","logger":"task.stdout"}
{"timestamp":"2026-05-11T06:09:08.467546Z","level":"info","event":"\u001b[0m06:09:08    Database Error in seed raw_customer_events (seeds/raw_customer_events.csv)","logger":"task.stdout"}
{"timestamp":"2026-05-11T06:09:08.468005Z","level":"info","event":"  TrinoQueryError(type=INTERNAL_ERROR, name=GENERIC_INTERNAL_ERROR, message=\"Location for ICEBERG_TABLE 'bronze_raw.raw_customer_events' cannot be associated with any configured object storage location: Missing access key and secret for STATIC authentication mode\", query_id=20260511_060835_00011_8erta)","logger":"task.stdout"}
{"timestamp":"2026-05-11T06:09:08.469790Z","level":"info","event":"\u001b[0m06:09:08","logger":"task.stdout"}
{"timestamp":"2026-05-11T06:09:08.470900Z","level":"info","event":"\u001b[0m06:09:08  \u001b[31mFailure in seed raw_payment_transactions (seeds/raw_payment_transactions.csv)\u001b[0m","logger":"task.stdout"}
{"timestamp":"2026-05-11T06:09:08.471857Z","level":"info","event":"\u001b[0m06:09:08    Database Error in seed raw_payment_transactions (seeds/raw_payment_transactions.csv)","logger":"task.stdout"}
{"timestamp":"2026-05-11T06:09:08.472167Z","level":"info","event":"  TrinoQueryError(type=INTERNAL_ERROR, name=GENERIC_INTERNAL_ERROR, message=\"Location for ICEBERG_TABLE 'bronze_raw.raw_payment_transactions' cannot be associated with any configured object storage location: Missing access key and secret for STATIC authentication mode\", query_id=20260511_060835_00013_8erta)","logger":"task.stdout"}
{"timestamp":"2026-05-11T06:09:08.472416Z","level":"info","event":"\u001b[0m06:09:08","logger":"task.stdout"}
{"timestamp":"2026-05-11T06:09:08.473303Z","level":"info","event":"\u001b[0m06:09:08  Done. PASS=0 WARN=0 ERROR=4 SKIP=0 NO-OP=0 TOTAL=4","logger":"task.stdout"}
{"timestamp":"2026-05-11T06:09:09.571125Z","level":"error","event":"dbt command failed!","logger":"airflow.task.operators.operators.dbt_operator.DbtOperator","filename":"dbt_operator.py","lineno":198}
{"timestamp":"2026-05-11T06:09:09.571589Z","level":"warning","event":"Error occurred during seeding: dbt command failed: seed --project-dir /opt/airflow/dags/ecommerce_dbt --profiles-dir /opt/airflow/dags/ecommerce_dbt --full-refresh","logger":"unusual_prefix_11c7dd38b84fb77f29c2585710943d4b7baaf7b9_dag_pipeline","filename":"dag_pipeline.py","lineno":424}
{"timestamp":"2026-05-11T06:09:09.571869Z","level":"info","event":"Done. Returned value was: {'status': 'failed', 'layer': 'bronze_seed', 'pipeline_id': 'dag_pipeline_20260511060744', 'timestamp': '2026-05-11T06:09:09.571722', 'error': 'dbt command failed: seed --project-dir /opt/airflow/dags/ecommerce_dbt --profiles-dir /opt/airflow/dags/ecommerce_dbt --full-refresh'}","logger":"airflow.task.operators.airflow.providers.standard.decorators.python._PythonDecoratedOperator","filename":"python.py","lineno":229}
{"timestamp":"2026-05-11T06:09:09.572425Z","level":"info","event":"Pushing xcom","ti":"RuntimeTaskInstance(id=UUID('019e15a5-d150-7376-9640-b08e764283b1'), task_id='seed_bronze', dag_id='ecommerce_dag_pipeline', run_id='manual__2026-05-11T06:07:29.052538+00:00', try_number=1, dag_version_id=UUID('019dfd0d-c356-769c-9658-e2450a265e78'), map_index=-1, hostname='9cc17aad94a1', context_carrier={'traceparent': '00-2c1fde2b3415541ebc22629f5f851e96-1f1e76c681939a3b-01'}, task=<Task(_PythonDecoratedOperator): seed_bronze>, bundle_instance=LocalDagBundle(name=dags-folder), max_tries=2, start_date=datetime.datetime(2026, 5, 11, 6, 7, 45, 919351, tzinfo=datetime.timezone.utc), end_date=None, state=<TaskInstanceState.RUNNING: 'running'>, is_mapped=False, rendered_map_index=None, sentry_integration='')","logger":"task","filename":"task_runner.py","lineno":1724}
{"timestamp":"2026-05-11T06:09:09.807799Z","level":"error","event":"/usr/python/lib/python3.13/multiprocessing/resource_tracker.py:400: UserWarning: resource_tracker: There appear to be 2 leaked semaphore objects to clean up at shutdown: {'/mp-k8_3rq2_', '/mp-nduod109'}","logger":"task.stderr"}
{"timestamp":"2026-05-11T06:09:09.808752Z","level":"error","event":"  warnings.warn(","logger":"task.stderr"}
