{"timestamp":"2026-05-11T09:05:47.023072Z","level":"info","event":"DAG bundles loaded: dags-folder","logger":"airflow.dag_processing.bundles.manager.DagBundlesManager","filename":"manager.py","lineno":209}
{"timestamp":"2026-05-11T09:05:47.025362Z","level":"info","event":"Filling up the DagBag from /opt/airflow/dags/dag_pipeline.py","logger":"airflow.dag_processing.dagbag.BundleDagBag","filename":"dagbag.py","lineno":469}
{"timestamp":"2026-05-11T09:05:50.357495Z","level":"info","event":"Seeding bronze...","logger":"unusual_prefix_11c7dd38b84fb77f29c2585710943d4b7baaf7b9_dag_pipeline","filename":"dag_pipeline.py","lineno":382}
{"timestamp":"2026-05-11T09:05:52.035339Z","level":"info","event":"Tables do not exist or error occurred: (trino.exceptions.TrinoUserError) TrinoUserError(type=USER_ERROR, name=SCHEMA_NOT_FOUND, message=\"line 1:29: Schema 'bronze' does not exist\", query_id=20260511_090550_00000_4msm5)\n[SQL: SELECT count(*) as cnt FROM raw_customer_events]\n(Background on this error at: https://sqlalche.me/e/20/f405), proceeding with seeding","logger":"unusual_prefix_11c7dd38b84fb77f29c2585710943d4b7baaf7b9_dag_pipeline","filename":"dag_pipeline.py","lineno":405}
{"timestamp":"2026-05-11T09:05:52.035950Z","level":"warning","event":"DbtOperator.execute cannot be called outside of the Task Runner!","logger":"airflow.task.operators.operators.dbt_operator.DbtOperator","filename":"operator.py","lineno":437}
{"timestamp":"2026-05-11T09:05:52.042467Z","level":"info","event":"Executing dbt command: seed --project-dir /opt/airflow/dags/ecommerce_dbt --profiles-dir /opt/airflow/dags/ecommerce_dbt --full-refresh","logger":"airflow.task.operators.operators.dbt_operator.DbtOperator","filename":"dbt_operator.py","lineno":180}
{"timestamp":"2026-05-11T09:05:52.304705Z","level":"info","event":"\u001b[0m09:05:52  Running with dbt=1.10.10","logger":"task.stdout"}
{"timestamp":"2026-05-11T09:05:52.434506Z","level":"info","event":"keyring module not found. OAuth2 token will not be stored in keyring.","logger":"trino.auth","filename":"auth.py","lineno":361}
{"timestamp":"2026-05-11T09:05:52.439220Z","level":"info","event":"keyring module not found. OAuth2 token will not be stored in keyring.","logger":"trino.auth","filename":"auth.py","lineno":361}
{"timestamp":"2026-05-11T09:05:53.521855Z","level":"info","event":"\u001b[0m09:05:53  Registered adapter: trino=1.9.3","logger":"task.stdout"}
{"timestamp":"2026-05-11T09:05:55.707584Z","level":"info","event":"\u001b[0m09:05:55  Found 12 models, 4 seeds, 55 data tests, 455 macros","logger":"task.stdout"}
{"timestamp":"2026-05-11T09:05:55.714368Z","level":"info","event":"\u001b[0m09:05:55","logger":"task.stdout"}
{"timestamp":"2026-05-11T09:05:55.715433Z","level":"info","event":"\u001b[0m09:05:55  Concurrency: 4 threads (target='dev')","logger":"task.stdout"}
{"timestamp":"2026-05-11T09:05:55.716881Z","level":"info","event":"\u001b[0m09:05:55","logger":"task.stdout"}
{"timestamp":"2026-05-11T09:05:55.915933Z","level":"info","event":"\u001b[0m09:05:55  [\u001b[33mWARNING\u001b[0m]: SSL certificate validation is disabled by default. It is legacy behavior which will be changed in future releases. It is strongly advised to enable `require_certificate_validation` flag or explicitly set `cert` configuration to `True` for security reasons. You may receive an error after that if your SSL setup is incorrect.","logger":"task.stdout"}
{"timestamp":"2026-05-11T09:05:55.916291Z","level":"info","event":"You may opt into the new behavior sooner by setting `flags.require_certificate_validation` to `True` in `dbt_project.yml`.","logger":"task.stdout"}
{"timestamp":"2026-05-11T09:05:55.916614Z","level":"info","event":"Visit https://docs.getdbt.com/reference/global-configs/behavior-changes for more information.","logger":"task.stdout"}
{"timestamp":"2026-05-11T09:06:14.850164Z","level":"info","event":"\u001b[0m09:06:14  1 of 4 START seed file bronze_raw.raw_customer_events .......................... [RUN]","logger":"task.stdout"}
{"timestamp":"2026-05-11T09:06:14.861969Z","level":"info","event":"\u001b[0m09:06:14  2 of 4 START seed file bronze_raw.raw_inventory_snapshots ...................... [RUN]","logger":"task.stdout"}
{"timestamp":"2026-05-11T09:06:14.866541Z","level":"info","event":"\u001b[0m09:06:14  4 of 4 START seed file bronze_raw.raw_support_tickets .......................... [RUN]","logger":"task.stdout"}
{"timestamp":"2026-05-11T09:06:14.911389Z","level":"info","event":"\u001b[0m09:06:14  3 of 4 START seed file bronze_raw.raw_payment_transactions ..................... [RUN]","logger":"task.stdout"}
{"timestamp":"2026-05-11T09:06:19.464982Z","level":"info","event":"\u001b[0m09:06:19  1 of 4 ERROR loading seed file bronze_raw.raw_customer_events .................. [\u001b[31mERROR\u001b[0m in 4.60s]","logger":"task.stdout"}
{"timestamp":"2026-05-11T09:06:19.498855Z","level":"info","event":"\u001b[0m09:06:19  4 of 4 ERROR loading seed file bronze_raw.raw_support_tickets .................. [\u001b[31mERROR\u001b[0m in 4.59s]","logger":"task.stdout"}
{"timestamp":"2026-05-11T09:06:19.499363Z","level":"info","event":"\u001b[0m09:06:19  2 of 4 ERROR loading seed file bronze_raw.raw_inventory_snapshots .............. [\u001b[31mERROR\u001b[0m in 4.58s]","logger":"task.stdout"}
{"timestamp":"2026-05-11T09:06:19.499746Z","level":"info","event":"\u001b[0m09:06:19  3 of 4 ERROR loading seed file bronze_raw.raw_payment_transactions ............. [\u001b[31mERROR\u001b[0m in 4.53s]","logger":"task.stdout"}
{"timestamp":"2026-05-11T09:06:19.500044Z","level":"info","event":"\u001b[0m09:06:19","logger":"task.stdout"}
{"timestamp":"2026-05-11T09:06:19.500339Z","level":"info","event":"\u001b[0m09:06:19  Finished running 4 seeds in 0 hours 0 minutes and 23.78 seconds (23.78s).","logger":"task.stdout"}
{"timestamp":"2026-05-11T09:06:19.592082Z","level":"info","event":"\u001b[0m09:06:19","logger":"task.stdout"}
{"timestamp":"2026-05-11T09:06:19.593343Z","level":"info","event":"\u001b[0m09:06:19  \u001b[31mCompleted with 4 errors, 0 partial successes, and 0 warnings:\u001b[0m","logger":"task.stdout"}
{"timestamp":"2026-05-11T09:06:19.594786Z","level":"info","event":"\u001b[0m09:06:19","logger":"task.stdout"}
{"timestamp":"2026-05-11T09:06:19.595882Z","level":"info","event":"\u001b[0m09:06:19  \u001b[31mFailure in seed raw_customer_events (seeds/raw_customer_events.csv)\u001b[0m","logger":"task.stdout"}
{"timestamp":"2026-05-11T09:06:19.597064Z","level":"info","event":"\u001b[0m09:06:19    Database Error in seed raw_customer_events (seeds/raw_customer_events.csv)","logger":"task.stdout"}
{"timestamp":"2026-05-11T09:06:19.597526Z","level":"info","event":"  TrinoQueryError(type=INTERNAL_ERROR, name=GENERIC_INTERNAL_ERROR, message=\"Location for ICEBERG_TABLE 'bronze_raw.raw_customer_events' cannot be associated with any configured object storage location: Missing access key and secret for STATIC authentication mode\", query_id=20260511_090615_00006_4msm5)","logger":"task.stdout"}
{"timestamp":"2026-05-11T09:06:19.598496Z","level":"info","event":"\u001b[0m09:06:19","logger":"task.stdout"}
{"timestamp":"2026-05-11T09:06:19.599163Z","level":"info","event":"\u001b[0m09:06:19  \u001b[31mFailure in seed raw_support_tickets (seeds/raw_support_tickets.csv)\u001b[0m","logger":"task.stdout"}
{"timestamp":"2026-05-11T09:06:19.600198Z","level":"info","event":"\u001b[0m09:06:19    Database Error in seed raw_support_tickets (seeds/raw_support_tickets.csv)","logger":"task.stdout"}
{"timestamp":"2026-05-11T09:06:19.601275Z","level":"info","event":"  TrinoQueryError(type=INTERNAL_ERROR, name=GENERIC_INTERNAL_ERROR, message=\"Location for ICEBERG_TABLE 'bronze_raw.raw_support_tickets' cannot be associated with any configured object storage location: Missing access key and secret for STATIC authentication mode\", query_id=20260511_090615_00008_4msm5)","logger":"task.stdout"}
{"timestamp":"2026-05-11T09:06:19.601778Z","level":"info","event":"\u001b[0m09:06:19","logger":"task.stdout"}
{"timestamp":"2026-05-11T09:06:19.602250Z","level":"info","event":"\u001b[0m09:06:19  \u001b[31mFailure in seed raw_inventory_snapshots (seeds/raw_inventory_snapshots.csv)\u001b[0m","logger":"task.stdout"}
{"timestamp":"2026-05-11T09:06:19.603209Z","level":"info","event":"\u001b[0m09:06:19    Database Error in seed raw_inventory_snapshots (seeds/raw_inventory_snapshots.csv)","logger":"task.stdout"}
{"timestamp":"2026-05-11T09:06:19.603786Z","level":"info","event":"  TrinoQueryError(type=INTERNAL_ERROR, name=GENERIC_INTERNAL_ERROR, message=\"Location for ICEBERG_TABLE 'bronze_raw.raw_inventory_snapshots' cannot be associated with any configured object storage location: Missing access key and secret for STATIC authentication mode\", query_id=20260511_090615_00009_4msm5)","logger":"task.stdout"}
{"timestamp":"2026-05-11T09:06:19.604412Z","level":"info","event":"\u001b[0m09:06:19","logger":"task.stdout"}
{"timestamp":"2026-05-11T09:06:19.606049Z","level":"info","event":"\u001b[0m09:06:19  \u001b[31mFailure in seed raw_payment_transactions (seeds/raw_payment_transactions.csv)\u001b[0m","logger":"task.stdout"}
{"timestamp":"2026-05-11T09:06:19.607947Z","level":"info","event":"\u001b[0m09:06:19    Database Error in seed raw_payment_transactions (seeds/raw_payment_transactions.csv)","logger":"task.stdout"}
{"timestamp":"2026-05-11T09:06:19.608467Z","level":"info","event":"  TrinoQueryError(type=INTERNAL_ERROR, name=GENERIC_INTERNAL_ERROR, message=\"Location for ICEBERG_TABLE 'bronze_raw.raw_payment_transactions' cannot be associated with any configured object storage location: Missing access key and secret for STATIC authentication mode\", query_id=20260511_090615_00007_4msm5)","logger":"task.stdout"}
{"timestamp":"2026-05-11T09:06:19.611135Z","level":"info","event":"\u001b[0m09:06:19","logger":"task.stdout"}
{"timestamp":"2026-05-11T09:06:19.611733Z","level":"info","event":"\u001b[0m09:06:19  Done. PASS=0 WARN=0 ERROR=4 SKIP=0 NO-OP=0 TOTAL=4","logger":"task.stdout"}
{"timestamp":"2026-05-11T09:06:21.096560Z","level":"error","event":"dbt command failed!","logger":"airflow.task.operators.operators.dbt_operator.DbtOperator","filename":"dbt_operator.py","lineno":198}
{"timestamp":"2026-05-11T09:06:21.097398Z","level":"warning","event":"Error occurred during seeding: dbt command failed: seed --project-dir /opt/airflow/dags/ecommerce_dbt --profiles-dir /opt/airflow/dags/ecommerce_dbt --full-refresh","logger":"unusual_prefix_11c7dd38b84fb77f29c2585710943d4b7baaf7b9_dag_pipeline","filename":"dag_pipeline.py","lineno":424}
{"timestamp":"2026-05-11T09:06:21.098329Z","level":"info","event":"Done. Returned value was: {'status': 'failed', 'layer': 'bronze_seed', 'pipeline_id': 'dag_pipeline_20260511090546', 'timestamp': '2026-05-11T09:06:21.097979', 'error': 'dbt command failed: seed --project-dir /opt/airflow/dags/ecommerce_dbt --profiles-dir /opt/airflow/dags/ecommerce_dbt --full-refresh'}","logger":"airflow.task.operators.airflow.providers.standard.decorators.python._PythonDecoratedOperator","filename":"python.py","lineno":229}
{"timestamp":"2026-05-11T09:06:21.099028Z","level":"info","event":"Pushing xcom","ti":"RuntimeTaskInstance(id=UUID('019e1649-014e-7887-a47d-df70fff4d5c5'), task_id='seed_bronze', dag_id='ecommerce_dag_pipeline', run_id='manual__2026-05-11T09:05:43.611479+00:00', try_number=1, dag_version_id=UUID('019dfd0d-c356-769c-9658-e2450a265e78'), map_index=-1, hostname='cf998ced2722', context_carrier={'traceparent': '00-acce6df6485eb1bfff0cada4d67c1a79-ccfd5636c44d1f0b-01'}, task=<Task(_PythonDecoratedOperator): seed_bronze>, bundle_instance=LocalDagBundle(name=dags-folder), max_tries=2, start_date=datetime.datetime(2026, 5, 11, 9, 5, 46, 796566, tzinfo=datetime.timezone.utc), end_date=None, state=<TaskInstanceState.RUNNING: 'running'>, is_mapped=False, rendered_map_index=None, sentry_integration='')","logger":"task","filename":"task_runner.py","lineno":1724}
{"timestamp":"2026-05-11T09:06:21.291649Z","level":"error","event":"/usr/python/lib/python3.13/multiprocessing/resource_tracker.py:400: UserWarning: resource_tracker: There appear to be 2 leaked semaphore objects to clean up at shutdown: {'/mp-dyqnde3m', '/mp-cditrwn_'}","logger":"task.stderr"}
{"timestamp":"2026-05-11T09:06:21.293503Z","level":"error","event":"  warnings.warn(","logger":"task.stderr"}
