{"timestamp":"2026-05-12T07:16:33.827322Z","level":"info","event":"DAG bundles loaded: dags-folder","logger":"airflow.dag_processing.bundles.manager.DagBundlesManager","filename":"manager.py","lineno":209}
{"timestamp":"2026-05-12T07:16:33.838273Z","level":"info","event":"Filling up the DagBag from /opt/airflow/dags/dag_pipeline.py","logger":"airflow.dag_processing.dagbag.BundleDagBag","filename":"dagbag.py","lineno":469}
{"timestamp":"2026-05-12T07:16:37.505011Z","level":"info","event":"Seeding bronze...","logger":"unusual_prefix_11c7dd38b84fb77f29c2585710943d4b7baaf7b9_dag_pipeline","filename":"dag_pipeline.py","lineno":382}
{"timestamp":"2026-05-12T07:16:37.802622Z","level":"info","event":"Tables do not exist or error occurred: (trino.exceptions.TrinoUserError) TrinoUserError(type=USER_ERROR, name=SCHEMA_NOT_FOUND, message=\"line 1:29: Schema 'bronze' does not exist\", query_id=20260512_071637_00165_u872h)\n[SQL: SELECT count(*) as cnt FROM raw_customer_events]\n(Background on this error at: https://sqlalche.me/e/20/f405), proceeding with seeding","logger":"unusual_prefix_11c7dd38b84fb77f29c2585710943d4b7baaf7b9_dag_pipeline","filename":"dag_pipeline.py","lineno":405}
{"timestamp":"2026-05-12T07:16:37.803253Z","level":"warning","event":"DbtOperator.execute cannot be called outside of the Task Runner!","logger":"airflow.task.operators.operators.dbt_operator.DbtOperator","filename":"operator.py","lineno":437}
{"timestamp":"2026-05-12T07:16:37.819910Z","level":"info","event":"Executing dbt command: seed --project-dir /opt/airflow/dags/ecommerce_dbt --profiles-dir /opt/airflow/dags/ecommerce_dbt --full-refresh","logger":"airflow.task.operators.operators.dbt_operator.DbtOperator","filename":"dbt_operator.py","lineno":180}
{"timestamp":"2026-05-12T07:16:38.015334Z","level":"info","event":"\u001b[0m07:16:38  Running with dbt=1.10.10","logger":"task.stdout"}
{"timestamp":"2026-05-12T07:16:38.088336Z","level":"info","event":"keyring module not found. OAuth2 token will not be stored in keyring.","logger":"trino.auth","filename":"auth.py","lineno":361}
{"timestamp":"2026-05-12T07:16:38.092821Z","level":"info","event":"keyring module not found. OAuth2 token will not be stored in keyring.","logger":"trino.auth","filename":"auth.py","lineno":361}
{"timestamp":"2026-05-12T07:16:38.679728Z","level":"info","event":"\u001b[0m07:16:38  Registered adapter: trino=1.9.3","logger":"task.stdout"}
{"timestamp":"2026-05-12T07:16:40.297140Z","level":"info","event":"\u001b[0m07:16:40  Found 12 models, 4 seeds, 55 data tests, 455 macros","logger":"task.stdout"}
{"timestamp":"2026-05-12T07:16:40.336313Z","level":"info","event":"\u001b[0m07:16:40","logger":"task.stdout"}
{"timestamp":"2026-05-12T07:16:40.336957Z","level":"info","event":"\u001b[0m07:16:40  Concurrency: 4 threads (target='dev')","logger":"task.stdout"}
{"timestamp":"2026-05-12T07:16:40.337478Z","level":"info","event":"\u001b[0m07:16:40","logger":"task.stdout"}
{"timestamp":"2026-05-12T07:16:40.470076Z","level":"info","event":"\u001b[0m07:16:40  [\u001b[33mWARNING\u001b[0m]: SSL certificate validation is disabled by default. It is legacy behavior which will be changed in future releases. It is strongly advised to enable `require_certificate_validation` flag or explicitly set `cert` configuration to `True` for security reasons. You may receive an error after that if your SSL setup is incorrect.","logger":"task.stdout"}
{"timestamp":"2026-05-12T07:16:40.470451Z","level":"info","event":"You may opt into the new behavior sooner by setting `flags.require_certificate_validation` to `True` in `dbt_project.yml`.","logger":"task.stdout"}
{"timestamp":"2026-05-12T07:16:40.470787Z","level":"info","event":"Visit https://docs.getdbt.com/reference/global-configs/behavior-changes for more information.","logger":"task.stdout"}
{"timestamp":"2026-05-12T07:16:41.634566Z","level":"info","event":"\u001b[0m07:16:41  2 of 4 START seed file bronze_raw_raw.raw_inventory_snapshots .................. [RUN]","logger":"task.stdout"}
{"timestamp":"2026-05-12T07:16:41.636799Z","level":"info","event":"\u001b[0m07:16:41  3 of 4 START seed file bronze_raw_raw.raw_payment_transactions ................. [RUN]","logger":"task.stdout"}
{"timestamp":"2026-05-12T07:16:41.637920Z","level":"info","event":"\u001b[0m07:16:41  4 of 4 START seed file bronze_raw_raw.raw_support_tickets ...................... [RUN]","logger":"task.stdout"}
{"timestamp":"2026-05-12T07:16:41.639113Z","level":"info","event":"\u001b[0m07:16:41  1 of 4 START seed file bronze_raw_raw.raw_customer_events ...................... [RUN]","logger":"task.stdout"}
{"timestamp":"2026-05-12T07:16:50.642596Z","level":"info","event":"\u001b[0m07:16:50  4 of 4 OK loaded seed file bronze_raw_raw.raw_support_tickets .................. [\u001b[32mCREATE 200\u001b[0m in 9.00s]","logger":"task.stdout"}
{"timestamp":"2026-05-12T07:16:50.990334Z","level":"info","event":"\u001b[0m07:16:50  2 of 4 OK loaded seed file bronze_raw_raw.raw_inventory_snapshots .............. [\u001b[32mCREATE 200\u001b[0m in 9.35s]","logger":"task.stdout"}
{"timestamp":"2026-05-12T07:16:51.335574Z","level":"info","event":"\u001b[0m07:16:51  3 of 4 OK loaded seed file bronze_raw_raw.raw_payment_transactions ............. [\u001b[32mCREATE 200\u001b[0m in 9.69s]","logger":"task.stdout"}
{"timestamp":"2026-05-12T07:16:51.600227Z","level":"info","event":"\u001b[0m07:16:51  1 of 4 OK loaded seed file bronze_raw_raw.raw_customer_events .................. [\u001b[32mCREATE 200\u001b[0m in 9.96s]","logger":"task.stdout"}
{"timestamp":"2026-05-12T07:16:51.612722Z","level":"info","event":"\u001b[0m07:16:51","logger":"task.stdout"}
{"timestamp":"2026-05-12T07:16:51.613717Z","level":"info","event":"\u001b[0m07:16:51  Finished running 4 seeds in 0 hours 0 minutes and 11.30 seconds (11.30s).","logger":"task.stdout"}
{"timestamp":"2026-05-12T07:16:51.745799Z","level":"info","event":"\u001b[0m07:16:51","logger":"task.stdout"}
{"timestamp":"2026-05-12T07:16:51.806381Z","level":"info","event":"\u001b[0m07:16:51  \u001b[32mCompleted successfully\u001b[0m","logger":"task.stdout"}
{"timestamp":"2026-05-12T07:16:51.806881Z","level":"info","event":"\u001b[0m07:16:51","logger":"task.stdout"}
{"timestamp":"2026-05-12T07:16:51.807174Z","level":"info","event":"\u001b[0m07:16:51  Done. PASS=4 WARN=0 ERROR=0 SKIP=0 NO-OP=0 TOTAL=4","logger":"task.stdout"}
{"timestamp":"2026-05-12T07:16:51.770280Z","level":"info","event":"dbt command executed successfully","logger":"airflow.task.operators.operators.dbt_operator.DbtOperator","filename":"dbt_operator.py","lineno":185}
{"timestamp":"2026-05-12T07:16:51.770509Z","level":"info","event":"Done. Returned value was: {'status': 'success', 'layer': 'bronze_seed', 'pipeline_id': 'dag_pipeline_20260512071633', 'timestamp': '2026-05-12T07:16:51.770439'}","logger":"airflow.task.operators.airflow.providers.standard.decorators.python._PythonDecoratedOperator","filename":"python.py","lineno":229}
{"timestamp":"2026-05-12T07:16:51.770769Z","level":"info","event":"Pushing xcom","ti":"RuntimeTaskInstance(id=UUID('019e1b0b-6085-7f32-b4d1-154081b4e562'), task_id='seed_bronze', dag_id='ecommerce_dag_pipeline', run_id='manual__2026-05-12T07:16:30.944644+00:00', try_number=1, dag_version_id=UUID('019dfd0d-c356-769c-9658-e2450a265e78'), map_index=-1, hostname='c09759c742ec', context_carrier={'traceparent': '00-33c62c15d35929359f38b6c87e9c8131-9986cc29fbf7ddd3-01'}, task=<Task(_PythonDecoratedOperator): seed_bronze>, bundle_instance=LocalDagBundle(name=dags-folder), max_tries=2, start_date=datetime.datetime(2026, 5, 12, 7, 16, 33, 725247, tzinfo=datetime.timezone.utc), end_date=None, state=<TaskInstanceState.RUNNING: 'running'>, is_mapped=False, rendered_map_index=None, sentry_integration='')","logger":"task","filename":"task_runner.py","lineno":1724}
{"timestamp":"2026-05-12T07:16:51.919509Z","level":"error","event":"/usr/python/lib/python3.13/multiprocessing/resource_tracker.py:400: UserWarning: resource_tracker: There appear to be 2 leaked semaphore objects to clean up at shutdown: {'/mp-yrmcjzik', '/mp-t_otmhl_'}","logger":"task.stderr"}
{"timestamp":"2026-05-12T07:16:51.920163Z","level":"error","event":"  warnings.warn(","logger":"task.stderr"}
