{"timestamp":"2026-05-07T11:56:15.310570Z","level":"info","event":"DAG bundles loaded: dags-folder","logger":"airflow.dag_processing.bundles.manager.DagBundlesManager","filename":"manager.py","lineno":209}
{"timestamp":"2026-05-07T11:56:15.315816Z","level":"info","event":"Filling up the DagBag from /opt/airflow/dags/dag_pipeline.py","logger":"airflow.dag_processing.dagbag.BundleDagBag","filename":"dagbag.py","lineno":469}
{"timestamp":"2026-05-07T11:56:17.475405Z","level":"info","event":"Seeding bronze...","logger":"unusual_prefix_11c7dd38b84fb77f29c2585710943d4b7baaf7b9_dag_pipeline","filename":"dag_pipeline.py","lineno":382}
{"timestamp":"2026-05-07T11:56:17.653841Z","level":"info","event":"Tables do not exist or error occurred: (trino.exceptions.TrinoExternalError) TrinoExternalError(type=EXTERNAL, name=ICEBERG_CATALOG_ERROR, message=\"Cannot obtain metadata\", query_id=20260507_115617_00003_f8ybt)\n[SQL: SELECT count(*) as cnt FROM raw_customer_events]\n(Background on this error at: https://sqlalche.me/e/20/e3q8), proceeding with seeding","logger":"unusual_prefix_11c7dd38b84fb77f29c2585710943d4b7baaf7b9_dag_pipeline","filename":"dag_pipeline.py","lineno":405}
{"timestamp":"2026-05-07T11:56:17.654423Z","level":"warning","event":"DbtOperator.execute cannot be called outside of the Task Runner!","logger":"airflow.task.operators.operators.dbt_operator.DbtOperator","filename":"operator.py","lineno":437}
{"timestamp":"2026-05-07T11:56:17.661925Z","level":"info","event":"Executing dbt command: seed --project-dir /opt/airflow/dags/ecommerce_dbt --profiles-dir /opt/airflow/dags/ecommerce_dbt --full-refresh","logger":"airflow.task.operators.operators.dbt_operator.DbtOperator","filename":"dbt_operator.py","lineno":180}
{"timestamp":"2026-05-07T11:56:17.926119Z","level":"info","event":"\u001b[0m11:56:17  Running with dbt=1.10.10","logger":"task.stdout"}
{"timestamp":"2026-05-07T11:56:18.015555Z","level":"info","event":"keyring module not found. OAuth2 token will not be stored in keyring.","logger":"trino.auth","filename":"auth.py","lineno":361}
{"timestamp":"2026-05-07T11:56:18.026979Z","level":"info","event":"keyring module not found. OAuth2 token will not be stored in keyring.","logger":"trino.auth","filename":"auth.py","lineno":361}
{"timestamp":"2026-05-07T11:56:18.548327Z","level":"info","event":"\u001b[0m11:56:18  Registered adapter: trino=1.9.3","logger":"task.stdout"}
{"timestamp":"2026-05-07T11:56:19.687109Z","level":"info","event":"\u001b[0m11:56:19  Encountered an error:","logger":"task.stdout"}
{"timestamp":"2026-05-07T11:56:19.687705Z","level":"info","event":"'dbt_trino://macros/apply_grants.sql'","logger":"task.stdout"}
{"timestamp":"2026-05-07T11:56:19.698726Z","level":"info","event":"\u001b[0m11:56:19  Traceback (most recent call last):","logger":"task.stdout"}
{"timestamp":"2026-05-07T11:56:19.699263Z","level":"info","event":"  File \"/home/airflow/.local/lib/python3.13/site-packages/sqlalchemy/engine/base.py\", line 1967, in _exec_single_context","logger":"task.stdout"}
{"timestamp":"2026-05-07T11:56:19.699676Z","level":"info","event":"    self.dialect.do_execute(","logger":"task.stdout"}
{"timestamp":"2026-05-07T11:56:19.700022Z","level":"info","event":"    ~~~~~~~~~~~~~~~~~~~~~~~^","logger":"task.stdout"}
{"timestamp":"2026-05-07T11:56:19.700327Z","level":"info","event":"        cursor, str_statement, effective_parameters, context","logger":"task.stdout"}
{"timestamp":"2026-05-07T11:56:19.700649Z","level":"info","event":"        ^^^^^^^^^^^^^^^^^^^^^^^^^^^^^^^^^^^^^^^^^^^^^^^^^^^^","logger":"task.stdout"}
{"timestamp":"2026-05-07T11:56:19.700967Z","level":"info","event":"    )","logger":"task.stdout"}
{"timestamp":"2026-05-07T11:56:19.701265Z","level":"info","event":"    ^","logger":"task.stdout"}
{"timestamp":"2026-05-07T11:56:19.701581Z","level":"info","event":"  File \"/home/airflow/.local/lib/python3.13/site-packages/trino/sqlalchemy/dialect.py\", line 442, in do_execute","logger":"task.stdout"}
{"timestamp":"2026-05-07T11:56:19.701871Z","level":"info","event":"    cursor.execute(statement, parameters)","logger":"task.stdout"}
{"timestamp":"2026-05-07T11:56:19.702238Z","level":"info","event":"    ~~~~~~~~~~~~~~^^^^^^^^^^^^^^^^^^^^^^^","logger":"task.stdout"}
{"timestamp":"2026-05-07T11:56:19.702549Z","level":"info","event":"  File \"/home/airflow/.local/lib/python3.13/site-packages/trino/dbapi.py\", line 640, in execute","logger":"task.stdout"}
{"timestamp":"2026-05-07T11:56:19.702846Z","level":"info","event":"    self._iterator = iter(self._query.execute())","logger":"task.stdout"}
{"timestamp":"2026-05-07T11:56:19.703215Z","level":"info","event":"                          ~~~~~~~~~~~~~~~~~~~^^","logger":"task.stdout"}
{"timestamp":"2026-05-07T11:56:19.703585Z","level":"info","event":"  File \"/home/airflow/.local/lib/python3.13/site-packages/trino/client.py\", line 938, in execute","logger":"task.stdout"}
{"timestamp":"2026-05-07T11:56:19.703904Z","level":"info","event":"    self._result.rows += self.fetch()","logger":"task.stdout"}
{"timestamp":"2026-05-07T11:56:19.704242Z","level":"info","event":"                         ~~~~~~~~~~^^","logger":"task.stdout"}
{"timestamp":"2026-05-07T11:56:19.704746Z","level":"info","event":"  File \"/home/airflow/.local/lib/python3.13/site-packages/trino/client.py\", line 958, in fetch","logger":"task.stdout"}
{"timestamp":"2026-05-07T11:56:19.705458Z","level":"info","event":"    status = self._request.process(response)","logger":"task.stdout"}
{"timestamp":"2026-05-07T11:56:19.706412Z","level":"info","event":"  File \"/home/airflow/.local/lib/python3.13/site-packages/trino/client.py\", line 727, in process","logger":"task.stdout"}
{"timestamp":"2026-05-07T11:56:19.706966Z","level":"info","event":"    raise self._process_error(response[\"error\"], response.get(\"id\"))","logger":"task.stdout"}
{"timestamp":"2026-05-07T11:56:19.707391Z","level":"info","event":"          ~~~~~~~~~~~~~~~~~~~^^^^^^^^^^^^^^^^^^^^^^^^^^^^^^^^^^^^^^^","logger":"task.stdout"}
{"timestamp":"2026-05-07T11:56:19.708087Z","level":"info","event":"  File \"/home/airflow/.local/lib/python3.13/site-packages/trino/client.py\", line 696, in _process_error","logger":"task.stdout"}
{"timestamp":"2026-05-07T11:56:19.708567Z","level":"info","event":"    raise exceptions.TrinoExternalError(error, query_id)","logger":"task.stdout"}
{"timestamp":"2026-05-07T11:56:19.708924Z","level":"info","event":"trino.exceptions.TrinoExternalError: TrinoExternalError(type=EXTERNAL, name=ICEBERG_CATALOG_ERROR, message=\"Cannot obtain metadata\", query_id=20260507_115617_00003_f8ybt)","logger":"task.stdout"}
{"timestamp":"2026-05-07T11:56:19.709232Z","level":"info","event":"","logger":"task.stdout"}
{"timestamp":"2026-05-07T11:56:19.709534Z","level":"info","event":"The above exception was the direct cause of the following exception:","logger":"task.stdout"}
{"timestamp":"2026-05-07T11:56:19.709841Z","level":"info","event":"","logger":"task.stdout"}
{"timestamp":"2026-05-07T11:56:19.710164Z","level":"info","event":"Traceback (most recent call last):","logger":"task.stdout"}
{"timestamp":"2026-05-07T11:56:19.710485Z","level":"info","event":"  File \"/opt/airflow/dags/dag_pipeline.py\", line 391, in seed_bronze","logger":"task.stdout"}
{"timestamp":"2026-05-07T11:56:19.710834Z","level":"info","event":"    result = conn.execute(text(\"SELECT count(*) as cnt FROM raw_customer_events\"))","logger":"task.stdout"}
{"timestamp":"2026-05-07T11:56:19.711130Z","level":"info","event":"  File \"/home/airflow/.local/lib/python3.13/site-packages/sqlalchemy/engine/base.py\", line 1419, in execute","logger":"task.stdout"}
{"timestamp":"2026-05-07T11:56:19.711450Z","level":"info","event":"    return meth(","logger":"task.stdout"}
{"timestamp":"2026-05-07T11:56:19.711749Z","level":"info","event":"        self,","logger":"task.stdout"}
{"timestamp":"2026-05-07T11:56:19.712038Z","level":"info","event":"        distilled_parameters,","logger":"task.stdout"}
{"timestamp":"2026-05-07T11:56:19.712332Z","level":"info","event":"        execution_options or NO_OPTIONS,","logger":"task.stdout"}
{"timestamp":"2026-05-07T11:56:19.712670Z","level":"info","event":"    )","logger":"task.stdout"}
{"timestamp":"2026-05-07T11:56:19.713028Z","level":"info","event":"  File \"/home/airflow/.local/lib/python3.13/site-packages/sqlalchemy/sql/elements.py\", line 527, in _execute_on_connection","logger":"task.stdout"}
{"timestamp":"2026-05-07T11:56:19.713316Z","level":"info","event":"    return connection._execute_clauseelement(","logger":"task.stdout"}
{"timestamp":"2026-05-07T11:56:19.713605Z","level":"info","event":"           ~~~~~~~~~~~~~~~~~~~~~~~~~~~~~~~~~^","logger":"task.stdout"}
{"timestamp":"2026-05-07T11:56:19.713895Z","level":"info","event":"        self, distilled_params, execution_options","logger":"task.stdout"}
{"timestamp":"2026-05-07T11:56:19.714189Z","level":"info","event":"        ^^^^^^^^^^^^^^^^^^^^^^^^^^^^^^^^^^^^^^^^^","logger":"task.stdout"}
{"timestamp":"2026-05-07T11:56:19.714466Z","level":"info","event":"    )","logger":"task.stdout"}
{"timestamp":"2026-05-07T11:56:19.714735Z","level":"info","event":"    ^","logger":"task.stdout"}
{"timestamp":"2026-05-07T11:56:19.715020Z","level":"info","event":"  File \"/home/airflow/.local/lib/python3.13/site-packages/sqlalchemy/engine/base.py\", line 1641, in _execute_clauseelement","logger":"task.stdout"}
{"timestamp":"2026-05-07T11:56:19.715300Z","level":"info","event":"    ret = self._execute_context(","logger":"task.stdout"}
{"timestamp":"2026-05-07T11:56:19.715576Z","level":"info","event":"        dialect,","logger":"task.stdout"}
{"timestamp":"2026-05-07T11:56:19.715888Z","level":"info","event":"    ...<8 lines>...","logger":"task.stdout"}
{"timestamp":"2026-05-07T11:56:19.716187Z","level":"info","event":"        cache_hit=cache_hit,","logger":"task.stdout"}
{"timestamp":"2026-05-07T11:56:19.716444Z","level":"info","event":"    )","logger":"task.stdout"}
{"timestamp":"2026-05-07T11:56:19.716738Z","level":"info","event":"  File \"/home/airflow/.local/lib/python3.13/site-packages/sqlalchemy/engine/base.py\", line 1846, in _execute_context","logger":"task.stdout"}
{"timestamp":"2026-05-07T11:56:19.716993Z","level":"info","event":"    return self._exec_single_context(","logger":"task.stdout"}
{"timestamp":"2026-05-07T11:56:19.717275Z","level":"info","event":"           ~~~~~~~~~~~~~~~~~~~~~~~~~^","logger":"task.stdout"}
{"timestamp":"2026-05-07T11:56:19.717530Z","level":"info","event":"        dialect, context, statement, parameters","logger":"task.stdout"}
{"timestamp":"2026-05-07T11:56:19.717814Z","level":"info","event":"        ^^^^^^^^^^^^^^^^^^^^^^^^^^^^^^^^^^^^^^^","logger":"task.stdout"}
{"timestamp":"2026-05-07T11:56:19.718079Z","level":"info","event":"    )","logger":"task.stdout"}
{"timestamp":"2026-05-07T11:56:19.718355Z","level":"info","event":"    ^","logger":"task.stdout"}
{"timestamp":"2026-05-07T11:56:19.718608Z","level":"info","event":"  File \"/home/airflow/.local/lib/python3.13/site-packages/sqlalchemy/engine/base.py\", line 1986, in _exec_single_context","logger":"task.stdout"}
{"timestamp":"2026-05-07T11:56:19.718913Z","level":"info","event":"    self._handle_dbapi_exception(","logger":"task.stdout"}
{"timestamp":"2026-05-07T11:56:19.719211Z","level":"info","event":"    ~~~~~~~~~~~~~~~~~~~~~~~~~~~~^","logger":"task.stdout"}
{"timestamp":"2026-05-07T11:56:19.719539Z","level":"info","event":"        e, str_statement, effective_parameters, cursor, context","logger":"task.stdout"}
{"timestamp":"2026-05-07T11:56:19.719803Z","level":"info","event":"        ^^^^^^^^^^^^^^^^^^^^^^^^^^^^^^^^^^^^^^^^^^^^^^^^^^^^^^^","logger":"task.stdout"}
{"timestamp":"2026-05-07T11:56:19.720118Z","level":"info","event":"    )","logger":"task.stdout"}
{"timestamp":"2026-05-07T11:56:19.720404Z","level":"info","event":"    ^","logger":"task.stdout"}
{"timestamp":"2026-05-07T11:56:19.720660Z","level":"info","event":"  File \"/home/airflow/.local/lib/python3.13/site-packages/sqlalchemy/engine/base.py\", line 2363, in _handle_dbapi_exception","logger":"task.stdout"}
{"timestamp":"2026-05-07T11:56:19.720928Z","level":"info","event":"    raise sqlalchemy_exception.with_traceback(exc_info[2]) from e","logger":"task.stdout"}
{"timestamp":"2026-05-07T11:56:19.721515Z","level":"info","event":"  File \"/home/airflow/.local/lib/python3.13/site-packages/sqlalchemy/engine/base.py\", line 1967, in _exec_single_context","logger":"task.stdout"}
{"timestamp":"2026-05-07T11:56:19.722176Z","level":"info","event":"    self.dialect.do_execute(","logger":"task.stdout"}
{"timestamp":"2026-05-07T11:56:19.722672Z","level":"info","event":"    ~~~~~~~~~~~~~~~~~~~~~~~^","logger":"task.stdout"}
{"timestamp":"2026-05-07T11:56:19.723138Z","level":"info","event":"        cursor, str_statement, effective_parameters, context","logger":"task.stdout"}
{"timestamp":"2026-05-07T11:56:19.723494Z","level":"info","event":"        ^^^^^^^^^^^^^^^^^^^^^^^^^^^^^^^^^^^^^^^^^^^^^^^^^^^^","logger":"task.stdout"}
{"timestamp":"2026-05-07T11:56:19.723770Z","level":"info","event":"    )","logger":"task.stdout"}
{"timestamp":"2026-05-07T11:56:19.724037Z","level":"info","event":"    ^","logger":"task.stdout"}
{"timestamp":"2026-05-07T11:56:19.724309Z","level":"info","event":"  File \"/home/airflow/.local/lib/python3.13/site-packages/trino/sqlalchemy/dialect.py\", line 442, in do_execute","logger":"task.stdout"}
{"timestamp":"2026-05-07T11:56:19.724567Z","level":"info","event":"    cursor.execute(statement, parameters)","logger":"task.stdout"}
{"timestamp":"2026-05-07T11:56:19.724830Z","level":"info","event":"    ~~~~~~~~~~~~~~^^^^^^^^^^^^^^^^^^^^^^^","logger":"task.stdout"}
{"timestamp":"2026-05-07T11:56:19.725091Z","level":"info","event":"  File \"/home/airflow/.local/lib/python3.13/site-packages/trino/dbapi.py\", line 640, in execute","logger":"task.stdout"}
{"timestamp":"2026-05-07T11:56:19.725450Z","level":"info","event":"    self._iterator = iter(self._query.execute())","logger":"task.stdout"}
{"timestamp":"2026-05-07T11:56:19.725712Z","level":"info","event":"                          ~~~~~~~~~~~~~~~~~~~^^","logger":"task.stdout"}
{"timestamp":"2026-05-07T11:56:19.725986Z","level":"info","event":"  File \"/home/airflow/.local/lib/python3.13/site-packages/trino/client.py\", line 938, in execute","logger":"task.stdout"}
{"timestamp":"2026-05-07T11:56:19.726251Z","level":"info","event":"    self._result.rows += self.fetch()","logger":"task.stdout"}
{"timestamp":"2026-05-07T11:56:19.726540Z","level":"info","event":"                         ~~~~~~~~~~^^","logger":"task.stdout"}
{"timestamp":"2026-05-07T11:56:19.726810Z","level":"info","event":"  File \"/home/airflow/.local/lib/python3.13/site-packages/trino/client.py\", line 958, in fetch","logger":"task.stdout"}
{"timestamp":"2026-05-07T11:56:19.727072Z","level":"info","event":"    status = self._request.process(response)","logger":"task.stdout"}
{"timestamp":"2026-05-07T11:56:19.727352Z","level":"info","event":"  File \"/home/airflow/.local/lib/python3.13/site-packages/trino/client.py\", line 727, in process","logger":"task.stdout"}
{"timestamp":"2026-05-07T11:56:19.727637Z","level":"info","event":"    raise self._process_error(response[\"error\"], response.get(\"id\"))","logger":"task.stdout"}
{"timestamp":"2026-05-07T11:56:19.727941Z","level":"info","event":"          ~~~~~~~~~~~~~~~~~~~^^^^^^^^^^^^^^^^^^^^^^^^^^^^^^^^^^^^^^^","logger":"task.stdout"}
{"timestamp":"2026-05-07T11:56:19.728199Z","level":"info","event":"  File \"/home/airflow/.local/lib/python3.13/site-packages/trino/client.py\", line 696, in _process_error","logger":"task.stdout"}
{"timestamp":"2026-05-07T11:56:19.728482Z","level":"info","event":"    raise exceptions.TrinoExternalError(error, query_id)","logger":"task.stdout"}
{"timestamp":"2026-05-07T11:56:19.728754Z","level":"info","event":"sqlalchemy.exc.OperationalError: (trino.exceptions.TrinoExternalError) TrinoExternalError(type=EXTERNAL, name=ICEBERG_CATALOG_ERROR, message=\"Cannot obtain metadata\", query_id=20260507_115617_00003_f8ybt)","logger":"task.stdout"}
{"timestamp":"2026-05-07T11:56:19.729052Z","level":"info","event":"[SQL: SELECT count(*) as cnt FROM raw_customer_events]","logger":"task.stdout"}
{"timestamp":"2026-05-07T11:56:19.729348Z","level":"info","event":"(Background on this error at: https://sqlalche.me/e/20/e3q8)","logger":"task.stdout"}
{"timestamp":"2026-05-07T11:56:19.729665Z","level":"info","event":"","logger":"task.stdout"}
{"timestamp":"2026-05-07T11:56:19.729959Z","level":"info","event":"During handling of the above exception, another exception occurred:","logger":"task.stdout"}
{"timestamp":"2026-05-07T11:56:19.730295Z","level":"info","event":"","logger":"task.stdout"}
{"timestamp":"2026-05-07T11:56:19.730591Z","level":"info","event":"Traceback (most recent call last):","logger":"task.stdout"}
{"timestamp":"2026-05-07T11:56:19.730884Z","level":"info","event":"  File \"/home/airflow/.local/lib/python3.13/site-packages/dbt/cli/requires.py\", line 178, in wrapper","logger":"task.stdout"}
{"timestamp":"2026-05-07T11:56:19.731162Z","level":"info","event":"    result, success = func(*args, **kwargs)","logger":"task.stdout"}
{"timestamp":"2026-05-07T11:56:19.731486Z","level":"info","event":"                      ~~~~^^^^^^^^^^^^^^^^^","logger":"task.stdout"}
{"timestamp":"2026-05-07T11:56:19.731761Z","level":"info","event":"  File \"/home/airflow/.local/lib/python3.13/site-packages/dbt/cli/requires.py\", line 128, in wrapper","logger":"task.stdout"}
{"timestamp":"2026-05-07T11:56:19.732045Z","level":"info","event":"    return func(*args, **kwargs)","logger":"task.stdout"}
{"timestamp":"2026-05-07T11:56:19.732300Z","level":"info","event":"  File \"/home/airflow/.local/lib/python3.13/site-packages/dbt/cli/requires.py\", line 272, in wrapper","logger":"task.stdout"}
{"timestamp":"2026-05-07T11:56:19.732590Z","level":"info","event":"    return func(*args, **kwargs)","logger":"task.stdout"}
{"timestamp":"2026-05-07T11:56:19.732830Z","level":"info","event":"  File \"/home/airflow/.local/lib/python3.13/site-packages/dbt/cli/requires.py\", line 303, in wrapper","logger":"task.stdout"}
{"timestamp":"2026-05-07T11:56:19.733130Z","level":"info","event":"    return func(*args, **kwargs)","logger":"task.stdout"}
{"timestamp":"2026-05-07T11:56:19.733427Z","level":"info","event":"  File \"/home/airflow/.local/lib/python3.13/site-packages/dbt/cli/requires.py\", line 350, in wrapper","logger":"task.stdout"}
{"timestamp":"2026-05-07T11:56:19.733703Z","level":"info","event":"    return func(*args, **kwargs)","logger":"task.stdout"}
{"timestamp":"2026-05-07T11:56:19.733976Z","level":"info","event":"  File \"/home/airflow/.local/lib/python3.13/site-packages/dbt/cli/requires.py\", line 389, in wrapper","logger":"task.stdout"}
{"timestamp":"2026-05-07T11:56:19.734252Z","level":"info","event":"    setup_manifest(ctx, write=write, write_perf_info=write_perf_info)","logger":"task.stdout"}
{"timestamp":"2026-05-07T11:56:19.734524Z","level":"info","event":"    ~~~~~~~~~~~~~~^^^^^^^^^^^^^^^^^^^^^^^^^^^^^^^^^^^^^^^^^^^^^^^^^^^","logger":"task.stdout"}
{"timestamp":"2026-05-07T11:56:19.734840Z","level":"info","event":"  File \"/home/airflow/.local/lib/python3.13/site-packages/dbt/cli/requires.py\", line 416, in setup_manifest","logger":"task.stdout"}
{"timestamp":"2026-05-07T11:56:19.735113Z","level":"info","event":"    ctx.obj[\"manifest\"] = parse_manifest(","logger":"task.stdout"}
{"timestamp":"2026-05-07T11:56:19.735387Z","level":"info","event":"                          ~~~~~~~~~~~~~~^","logger":"task.stdout"}
{"timestamp":"2026-05-07T11:56:19.735654Z","level":"info","event":"        runtime_config,","logger":"task.stdout"}
{"timestamp":"2026-05-07T11:56:19.735923Z","level":"info","event":"        ^^^^^^^^^^^^^^^","logger":"task.stdout"}
{"timestamp":"2026-05-07T11:56:19.736193Z","level":"info","event":"    ...<3 lines>...","logger":"task.stdout"}
{"timestamp":"2026-05-07T11:56:19.736554Z","level":"info","event":"        active_integrations,","logger":"task.stdout"}
{"timestamp":"2026-05-07T11:56:19.736874Z","level":"info","event":"        ^^^^^^^^^^^^^^^^^^^^","logger":"task.stdout"}
{"timestamp":"2026-05-07T11:56:19.737189Z","level":"info","event":"    )","logger":"task.stdout"}
{"timestamp":"2026-05-07T11:56:19.737464Z","level":"info","event":"    ^","logger":"task.stdout"}
{"timestamp":"2026-05-07T11:56:19.737734Z","level":"info","event":"  File \"/home/airflow/.local/lib/python3.13/site-packages/dbt/parser/manifest.py\", line 2123, in parse_manifest","logger":"task.stdout"}
{"timestamp":"2026-05-07T11:56:19.738042Z","level":"info","event":"    manifest = ManifestLoader.get_full_manifest(","logger":"task.stdout"}
{"timestamp":"2026-05-07T11:56:19.738373Z","level":"info","event":"        runtime_config,","logger":"task.stdout"}
{"timestamp":"2026-05-07T11:56:19.738722Z","level":"info","event":"        write_perf_info=write_perf_info,","logger":"task.stdout"}
{"timestamp":"2026-05-07T11:56:19.739216Z","level":"info","event":"    )","logger":"task.stdout"}
{"timestamp":"2026-05-07T11:56:19.739707Z","level":"info","event":"  File \"/home/airflow/.local/lib/python3.13/site-packages/dbt/parser/manifest.py\", line 320, in get_full_manifest","logger":"task.stdout"}
{"timestamp":"2026-05-07T11:56:19.740090Z","level":"info","event":"    manifest = loader.load()","logger":"task.stdout"}
{"timestamp":"2026-05-07T11:56:19.740436Z","level":"info","event":"  File \"/home/airflow/.local/lib/python3.13/site-packages/dbt/parser/manifest.py\", line 389, in load","logger":"task.stdout"}
{"timestamp":"2026-05-07T11:56:19.740746Z","level":"info","event":"    self.load_and_parse_macros(project_parser_files)","logger":"task.stdout"}
{"timestamp":"2026-05-07T11:56:19.741074Z","level":"info","event":"    ~~~~~~~~~~~~~~~~~~~~~~~~~~^^^^^^^^^^^^^^^^^^^^^^","logger":"task.stdout"}
{"timestamp":"2026-05-07T11:56:19.741376Z","level":"info","event":"  File \"/home/airflow/.local/lib/python3.13/site-packages/dbt/parser/manifest.py\", line 691, in load_and_parse_macros","logger":"task.stdout"}
{"timestamp":"2026-05-07T11:56:19.741684Z","level":"info","event":"    block = FileBlock(self.manifest.files[file_id])","logger":"task.stdout"}
{"timestamp":"2026-05-07T11:56:19.741963Z","level":"info","event":"                      ~~~~~~~~~~~~~~~~~~~^^^^^^^^^","logger":"task.stdout"}
{"timestamp":"2026-05-07T11:56:19.742273Z","level":"info","event":"KeyError: 'dbt_trino://macros/apply_grants.sql'","logger":"task.stdout"}
{"timestamp":"2026-05-07T11:56:19.742562Z","level":"info","event":"","logger":"task.stdout"}
{"timestamp":"2026-05-07T11:56:20.604825Z","level":"error","event":"dbt command failed!","logger":"airflow.task.operators.operators.dbt_operator.DbtOperator","filename":"dbt_operator.py","lineno":198}
{"timestamp":"2026-05-07T11:56:20.605049Z","level":"error","event":"Exception: 'dbt_trino://macros/apply_grants.sql'","logger":"airflow.task.operators.operators.dbt_operator.DbtOperator","filename":"dbt_operator.py","lineno":200}
{"timestamp":"2026-05-07T11:56:20.605256Z","level":"warning","event":"Error occurred during seeding: dbt command failed: seed --project-dir /opt/airflow/dags/ecommerce_dbt --profiles-dir /opt/airflow/dags/ecommerce_dbt --full-refresh","logger":"unusual_prefix_11c7dd38b84fb77f29c2585710943d4b7baaf7b9_dag_pipeline","filename":"dag_pipeline.py","lineno":424}
{"timestamp":"2026-05-07T11:56:20.605423Z","level":"info","event":"Done. Returned value was: {'status': 'failed', 'layer': 'bronze_seed', 'pipeline_id': 'dag_pipeline_20260507115614', 'timestamp': '2026-05-07T11:56:20.605343', 'error': 'dbt command failed: seed --project-dir /opt/airflow/dags/ecommerce_dbt --profiles-dir /opt/airflow/dags/ecommerce_dbt --full-refresh'}","logger":"airflow.task.operators.airflow.providers.standard.decorators.python._PythonDecoratedOperator","filename":"python.py","lineno":229}
{"timestamp":"2026-05-07T11:56:20.605740Z","level":"info","event":"Pushing xcom","ti":"RuntimeTaskInstance(id=UUID('019e024b-a708-7135-a774-11ee8e290ba7'), task_id='seed_bronze', dag_id='ecommerce_dag_pipeline', run_id='manual__2026-05-07T11:56:12.905398+00:00', try_number=1, dag_version_id=UUID('019dfd0d-c356-769c-9658-e2450a265e78'), map_index=-1, hostname='170cd49165bb', context_carrier={'traceparent': '00-909b7dd8d56eee39063281d42dadbc9b-289027e92ee7b536-01'}, task=<Task(_PythonDecoratedOperator): seed_bronze>, bundle_instance=LocalDagBundle(name=dags-folder), max_tries=2, start_date=datetime.datetime(2026, 5, 7, 11, 56, 15, 208715, tzinfo=datetime.timezone.utc), end_date=None, state=<TaskInstanceState.RUNNING: 'running'>, is_mapped=False, rendered_map_index=None, sentry_integration='')","logger":"task","filename":"task_runner.py","lineno":1724}
{"timestamp":"2026-05-07T11:56:20.744507Z","level":"error","event":"/usr/python/lib/python3.13/multiprocessing/resource_tracker.py:400: UserWarning: resource_tracker: There appear to be 3 leaked semaphore objects to clean up at shutdown: {'/mp-gg3amwln', '/mp-pgeqctvq', '/mp-89dj4qez'}","logger":"task.stderr"}
{"timestamp":"2026-05-07T11:56:20.753990Z","level":"error","event":"  warnings.warn(","logger":"task.stderr"}
