{"timestamp":"2026-05-11T06:44:41.037381Z","level":"info","event":"DAG bundles loaded: dags-folder","logger":"airflow.dag_processing.bundles.manager.DagBundlesManager","filename":"manager.py","lineno":209}
{"timestamp":"2026-05-11T06:44:41.039351Z","level":"info","event":"Filling up the DagBag from /opt/airflow/dags/dag_pipeline.py","logger":"airflow.dag_processing.dagbag.BundleDagBag","filename":"dagbag.py","lineno":469}
{"timestamp":"2026-05-11T06:44:44.322793Z","level":"info","event":"Seeding bronze...","logger":"unusual_prefix_11c7dd38b84fb77f29c2585710943d4b7baaf7b9_dag_pipeline","filename":"dag_pipeline.py","lineno":382}
{"timestamp":"2026-05-11T06:44:46.567349Z","level":"info","event":"Tables do not exist or error occurred: (trino.exceptions.TrinoUserError) TrinoUserError(type=USER_ERROR, name=SCHEMA_NOT_FOUND, message=\"line 1:29: Schema 'bronze' does not exist\", query_id=20260511_064444_00000_bzjgy)\n[SQL: SELECT count(*) as cnt FROM raw_customer_events]\n(Background on this error at: https://sqlalche.me/e/20/f405), proceeding with seeding","logger":"unusual_prefix_11c7dd38b84fb77f29c2585710943d4b7baaf7b9_dag_pipeline","filename":"dag_pipeline.py","lineno":405}
{"timestamp":"2026-05-11T06:44:46.567919Z","level":"warning","event":"DbtOperator.execute cannot be called outside of the Task Runner!","logger":"airflow.task.operators.operators.dbt_operator.DbtOperator","filename":"operator.py","lineno":437}
{"timestamp":"2026-05-11T06:44:46.577965Z","level":"info","event":"Executing dbt command: seed --project-dir /opt/airflow/dags/ecommerce_dbt --profiles-dir /opt/airflow/dags/ecommerce_dbt --full-refresh","logger":"airflow.task.operators.operators.dbt_operator.DbtOperator","filename":"dbt_operator.py","lineno":180}
{"timestamp":"2026-05-11T06:44:46.920105Z","level":"info","event":"\u001b[0m06:44:46  Running with dbt=1.10.10","logger":"task.stdout"}
{"timestamp":"2026-05-11T06:44:47.091616Z","level":"info","event":"keyring module not found. OAuth2 token will not be stored in keyring.","logger":"trino.auth","filename":"auth.py","lineno":361}
{"timestamp":"2026-05-11T06:44:47.096146Z","level":"info","event":"keyring module not found. OAuth2 token will not be stored in keyring.","logger":"trino.auth","filename":"auth.py","lineno":361}
{"timestamp":"2026-05-11T06:44:48.316850Z","level":"info","event":"\u001b[0m06:44:48  Registered adapter: trino=1.9.3","logger":"task.stdout"}
{"timestamp":"2026-05-11T06:44:50.049142Z","level":"info","event":"\u001b[0m06:44:50  Found 12 models, 4 seeds, 55 data tests, 455 macros","logger":"task.stdout"}
{"timestamp":"2026-05-11T06:44:50.107568Z","level":"info","event":"\u001b[0m06:44:50","logger":"task.stdout"}
{"timestamp":"2026-05-11T06:44:50.113575Z","level":"info","event":"\u001b[0m06:44:50  Concurrency: 4 threads (target='dev')","logger":"task.stdout"}
{"timestamp":"2026-05-11T06:44:50.123663Z","level":"info","event":"\u001b[0m06:44:50","logger":"task.stdout"}
{"timestamp":"2026-05-11T06:44:50.471087Z","level":"info","event":"\u001b[0m06:44:50  [\u001b[33mWARNING\u001b[0m]: SSL certificate validation is disabled by default. It is legacy behavior which will be changed in future releases. It is strongly advised to enable `require_certificate_validation` flag or explicitly set `cert` configuration to `True` for security reasons. You may receive an error after that if your SSL setup is incorrect.","logger":"task.stdout"}
{"timestamp":"2026-05-11T06:44:50.472048Z","level":"info","event":"You may opt into the new behavior sooner by setting `flags.require_certificate_validation` to `True` in `dbt_project.yml`.","logger":"task.stdout"}
{"timestamp":"2026-05-11T06:44:50.472979Z","level":"info","event":"Visit https://docs.getdbt.com/reference/global-configs/behavior-changes for more information.","logger":"task.stdout"}
{"timestamp":"2026-05-11T06:45:06.658615Z","level":"info","event":"\u001b[0m06:45:06  3 of 4 START seed file bronze_raw.raw_payment_transactions ..................... [RUN]","logger":"task.stdout"}
{"timestamp":"2026-05-11T06:45:06.667522Z","level":"info","event":"\u001b[0m06:45:06  2 of 4 START seed file bronze_raw.raw_inventory_snapshots ...................... [RUN]","logger":"task.stdout"}
{"timestamp":"2026-05-11T06:45:06.668266Z","level":"info","event":"\u001b[0m06:45:06  4 of 4 START seed file bronze_raw.raw_support_tickets .......................... [RUN]","logger":"task.stdout"}
{"timestamp":"2026-05-11T06:45:06.668671Z","level":"info","event":"\u001b[0m06:45:06  1 of 4 START seed file bronze_raw.raw_customer_events .......................... [RUN]","logger":"task.stdout"}
{"timestamp":"2026-05-11T06:45:15.271389Z","level":"info","event":"\u001b[0m06:45:15  4 of 4 ERROR loading seed file bronze_raw.raw_support_tickets .................. [\u001b[31mERROR\u001b[0m in 8.58s]","logger":"task.stdout"}
{"timestamp":"2026-05-11T06:45:15.286644Z","level":"info","event":"\u001b[0m06:45:15  1 of 4 ERROR loading seed file bronze_raw.raw_customer_events .................. [\u001b[31mERROR\u001b[0m in 8.55s]","logger":"task.stdout"}
{"timestamp":"2026-05-11T06:45:15.295841Z","level":"info","event":"\u001b[0m06:45:15  3 of 4 ERROR loading seed file bronze_raw.raw_payment_transactions ............. [\u001b[31mERROR\u001b[0m in 8.60s]","logger":"task.stdout"}
{"timestamp":"2026-05-11T06:45:15.299693Z","level":"info","event":"\u001b[0m06:45:15  2 of 4 ERROR loading seed file bronze_raw.raw_inventory_snapshots .............. [\u001b[31mERROR\u001b[0m in 8.61s]","logger":"task.stdout"}
{"timestamp":"2026-05-11T06:45:15.319556Z","level":"info","event":"\u001b[0m06:45:15","logger":"task.stdout"}
{"timestamp":"2026-05-11T06:45:15.320938Z","level":"info","event":"\u001b[0m06:45:15  Finished running 4 seeds in 0 hours 0 minutes and 25.19 seconds (25.19s).","logger":"task.stdout"}
{"timestamp":"2026-05-11T06:45:15.577506Z","level":"info","event":"\u001b[0m06:45:15","logger":"task.stdout"}
{"timestamp":"2026-05-11T06:45:15.587036Z","level":"info","event":"\u001b[0m06:45:15  \u001b[31mCompleted with 4 errors, 0 partial successes, and 0 warnings:\u001b[0m","logger":"task.stdout"}
{"timestamp":"2026-05-11T06:45:15.588425Z","level":"info","event":"\u001b[0m06:45:15","logger":"task.stdout"}
{"timestamp":"2026-05-11T06:45:15.589565Z","level":"info","event":"\u001b[0m06:45:15  \u001b[31mFailure in seed raw_support_tickets (seeds/raw_support_tickets.csv)\u001b[0m","logger":"task.stdout"}
{"timestamp":"2026-05-11T06:45:15.591325Z","level":"info","event":"\u001b[0m06:45:15    Database Error in seed raw_support_tickets (seeds/raw_support_tickets.csv)","logger":"task.stdout"}
{"timestamp":"2026-05-11T06:45:15.591869Z","level":"info","event":"  TrinoQueryError(type=INTERNAL_ERROR, name=GENERIC_INTERNAL_ERROR, message=\"Location for ICEBERG_TABLE 'bronze_raw.raw_support_tickets' cannot be associated with any configured object storage location: Missing access key and secret for STATIC authentication mode\", query_id=20260511_064507_00007_bzjgy)","logger":"task.stdout"}
{"timestamp":"2026-05-11T06:45:15.593154Z","level":"info","event":"\u001b[0m06:45:15","logger":"task.stdout"}
{"timestamp":"2026-05-11T06:45:15.594391Z","level":"info","event":"\u001b[0m06:45:15  \u001b[31mFailure in seed raw_customer_events (seeds/raw_customer_events.csv)\u001b[0m","logger":"task.stdout"}
{"timestamp":"2026-05-11T06:45:15.603798Z","level":"info","event":"\u001b[0m06:45:15    Database Error in seed raw_customer_events (seeds/raw_customer_events.csv)","logger":"task.stdout"}
{"timestamp":"2026-05-11T06:45:15.604927Z","level":"info","event":"  TrinoQueryError(type=INTERNAL_ERROR, name=GENERIC_INTERNAL_ERROR, message=\"Location for ICEBERG_TABLE 'bronze_raw.raw_customer_events' cannot be associated with any configured object storage location: Missing access key and secret for STATIC authentication mode\", query_id=20260511_064507_00010_bzjgy)","logger":"task.stdout"}
{"timestamp":"2026-05-11T06:45:15.605408Z","level":"info","event":"\u001b[0m06:45:15","logger":"task.stdout"}
{"timestamp":"2026-05-11T06:45:15.608867Z","level":"info","event":"\u001b[0m06:45:15  \u001b[31mFailure in seed raw_inventory_snapshots (seeds/raw_inventory_snapshots.csv)\u001b[0m","logger":"task.stdout"}
{"timestamp":"2026-05-11T06:45:15.621999Z","level":"info","event":"\u001b[0m06:45:15    Database Error in seed raw_inventory_snapshots (seeds/raw_inventory_snapshots.csv)","logger":"task.stdout"}
{"timestamp":"2026-05-11T06:45:15.625037Z","level":"info","event":"  TrinoQueryError(type=INTERNAL_ERROR, name=GENERIC_INTERNAL_ERROR, message=\"Location for ICEBERG_TABLE 'bronze_raw.raw_inventory_snapshots' cannot be associated with any configured object storage location: Missing access key and secret for STATIC authentication mode\", query_id=20260511_064507_00009_bzjgy)","logger":"task.stdout"}
{"timestamp":"2026-05-11T06:45:15.634499Z","level":"info","event":"\u001b[0m06:45:15","logger":"task.stdout"}
{"timestamp":"2026-05-11T06:45:15.635810Z","level":"info","event":"\u001b[0m06:45:15  \u001b[31mFailure in seed raw_payment_transactions (seeds/raw_payment_transactions.csv)\u001b[0m","logger":"task.stdout"}
{"timestamp":"2026-05-11T06:45:15.636196Z","level":"info","event":"\u001b[0m06:45:15    Database Error in seed raw_payment_transactions (seeds/raw_payment_transactions.csv)","logger":"task.stdout"}
{"timestamp":"2026-05-11T06:45:15.636586Z","level":"info","event":"  TrinoQueryError(type=INTERNAL_ERROR, name=GENERIC_INTERNAL_ERROR, message=\"Location for ICEBERG_TABLE 'bronze_raw.raw_payment_transactions' cannot be associated with any configured object storage location: Missing access key and secret for STATIC authentication mode\", query_id=20260511_064507_00008_bzjgy)","logger":"task.stdout"}
{"timestamp":"2026-05-11T06:45:15.637727Z","level":"info","event":"\u001b[0m06:45:15","logger":"task.stdout"}
{"timestamp":"2026-05-11T06:45:15.638267Z","level":"info","event":"\u001b[0m06:45:15  Done. PASS=0 WARN=0 ERROR=4 SKIP=0 NO-OP=0 TOTAL=4","logger":"task.stdout"}
{"timestamp":"2026-05-11T06:45:17.691870Z","level":"error","event":"dbt command failed!","logger":"airflow.task.operators.operators.dbt_operator.DbtOperator","filename":"dbt_operator.py","lineno":198}
{"timestamp":"2026-05-11T06:45:17.692231Z","level":"warning","event":"Error occurred during seeding: dbt command failed: seed --project-dir /opt/airflow/dags/ecommerce_dbt --profiles-dir /opt/airflow/dags/ecommerce_dbt --full-refresh","logger":"unusual_prefix_11c7dd38b84fb77f29c2585710943d4b7baaf7b9_dag_pipeline","filename":"dag_pipeline.py","lineno":424}
{"timestamp":"2026-05-11T06:45:17.692416Z","level":"info","event":"Done. Returned value was: {'status': 'failed', 'layer': 'bronze_seed', 'pipeline_id': 'dag_pipeline_20260511064439', 'timestamp': '2026-05-11T06:45:17.692321', 'error': 'dbt command failed: seed --project-dir /opt/airflow/dags/ecommerce_dbt --profiles-dir /opt/airflow/dags/ecommerce_dbt --full-refresh'}","logger":"airflow.task.operators.airflow.providers.standard.decorators.python._PythonDecoratedOperator","filename":"python.py","lineno":229}
{"timestamp":"2026-05-11T06:45:17.692765Z","level":"info","event":"Pushing xcom","ti":"RuntimeTaskInstance(id=UUID('019e15c7-b736-7e09-bf3d-043217274980'), task_id='seed_bronze', dag_id='ecommerce_dag_pipeline', run_id='manual__2026-05-11T06:44:30.606485+00:00', try_number=1, dag_version_id=UUID('019dfd0d-c356-769c-9658-e2450a265e78'), map_index=-1, hostname='365d87a26e68', context_carrier={'traceparent': '00-6fc223b8463fcef8018af365ff0a4526-63d785712a6d8be1-01'}, task=<Task(_PythonDecoratedOperator): seed_bronze>, bundle_instance=LocalDagBundle(name=dags-folder), max_tries=2, start_date=datetime.datetime(2026, 5, 11, 6, 44, 40, 936504, tzinfo=datetime.timezone.utc), end_date=None, state=<TaskInstanceState.RUNNING: 'running'>, is_mapped=False, rendered_map_index=None, sentry_integration='')","logger":"task","filename":"task_runner.py","lineno":1724}
{"timestamp":"2026-05-11T06:45:17.891018Z","level":"error","event":"/usr/python/lib/python3.13/multiprocessing/resource_tracker.py:400: UserWarning: resource_tracker: There appear to be 2 leaked semaphore objects to clean up at shutdown: {'/mp-2v_be2as', '/mp-pixr654c'}","logger":"task.stderr"}
{"timestamp":"2026-05-11T06:45:17.893680Z","level":"error","event":"  warnings.warn(","logger":"task.stderr"}
