{"timestamp":"2026-05-08T14:02:04.471174Z","level":"info","event":"DAG bundles loaded: dags-folder","logger":"airflow.dag_processing.bundles.manager.DagBundlesManager","filename":"manager.py","lineno":209}
{"timestamp":"2026-05-08T14:02:04.486278Z","level":"info","event":"Filling up the DagBag from /opt/airflow/dags/dag_pipeline.py","logger":"airflow.dag_processing.dagbag.BundleDagBag","filename":"dagbag.py","lineno":469}
{"timestamp":"2026-05-08T14:02:09.879277Z","level":"info","event":"Seeding bronze...","logger":"unusual_prefix_11c7dd38b84fb77f29c2585710943d4b7baaf7b9_dag_pipeline","filename":"dag_pipeline.py","lineno":382}
{"timestamp":"2026-05-08T14:02:10.082677Z","level":"info","event":"Tables do not exist or error occurred: (trino.exceptions.TrinoUserError) TrinoUserError(type=USER_ERROR, name=SCHEMA_NOT_FOUND, message=\"line 1:29: Schema 'bronze' does not exist\", query_id=20260508_140210_00021_ft7mv)\n[SQL: SELECT count(*) as cnt FROM raw_customer_events]\n(Background on this error at: https://sqlalche.me/e/20/f405), proceeding with seeding","logger":"unusual_prefix_11c7dd38b84fb77f29c2585710943d4b7baaf7b9_dag_pipeline","filename":"dag_pipeline.py","lineno":405}
{"timestamp":"2026-05-08T14:02:10.083267Z","level":"warning","event":"DbtOperator.execute cannot be called outside of the Task Runner!","logger":"airflow.task.operators.operators.dbt_operator.DbtOperator","filename":"operator.py","lineno":437}
{"timestamp":"2026-05-08T14:02:10.097056Z","level":"info","event":"Executing dbt command: seed --project-dir /opt/airflow/dags/ecommerce_dbt --profiles-dir /opt/airflow/dags/ecommerce_dbt --full-refresh","logger":"airflow.task.operators.operators.dbt_operator.DbtOperator","filename":"dbt_operator.py","lineno":180}
{"timestamp":"2026-05-08T14:02:10.298549Z","level":"info","event":"\u001b[0m14:02:10  Running with dbt=1.10.10","logger":"task.stdout"}
{"timestamp":"2026-05-08T14:02:10.361641Z","level":"info","event":"keyring module not found. OAuth2 token will not be stored in keyring.","logger":"trino.auth","filename":"auth.py","lineno":361}
{"timestamp":"2026-05-08T14:02:10.366154Z","level":"info","event":"keyring module not found. OAuth2 token will not be stored in keyring.","logger":"trino.auth","filename":"auth.py","lineno":361}
{"timestamp":"2026-05-08T14:02:11.103316Z","level":"info","event":"\u001b[0m14:02:11  Registered adapter: trino=1.9.3","logger":"task.stdout"}
{"timestamp":"2026-05-08T14:02:12.389037Z","level":"info","event":"\u001b[0m14:02:12  Found 12 models, 4 seeds, 55 data tests, 455 macros","logger":"task.stdout"}
{"timestamp":"2026-05-08T14:02:12.398270Z","level":"info","event":"\u001b[0m14:02:12","logger":"task.stdout"}
{"timestamp":"2026-05-08T14:02:12.399341Z","level":"info","event":"\u001b[0m14:02:12  Concurrency: 4 threads (target='dev')","logger":"task.stdout"}
{"timestamp":"2026-05-08T14:02:12.400478Z","level":"info","event":"\u001b[0m14:02:12","logger":"task.stdout"}
{"timestamp":"2026-05-08T14:02:12.493981Z","level":"info","event":"\u001b[0m14:02:12  [\u001b[33mWARNING\u001b[0m]: SSL certificate validation is disabled by default. It is legacy behavior which will be changed in future releases. It is strongly advised to enable `require_certificate_validation` flag or explicitly set `cert` configuration to `True` for security reasons. You may receive an error after that if your SSL setup is incorrect.","logger":"task.stdout"}
{"timestamp":"2026-05-08T14:02:12.494373Z","level":"info","event":"You may opt into the new behavior sooner by setting `flags.require_certificate_validation` to `True` in `dbt_project.yml`.","logger":"task.stdout"}
{"timestamp":"2026-05-08T14:02:12.494702Z","level":"info","event":"Visit https://docs.getdbt.com/reference/global-configs/behavior-changes for more information.","logger":"task.stdout"}
{"timestamp":"2026-05-08T14:02:14.550503Z","level":"info","event":"\u001b[0m14:02:14  2 of 4 START seed file bronze_raw.raw_inventory_snapshots ...................... [RUN]","logger":"task.stdout"}
{"timestamp":"2026-05-08T14:02:14.553788Z","level":"info","event":"\u001b[0m14:02:14  4 of 4 START seed file bronze_raw.raw_support_tickets .......................... [RUN]","logger":"task.stdout"}
{"timestamp":"2026-05-08T14:02:14.554890Z","level":"info","event":"\u001b[0m14:02:14  1 of 4 START seed file bronze_raw.raw_customer_events .......................... [RUN]","logger":"task.stdout"}
{"timestamp":"2026-05-08T14:02:14.556086Z","level":"info","event":"\u001b[0m14:02:14  3 of 4 START seed file bronze_raw.raw_payment_transactions ..................... [RUN]","logger":"task.stdout"}
{"timestamp":"2026-05-08T14:02:15.280212Z","level":"info","event":"\u001b[0m14:02:15  2 of 4 ERROR loading seed file bronze_raw.raw_inventory_snapshots .............. [\u001b[31mERROR\u001b[0m in 0.72s]","logger":"task.stdout"}
{"timestamp":"2026-05-08T14:02:15.359282Z","level":"info","event":"\u001b[0m14:02:15  4 of 4 ERROR loading seed file bronze_raw.raw_support_tickets .................. [\u001b[31mERROR\u001b[0m in 0.78s]","logger":"task.stdout"}
{"timestamp":"2026-05-08T14:02:15.360004Z","level":"info","event":"\u001b[0m14:02:15  1 of 4 ERROR loading seed file bronze_raw.raw_customer_events .................. [\u001b[31mERROR\u001b[0m in 0.78s]","logger":"task.stdout"}
{"timestamp":"2026-05-08T14:02:15.363282Z","level":"info","event":"\u001b[0m14:02:15  3 of 4 ERROR loading seed file bronze_raw.raw_payment_transactions ............. [\u001b[31mERROR\u001b[0m in 0.79s]","logger":"task.stdout"}
{"timestamp":"2026-05-08T14:02:15.378807Z","level":"info","event":"\u001b[0m14:02:15","logger":"task.stdout"}
{"timestamp":"2026-05-08T14:02:15.379710Z","level":"info","event":"\u001b[0m14:02:15  Finished running 4 seeds in 0 hours 0 minutes and 2.98 seconds (2.98s).","logger":"task.stdout"}
{"timestamp":"2026-05-08T14:02:15.484518Z","level":"info","event":"\u001b[0m14:02:15","logger":"task.stdout"}
{"timestamp":"2026-05-08T14:02:15.485829Z","level":"info","event":"\u001b[0m14:02:15  \u001b[31mCompleted with 4 errors, 0 partial successes, and 0 warnings:\u001b[0m","logger":"task.stdout"}
{"timestamp":"2026-05-08T14:02:15.486954Z","level":"info","event":"\u001b[0m14:02:15","logger":"task.stdout"}
{"timestamp":"2026-05-08T14:02:15.488103Z","level":"info","event":"\u001b[0m14:02:15  \u001b[31mFailure in seed raw_inventory_snapshots (seeds/raw_inventory_snapshots.csv)\u001b[0m","logger":"task.stdout"}
{"timestamp":"2026-05-08T14:02:15.489311Z","level":"info","event":"\u001b[0m14:02:15    Database Error in seed raw_inventory_snapshots (seeds/raw_inventory_snapshots.csv)","logger":"task.stdout"}
{"timestamp":"2026-05-08T14:02:15.489901Z","level":"info","event":"  TrinoQueryError(type=INTERNAL_ERROR, name=GENERIC_INTERNAL_ERROR, message=\"Location for ICEBERG_TABLE 'bronze_raw.raw_inventory_snapshots' cannot be associated with any configured object storage location: Missing access key and secret for STATIC authentication mode\", query_id=20260508_140215_00028_ft7mv)","logger":"task.stdout"}
{"timestamp":"2026-05-08T14:02:15.490711Z","level":"info","event":"\u001b[0m14:02:15","logger":"task.stdout"}
{"timestamp":"2026-05-08T14:02:15.492155Z","level":"info","event":"\u001b[0m14:02:15  \u001b[31mFailure in seed raw_support_tickets (seeds/raw_support_tickets.csv)\u001b[0m","logger":"task.stdout"}
{"timestamp":"2026-05-08T14:02:15.493499Z","level":"info","event":"\u001b[0m14:02:15    Database Error in seed raw_support_tickets (seeds/raw_support_tickets.csv)","logger":"task.stdout"}
{"timestamp":"2026-05-08T14:02:15.494000Z","level":"info","event":"  TrinoQueryError(type=INTERNAL_ERROR, name=GENERIC_INTERNAL_ERROR, message=\"Location for ICEBERG_TABLE 'bronze_raw.raw_support_tickets' cannot be associated with any configured object storage location: Missing access key and secret for STATIC authentication mode\", query_id=20260508_140215_00029_ft7mv)","logger":"task.stdout"}
{"timestamp":"2026-05-08T14:02:15.494934Z","level":"info","event":"\u001b[0m14:02:15","logger":"task.stdout"}
{"timestamp":"2026-05-08T14:02:15.496491Z","level":"info","event":"\u001b[0m14:02:15  \u001b[31mFailure in seed raw_customer_events (seeds/raw_customer_events.csv)\u001b[0m","logger":"task.stdout"}
{"timestamp":"2026-05-08T14:02:15.497716Z","level":"info","event":"\u001b[0m14:02:15    Database Error in seed raw_customer_events (seeds/raw_customer_events.csv)","logger":"task.stdout"}
{"timestamp":"2026-05-08T14:02:15.498162Z","level":"info","event":"  TrinoQueryError(type=INTERNAL_ERROR, name=GENERIC_INTERNAL_ERROR, message=\"Location for ICEBERG_TABLE 'bronze_raw.raw_customer_events' cannot be associated with any configured object storage location: Missing access key and secret for STATIC authentication mode\", query_id=20260508_140215_00030_ft7mv)","logger":"task.stdout"}
{"timestamp":"2026-05-08T14:02:15.498681Z","level":"info","event":"\u001b[0m14:02:15","logger":"task.stdout"}
{"timestamp":"2026-05-08T14:02:15.499687Z","level":"info","event":"\u001b[0m14:02:15  \u001b[31mFailure in seed raw_payment_transactions (seeds/raw_payment_transactions.csv)\u001b[0m","logger":"task.stdout"}
{"timestamp":"2026-05-08T14:02:15.500948Z","level":"info","event":"\u001b[0m14:02:15    Database Error in seed raw_payment_transactions (seeds/raw_payment_transactions.csv)","logger":"task.stdout"}
{"timestamp":"2026-05-08T14:02:15.501459Z","level":"info","event":"  TrinoQueryError(type=INTERNAL_ERROR, name=GENERIC_INTERNAL_ERROR, message=\"Location for ICEBERG_TABLE 'bronze_raw.raw_payment_transactions' cannot be associated with any configured object storage location: Missing access key and secret for STATIC authentication mode\", query_id=20260508_140215_00027_ft7mv)","logger":"task.stdout"}
{"timestamp":"2026-05-08T14:02:15.501951Z","level":"info","event":"\u001b[0m14:02:15","logger":"task.stdout"}
{"timestamp":"2026-05-08T14:02:15.502939Z","level":"info","event":"\u001b[0m14:02:15  Done. PASS=0 WARN=0 ERROR=4 SKIP=0 NO-OP=0 TOTAL=4","logger":"task.stdout"}
{"timestamp":"2026-05-08T14:02:16.699562Z","level":"error","event":"dbt command failed!","logger":"airflow.task.operators.operators.dbt_operator.DbtOperator","filename":"dbt_operator.py","lineno":198}
{"timestamp":"2026-05-08T14:02:16.700186Z","level":"warning","event":"Error occurred during seeding: dbt command failed: seed --project-dir /opt/airflow/dags/ecommerce_dbt --profiles-dir /opt/airflow/dags/ecommerce_dbt --full-refresh","logger":"unusual_prefix_11c7dd38b84fb77f29c2585710943d4b7baaf7b9_dag_pipeline","filename":"dag_pipeline.py","lineno":424}
{"timestamp":"2026-05-08T14:02:16.700624Z","level":"info","event":"Done. Returned value was: {'status': 'failed', 'layer': 'bronze_seed', 'pipeline_id': 'dag_pipeline_20260508140203', 'timestamp': '2026-05-08T14:02:16.700359', 'error': 'dbt command failed: seed --project-dir /opt/airflow/dags/ecommerce_dbt --profiles-dir /opt/airflow/dags/ecommerce_dbt --full-refresh'}","logger":"airflow.task.operators.airflow.providers.standard.decorators.python._PythonDecoratedOperator","filename":"python.py","lineno":229}
{"timestamp":"2026-05-08T14:02:16.701128Z","level":"info","event":"Pushing xcom","ti":"RuntimeTaskInstance(id=UUID('019e07e5-2fd8-7ec2-99f3-d6c02e1de11e'), task_id='seed_bronze', dag_id='ecommerce_dag_pipeline', run_id='manual__2026-05-08T14:02:01.019611+00:00', try_number=1, dag_version_id=UUID('019dfd0d-c356-769c-9658-e2450a265e78'), map_index=-1, hostname='9cc17aad94a1', context_carrier={'traceparent': '00-886de2a79b694dc6a87b91b45b5e1236-e98a4d61d4561b39-01'}, task=<Task(_PythonDecoratedOperator): seed_bronze>, bundle_instance=LocalDagBundle(name=dags-folder), max_tries=2, start_date=datetime.datetime(2026, 5, 8, 14, 2, 4, 363826, tzinfo=datetime.timezone.utc), end_date=None, state=<TaskInstanceState.RUNNING: 'running'>, is_mapped=False, rendered_map_index=None, sentry_integration='')","logger":"task","filename":"task_runner.py","lineno":1724}
{"timestamp":"2026-05-08T14:02:16.943058Z","level":"error","event":"/usr/python/lib/python3.13/multiprocessing/resource_tracker.py:400: UserWarning: resource_tracker: There appear to be 2 leaked semaphore objects to clean up at shutdown: {'/mp-y4twor82', '/mp-lmfrwkxv'}","logger":"task.stderr"}
{"timestamp":"2026-05-08T14:02:16.952103Z","level":"error","event":"  warnings.warn(","logger":"task.stderr"}
