{"timestamp":"2026-05-11T10:12:21.154171Z","level":"info","event":"DAG bundles loaded: dags-folder","logger":"airflow.dag_processing.bundles.manager.DagBundlesManager","filename":"manager.py","lineno":209}
{"timestamp":"2026-05-11T10:12:21.158005Z","level":"info","event":"Filling up the DagBag from /opt/airflow/dags/dag_pipeline.py","logger":"airflow.dag_processing.dagbag.BundleDagBag","filename":"dagbag.py","lineno":469}
{"timestamp":"2026-05-11T10:12:26.323030Z","level":"info","event":"Seeding bronze...","logger":"unusual_prefix_11c7dd38b84fb77f29c2585710943d4b7baaf7b9_dag_pipeline","filename":"dag_pipeline.py","lineno":382}
{"timestamp":"2026-05-11T10:12:30.613859Z","level":"info","event":"Tables do not exist or error occurred: (trino.exceptions.TrinoUserError) TrinoUserError(type=USER_ERROR, name=SCHEMA_NOT_FOUND, message=\"line 1:29: Schema 'bronze' does not exist\", query_id=20260511_101226_00000_sktnz)\n[SQL: SELECT count(*) as cnt FROM raw_customer_events]\n(Background on this error at: https://sqlalche.me/e/20/f405), proceeding with seeding","logger":"unusual_prefix_11c7dd38b84fb77f29c2585710943d4b7baaf7b9_dag_pipeline","filename":"dag_pipeline.py","lineno":405}
{"timestamp":"2026-05-11T10:12:30.615168Z","level":"warning","event":"DbtOperator.execute cannot be called outside of the Task Runner!","logger":"airflow.task.operators.operators.dbt_operator.DbtOperator","filename":"operator.py","lineno":437}
{"timestamp":"2026-05-11T10:12:30.618948Z","level":"info","event":"Executing dbt command: seed --project-dir /opt/airflow/dags/ecommerce_dbt --profiles-dir /opt/airflow/dags/ecommerce_dbt --full-refresh","logger":"airflow.task.operators.operators.dbt_operator.DbtOperator","filename":"dbt_operator.py","lineno":180}
{"timestamp":"2026-05-11T10:12:31.107852Z","level":"info","event":"\u001b[0m10:12:31  Running with dbt=1.10.10","logger":"task.stdout"}
{"timestamp":"2026-05-11T10:12:31.210907Z","level":"info","event":"keyring module not found. OAuth2 token will not be stored in keyring.","logger":"trino.auth","filename":"auth.py","lineno":361}
{"timestamp":"2026-05-11T10:12:31.215850Z","level":"info","event":"keyring module not found. OAuth2 token will not be stored in keyring.","logger":"trino.auth","filename":"auth.py","lineno":361}
{"timestamp":"2026-05-11T10:12:31.723716Z","level":"info","event":"\u001b[0m10:12:31  Registered adapter: trino=1.9.3","logger":"task.stdout"}
{"timestamp":"2026-05-11T10:12:33.504818Z","level":"info","event":"\u001b[0m10:12:33  Found 12 models, 4 seeds, 55 data tests, 455 macros","logger":"task.stdout"}
{"timestamp":"2026-05-11T10:12:33.513705Z","level":"info","event":"\u001b[0m10:12:33","logger":"task.stdout"}
{"timestamp":"2026-05-11T10:12:33.514908Z","level":"info","event":"\u001b[0m10:12:33  Concurrency: 4 threads (target='dev')","logger":"task.stdout"}
{"timestamp":"2026-05-11T10:12:33.515700Z","level":"info","event":"\u001b[0m10:12:33","logger":"task.stdout"}
{"timestamp":"2026-05-11T10:12:33.689746Z","level":"info","event":"\u001b[0m10:12:33  [\u001b[33mWARNING\u001b[0m]: SSL certificate validation is disabled by default. It is legacy behavior which will be changed in future releases. It is strongly advised to enable `require_certificate_validation` flag or explicitly set `cert` configuration to `True` for security reasons. You may receive an error after that if your SSL setup is incorrect.","logger":"task.stdout"}
{"timestamp":"2026-05-11T10:12:33.690104Z","level":"info","event":"You may opt into the new behavior sooner by setting `flags.require_certificate_validation` to `True` in `dbt_project.yml`.","logger":"task.stdout"}
{"timestamp":"2026-05-11T10:12:33.690404Z","level":"info","event":"Visit https://docs.getdbt.com/reference/global-configs/behavior-changes for more information.","logger":"task.stdout"}
{"timestamp":"2026-05-11T10:12:45.138085Z","level":"info","event":"\u001b[0m10:12:45  1 of 4 START seed file bronze_raw.raw_customer_events .......................... [RUN]","logger":"task.stdout"}
{"timestamp":"2026-05-11T10:12:45.139186Z","level":"info","event":"\u001b[0m10:12:45  3 of 4 START seed file bronze_raw.raw_payment_transactions ..................... [RUN]","logger":"task.stdout"}
{"timestamp":"2026-05-11T10:12:45.145979Z","level":"info","event":"\u001b[0m10:12:45  4 of 4 START seed file bronze_raw.raw_support_tickets .......................... [RUN]","logger":"task.stdout"}
{"timestamp":"2026-05-11T10:12:45.148028Z","level":"info","event":"\u001b[0m10:12:45  2 of 4 START seed file bronze_raw.raw_inventory_snapshots ...................... [RUN]","logger":"task.stdout"}
{"timestamp":"2026-05-11T10:12:48.916559Z","level":"info","event":"\u001b[0m10:12:48  4 of 4 ERROR loading seed file bronze_raw.raw_support_tickets .................. [\u001b[31mERROR\u001b[0m in 3.75s]","logger":"task.stdout"}
{"timestamp":"2026-05-11T10:12:48.917736Z","level":"info","event":"\u001b[0m10:12:48  2 of 4 ERROR loading seed file bronze_raw.raw_inventory_snapshots .............. [\u001b[31mERROR\u001b[0m in 3.76s]","logger":"task.stdout"}
{"timestamp":"2026-05-11T10:12:48.919051Z","level":"info","event":"\u001b[0m10:12:48  1 of 4 ERROR loading seed file bronze_raw.raw_customer_events .................. [\u001b[31mERROR\u001b[0m in 3.77s]","logger":"task.stdout"}
{"timestamp":"2026-05-11T10:12:48.920116Z","level":"info","event":"\u001b[0m10:12:48  3 of 4 ERROR loading seed file bronze_raw.raw_payment_transactions ............. [\u001b[31mERROR\u001b[0m in 3.77s]","logger":"task.stdout"}
{"timestamp":"2026-05-11T10:12:48.951160Z","level":"info","event":"\u001b[0m10:12:48","logger":"task.stdout"}
{"timestamp":"2026-05-11T10:12:48.952043Z","level":"info","event":"\u001b[0m10:12:48  Finished running 4 seeds in 0 hours 0 minutes and 15.43 seconds (15.43s).","logger":"task.stdout"}
{"timestamp":"2026-05-11T10:12:49.101896Z","level":"info","event":"\u001b[0m10:12:49","logger":"task.stdout"}
{"timestamp":"2026-05-11T10:12:49.106321Z","level":"info","event":"\u001b[0m10:12:49  \u001b[31mCompleted with 4 errors, 0 partial successes, and 0 warnings:\u001b[0m","logger":"task.stdout"}
{"timestamp":"2026-05-11T10:12:49.217655Z","level":"info","event":"\u001b[0m10:12:49","logger":"task.stdout"}
{"timestamp":"2026-05-11T10:12:49.218547Z","level":"info","event":"\u001b[0m10:12:49  \u001b[31mFailure in seed raw_support_tickets (seeds/raw_support_tickets.csv)\u001b[0m","logger":"task.stdout"}
{"timestamp":"2026-05-11T10:12:49.219931Z","level":"info","event":"\u001b[0m10:12:49    Database Error in seed raw_support_tickets (seeds/raw_support_tickets.csv)","logger":"task.stdout"}
{"timestamp":"2026-05-11T10:12:49.221033Z","level":"info","event":"  TrinoQueryError(type=INTERNAL_ERROR, name=GENERIC_INTERNAL_ERROR, message=\"Location for ICEBERG_TABLE 'bronze_raw.raw_support_tickets' cannot be associated with any configured object storage location: Missing access key and secret for STATIC authentication mode\", query_id=20260511_101245_00009_sktnz)","logger":"task.stdout"}
{"timestamp":"2026-05-11T10:12:49.222018Z","level":"info","event":"\u001b[0m10:12:49","logger":"task.stdout"}
{"timestamp":"2026-05-11T10:12:49.222415Z","level":"info","event":"\u001b[0m10:12:49  \u001b[31mFailure in seed raw_inventory_snapshots (seeds/raw_inventory_snapshots.csv)\u001b[0m","logger":"task.stdout"}
{"timestamp":"2026-05-11T10:12:49.222834Z","level":"info","event":"\u001b[0m10:12:49    Database Error in seed raw_inventory_snapshots (seeds/raw_inventory_snapshots.csv)","logger":"task.stdout"}
{"timestamp":"2026-05-11T10:12:49.223169Z","level":"info","event":"  TrinoQueryError(type=INTERNAL_ERROR, name=GENERIC_INTERNAL_ERROR, message=\"Location for ICEBERG_TABLE 'bronze_raw.raw_inventory_snapshots' cannot be associated with any configured object storage location: Missing access key and secret for STATIC authentication mode\", query_id=20260511_101245_00010_sktnz)","logger":"task.stdout"}
{"timestamp":"2026-05-11T10:12:49.223743Z","level":"info","event":"\u001b[0m10:12:49","logger":"task.stdout"}
{"timestamp":"2026-05-11T10:12:49.224439Z","level":"info","event":"\u001b[0m10:12:49  \u001b[31mFailure in seed raw_customer_events (seeds/raw_customer_events.csv)\u001b[0m","logger":"task.stdout"}
{"timestamp":"2026-05-11T10:12:49.225241Z","level":"info","event":"\u001b[0m10:12:49    Database Error in seed raw_customer_events (seeds/raw_customer_events.csv)","logger":"task.stdout"}
{"timestamp":"2026-05-11T10:12:49.226612Z","level":"info","event":"  TrinoQueryError(type=INTERNAL_ERROR, name=GENERIC_INTERNAL_ERROR, message=\"Location for ICEBERG_TABLE 'bronze_raw.raw_customer_events' cannot be associated with any configured object storage location: Missing access key and secret for STATIC authentication mode\", query_id=20260511_101245_00008_sktnz)","logger":"task.stdout"}
{"timestamp":"2026-05-11T10:12:49.232673Z","level":"info","event":"\u001b[0m10:12:49","logger":"task.stdout"}
{"timestamp":"2026-05-11T10:12:49.234393Z","level":"info","event":"\u001b[0m10:12:49  \u001b[31mFailure in seed raw_payment_transactions (seeds/raw_payment_transactions.csv)\u001b[0m","logger":"task.stdout"}
{"timestamp":"2026-05-11T10:12:49.235839Z","level":"info","event":"\u001b[0m10:12:49    Database Error in seed raw_payment_transactions (seeds/raw_payment_transactions.csv)","logger":"task.stdout"}
{"timestamp":"2026-05-11T10:12:49.236515Z","level":"info","event":"  TrinoQueryError(type=INTERNAL_ERROR, name=GENERIC_INTERNAL_ERROR, message=\"Location for ICEBERG_TABLE 'bronze_raw.raw_payment_transactions' cannot be associated with any configured object storage location: Missing access key and secret for STATIC authentication mode\", query_id=20260511_101245_00007_sktnz)","logger":"task.stdout"}
{"timestamp":"2026-05-11T10:12:49.237510Z","level":"info","event":"\u001b[0m10:12:49","logger":"task.stdout"}
{"timestamp":"2026-05-11T10:12:49.239114Z","level":"info","event":"\u001b[0m10:12:49  Done. PASS=0 WARN=0 ERROR=4 SKIP=0 NO-OP=0 TOTAL=4","logger":"task.stdout"}
{"timestamp":"2026-05-11T10:12:50.347584Z","level":"error","event":"dbt command failed!","logger":"airflow.task.operators.operators.dbt_operator.DbtOperator","filename":"dbt_operator.py","lineno":198}
{"timestamp":"2026-05-11T10:12:50.347987Z","level":"warning","event":"Error occurred during seeding: dbt command failed: seed --project-dir /opt/airflow/dags/ecommerce_dbt --profiles-dir /opt/airflow/dags/ecommerce_dbt --full-refresh","logger":"unusual_prefix_11c7dd38b84fb77f29c2585710943d4b7baaf7b9_dag_pipeline","filename":"dag_pipeline.py","lineno":424}
{"timestamp":"2026-05-11T10:12:50.348385Z","level":"info","event":"Done. Returned value was: {'status': 'failed', 'layer': 'bronze_seed', 'pipeline_id': 'dag_pipeline_20260511101219', 'timestamp': '2026-05-11T10:12:50.348087', 'error': 'dbt command failed: seed --project-dir /opt/airflow/dags/ecommerce_dbt --profiles-dir /opt/airflow/dags/ecommerce_dbt --full-refresh'}","logger":"airflow.task.operators.airflow.providers.standard.decorators.python._PythonDecoratedOperator","filename":"python.py","lineno":229}
{"timestamp":"2026-05-11T10:12:50.348830Z","level":"info","event":"Pushing xcom","ti":"RuntimeTaskInstance(id=UUID('019e1685-d456-7da3-9a07-b74a41056d9c'), task_id='seed_bronze', dag_id='ecommerce_dag_pipeline', run_id='manual__2026-05-11T10:12:09.903312+00:00', try_number=1, dag_version_id=UUID('019dfd0d-c356-769c-9658-e2450a265e78'), map_index=-1, hostname='e3c021d3fcbf', context_carrier={'traceparent': '00-5a2ea0b2cd184b0d92fc1f92e61d5718-be810dc7ed914c99-01'}, task=<Task(_PythonDecoratedOperator): seed_bronze>, bundle_instance=LocalDagBundle(name=dags-folder), max_tries=2, start_date=datetime.datetime(2026, 5, 11, 10, 12, 20, 949109, tzinfo=datetime.timezone.utc), end_date=None, state=<TaskInstanceState.RUNNING: 'running'>, is_mapped=False, rendered_map_index=None, sentry_integration='')","logger":"task","filename":"task_runner.py","lineno":1724}
{"timestamp":"2026-05-11T10:12:50.649371Z","level":"error","event":"/usr/python/lib/python3.13/multiprocessing/resource_tracker.py:400: UserWarning: resource_tracker: There appear to be 2 leaked semaphore objects to clean up at shutdown: {'/mp-fswzmbzh', '/mp-vhten5oh'}","logger":"task.stderr"}
{"timestamp":"2026-05-11T10:12:50.649748Z","level":"error","event":"  warnings.warn(","logger":"task.stderr"}
