{"timestamp":"2026-05-12T07:50:44.633525Z","level":"info","event":"DAG bundles loaded: dags-folder","logger":"airflow.dag_processing.bundles.manager.DagBundlesManager","filename":"manager.py","lineno":209}
{"timestamp":"2026-05-12T07:50:44.635601Z","level":"info","event":"Filling up the DagBag from /opt/airflow/dags/dag_pipeline.py","logger":"airflow.dag_processing.dagbag.BundleDagBag","filename":"dagbag.py","lineno":469}
{"timestamp":"2026-05-12T07:50:46.610301Z","level":"info","event":"Transforming gold layer for pipeline: dag_pipeline_20260512074952","logger":"unusual_prefix_11c7dd38b84fb77f29c2585710943d4b7baaf7b9_dag_pipeline","filename":"dag_pipeline.py","lineno":560}
{"timestamp":"2026-05-12T07:50:46.610972Z","level":"warning","event":"DbtOperator.execute cannot be called outside of the Task Runner!","logger":"airflow.task.operators.operators.dbt_operator.DbtOperator","filename":"operator.py","lineno":437}
{"timestamp":"2026-05-12T07:50:46.614860Z","level":"info","event":"Executing dbt command: run --select tag:gold --project-dir /opt/airflow/dags/ecommerce_dbt --profiles-dir /opt/airflow/dags/ecommerce_dbt","logger":"airflow.task.operators.operators.dbt_operator.DbtOperator","filename":"dbt_operator.py","lineno":180}
{"timestamp":"2026-05-12T07:50:46.776622Z","level":"info","event":"\u001b[0m07:50:46  Running with dbt=1.10.10","logger":"task.stdout"}
{"timestamp":"2026-05-12T07:50:46.832396Z","level":"info","event":"keyring module not found. OAuth2 token will not be stored in keyring.","logger":"trino.auth","filename":"auth.py","lineno":361}
{"timestamp":"2026-05-12T07:50:46.836265Z","level":"info","event":"keyring module not found. OAuth2 token will not be stored in keyring.","logger":"trino.auth","filename":"auth.py","lineno":361}
{"timestamp":"2026-05-12T07:50:47.771751Z","level":"info","event":"\u001b[0m07:50:47  Registered adapter: trino=1.9.3","logger":"task.stdout"}
{"timestamp":"2026-05-12T07:50:48.889889Z","level":"info","event":"\u001b[0m07:50:48  Found 12 models, 4 seeds, 55 data tests, 455 macros","logger":"task.stdout"}
{"timestamp":"2026-05-12T07:50:48.894580Z","level":"info","event":"\u001b[0m07:50:48","logger":"task.stdout"}
{"timestamp":"2026-05-12T07:50:48.895508Z","level":"info","event":"\u001b[0m07:50:48  Concurrency: 4 threads (target='dev')","logger":"task.stdout"}
{"timestamp":"2026-05-12T07:50:48.896276Z","level":"info","event":"\u001b[0m07:50:48","logger":"task.stdout"}
{"timestamp":"2026-05-12T07:50:48.974955Z","level":"info","event":"\u001b[0m07:50:48  [\u001b[33mWARNING\u001b[0m]: SSL certificate validation is disabled by default. It is legacy behavior which will be changed in future releases. It is strongly advised to enable `require_certificate_validation` flag or explicitly set `cert` configuration to `True` for security reasons. You may receive an error after that if your SSL setup is incorrect.","logger":"task.stdout"}
{"timestamp":"2026-05-12T07:50:48.975462Z","level":"info","event":"You may opt into the new behavior sooner by setting `flags.require_certificate_validation` to `True` in `dbt_project.yml`.","logger":"task.stdout"}
{"timestamp":"2026-05-12T07:50:48.976131Z","level":"info","event":"Visit https://docs.getdbt.com/reference/global-configs/behavior-changes for more information.","logger":"task.stdout"}
{"timestamp":"2026-05-12T07:50:50.648187Z","level":"info","event":"\u001b[0m07:50:50  1 of 4 START sql table model bronze_raw_gold.gold_customer_360 ................. [RUN]","logger":"task.stdout"}
{"timestamp":"2026-05-12T07:50:50.695052Z","level":"info","event":"\u001b[0m07:50:50  3 of 4 START sql table model bronze_raw_gold.gold_inventory_health ............. [RUN]","logger":"task.stdout"}
{"timestamp":"2026-05-12T07:50:50.697411Z","level":"info","event":"\u001b[0m07:50:50  4 of 4 START sql table model bronze_raw_gold.gold_support_team_performance ..... [RUN]","logger":"task.stdout"}
{"timestamp":"2026-05-12T07:50:50.697984Z","level":"info","event":"\u001b[0m07:50:50  2 of 4 START sql table model bronze_raw_gold.gold_daily_revenue ................ [RUN]","logger":"task.stdout"}
{"timestamp":"2026-05-12T07:50:51.088640Z","level":"info","event":"\u001b[0m07:50:51  1 of 4 ERROR creating sql table model bronze_raw_gold.gold_customer_360 ........ [\u001b[31mERROR\u001b[0m in 0.42s]","logger":"task.stdout"}
{"timestamp":"2026-05-12T07:50:51.131971Z","level":"info","event":"\u001b[0m07:50:51  3 of 4 ERROR creating sql table model bronze_raw_gold.gold_inventory_health .... [\u001b[31mERROR\u001b[0m in 0.48s]","logger":"task.stdout"}
{"timestamp":"2026-05-12T07:50:51.147717Z","level":"info","event":"\u001b[0m07:50:51  4 of 4 ERROR creating sql table model bronze_raw_gold.gold_support_team_performance  [\u001b[31mERROR\u001b[0m in 0.48s]","logger":"task.stdout"}
{"timestamp":"2026-05-12T07:50:52.943453Z","level":"info","event":"\u001b[0m07:50:52  2 of 4 OK created sql table model bronze_raw_gold.gold_daily_revenue ........... [\u001b[32mCREATE TABLE (159 rows)\u001b[0m in 2.27s]","logger":"task.stdout"}
{"timestamp":"2026-05-12T07:50:52.954553Z","level":"info","event":"\u001b[0m07:50:52","logger":"task.stdout"}
{"timestamp":"2026-05-12T07:50:52.955839Z","level":"info","event":"\u001b[0m07:50:52  Finished running 4 table models in 0 hours 0 minutes and 4.06 seconds (4.06s).","logger":"task.stdout"}
{"timestamp":"2026-05-12T07:50:53.070470Z","level":"info","event":"\u001b[0m07:50:53","logger":"task.stdout"}
{"timestamp":"2026-05-12T07:50:53.072738Z","level":"info","event":"\u001b[0m07:50:53  \u001b[31mCompleted with 3 errors, 0 partial successes, and 0 warnings:\u001b[0m","logger":"task.stdout"}
{"timestamp":"2026-05-12T07:50:53.074193Z","level":"info","event":"\u001b[0m07:50:53","logger":"task.stdout"}
{"timestamp":"2026-05-12T07:50:53.075516Z","level":"info","event":"\u001b[0m07:50:53  \u001b[31mFailure in model gold_customer_360 (models/gold/gold_customer_360.sql)\u001b[0m","logger":"task.stdout"}
{"timestamp":"2026-05-12T07:50:53.076728Z","level":"info","event":"\u001b[0m07:50:53    Database Error in model gold_customer_360 (models/gold/gold_customer_360.sql)","logger":"task.stdout"}
{"timestamp":"2026-05-12T07:50:53.077279Z","level":"info","event":"  TrinoUserError(type=USER_ERROR, name=SYNTAX_ERROR, message=\"line 27:29: mismatched input '('. Expecting: 'BY'\", query_id=20260512_075051_00538_u872h)","logger":"task.stdout"}
{"timestamp":"2026-05-12T07:50:53.077634Z","level":"info","event":"  compiled code at target/run/ecommerce_dbt/models/gold/gold_customer_360.sql","logger":"task.stdout"}
{"timestamp":"2026-05-12T07:50:53.078253Z","level":"info","event":"\u001b[0m07:50:53","logger":"task.stdout"}
{"timestamp":"2026-05-12T07:50:53.079193Z","level":"info","event":"\u001b[0m07:50:53    compiled code at target/compiled/ecommerce_dbt/models/gold/gold_customer_360.sql","logger":"task.stdout"}
{"timestamp":"2026-05-12T07:50:53.080321Z","level":"info","event":"\u001b[0m07:50:53","logger":"task.stdout"}
{"timestamp":"2026-05-12T07:50:53.081453Z","level":"info","event":"\u001b[0m07:50:53  \u001b[31mFailure in model gold_inventory_health (models/gold/gold_inventory_health.sql)\u001b[0m","logger":"task.stdout"}
{"timestamp":"2026-05-12T07:50:53.082692Z","level":"info","event":"\u001b[0m07:50:53    Database Error in model gold_inventory_health (models/gold/gold_inventory_health.sql)","logger":"task.stdout"}
{"timestamp":"2026-05-12T07:50:53.083192Z","level":"info","event":"  TrinoUserError(type=USER_ERROR, name=SYNTAX_ERROR, message=\"line 77:40: mismatched input ':'. Expecting: '%', '(', ')', '*', '+', ',', '-', '.', '/', 'AND', 'AT', 'OR', 'ORDER', '[', '||', <predicate>\", query_id=20260512_075051_00540_u872h)","logger":"task.stdout"}
{"timestamp":"2026-05-12T07:50:53.084524Z","level":"info","event":"  compiled code at target/run/ecommerce_dbt/models/gold/gold_inventory_health.sql","logger":"task.stdout"}
{"timestamp":"2026-05-12T07:50:53.085592Z","level":"info","event":"\u001b[0m07:50:53","logger":"task.stdout"}
{"timestamp":"2026-05-12T07:50:53.085957Z","level":"info","event":"\u001b[0m07:50:53    compiled code at target/compiled/ecommerce_dbt/models/gold/gold_inventory_health.sql","logger":"task.stdout"}
{"timestamp":"2026-05-12T07:50:53.087856Z","level":"info","event":"\u001b[0m07:50:53","logger":"task.stdout"}
{"timestamp":"2026-05-12T07:50:53.089147Z","level":"info","event":"\u001b[0m07:50:53  \u001b[31mFailure in model gold_support_team_performance (models/gold/gold_support_team_performance.sql)\u001b[0m","logger":"task.stdout"}
{"timestamp":"2026-05-12T07:50:53.091264Z","level":"info","event":"\u001b[0m07:50:53    Database Error in model gold_support_team_performance (models/gold/gold_support_team_performance.sql)","logger":"task.stdout"}
{"timestamp":"2026-05-12T07:50:53.091984Z","level":"info","event":"  TrinoUserError(type=USER_ERROR, name=COLUMN_NOT_FOUND, message=\"line 74:18: Column 'sla_breach_rate_pct' cannot be resolved\", query_id=20260512_075051_00537_u872h)","logger":"task.stdout"}
{"timestamp":"2026-05-12T07:50:53.092474Z","level":"info","event":"  compiled code at target/run/ecommerce_dbt/models/gold/gold_support_team_performance.sql","logger":"task.stdout"}
{"timestamp":"2026-05-12T07:50:53.094344Z","level":"info","event":"\u001b[0m07:50:53","logger":"task.stdout"}
{"timestamp":"2026-05-12T07:50:53.094902Z","level":"info","event":"\u001b[0m07:50:53    compiled code at target/compiled/ecommerce_dbt/models/gold/gold_support_team_performance.sql","logger":"task.stdout"}
{"timestamp":"2026-05-12T07:50:53.098648Z","level":"info","event":"\u001b[0m07:50:53","logger":"task.stdout"}
{"timestamp":"2026-05-12T07:50:53.099762Z","level":"info","event":"\u001b[0m07:50:53  Done. PASS=1 WARN=0 ERROR=3 SKIP=0 NO-OP=0 TOTAL=4","logger":"task.stdout"}
{"timestamp":"2026-05-12T07:50:54.020581Z","level":"error","event":"dbt command failed!","logger":"airflow.task.operators.operators.dbt_operator.DbtOperator","filename":"dbt_operator.py","lineno":198}
{"timestamp":"2026-05-12T07:50:54.021102Z","level":"warning","event":"Error occurred during transformation: dbt command failed: run --select tag:gold --project-dir /opt/airflow/dags/ecommerce_dbt --profiles-dir /opt/airflow/dags/ecommerce_dbt","logger":"unusual_prefix_11c7dd38b84fb77f29c2585710943d4b7baaf7b9_dag_pipeline","filename":"dag_pipeline.py","lineno":578}
{"timestamp":"2026-05-12T07:50:54.021417Z","level":"error","event":"Task failed with exception","logger":"task","filename":"task_runner.py","lineno":1325,"error_detail":[{"exc_type":"AirflowException","exc_value":"dbt command failed: run --select tag:gold --project-dir /opt/airflow/dags/ecommerce_dbt --profiles-dir /opt/airflow/dags/ecommerce_dbt","exc_notes":[],"syntax_error":null,"is_cause":false,"frames":[{"filename":"/home/airflow/.local/lib/python3.13/site-packages/airflow/sdk/execution_time/task_runner.py","lineno":1263,"name":"run"},{"filename":"/home/airflow/.local/lib/python3.13/site-packages/airflow/sdk/execution_time/task_runner.py","lineno":1678,"name":"_execute_task"},{"filename":"/home/airflow/.local/lib/python3.13/site-packages/airflow/sdk/bases/operator.py","lineno":443,"name":"wrapper"},{"filename":"/home/airflow/.local/lib/python3.13/site-packages/airflow/sdk/bases/decorator.py","lineno":398,"name":"execute"},{"filename":"/home/airflow/.local/lib/python3.13/site-packages/airflow/sdk/bases/operator.py","lineno":443,"name":"wrapper"},{"filename":"/home/airflow/.local/lib/python3.13/site-packages/airflow/providers/standard/operators/python.py","lineno":227,"name":"execute"},{"filename":"/home/airflow/.local/lib/python3.13/site-packages/airflow/providers/standard/operators/python.py","lineno":250,"name":"execute_callable"},{"filename":"/home/airflow/.local/lib/python3.13/site-packages/airflow/sdk/execution_time/callback_runner.py","lineno":97,"name":"run"},{"filename":"/opt/airflow/dags/dag_pipeline.py","lineno":570,"name":"transform_gold_layer"},{"filename":"/home/airflow/.local/lib/python3.13/site-packages/airflow/sdk/bases/operator.py","lineno":443,"name":"wrapper"},{"filename":"/opt/airflow/dags/operators/dbt_operator.py","lineno":201,"name":"execute"}],"is_group":false,"exceptions":[]}]}
{"timestamp":"2026-05-12T07:50:54.150920Z","level":"error","event":"/usr/python/lib/python3.13/multiprocessing/resource_tracker.py:400: UserWarning: resource_tracker: There appear to be 2 leaked semaphore objects to clean up at shutdown: {'/mp-8wnji4k0', '/mp-42k4v6bd'}","logger":"task.stderr"}
{"timestamp":"2026-05-12T07:50:54.154003Z","level":"error","event":"  warnings.warn(","logger":"task.stderr"}
