{"timestamp":"2026-05-12T07:51:33.922919Z","level":"info","event":"DAG bundles loaded: dags-folder","logger":"airflow.dag_processing.bundles.manager.DagBundlesManager","filename":"manager.py","lineno":209}
{"timestamp":"2026-05-12T07:51:33.930006Z","level":"info","event":"Filling up the DagBag from /opt/airflow/dags/dag_pipeline.py","logger":"airflow.dag_processing.dagbag.BundleDagBag","filename":"dagbag.py","lineno":469}
{"timestamp":"2026-05-12T07:51:35.883974Z","level":"info","event":"Transforming gold layer for pipeline: dag_pipeline_20260512074952","logger":"unusual_prefix_11c7dd38b84fb77f29c2585710943d4b7baaf7b9_dag_pipeline","filename":"dag_pipeline.py","lineno":560}
{"timestamp":"2026-05-12T07:51:35.884432Z","level":"warning","event":"DbtOperator.execute cannot be called outside of the Task Runner!","logger":"airflow.task.operators.operators.dbt_operator.DbtOperator","filename":"operator.py","lineno":437}
{"timestamp":"2026-05-12T07:51:35.893698Z","level":"info","event":"Executing dbt command: run --select tag:gold --project-dir /opt/airflow/dags/ecommerce_dbt --profiles-dir /opt/airflow/dags/ecommerce_dbt","logger":"airflow.task.operators.operators.dbt_operator.DbtOperator","filename":"dbt_operator.py","lineno":180}
{"timestamp":"2026-05-12T07:51:36.056463Z","level":"info","event":"\u001b[0m07:51:36  Running with dbt=1.10.10","logger":"task.stdout"}
{"timestamp":"2026-05-12T07:51:36.114769Z","level":"info","event":"keyring module not found. OAuth2 token will not be stored in keyring.","logger":"trino.auth","filename":"auth.py","lineno":361}
{"timestamp":"2026-05-12T07:51:36.119678Z","level":"info","event":"keyring module not found. OAuth2 token will not be stored in keyring.","logger":"trino.auth","filename":"auth.py","lineno":361}
{"timestamp":"2026-05-12T07:51:36.575700Z","level":"info","event":"\u001b[0m07:51:36  Registered adapter: trino=1.9.3","logger":"task.stdout"}
{"timestamp":"2026-05-12T07:51:38.248227Z","level":"info","event":"\u001b[0m07:51:38  Found 12 models, 4 seeds, 55 data tests, 455 macros","logger":"task.stdout"}
{"timestamp":"2026-05-12T07:51:38.254538Z","level":"info","event":"\u001b[0m07:51:38","logger":"task.stdout"}
{"timestamp":"2026-05-12T07:51:38.255962Z","level":"info","event":"\u001b[0m07:51:38  Concurrency: 4 threads (target='dev')","logger":"task.stdout"}
{"timestamp":"2026-05-12T07:51:38.258002Z","level":"info","event":"\u001b[0m07:51:38","logger":"task.stdout"}
{"timestamp":"2026-05-12T07:51:38.346568Z","level":"info","event":"\u001b[0m07:51:38  [\u001b[33mWARNING\u001b[0m]: SSL certificate validation is disabled by default. It is legacy behavior which will be changed in future releases. It is strongly advised to enable `require_certificate_validation` flag or explicitly set `cert` configuration to `True` for security reasons. You may receive an error after that if your SSL setup is incorrect.","logger":"task.stdout"}
{"timestamp":"2026-05-12T07:51:38.346982Z","level":"info","event":"You may opt into the new behavior sooner by setting `flags.require_certificate_validation` to `True` in `dbt_project.yml`.","logger":"task.stdout"}
{"timestamp":"2026-05-12T07:51:38.347327Z","level":"info","event":"Visit https://docs.getdbt.com/reference/global-configs/behavior-changes for more information.","logger":"task.stdout"}
{"timestamp":"2026-05-12T07:51:39.079075Z","level":"info","event":"\u001b[0m07:51:39  4 of 4 START sql table model bronze_raw_gold.gold_support_team_performance ..... [RUN]","logger":"task.stdout"}
{"timestamp":"2026-05-12T07:51:39.139027Z","level":"info","event":"\u001b[0m07:51:39  1 of 4 START sql table model bronze_raw_gold.gold_customer_360 ................. [RUN]","logger":"task.stdout"}
{"timestamp":"2026-05-12T07:51:39.149512Z","level":"info","event":"\u001b[0m07:51:39  2 of 4 START sql table model bronze_raw_gold.gold_daily_revenue ................ [RUN]","logger":"task.stdout"}
{"timestamp":"2026-05-12T07:51:39.149905Z","level":"info","event":"\u001b[0m07:51:39  3 of 4 START sql table model bronze_raw_gold.gold_inventory_health ............. [RUN]","logger":"task.stdout"}
{"timestamp":"2026-05-12T07:51:39.606015Z","level":"info","event":"\u001b[0m07:51:39  3 of 4 ERROR creating sql table model bronze_raw_gold.gold_inventory_health .... [\u001b[31mERROR\u001b[0m in 0.45s]","logger":"task.stdout"}
{"timestamp":"2026-05-12T07:51:39.610969Z","level":"info","event":"\u001b[0m07:51:39  1 of 4 ERROR creating sql table model bronze_raw_gold.gold_customer_360 ........ [\u001b[31mERROR\u001b[0m in 0.51s]","logger":"task.stdout"}
{"timestamp":"2026-05-12T07:51:39.627979Z","level":"info","event":"\u001b[0m07:51:39  4 of 4 ERROR creating sql table model bronze_raw_gold.gold_support_team_performance  [\u001b[31mERROR\u001b[0m in 0.54s]","logger":"task.stdout"}
{"timestamp":"2026-05-12T07:51:42.199729Z","level":"info","event":"\u001b[0m07:51:42  2 of 4 OK created sql table model bronze_raw_gold.gold_daily_revenue ........... [\u001b[32mCREATE TABLE (159 rows)\u001b[0m in 3.09s]","logger":"task.stdout"}
{"timestamp":"2026-05-12T07:51:42.211657Z","level":"info","event":"\u001b[0m07:51:42","logger":"task.stdout"}
{"timestamp":"2026-05-12T07:51:42.212716Z","level":"info","event":"\u001b[0m07:51:42  Finished running 4 table models in 0 hours 0 minutes and 3.95 seconds (3.95s).","logger":"task.stdout"}
{"timestamp":"2026-05-12T07:51:42.327164Z","level":"info","event":"\u001b[0m07:51:42","logger":"task.stdout"}
{"timestamp":"2026-05-12T07:51:42.328379Z","level":"info","event":"\u001b[0m07:51:42  \u001b[31mCompleted with 3 errors, 0 partial successes, and 0 warnings:\u001b[0m","logger":"task.stdout"}
{"timestamp":"2026-05-12T07:51:42.329509Z","level":"info","event":"\u001b[0m07:51:42","logger":"task.stdout"}
{"timestamp":"2026-05-12T07:51:42.330782Z","level":"info","event":"\u001b[0m07:51:42  \u001b[31mFailure in model gold_inventory_health (models/gold/gold_inventory_health.sql)\u001b[0m","logger":"task.stdout"}
{"timestamp":"2026-05-12T07:51:42.332007Z","level":"info","event":"\u001b[0m07:51:42    Database Error in model gold_inventory_health (models/gold/gold_inventory_health.sql)","logger":"task.stdout"}
{"timestamp":"2026-05-12T07:51:42.332553Z","level":"info","event":"  TrinoUserError(type=USER_ERROR, name=SYNTAX_ERROR, message=\"line 77:40: mismatched input ':'. Expecting: '%', '(', ')', '*', '+', ',', '-', '.', '/', 'AND', 'AT', 'OR', 'ORDER', '[', '||', <predicate>\", query_id=20260512_075139_00560_u872h)","logger":"task.stdout"}
{"timestamp":"2026-05-12T07:51:42.333006Z","level":"info","event":"  compiled code at target/run/ecommerce_dbt/models/gold/gold_inventory_health.sql","logger":"task.stdout"}
{"timestamp":"2026-05-12T07:51:42.333590Z","level":"info","event":"\u001b[0m07:51:42","logger":"task.stdout"}
{"timestamp":"2026-05-12T07:51:42.334188Z","level":"info","event":"\u001b[0m07:51:42    compiled code at target/compiled/ecommerce_dbt/models/gold/gold_inventory_health.sql","logger":"task.stdout"}
{"timestamp":"2026-05-12T07:51:42.335262Z","level":"info","event":"\u001b[0m07:51:42","logger":"task.stdout"}
{"timestamp":"2026-05-12T07:51:42.336582Z","level":"info","event":"\u001b[0m07:51:42  \u001b[31mFailure in model gold_customer_360 (models/gold/gold_customer_360.sql)\u001b[0m","logger":"task.stdout"}
{"timestamp":"2026-05-12T07:51:42.338023Z","level":"info","event":"\u001b[0m07:51:42    Database Error in model gold_customer_360 (models/gold/gold_customer_360.sql)","logger":"task.stdout"}
{"timestamp":"2026-05-12T07:51:42.338715Z","level":"info","event":"  TrinoUserError(type=USER_ERROR, name=SYNTAX_ERROR, message=\"line 27:29: mismatched input '('. Expecting: 'BY'\", query_id=20260512_075139_00561_u872h)","logger":"task.stdout"}
{"timestamp":"2026-05-12T07:51:42.339216Z","level":"info","event":"  compiled code at target/run/ecommerce_dbt/models/gold/gold_customer_360.sql","logger":"task.stdout"}
{"timestamp":"2026-05-12T07:51:42.339837Z","level":"info","event":"\u001b[0m07:51:42","logger":"task.stdout"}
{"timestamp":"2026-05-12T07:51:42.341742Z","level":"info","event":"\u001b[0m07:51:42    compiled code at target/compiled/ecommerce_dbt/models/gold/gold_customer_360.sql","logger":"task.stdout"}
{"timestamp":"2026-05-12T07:51:42.342237Z","level":"info","event":"\u001b[0m07:51:42","logger":"task.stdout"}
{"timestamp":"2026-05-12T07:51:42.342845Z","level":"info","event":"\u001b[0m07:51:42  \u001b[31mFailure in model gold_support_team_performance (models/gold/gold_support_team_performance.sql)\u001b[0m","logger":"task.stdout"}
{"timestamp":"2026-05-12T07:51:42.343354Z","level":"info","event":"\u001b[0m07:51:42    Database Error in model gold_support_team_performance (models/gold/gold_support_team_performance.sql)","logger":"task.stdout"}
{"timestamp":"2026-05-12T07:51:42.343868Z","level":"info","event":"  TrinoUserError(type=USER_ERROR, name=COLUMN_NOT_FOUND, message=\"line 74:18: Column 'sla_breach_rate_pct' cannot be resolved\", query_id=20260512_075139_00559_u872h)","logger":"task.stdout"}
{"timestamp":"2026-05-12T07:51:42.344304Z","level":"info","event":"  compiled code at target/run/ecommerce_dbt/models/gold/gold_support_team_performance.sql","logger":"task.stdout"}
{"timestamp":"2026-05-12T07:51:42.344906Z","level":"info","event":"\u001b[0m07:51:42","logger":"task.stdout"}
{"timestamp":"2026-05-12T07:51:42.345603Z","level":"info","event":"\u001b[0m07:51:42    compiled code at target/compiled/ecommerce_dbt/models/gold/gold_support_team_performance.sql","logger":"task.stdout"}
{"timestamp":"2026-05-12T07:51:42.346451Z","level":"info","event":"\u001b[0m07:51:42","logger":"task.stdout"}
{"timestamp":"2026-05-12T07:51:42.347436Z","level":"info","event":"\u001b[0m07:51:42  Done. PASS=1 WARN=0 ERROR=3 SKIP=0 NO-OP=0 TOTAL=4","logger":"task.stdout"}
{"timestamp":"2026-05-12T07:51:43.261150Z","level":"error","event":"dbt command failed!","logger":"airflow.task.operators.operators.dbt_operator.DbtOperator","filename":"dbt_operator.py","lineno":198}
{"timestamp":"2026-05-12T07:51:43.261427Z","level":"warning","event":"Error occurred during transformation: dbt command failed: run --select tag:gold --project-dir /opt/airflow/dags/ecommerce_dbt --profiles-dir /opt/airflow/dags/ecommerce_dbt","logger":"unusual_prefix_11c7dd38b84fb77f29c2585710943d4b7baaf7b9_dag_pipeline","filename":"dag_pipeline.py","lineno":578}
{"timestamp":"2026-05-12T07:51:43.261761Z","level":"error","event":"Task failed with exception","logger":"task","filename":"task_runner.py","lineno":1325,"error_detail":[{"exc_type":"AirflowException","exc_value":"dbt command failed: run --select tag:gold --project-dir /opt/airflow/dags/ecommerce_dbt --profiles-dir /opt/airflow/dags/ecommerce_dbt","exc_notes":[],"syntax_error":null,"is_cause":false,"frames":[{"filename":"/home/airflow/.local/lib/python3.13/site-packages/airflow/sdk/execution_time/task_runner.py","lineno":1263,"name":"run"},{"filename":"/home/airflow/.local/lib/python3.13/site-packages/airflow/sdk/execution_time/task_runner.py","lineno":1678,"name":"_execute_task"},{"filename":"/home/airflow/.local/lib/python3.13/site-packages/airflow/sdk/bases/operator.py","lineno":443,"name":"wrapper"},{"filename":"/home/airflow/.local/lib/python3.13/site-packages/airflow/sdk/bases/decorator.py","lineno":398,"name":"execute"},{"filename":"/home/airflow/.local/lib/python3.13/site-packages/airflow/sdk/bases/operator.py","lineno":443,"name":"wrapper"},{"filename":"/home/airflow/.local/lib/python3.13/site-packages/airflow/providers/standard/operators/python.py","lineno":227,"name":"execute"},{"filename":"/home/airflow/.local/lib/python3.13/site-packages/airflow/providers/standard/operators/python.py","lineno":250,"name":"execute_callable"},{"filename":"/home/airflow/.local/lib/python3.13/site-packages/airflow/sdk/execution_time/callback_runner.py","lineno":97,"name":"run"},{"filename":"/opt/airflow/dags/dag_pipeline.py","lineno":570,"name":"transform_gold_layer"},{"filename":"/home/airflow/.local/lib/python3.13/site-packages/airflow/sdk/bases/operator.py","lineno":443,"name":"wrapper"},{"filename":"/opt/airflow/dags/operators/dbt_operator.py","lineno":201,"name":"execute"}],"is_group":false,"exceptions":[]}]}
{"timestamp":"2026-05-12T07:51:43.293344Z","level":"error","event":"/usr/python/lib/python3.13/multiprocessing/resource_tracker.py:400: UserWarning: resource_tracker: There appear to be 2 leaked semaphore objects to clean up at shutdown: {'/mp-ktdgf0qp', '/mp-jilj_s3g'}","logger":"task.stderr"}
{"timestamp":"2026-05-12T07:51:43.293978Z","level":"error","event":"  warnings.warn(","logger":"task.stderr"}
