{"timestamp":"2026-05-12T07:51:09.535052Z","level":"info","event":"DAG bundles loaded: dags-folder","logger":"airflow.dag_processing.bundles.manager.DagBundlesManager","filename":"manager.py","lineno":209}
{"timestamp":"2026-05-12T07:51:09.542053Z","level":"info","event":"Filling up the DagBag from /opt/airflow/dags/dag_pipeline.py","logger":"airflow.dag_processing.dagbag.BundleDagBag","filename":"dagbag.py","lineno":469}
{"timestamp":"2026-05-12T07:51:11.905737Z","level":"info","event":"Transforming gold layer for pipeline: dag_pipeline_20260512074952","logger":"unusual_prefix_11c7dd38b84fb77f29c2585710943d4b7baaf7b9_dag_pipeline","filename":"dag_pipeline.py","lineno":560}
{"timestamp":"2026-05-12T07:51:11.906271Z","level":"warning","event":"DbtOperator.execute cannot be called outside of the Task Runner!","logger":"airflow.task.operators.operators.dbt_operator.DbtOperator","filename":"operator.py","lineno":437}
{"timestamp":"2026-05-12T07:51:11.910906Z","level":"info","event":"Executing dbt command: run --select tag:gold --project-dir /opt/airflow/dags/ecommerce_dbt --profiles-dir /opt/airflow/dags/ecommerce_dbt","logger":"airflow.task.operators.operators.dbt_operator.DbtOperator","filename":"dbt_operator.py","lineno":180}
{"timestamp":"2026-05-12T07:51:12.096143Z","level":"info","event":"\u001b[0m07:51:12  Running with dbt=1.10.10","logger":"task.stdout"}
{"timestamp":"2026-05-12T07:51:12.160818Z","level":"info","event":"keyring module not found. OAuth2 token will not be stored in keyring.","logger":"trino.auth","filename":"auth.py","lineno":361}
{"timestamp":"2026-05-12T07:51:12.176072Z","level":"info","event":"keyring module not found. OAuth2 token will not be stored in keyring.","logger":"trino.auth","filename":"auth.py","lineno":361}
{"timestamp":"2026-05-12T07:51:12.661418Z","level":"info","event":"\u001b[0m07:51:12  Registered adapter: trino=1.9.3","logger":"task.stdout"}
{"timestamp":"2026-05-12T07:51:13.806306Z","level":"info","event":"\u001b[0m07:51:13  Found 12 models, 4 seeds, 55 data tests, 455 macros","logger":"task.stdout"}
{"timestamp":"2026-05-12T07:51:13.813652Z","level":"info","event":"\u001b[0m07:51:13","logger":"task.stdout"}
{"timestamp":"2026-05-12T07:51:13.814378Z","level":"info","event":"\u001b[0m07:51:13  Concurrency: 4 threads (target='dev')","logger":"task.stdout"}
{"timestamp":"2026-05-12T07:51:13.815565Z","level":"info","event":"\u001b[0m07:51:13","logger":"task.stdout"}
{"timestamp":"2026-05-12T07:51:13.898988Z","level":"info","event":"\u001b[0m07:51:13  [\u001b[33mWARNING\u001b[0m]: SSL certificate validation is disabled by default. It is legacy behavior which will be changed in future releases. It is strongly advised to enable `require_certificate_validation` flag or explicitly set `cert` configuration to `True` for security reasons. You may receive an error after that if your SSL setup is incorrect.","logger":"task.stdout"}
{"timestamp":"2026-05-12T07:51:13.900833Z","level":"info","event":"You may opt into the new behavior sooner by setting `flags.require_certificate_validation` to `True` in `dbt_project.yml`.","logger":"task.stdout"}
{"timestamp":"2026-05-12T07:51:13.901213Z","level":"info","event":"Visit https://docs.getdbt.com/reference/global-configs/behavior-changes for more information.","logger":"task.stdout"}
{"timestamp":"2026-05-12T07:51:14.534012Z","level":"info","event":"\u001b[0m07:51:14  1 of 4 START sql table model bronze_raw_gold.gold_customer_360 ................. [RUN]","logger":"task.stdout"}
{"timestamp":"2026-05-12T07:51:14.535263Z","level":"info","event":"\u001b[0m07:51:14  2 of 4 START sql table model bronze_raw_gold.gold_daily_revenue ................ [RUN]","logger":"task.stdout"}
{"timestamp":"2026-05-12T07:51:14.538342Z","level":"info","event":"\u001b[0m07:51:14  3 of 4 START sql table model bronze_raw_gold.gold_inventory_health ............. [RUN]","logger":"task.stdout"}
{"timestamp":"2026-05-12T07:51:14.609968Z","level":"info","event":"\u001b[0m07:51:14  4 of 4 START sql table model bronze_raw_gold.gold_support_team_performance ..... [RUN]","logger":"task.stdout"}
{"timestamp":"2026-05-12T07:51:14.943931Z","level":"info","event":"\u001b[0m07:51:14  1 of 4 ERROR creating sql table model bronze_raw_gold.gold_customer_360 ........ [\u001b[31mERROR\u001b[0m in 0.39s]","logger":"task.stdout"}
{"timestamp":"2026-05-12T07:51:14.980545Z","level":"info","event":"\u001b[0m07:51:14  3 of 4 ERROR creating sql table model bronze_raw_gold.gold_inventory_health .... [\u001b[31mERROR\u001b[0m in 0.43s]","logger":"task.stdout"}
{"timestamp":"2026-05-12T07:51:14.990093Z","level":"info","event":"\u001b[0m07:51:14  4 of 4 ERROR creating sql table model bronze_raw_gold.gold_support_team_performance  [\u001b[31mERROR\u001b[0m in 0.44s]","logger":"task.stdout"}
{"timestamp":"2026-05-12T07:51:17.247566Z","level":"info","event":"\u001b[0m07:51:17  2 of 4 OK created sql table model bronze_raw_gold.gold_daily_revenue ........... [\u001b[32mCREATE TABLE (159 rows)\u001b[0m in 2.71s]","logger":"task.stdout"}
{"timestamp":"2026-05-12T07:51:17.261124Z","level":"info","event":"\u001b[0m07:51:17","logger":"task.stdout"}
{"timestamp":"2026-05-12T07:51:17.262102Z","level":"info","event":"\u001b[0m07:51:17  Finished running 4 table models in 0 hours 0 minutes and 3.44 seconds (3.44s).","logger":"task.stdout"}
{"timestamp":"2026-05-12T07:51:17.394757Z","level":"info","event":"\u001b[0m07:51:17","logger":"task.stdout"}
{"timestamp":"2026-05-12T07:51:17.398197Z","level":"info","event":"\u001b[0m07:51:17  \u001b[31mCompleted with 3 errors, 0 partial successes, and 0 warnings:\u001b[0m","logger":"task.stdout"}
{"timestamp":"2026-05-12T07:51:17.400209Z","level":"info","event":"\u001b[0m07:51:17","logger":"task.stdout"}
{"timestamp":"2026-05-12T07:51:17.402260Z","level":"info","event":"\u001b[0m07:51:17  \u001b[31mFailure in model gold_customer_360 (models/gold/gold_customer_360.sql)\u001b[0m","logger":"task.stdout"}
{"timestamp":"2026-05-12T07:51:17.407105Z","level":"info","event":"\u001b[0m07:51:17    Database Error in model gold_customer_360 (models/gold/gold_customer_360.sql)","logger":"task.stdout"}
{"timestamp":"2026-05-12T07:51:17.408410Z","level":"info","event":"  TrinoUserError(type=USER_ERROR, name=SYNTAX_ERROR, message=\"line 27:29: mismatched input '('. Expecting: 'BY'\", query_id=20260512_075115_00547_u872h)","logger":"task.stdout"}
{"timestamp":"2026-05-12T07:51:17.408819Z","level":"info","event":"  compiled code at target/run/ecommerce_dbt/models/gold/gold_customer_360.sql","logger":"task.stdout"}
{"timestamp":"2026-05-12T07:51:17.409398Z","level":"info","event":"\u001b[0m07:51:17","logger":"task.stdout"}
{"timestamp":"2026-05-12T07:51:17.409987Z","level":"info","event":"\u001b[0m07:51:17    compiled code at target/compiled/ecommerce_dbt/models/gold/gold_customer_360.sql","logger":"task.stdout"}
{"timestamp":"2026-05-12T07:51:17.410811Z","level":"info","event":"\u001b[0m07:51:17","logger":"task.stdout"}
{"timestamp":"2026-05-12T07:51:17.411775Z","level":"info","event":"\u001b[0m07:51:17  \u001b[31mFailure in model gold_inventory_health (models/gold/gold_inventory_health.sql)\u001b[0m","logger":"task.stdout"}
{"timestamp":"2026-05-12T07:51:17.414197Z","level":"info","event":"\u001b[0m07:51:17    Database Error in model gold_inventory_health (models/gold/gold_inventory_health.sql)","logger":"task.stdout"}
{"timestamp":"2026-05-12T07:51:17.414700Z","level":"info","event":"  TrinoUserError(type=USER_ERROR, name=SYNTAX_ERROR, message=\"line 77:40: mismatched input ':'. Expecting: '%', '(', ')', '*', '+', ',', '-', '.', '/', 'AND', 'AT', 'OR', 'ORDER', '[', '||', <predicate>\", query_id=20260512_075115_00548_u872h)","logger":"task.stdout"}
{"timestamp":"2026-05-12T07:51:17.415046Z","level":"info","event":"  compiled code at target/run/ecommerce_dbt/models/gold/gold_inventory_health.sql","logger":"task.stdout"}
{"timestamp":"2026-05-12T07:51:17.416139Z","level":"info","event":"\u001b[0m07:51:17","logger":"task.stdout"}
{"timestamp":"2026-05-12T07:51:17.416665Z","level":"info","event":"\u001b[0m07:51:17    compiled code at target/compiled/ecommerce_dbt/models/gold/gold_inventory_health.sql","logger":"task.stdout"}
{"timestamp":"2026-05-12T07:51:17.419258Z","level":"info","event":"\u001b[0m07:51:17","logger":"task.stdout"}
{"timestamp":"2026-05-12T07:51:17.420501Z","level":"info","event":"\u001b[0m07:51:17  \u001b[31mFailure in model gold_support_team_performance (models/gold/gold_support_team_performance.sql)\u001b[0m","logger":"task.stdout"}
{"timestamp":"2026-05-12T07:51:17.422423Z","level":"info","event":"\u001b[0m07:51:17    Database Error in model gold_support_team_performance (models/gold/gold_support_team_performance.sql)","logger":"task.stdout"}
{"timestamp":"2026-05-12T07:51:17.422906Z","level":"info","event":"  TrinoUserError(type=USER_ERROR, name=COLUMN_NOT_FOUND, message=\"line 74:18: Column 'sla_breach_rate_pct' cannot be resolved\", query_id=20260512_075115_00549_u872h)","logger":"task.stdout"}
{"timestamp":"2026-05-12T07:51:17.423240Z","level":"info","event":"  compiled code at target/run/ecommerce_dbt/models/gold/gold_support_team_performance.sql","logger":"task.stdout"}
{"timestamp":"2026-05-12T07:51:17.424001Z","level":"info","event":"\u001b[0m07:51:17","logger":"task.stdout"}
{"timestamp":"2026-05-12T07:51:17.425138Z","level":"info","event":"\u001b[0m07:51:17    compiled code at target/compiled/ecommerce_dbt/models/gold/gold_support_team_performance.sql","logger":"task.stdout"}
{"timestamp":"2026-05-12T07:51:17.426623Z","level":"info","event":"\u001b[0m07:51:17","logger":"task.stdout"}
{"timestamp":"2026-05-12T07:51:17.428404Z","level":"info","event":"\u001b[0m07:51:17  Done. PASS=1 WARN=0 ERROR=3 SKIP=0 NO-OP=0 TOTAL=4","logger":"task.stdout"}
{"timestamp":"2026-05-12T07:51:18.499658Z","level":"error","event":"dbt command failed!","logger":"airflow.task.operators.operators.dbt_operator.DbtOperator","filename":"dbt_operator.py","lineno":198}
{"timestamp":"2026-05-12T07:51:18.500528Z","level":"warning","event":"Error occurred during transformation: dbt command failed: run --select tag:gold --project-dir /opt/airflow/dags/ecommerce_dbt --profiles-dir /opt/airflow/dags/ecommerce_dbt","logger":"unusual_prefix_11c7dd38b84fb77f29c2585710943d4b7baaf7b9_dag_pipeline","filename":"dag_pipeline.py","lineno":578}
{"timestamp":"2026-05-12T07:51:18.500754Z","level":"error","event":"Task failed with exception","logger":"task","filename":"task_runner.py","lineno":1325,"error_detail":[{"exc_type":"AirflowException","exc_value":"dbt command failed: run --select tag:gold --project-dir /opt/airflow/dags/ecommerce_dbt --profiles-dir /opt/airflow/dags/ecommerce_dbt","exc_notes":[],"syntax_error":null,"is_cause":false,"frames":[{"filename":"/home/airflow/.local/lib/python3.13/site-packages/airflow/sdk/execution_time/task_runner.py","lineno":1263,"name":"run"},{"filename":"/home/airflow/.local/lib/python3.13/site-packages/airflow/sdk/execution_time/task_runner.py","lineno":1678,"name":"_execute_task"},{"filename":"/home/airflow/.local/lib/python3.13/site-packages/airflow/sdk/bases/operator.py","lineno":443,"name":"wrapper"},{"filename":"/home/airflow/.local/lib/python3.13/site-packages/airflow/sdk/bases/decorator.py","lineno":398,"name":"execute"},{"filename":"/home/airflow/.local/lib/python3.13/site-packages/airflow/sdk/bases/operator.py","lineno":443,"name":"wrapper"},{"filename":"/home/airflow/.local/lib/python3.13/site-packages/airflow/providers/standard/operators/python.py","lineno":227,"name":"execute"},{"filename":"/home/airflow/.local/lib/python3.13/site-packages/airflow/providers/standard/operators/python.py","lineno":250,"name":"execute_callable"},{"filename":"/home/airflow/.local/lib/python3.13/site-packages/airflow/sdk/execution_time/callback_runner.py","lineno":97,"name":"run"},{"filename":"/opt/airflow/dags/dag_pipeline.py","lineno":570,"name":"transform_gold_layer"},{"filename":"/home/airflow/.local/lib/python3.13/site-packages/airflow/sdk/bases/operator.py","lineno":443,"name":"wrapper"},{"filename":"/opt/airflow/dags/operators/dbt_operator.py","lineno":201,"name":"execute"}],"is_group":false,"exceptions":[]}]}
{"timestamp":"2026-05-12T07:51:18.655463Z","level":"error","event":"/usr/python/lib/python3.13/multiprocessing/resource_tracker.py:400: UserWarning: resource_tracker: There appear to be 2 leaked semaphore objects to clean up at shutdown: {'/mp-zug_wpwg', '/mp-mmh426q7'}","logger":"task.stderr"}
{"timestamp":"2026-05-12T07:51:18.656042Z","level":"error","event":"  warnings.warn(","logger":"task.stderr"}
