{"timestamp":"2026-05-11T06:06:30.898505Z","level":"info","event":"DAG bundles loaded: dags-folder","logger":"airflow.dag_processing.bundles.manager.DagBundlesManager","filename":"manager.py","lineno":209}
{"timestamp":"2026-05-11T06:06:30.902702Z","level":"info","event":"Filling up the DagBag from /opt/airflow/dags/dag_pipeline.py","logger":"airflow.dag_processing.dagbag.BundleDagBag","filename":"dagbag.py","lineno":469}
{"timestamp":"2026-05-11T06:06:38.238652Z","level":"info","event":"Seeding bronze...","logger":"unusual_prefix_11c7dd38b84fb77f29c2585710943d4b7baaf7b9_dag_pipeline","filename":"dag_pipeline.py","lineno":382}
{"timestamp":"2026-05-11T06:06:43.228720Z","level":"info","event":"Tables do not exist or error occurred: (trino.exceptions.TrinoExternalError) TrinoExternalError(type=EXTERNAL, name=ICEBERG_CATALOG_ERROR, message=\"Cannot obtain metadata\", query_id=20260511_060638_00002_8erta)\n[SQL: SELECT count(*) as cnt FROM raw_customer_events]\n(Background on this error at: https://sqlalche.me/e/20/e3q8), proceeding with seeding","logger":"unusual_prefix_11c7dd38b84fb77f29c2585710943d4b7baaf7b9_dag_pipeline","filename":"dag_pipeline.py","lineno":405}
{"timestamp":"2026-05-11T06:06:43.229356Z","level":"warning","event":"DbtOperator.execute cannot be called outside of the Task Runner!","logger":"airflow.task.operators.operators.dbt_operator.DbtOperator","filename":"operator.py","lineno":437}
{"timestamp":"2026-05-11T06:06:43.249951Z","level":"info","event":"Executing dbt command: seed --project-dir /opt/airflow/dags/ecommerce_dbt --profiles-dir /opt/airflow/dags/ecommerce_dbt --full-refresh","logger":"airflow.task.operators.operators.dbt_operator.DbtOperator","filename":"dbt_operator.py","lineno":180}
{"timestamp":"2026-05-11T06:06:43.602352Z","level":"info","event":"\u001b[0m06:06:43  Running with dbt=1.10.10","logger":"task.stdout"}
{"timestamp":"2026-05-11T06:06:43.670831Z","level":"info","event":"keyring module not found. OAuth2 token will not be stored in keyring.","logger":"trino.auth","filename":"auth.py","lineno":361}
{"timestamp":"2026-05-11T06:06:43.684997Z","level":"info","event":"keyring module not found. OAuth2 token will not be stored in keyring.","logger":"trino.auth","filename":"auth.py","lineno":361}
{"timestamp":"2026-05-11T06:06:44.380127Z","level":"info","event":"\u001b[0m06:06:44  Registered adapter: trino=1.9.3","logger":"task.stdout"}
{"timestamp":"2026-05-11T06:06:46.698341Z","level":"info","event":"\u001b[0m06:06:46  Found 12 models, 4 seeds, 55 data tests, 455 macros","logger":"task.stdout"}
{"timestamp":"2026-05-11T06:06:46.725225Z","level":"info","event":"\u001b[0m06:06:46","logger":"task.stdout"}
{"timestamp":"2026-05-11T06:06:46.730235Z","level":"info","event":"\u001b[0m06:06:46  Concurrency: 4 threads (target='dev')","logger":"task.stdout"}
{"timestamp":"2026-05-11T06:06:46.731316Z","level":"info","event":"\u001b[0m06:06:46","logger":"task.stdout"}
{"timestamp":"2026-05-11T06:06:46.828219Z","level":"info","event":"\u001b[0m06:06:46  [\u001b[33mWARNING\u001b[0m]: SSL certificate validation is disabled by default. It is legacy behavior which will be changed in future releases. It is strongly advised to enable `require_certificate_validation` flag or explicitly set `cert` configuration to `True` for security reasons. You may receive an error after that if your SSL setup is incorrect.","logger":"task.stdout"}
{"timestamp":"2026-05-11T06:06:46.828586Z","level":"info","event":"You may opt into the new behavior sooner by setting `flags.require_certificate_validation` to `True` in `dbt_project.yml`.","logger":"task.stdout"}
{"timestamp":"2026-05-11T06:06:46.828887Z","level":"info","event":"Visit https://docs.getdbt.com/reference/global-configs/behavior-changes for more information.","logger":"task.stdout"}
{"timestamp":"2026-05-11T06:06:46.977437Z","level":"info","event":"\u001b[0m06:06:46","logger":"task.stdout"}
{"timestamp":"2026-05-11T06:06:46.977724Z","level":"info","event":"\u001b[0m06:06:46  Finished running  in 0 hours 0 minutes and 0.24 seconds (0.24s).","logger":"task.stdout"}
{"timestamp":"2026-05-11T06:06:46.978058Z","level":"info","event":"\u001b[0m06:06:46  Encountered an error:","logger":"task.stdout"}
{"timestamp":"2026-05-11T06:06:46.978405Z","level":"info","event":"Database Error","logger":"task.stdout"}
{"timestamp":"2026-05-11T06:06:46.980264Z","level":"info","event":"  TrinoExternalError(type=EXTERNAL, name=ICEBERG_CATALOG_ERROR, message=\"Cannot obtain metadata\", query_id=20260511_060646_00003_8erta)","logger":"task.stdout"}
{"timestamp":"2026-05-11T06:06:47.997363Z","level":"error","event":"dbt command failed!","logger":"airflow.task.operators.operators.dbt_operator.DbtOperator","filename":"dbt_operator.py","lineno":198}
{"timestamp":"2026-05-11T06:06:47.997719Z","level":"error","event":"Exception: Database Error\n  TrinoExternalError(type=EXTERNAL, name=ICEBERG_CATALOG_ERROR, message=\"Cannot obtain metadata\", query_id=20260511_060646_00003_8erta)","logger":"airflow.task.operators.operators.dbt_operator.DbtOperator","filename":"dbt_operator.py","lineno":200}
{"timestamp":"2026-05-11T06:06:47.997894Z","level":"warning","event":"Error occurred during seeding: dbt command failed: seed --project-dir /opt/airflow/dags/ecommerce_dbt --profiles-dir /opt/airflow/dags/ecommerce_dbt --full-refresh","logger":"unusual_prefix_11c7dd38b84fb77f29c2585710943d4b7baaf7b9_dag_pipeline","filename":"dag_pipeline.py","lineno":424}
{"timestamp":"2026-05-11T06:06:47.998044Z","level":"info","event":"Done. Returned value was: {'status': 'failed', 'layer': 'bronze_seed', 'pipeline_id': 'dag_pipeline_20260511060628', 'timestamp': '2026-05-11T06:06:47.997969', 'error': 'dbt command failed: seed --project-dir /opt/airflow/dags/ecommerce_dbt --profiles-dir /opt/airflow/dags/ecommerce_dbt --full-refresh'}","logger":"airflow.task.operators.airflow.providers.standard.decorators.python._PythonDecoratedOperator","filename":"python.py","lineno":229}
{"timestamp":"2026-05-11T06:06:47.998325Z","level":"info","event":"Pushing xcom","ti":"RuntimeTaskInstance(id=UUID('019e15a4-dd6a-7ac3-933d-f2b5bd884c7f'), task_id='seed_bronze', dag_id='ecommerce_dag_pipeline', run_id='scheduled__2026-05-11T06:06:05.932581+00:00', try_number=1, dag_version_id=UUID('019dfd0d-c356-769c-9658-e2450a265e78'), map_index=-1, hostname='9cc17aad94a1', context_carrier={'traceparent': '00-e35ff3ddc484fbe4374873e0577680d8-20abcabe6bef841e-01'}, task=<Task(_PythonDecoratedOperator): seed_bronze>, bundle_instance=LocalDagBundle(name=dags-folder), max_tries=2, start_date=datetime.datetime(2026, 5, 11, 6, 6, 30, 576354, tzinfo=datetime.timezone.utc), end_date=None, state=<TaskInstanceState.RUNNING: 'running'>, is_mapped=False, rendered_map_index=None, sentry_integration='')","logger":"task","filename":"task_runner.py","lineno":1724}
{"timestamp":"2026-05-11T06:06:49.273699Z","level":"error","event":"/usr/python/lib/python3.13/multiprocessing/resource_tracker.py:400: UserWarning: resource_tracker: There appear to be 2 leaked semaphore objects to clean up at shutdown: {'/mp-81_rfdwa', '/mp-wnzkwo16'}","logger":"task.stderr"}
{"timestamp":"2026-05-11T06:06:49.274232Z","level":"error","event":"  warnings.warn(","logger":"task.stderr"}
