{"timestamp":"2026-05-07T10:42:30.721959Z","level":"info","event":"DAG bundles loaded: dags-folder","logger":"airflow.dag_processing.bundles.manager.DagBundlesManager","filename":"manager.py","lineno":209}
{"timestamp":"2026-05-07T10:42:30.727405Z","level":"info","event":"Filling up the DagBag from /opt/airflow/dags/dag_pipeline.py","logger":"airflow.dag_processing.dagbag.BundleDagBag","filename":"dagbag.py","lineno":469}
{"timestamp":"2026-05-07T10:42:30.771885Z","level":"warning","event":"The `airflow.decorators.dag` attribute is deprecated. Please use `'airflow.sdk.dag'`.","category":"UserWarning","filename":"/opt/airflow/dags/dag_pipeline.py","lineno":331,"logger":"py.warnings"}
{"timestamp":"2026-05-07T10:42:30.772063Z","level":"warning","event":"The `airflow.decorators.task` attribute is deprecated. Please use `'airflow.sdk.task'`.","category":"UserWarning","filename":"/opt/airflow/dags/dag_pipeline.py","lineno":331,"logger":"py.warnings"}
{"timestamp":"2026-05-07T10:42:34.291588Z","level":"info","event":"Seeding bronze...","logger":"unusual_prefix_11c7dd38b84fb77f29c2585710943d4b7baaf7b9_dag_pipeline","filename":"dag_pipeline.py","lineno":382}
{"timestamp":"2026-05-07T10:42:41.618760Z","level":"info","event":"Tables do not exist or error occurred: (trino.exceptions.TrinoExternalError) TrinoExternalError(type=EXTERNAL, name=ICEBERG_CATALOG_ERROR, message=\"Cannot obtain metadata\", query_id=20260507_092042_00000_yv8mn)\n[SQL: SELECT count(*) as cnt FROM raw_customer_events]\n(Background on this error at: https://sqlalche.me/e/20/e3q8), proceeding with seeding","logger":"unusual_prefix_11c7dd38b84fb77f29c2585710943d4b7baaf7b9_dag_pipeline","filename":"dag_pipeline.py","lineno":405}
{"timestamp":"2026-05-07T10:42:41.619515Z","level":"warning","event":"DbtOperator.execute cannot be called outside of the Task Runner!","logger":"airflow.task.operators.operators.dbt_operator.DbtOperator","filename":"operator.py","lineno":437}
{"timestamp":"2026-05-07T10:42:41.622577Z","level":"info","event":"Executing dbt command: seed --project-dir /opt/airflow/dags/ecommerce_dbt --profiles-dir /opt/airflow/dags/ecommerce_dbt --full-refresh","logger":"airflow.task.operators.operators.dbt_operator.DbtOperator","filename":"dbt_operator.py","lineno":180}
{"timestamp":"2026-05-07T10:42:41.961084Z","level":"info","event":"\u001b[0m10:42:41  Running with dbt=1.10.10","logger":"task.stdout"}
{"timestamp":"2026-05-07T10:42:41.981251Z","level":"info","event":"\u001b[0m10:42:41  Encountered an error:","logger":"task.stdout"}
{"timestamp":"2026-05-07T10:42:41.981758Z","level":"info","event":"Runtime Error","logger":"task.stdout"}
{"timestamp":"2026-05-07T10:42:41.982532Z","level":"info","event":"  dbt cannot run because no profile was specified for this dbt project.","logger":"task.stdout"}
{"timestamp":"2026-05-07T10:42:41.984914Z","level":"info","event":"  To specify a profile for this project, add a line like the this to","logger":"task.stdout"}
{"timestamp":"2026-05-07T10:42:41.995426Z","level":"info","event":"  your dbt_project.yml file:","logger":"task.stdout"}
{"timestamp":"2026-05-07T10:42:41.995740Z","level":"info","event":"","logger":"task.stdout"}
{"timestamp":"2026-05-07T10:42:41.996046Z","level":"info","event":"  profile: [profile name]","logger":"task.stdout"}
{"timestamp":"2026-05-07T10:42:41.996734Z","level":"info","event":"","logger":"task.stdout"}
{"timestamp":"2026-05-07T10:42:41.997081Z","level":"info","event":"  Here, [profile name] should be replaced with a profile name","logger":"task.stdout"}
{"timestamp":"2026-05-07T10:42:41.997571Z","level":"info","event":"  defined in your profiles.yml file. You can find profiles.yml here:","logger":"task.stdout"}
{"timestamp":"2026-05-07T10:42:41.998394Z","level":"info","event":"","logger":"task.stdout"}
{"timestamp":"2026-05-07T10:42:41.998761Z","level":"info","event":"  /home/airflow/.dbt/profiles.yml","logger":"task.stdout"}
{"timestamp":"2026-05-07T10:42:42.000547Z","level":"info","event":"","logger":"task.stdout"}
{"timestamp":"2026-05-07T10:42:43.018728Z","level":"error","event":"dbt command failed!","logger":"airflow.task.operators.operators.dbt_operator.DbtOperator","filename":"dbt_operator.py","lineno":198}
{"timestamp":"2026-05-07T10:42:43.018961Z","level":"error","event":"Exception: Runtime Error\n  dbt cannot run because no profile was specified for this dbt project.\n  To specify a profile for this project, add a line like the this to\n  your dbt_project.yml file:\n  \n  profile: [profile name]\n  \n  Here, [profile name] should be replaced with a profile name\n  defined in your profiles.yml file. You can find profiles.yml here:\n  \n  /home/airflow/.dbt/profiles.yml\n  ","logger":"airflow.task.operators.operators.dbt_operator.DbtOperator","filename":"dbt_operator.py","lineno":200}
{"timestamp":"2026-05-07T10:42:43.019179Z","level":"warning","event":"Error occurred during seeding: dbt command failed: seed --project-dir /opt/airflow/dags/ecommerce_dbt --profiles-dir /opt/airflow/dags/ecommerce_dbt --full-refresh","logger":"unusual_prefix_11c7dd38b84fb77f29c2585710943d4b7baaf7b9_dag_pipeline","filename":"dag_pipeline.py","lineno":424}
{"timestamp":"2026-05-07T10:42:43.019375Z","level":"info","event":"Done. Returned value was: {'status': 'failed', 'layer': 'bronze_seed', 'pipeline_id': 'dag_pipeline_20260507104229', 'timestamp': '2026-05-07T10:42:43.019260', 'error': 'dbt command failed: seed --project-dir /opt/airflow/dags/ecommerce_dbt --profiles-dir /opt/airflow/dags/ecommerce_dbt --full-refresh'}","logger":"airflow.task.operators.airflow.providers.standard.decorators.python._PythonDecoratedOperator","filename":"python.py","lineno":229}
{"timestamp":"2026-05-07T10:42:43.019705Z","level":"info","event":"Pushing xcom","ti":"RuntimeTaskInstance(id=UUID('019e0207-fe52-7f94-b82a-230e625f595d'), task_id='seed_bronze', dag_id='ecommerce_dag_pipeline', run_id='scheduled__2026-05-07T10:41:56.994469+00:00', try_number=1, dag_version_id=UUID('019dfd0d-c356-769c-9658-e2450a265e78'), map_index=-1, hostname='9770e5a19972', context_carrier={'traceparent': '00-978b2473be69a24082d483aab07a7d1d-1c742a3fa64c1c25-01'}, task=<Task(_PythonDecoratedOperator): seed_bronze>, bundle_instance=LocalDagBundle(name=dags-folder), max_tries=2, start_date=datetime.datetime(2026, 5, 7, 10, 42, 30, 652257, tzinfo=datetime.timezone.utc), end_date=None, state=<TaskInstanceState.RUNNING: 'running'>, is_mapped=False, rendered_map_index=None, sentry_integration='')","logger":"task","filename":"task_runner.py","lineno":1724}
