{"timestamp":"2026-05-11T11:12:46.211149Z","level":"info","event":"DAG bundles loaded: dags-folder","logger":"airflow.dag_processing.bundles.manager.DagBundlesManager","filename":"manager.py","lineno":209}
{"timestamp":"2026-05-11T11:12:46.245636Z","level":"info","event":"Filling up the DagBag from /opt/airflow/dags/dag_pipeline.py","logger":"airflow.dag_processing.dagbag.BundleDagBag","filename":"dagbag.py","lineno":469}
{"timestamp":"2026-05-11T11:12:49.677304Z","level":"info","event":"Seeding bronze...","logger":"unusual_prefix_11c7dd38b84fb77f29c2585710943d4b7baaf7b9_dag_pipeline","filename":"dag_pipeline.py","lineno":382}
{"timestamp":"2026-05-11T11:12:52.292252Z","level":"info","event":"Tables do not exist or error occurred: (trino.exceptions.TrinoUserError) TrinoUserError(type=USER_ERROR, name=SCHEMA_NOT_FOUND, message=\"line 1:29: Schema 'bronze' does not exist\", query_id=20260511_111249_00000_wdrw2)\n[SQL: SELECT count(*) as cnt FROM raw_customer_events]\n(Background on this error at: https://sqlalche.me/e/20/f405), proceeding with seeding","logger":"unusual_prefix_11c7dd38b84fb77f29c2585710943d4b7baaf7b9_dag_pipeline","filename":"dag_pipeline.py","lineno":405}
{"timestamp":"2026-05-11T11:12:52.292766Z","level":"warning","event":"DbtOperator.execute cannot be called outside of the Task Runner!","logger":"airflow.task.operators.operators.dbt_operator.DbtOperator","filename":"operator.py","lineno":437}
{"timestamp":"2026-05-11T11:12:52.298199Z","level":"info","event":"Executing dbt command: seed --project-dir /opt/airflow/dags/ecommerce_dbt --profiles-dir /opt/airflow/dags/ecommerce_dbt --full-refresh","logger":"airflow.task.operators.operators.dbt_operator.DbtOperator","filename":"dbt_operator.py","lineno":180}
{"timestamp":"2026-05-11T11:12:52.610419Z","level":"info","event":"\u001b[0m11:12:52  Running with dbt=1.10.10","logger":"task.stdout"}
{"timestamp":"2026-05-11T11:12:52.692873Z","level":"info","event":"keyring module not found. OAuth2 token will not be stored in keyring.","logger":"trino.auth","filename":"auth.py","lineno":361}
{"timestamp":"2026-05-11T11:12:52.697418Z","level":"info","event":"keyring module not found. OAuth2 token will not be stored in keyring.","logger":"trino.auth","filename":"auth.py","lineno":361}
{"timestamp":"2026-05-11T11:12:53.333208Z","level":"info","event":"\u001b[0m11:12:53  Registered adapter: trino=1.9.3","logger":"task.stdout"}
{"timestamp":"2026-05-11T11:12:55.154779Z","level":"info","event":"\u001b[0m11:12:55  Found 12 models, 4 seeds, 55 data tests, 455 macros","logger":"task.stdout"}
{"timestamp":"2026-05-11T11:12:55.166004Z","level":"info","event":"\u001b[0m11:12:55","logger":"task.stdout"}
{"timestamp":"2026-05-11T11:12:55.167170Z","level":"info","event":"\u001b[0m11:12:55  Concurrency: 4 threads (target='dev')","logger":"task.stdout"}
{"timestamp":"2026-05-11T11:12:55.168456Z","level":"info","event":"\u001b[0m11:12:55","logger":"task.stdout"}
{"timestamp":"2026-05-11T11:12:55.273966Z","level":"info","event":"\u001b[0m11:12:55  [\u001b[33mWARNING\u001b[0m]: SSL certificate validation is disabled by default. It is legacy behavior which will be changed in future releases. It is strongly advised to enable `require_certificate_validation` flag or explicitly set `cert` configuration to `True` for security reasons. You may receive an error after that if your SSL setup is incorrect.","logger":"task.stdout"}
{"timestamp":"2026-05-11T11:12:55.274456Z","level":"info","event":"You may opt into the new behavior sooner by setting `flags.require_certificate_validation` to `True` in `dbt_project.yml`.","logger":"task.stdout"}
{"timestamp":"2026-05-11T11:12:55.274829Z","level":"info","event":"Visit https://docs.getdbt.com/reference/global-configs/behavior-changes for more information.","logger":"task.stdout"}
{"timestamp":"2026-05-11T11:13:09.359958Z","level":"info","event":"\u001b[0m11:13:09  2 of 4 START seed file bronze_raw.raw_inventory_snapshots ...................... [RUN]","logger":"task.stdout"}
{"timestamp":"2026-05-11T11:13:09.362084Z","level":"info","event":"\u001b[0m11:13:09  3 of 4 START seed file bronze_raw.raw_payment_transactions ..................... [RUN]","logger":"task.stdout"}
{"timestamp":"2026-05-11T11:13:09.364704Z","level":"info","event":"\u001b[0m11:13:09  4 of 4 START seed file bronze_raw.raw_support_tickets .......................... [RUN]","logger":"task.stdout"}
{"timestamp":"2026-05-11T11:13:09.369097Z","level":"info","event":"\u001b[0m11:13:09  1 of 4 START seed file bronze_raw.raw_customer_events .......................... [RUN]","logger":"task.stdout"}
{"timestamp":"2026-05-11T11:13:13.583804Z","level":"info","event":"\u001b[0m11:13:13  2 of 4 ERROR loading seed file bronze_raw.raw_inventory_snapshots .............. [\u001b[31mERROR\u001b[0m in 4.19s]","logger":"task.stdout"}
{"timestamp":"2026-05-11T11:13:13.631898Z","level":"info","event":"\u001b[0m11:13:13  3 of 4 ERROR loading seed file bronze_raw.raw_payment_transactions ............. [\u001b[31mERROR\u001b[0m in 4.20s]","logger":"task.stdout"}
{"timestamp":"2026-05-11T11:13:13.632344Z","level":"info","event":"\u001b[0m11:13:13  1 of 4 ERROR loading seed file bronze_raw.raw_customer_events .................. [\u001b[31mERROR\u001b[0m in 4.17s]","logger":"task.stdout"}
{"timestamp":"2026-05-11T11:13:13.632662Z","level":"info","event":"\u001b[0m11:13:13  4 of 4 ERROR loading seed file bronze_raw.raw_support_tickets .................. [\u001b[31mERROR\u001b[0m in 4.18s]","logger":"task.stdout"}
{"timestamp":"2026-05-11T11:13:13.632932Z","level":"info","event":"\u001b[0m11:13:13","logger":"task.stdout"}
{"timestamp":"2026-05-11T11:13:13.633242Z","level":"info","event":"\u001b[0m11:13:13  Finished running 4 seeds in 0 hours 0 minutes and 18.45 seconds (18.45s).","logger":"task.stdout"}
{"timestamp":"2026-05-11T11:13:13.758092Z","level":"info","event":"\u001b[0m11:13:13","logger":"task.stdout"}
{"timestamp":"2026-05-11T11:13:13.759357Z","level":"info","event":"\u001b[0m11:13:13  \u001b[31mCompleted with 4 errors, 0 partial successes, and 0 warnings:\u001b[0m","logger":"task.stdout"}
{"timestamp":"2026-05-11T11:13:13.760703Z","level":"info","event":"\u001b[0m11:13:13","logger":"task.stdout"}
{"timestamp":"2026-05-11T11:13:13.761254Z","level":"info","event":"\u001b[0m11:13:13  \u001b[31mFailure in seed raw_customer_events (seeds/raw_customer_events.csv)\u001b[0m","logger":"task.stdout"}
{"timestamp":"2026-05-11T11:13:13.762230Z","level":"info","event":"\u001b[0m11:13:13    Database Error in seed raw_customer_events (seeds/raw_customer_events.csv)","logger":"task.stdout"}
{"timestamp":"2026-05-11T11:13:13.762647Z","level":"info","event":"  TrinoQueryError(type=INTERNAL_ERROR, name=GENERIC_INTERNAL_ERROR, message=\"Location for ICEBERG_TABLE 'bronze_raw.raw_customer_events' cannot be associated with any configured object storage location: Missing access key and secret for STATIC authentication mode\", query_id=20260511_111309_00006_wdrw2)","logger":"task.stdout"}
{"timestamp":"2026-05-11T11:13:13.763162Z","level":"info","event":"\u001b[0m11:13:13","logger":"task.stdout"}
{"timestamp":"2026-05-11T11:13:13.764260Z","level":"info","event":"\u001b[0m11:13:13  \u001b[31mFailure in seed raw_payment_transactions (seeds/raw_payment_transactions.csv)\u001b[0m","logger":"task.stdout"}
{"timestamp":"2026-05-11T11:13:13.765417Z","level":"info","event":"\u001b[0m11:13:13    Database Error in seed raw_payment_transactions (seeds/raw_payment_transactions.csv)","logger":"task.stdout"}
{"timestamp":"2026-05-11T11:13:13.765791Z","level":"info","event":"  TrinoQueryError(type=INTERNAL_ERROR, name=GENERIC_INTERNAL_ERROR, message=\"Location for ICEBERG_TABLE 'bronze_raw.raw_payment_transactions' cannot be associated with any configured object storage location: Missing access key and secret for STATIC authentication mode\", query_id=20260511_111309_00009_wdrw2)","logger":"task.stdout"}
{"timestamp":"2026-05-11T11:13:13.766449Z","level":"info","event":"\u001b[0m11:13:13","logger":"task.stdout"}
{"timestamp":"2026-05-11T11:13:13.767669Z","level":"info","event":"\u001b[0m11:13:13  \u001b[31mFailure in seed raw_inventory_snapshots (seeds/raw_inventory_snapshots.csv)\u001b[0m","logger":"task.stdout"}
{"timestamp":"2026-05-11T11:13:13.768732Z","level":"info","event":"\u001b[0m11:13:13    Database Error in seed raw_inventory_snapshots (seeds/raw_inventory_snapshots.csv)","logger":"task.stdout"}
{"timestamp":"2026-05-11T11:13:13.769204Z","level":"info","event":"  TrinoQueryError(type=INTERNAL_ERROR, name=GENERIC_INTERNAL_ERROR, message=\"Location for ICEBERG_TABLE 'bronze_raw.raw_inventory_snapshots' cannot be associated with any configured object storage location: Missing access key and secret for STATIC authentication mode\", query_id=20260511_111309_00007_wdrw2)","logger":"task.stdout"}
{"timestamp":"2026-05-11T11:13:13.773562Z","level":"info","event":"\u001b[0m11:13:13","logger":"task.stdout"}
{"timestamp":"2026-05-11T11:13:13.774711Z","level":"info","event":"\u001b[0m11:13:13  \u001b[31mFailure in seed raw_support_tickets (seeds/raw_support_tickets.csv)\u001b[0m","logger":"task.stdout"}
{"timestamp":"2026-05-11T11:13:13.776394Z","level":"info","event":"\u001b[0m11:13:13    Database Error in seed raw_support_tickets (seeds/raw_support_tickets.csv)","logger":"task.stdout"}
{"timestamp":"2026-05-11T11:13:13.776959Z","level":"info","event":"  TrinoQueryError(type=INTERNAL_ERROR, name=GENERIC_INTERNAL_ERROR, message=\"Location for ICEBERG_TABLE 'bronze_raw.raw_support_tickets' cannot be associated with any configured object storage location: Missing access key and secret for STATIC authentication mode\", query_id=20260511_111309_00008_wdrw2)","logger":"task.stdout"}
{"timestamp":"2026-05-11T11:13:13.777562Z","level":"info","event":"\u001b[0m11:13:13","logger":"task.stdout"}
{"timestamp":"2026-05-11T11:13:13.778382Z","level":"info","event":"\u001b[0m11:13:13  Done. PASS=0 WARN=0 ERROR=4 SKIP=0 NO-OP=0 TOTAL=4","logger":"task.stdout"}
{"timestamp":"2026-05-11T11:13:15.151766Z","level":"error","event":"dbt command failed!","logger":"airflow.task.operators.operators.dbt_operator.DbtOperator","filename":"dbt_operator.py","lineno":198}
{"timestamp":"2026-05-11T11:13:15.152117Z","level":"warning","event":"Error occurred during seeding: dbt command failed: seed --project-dir /opt/airflow/dags/ecommerce_dbt --profiles-dir /opt/airflow/dags/ecommerce_dbt --full-refresh","logger":"unusual_prefix_11c7dd38b84fb77f29c2585710943d4b7baaf7b9_dag_pipeline","filename":"dag_pipeline.py","lineno":424}
{"timestamp":"2026-05-11T11:13:15.152415Z","level":"info","event":"Done. Returned value was: {'status': 'failed', 'layer': 'bronze_seed', 'pipeline_id': 'dag_pipeline_20260511111243', 'timestamp': '2026-05-11T11:13:15.152231', 'error': 'dbt command failed: seed --project-dir /opt/airflow/dags/ecommerce_dbt --profiles-dir /opt/airflow/dags/ecommerce_dbt --full-refresh'}","logger":"airflow.task.operators.airflow.providers.standard.decorators.python._PythonDecoratedOperator","filename":"python.py","lineno":229}
{"timestamp":"2026-05-11T11:13:15.152944Z","level":"info","event":"Pushing xcom","ti":"RuntimeTaskInstance(id=UUID('019e16bd-3a78-78e6-96eb-c4276fd23d08'), task_id='seed_bronze', dag_id='ecommerce_dag_pipeline', run_id='manual__2026-05-11T11:12:40.478706+00:00', try_number=1, dag_version_id=UUID('019dfd0d-c356-769c-9658-e2450a265e78'), map_index=-1, hostname='e3c021d3fcbf', context_carrier={'traceparent': '00-704f2cdcf2ae6d2d2ab43c847ff1b7d2-6ee0da8e9d1fe8cb-01'}, task=<Task(_PythonDecoratedOperator): seed_bronze>, bundle_instance=LocalDagBundle(name=dags-folder), max_tries=2, start_date=datetime.datetime(2026, 5, 11, 11, 12, 45, 999927, tzinfo=datetime.timezone.utc), end_date=None, state=<TaskInstanceState.RUNNING: 'running'>, is_mapped=False, rendered_map_index=None, sentry_integration='')","logger":"task","filename":"task_runner.py","lineno":1724}
{"timestamp":"2026-05-11T11:13:15.308229Z","level":"error","event":"/usr/python/lib/python3.13/multiprocessing/resource_tracker.py:400: UserWarning: resource_tracker: There appear to be 2 leaked semaphore objects to clean up at shutdown: {'/mp-rz1hdie7', '/mp-urv3mw3f'}","logger":"task.stderr"}
{"timestamp":"2026-05-11T11:13:15.308728Z","level":"error","event":"  warnings.warn(","logger":"task.stderr"}
