{"timestamp":"2026-05-12T07:57:44.823893Z","level":"info","event":"DAG bundles loaded: dags-folder","logger":"airflow.dag_processing.bundles.manager.DagBundlesManager","filename":"manager.py","lineno":209}
{"timestamp":"2026-05-12T07:57:44.828555Z","level":"info","event":"Filling up the DagBag from /opt/airflow/dags/dag_pipeline.py","logger":"airflow.dag_processing.dagbag.BundleDagBag","filename":"dagbag.py","lineno":469}
{"timestamp":"2026-05-12T07:57:47.112574Z","level":"info","event":"Transforming gold layer for pipeline: dag_pipeline_20260512075613","logger":"unusual_prefix_11c7dd38b84fb77f29c2585710943d4b7baaf7b9_dag_pipeline","filename":"dag_pipeline.py","lineno":560}
{"timestamp":"2026-05-12T07:57:47.113197Z","level":"warning","event":"DbtOperator.execute cannot be called outside of the Task Runner!","logger":"airflow.task.operators.operators.dbt_operator.DbtOperator","filename":"operator.py","lineno":437}
{"timestamp":"2026-05-12T07:57:47.121317Z","level":"info","event":"Executing dbt command: run --select tag:gold --project-dir /opt/airflow/dags/ecommerce_dbt --profiles-dir /opt/airflow/dags/ecommerce_dbt","logger":"airflow.task.operators.operators.dbt_operator.DbtOperator","filename":"dbt_operator.py","lineno":180}
{"timestamp":"2026-05-12T07:57:47.442036Z","level":"info","event":"\u001b[0m07:57:47  Running with dbt=1.10.10","logger":"task.stdout"}
{"timestamp":"2026-05-12T07:57:47.534110Z","level":"info","event":"keyring module not found. OAuth2 token will not be stored in keyring.","logger":"trino.auth","filename":"auth.py","lineno":361}
{"timestamp":"2026-05-12T07:57:47.543190Z","level":"info","event":"keyring module not found. OAuth2 token will not be stored in keyring.","logger":"trino.auth","filename":"auth.py","lineno":361}
{"timestamp":"2026-05-12T07:57:48.351730Z","level":"info","event":"\u001b[0m07:57:48  Registered adapter: trino=1.9.3","logger":"task.stdout"}
{"timestamp":"2026-05-12T07:57:49.684373Z","level":"info","event":"\u001b[0m07:57:49  Found 12 models, 4 seeds, 55 data tests, 455 macros","logger":"task.stdout"}
{"timestamp":"2026-05-12T07:57:49.690182Z","level":"info","event":"\u001b[0m07:57:49","logger":"task.stdout"}
{"timestamp":"2026-05-12T07:57:49.691791Z","level":"info","event":"\u001b[0m07:57:49  Concurrency: 4 threads (target='dev')","logger":"task.stdout"}
{"timestamp":"2026-05-12T07:57:49.693983Z","level":"info","event":"\u001b[0m07:57:49","logger":"task.stdout"}
{"timestamp":"2026-05-12T07:57:49.778768Z","level":"info","event":"\u001b[0m07:57:49  [\u001b[33mWARNING\u001b[0m]: SSL certificate validation is disabled by default. It is legacy behavior which will be changed in future releases. It is strongly advised to enable `require_certificate_validation` flag or explicitly set `cert` configuration to `True` for security reasons. You may receive an error after that if your SSL setup is incorrect.","logger":"task.stdout"}
{"timestamp":"2026-05-12T07:57:49.779182Z","level":"info","event":"You may opt into the new behavior sooner by setting `flags.require_certificate_validation` to `True` in `dbt_project.yml`.","logger":"task.stdout"}
{"timestamp":"2026-05-12T07:57:49.779489Z","level":"info","event":"Visit https://docs.getdbt.com/reference/global-configs/behavior-changes for more information.","logger":"task.stdout"}
{"timestamp":"2026-05-12T07:57:51.265318Z","level":"info","event":"\u001b[0m07:57:51  2 of 4 START sql table model bronze_raw_gold.gold_daily_revenue ................ [RUN]","logger":"task.stdout"}
{"timestamp":"2026-05-12T07:57:51.307371Z","level":"info","event":"\u001b[0m07:57:51  3 of 4 START sql table model bronze_raw_gold.gold_inventory_health ............. [RUN]","logger":"task.stdout"}
{"timestamp":"2026-05-12T07:57:51.307993Z","level":"info","event":"\u001b[0m07:57:51  1 of 4 START sql table model bronze_raw_gold.gold_customer_360 ................. [RUN]","logger":"task.stdout"}
{"timestamp":"2026-05-12T07:57:51.318851Z","level":"info","event":"\u001b[0m07:57:51  4 of 4 START sql table model bronze_raw_gold.gold_support_team_performance ..... [RUN]","logger":"task.stdout"}
{"timestamp":"2026-05-12T07:57:55.336211Z","level":"info","event":"\u001b[0m07:57:55  4 of 4 OK created sql table model bronze_raw_gold.gold_support_team_performance  [\u001b[32mCREATE TABLE (183 rows)\u001b[0m in 4.05s]","logger":"task.stdout"}
{"timestamp":"2026-05-12T07:57:56.415425Z","level":"info","event":"\u001b[0m07:57:56  2 of 4 OK created sql table model bronze_raw_gold.gold_daily_revenue ........... [\u001b[32mCREATE TABLE (159 rows)\u001b[0m in 5.10s]","logger":"task.stdout"}
{"timestamp":"2026-05-12T07:57:57.701958Z","level":"info","event":"\u001b[0m07:57:57  3 of 4 OK created sql table model bronze_raw_gold.gold_inventory_health ........ [\u001b[32mCREATE TABLE (182 rows)\u001b[0m in 6.36s]","logger":"task.stdout"}
{"timestamp":"2026-05-12T07:58:00.022503Z","level":"info","event":"\u001b[0m07:58:00  1 of 4 OK created sql table model bronze_raw_gold.gold_customer_360 ............ [\u001b[32mCREATE TABLE (55 rows)\u001b[0m in 8.71s]","logger":"task.stdout"}
{"timestamp":"2026-05-12T07:58:00.046916Z","level":"info","event":"\u001b[0m07:58:00","logger":"task.stdout"}
{"timestamp":"2026-05-12T07:58:00.048604Z","level":"info","event":"\u001b[0m07:58:00  Finished running 4 table models in 0 hours 0 minutes and 10.35 seconds (10.35s).","logger":"task.stdout"}
{"timestamp":"2026-05-12T07:58:00.179907Z","level":"info","event":"\u001b[0m07:58:00","logger":"task.stdout"}
{"timestamp":"2026-05-12T07:58:00.181425Z","level":"info","event":"\u001b[0m07:58:00  \u001b[32mCompleted successfully\u001b[0m","logger":"task.stdout"}
{"timestamp":"2026-05-12T07:58:00.183327Z","level":"info","event":"\u001b[0m07:58:00","logger":"task.stdout"}
{"timestamp":"2026-05-12T07:58:00.185017Z","level":"info","event":"\u001b[0m07:58:00  Done. PASS=4 WARN=0 ERROR=0 SKIP=0 NO-OP=0 TOTAL=4","logger":"task.stdout"}
{"timestamp":"2026-05-12T07:58:01.366315Z","level":"info","event":"dbt command executed successfully","logger":"airflow.task.operators.operators.dbt_operator.DbtOperator","filename":"dbt_operator.py","lineno":185}
{"timestamp":"2026-05-12T07:58:01.366659Z","level":"info","event":"Done. Returned value was: {'status': 'success', 'layer': 'gold_transform', 'pipeline_id': 'dag_pipeline_20260512075613', 'timestamp': '2026-05-12T07:58:01.366562'}","logger":"airflow.task.operators.airflow.providers.standard.decorators.python._PythonDecoratedOperator","filename":"python.py","lineno":229}
{"timestamp":"2026-05-12T07:58:01.367066Z","level":"info","event":"Pushing xcom","ti":"RuntimeTaskInstance(id=UUID('019e1b2f-b622-7616-b212-e27934988ebb'), task_id='transform_gold_layer', dag_id='ecommerce_dag_pipeline', run_id='manual__2026-05-12T07:56:12.162757+00:00', try_number=1, dag_version_id=UUID('019dfd0d-c356-769c-9658-e2450a265e78'), map_index=-1, hostname='c09759c742ec', context_carrier={'traceparent': '00-41358613dfbcf0c46ea74e20aa59ff9c-58c9da1a6619f7e6-01'}, task=<Task(_PythonDecoratedOperator): transform_gold_layer>, bundle_instance=LocalDagBundle(name=dags-folder), max_tries=2, start_date=datetime.datetime(2026, 5, 12, 7, 57, 44, 744540, tzinfo=datetime.timezone.utc), end_date=None, state=<TaskInstanceState.RUNNING: 'running'>, is_mapped=False, rendered_map_index=None, sentry_integration='')","logger":"task","filename":"task_runner.py","lineno":1724}
{"timestamp":"2026-05-12T07:58:02.028000Z","level":"error","event":"/usr/python/lib/python3.13/multiprocessing/resource_tracker.py:400: UserWarning: resource_tracker: There appear to be 2 leaked semaphore objects to clean up at shutdown: {'/mp-ypkw8qf5', '/mp-92g2_yow'}","logger":"task.stderr"}
{"timestamp":"2026-05-12T07:58:02.030588Z","level":"error","event":"  warnings.warn(","logger":"task.stderr"}
