{"timestamp":"2026-05-12T06:05:03.277105Z","level":"info","event":"DAG bundles loaded: dags-folder","logger":"airflow.dag_processing.bundles.manager.DagBundlesManager","filename":"manager.py","lineno":209}
{"timestamp":"2026-05-12T06:05:03.283023Z","level":"info","event":"Filling up the DagBag from /opt/airflow/dags/dag_pipeline.py","logger":"airflow.dag_processing.dagbag.BundleDagBag","filename":"dagbag.py","lineno":469}
{"timestamp":"2026-05-12T06:05:05.719498Z","level":"info","event":"Seeding bronze...","logger":"unusual_prefix_11c7dd38b84fb77f29c2585710943d4b7baaf7b9_dag_pipeline","filename":"dag_pipeline.py","lineno":382}
{"timestamp":"2026-05-12T06:05:11.814692Z","level":"info","event":"failed after 3 attempts","logger":"trino.client","filename":"client.py","lineno":1051}
{"timestamp":"2026-05-12T06:05:11.815671Z","level":"info","event":"Tables do not exist or error occurred: (trino.exceptions.TrinoConnectionError) failed to execute: HTTPConnectionPool(host='trino-coordinator', port=8080): Max retries exceeded with url: /v1/statement (Caused by NewConnectionError(\"HTTPConnection(host='trino-coordinator', port=8080): Failed to establish a new connection: [Errno 111] Connection refused\"))\n[SQL: SELECT count(*) as cnt FROM raw_customer_events]\n(Background on this error at: https://sqlalche.me/e/20/e3q8), proceeding with seeding","logger":"unusual_prefix_11c7dd38b84fb77f29c2585710943d4b7baaf7b9_dag_pipeline","filename":"dag_pipeline.py","lineno":405}
{"timestamp":"2026-05-12T06:05:11.821842Z","level":"warning","event":"DbtOperator.execute cannot be called outside of the Task Runner!","logger":"airflow.task.operators.operators.dbt_operator.DbtOperator","filename":"operator.py","lineno":437}
{"timestamp":"2026-05-12T06:05:11.833526Z","level":"info","event":"Executing dbt command: seed --project-dir /opt/airflow/dags/ecommerce_dbt --profiles-dir /opt/airflow/dags/ecommerce_dbt --full-refresh","logger":"airflow.task.operators.operators.dbt_operator.DbtOperator","filename":"dbt_operator.py","lineno":180}
{"timestamp":"2026-05-12T06:05:12.388987Z","level":"info","event":"\u001b[0m06:05:12  Running with dbt=1.10.10","logger":"task.stdout"}
{"timestamp":"2026-05-12T06:05:12.542531Z","level":"info","event":"keyring module not found. OAuth2 token will not be stored in keyring.","logger":"trino.auth","filename":"auth.py","lineno":361}
{"timestamp":"2026-05-12T06:05:12.567804Z","level":"info","event":"keyring module not found. OAuth2 token will not be stored in keyring.","logger":"trino.auth","filename":"auth.py","lineno":361}
{"timestamp":"2026-05-12T06:05:14.980443Z","level":"info","event":"\u001b[0m06:05:14  Registered adapter: trino=1.9.3","logger":"task.stdout"}
{"timestamp":"2026-05-12T06:05:19.695745Z","level":"info","event":"\u001b[0m06:05:19  Found 12 models, 4 seeds, 55 data tests, 455 macros","logger":"task.stdout"}
{"timestamp":"2026-05-12T06:05:20.434869Z","level":"info","event":"\u001b[0m06:05:19","logger":"task.stdout"}
{"timestamp":"2026-05-12T06:05:20.435894Z","level":"info","event":"\u001b[0m06:05:19  Concurrency: 4 threads (target='dev')","logger":"task.stdout"}
{"timestamp":"2026-05-12T06:05:20.436374Z","level":"info","event":"\u001b[0m06:05:19","logger":"task.stdout"}
{"timestamp":"2026-05-12T06:05:20.436764Z","level":"info","event":"\u001b[0m06:05:20  [\u001b[33mWARNING\u001b[0m]: SSL certificate validation is disabled by default. It is legacy behavior which will be changed in future releases. It is strongly advised to enable `require_certificate_validation` flag or explicitly set `cert` configuration to `True` for security reasons. You may receive an error after that if your SSL setup is incorrect.","logger":"task.stdout"}
{"timestamp":"2026-05-12T06:05:20.437125Z","level":"info","event":"You may opt into the new behavior sooner by setting `flags.require_certificate_validation` to `True` in `dbt_project.yml`.","logger":"task.stdout"}
{"timestamp":"2026-05-12T06:05:20.437431Z","level":"info","event":"Visit https://docs.getdbt.com/reference/global-configs/behavior-changes for more information.","logger":"task.stdout"}
{"timestamp":"2026-05-12T06:05:21.438702Z","level":"info","event":"failed after 3 attempts","logger":"trino.client","filename":"client.py","lineno":1051}
{"timestamp":"2026-05-12T06:05:21.452807Z","level":"info","event":"\u001b[0m06:05:21","logger":"task.stdout"}
{"timestamp":"2026-05-12T06:05:21.457280Z","level":"info","event":"\u001b[0m06:05:21  Finished running  in 0 hours 0 minutes and 1.71 seconds (1.71s).","logger":"task.stdout"}
{"timestamp":"2026-05-12T06:05:21.463939Z","level":"info","event":"\u001b[0m06:05:21  Encountered an error:","logger":"task.stdout"}
{"timestamp":"2026-05-12T06:05:21.471170Z","level":"info","event":"Database Error","logger":"task.stdout"}
{"timestamp":"2026-05-12T06:05:21.472994Z","level":"info","event":"  failed to execute: HTTPConnectionPool(host='localhost', port=8088): Max retries exceeded with url: /v1/statement (Caused by NewConnectionError(\"HTTPConnection(host='localhost', port=8088): Failed to establish a new connection: [Errno 111] Connection refused\"))","logger":"task.stdout"}
{"timestamp":"2026-05-12T06:05:22.896733Z","level":"error","event":"dbt command failed!","logger":"airflow.task.operators.operators.dbt_operator.DbtOperator","filename":"dbt_operator.py","lineno":198}
{"timestamp":"2026-05-12T06:05:22.896925Z","level":"error","event":"Exception: Database Error\n  failed to execute: HTTPConnectionPool(host='localhost', port=8088): Max retries exceeded with url: /v1/statement (Caused by NewConnectionError(\"HTTPConnection(host='localhost', port=8088): Failed to establish a new connection: [Errno 111] Connection refused\"))","logger":"airflow.task.operators.operators.dbt_operator.DbtOperator","filename":"dbt_operator.py","lineno":200}
{"timestamp":"2026-05-12T06:05:22.897171Z","level":"warning","event":"Error occurred during seeding: dbt command failed: seed --project-dir /opt/airflow/dags/ecommerce_dbt --profiles-dir /opt/airflow/dags/ecommerce_dbt --full-refresh","logger":"unusual_prefix_11c7dd38b84fb77f29c2585710943d4b7baaf7b9_dag_pipeline","filename":"dag_pipeline.py","lineno":424}
{"timestamp":"2026-05-12T06:05:22.897333Z","level":"info","event":"Done. Returned value was: {'status': 'failed', 'layer': 'bronze_seed', 'pipeline_id': 'dag_pipeline_20260512060501', 'timestamp': '2026-05-12T06:05:22.897257', 'error': 'dbt command failed: seed --project-dir /opt/airflow/dags/ecommerce_dbt --profiles-dir /opt/airflow/dags/ecommerce_dbt --full-refresh'}","logger":"airflow.task.operators.airflow.providers.standard.decorators.python._PythonDecoratedOperator","filename":"python.py","lineno":229}
{"timestamp":"2026-05-12T06:05:22.897563Z","level":"info","event":"Pushing xcom","ti":"RuntimeTaskInstance(id=UUID('019e1ac9-e824-7793-8d44-0979c5a836be'), task_id='seed_bronze', dag_id='ecommerce_dag_pipeline', run_id='scheduled__2026-05-12T06:04:56.804790+00:00', try_number=1, dag_version_id=UUID('019dfd0d-c356-769c-9658-e2450a265e78'), map_index=-1, hostname='e3c021d3fcbf', context_carrier={'traceparent': '00-44f4ce38fbb2025403c3576023cee11f-9e4c4aeed2041bb5-01'}, task=<Task(_PythonDecoratedOperator): seed_bronze>, bundle_instance=LocalDagBundle(name=dags-folder), max_tries=2, start_date=datetime.datetime(2026, 5, 12, 6, 5, 3, 140269, tzinfo=datetime.timezone.utc), end_date=None, state=<TaskInstanceState.RUNNING: 'running'>, is_mapped=False, rendered_map_index=None, sentry_integration='')","logger":"task","filename":"task_runner.py","lineno":1724}
{"timestamp":"2026-05-12T06:05:23.810955Z","level":"error","event":"/usr/python/lib/python3.13/multiprocessing/resource_tracker.py:400: UserWarning: resource_tracker: There appear to be 2 leaked semaphore objects to clean up at shutdown: {'/mp-ccey6n37', '/mp-w__oesjk'}","logger":"task.stderr"}
{"timestamp":"2026-05-12T06:05:23.814248Z","level":"error","event":"  warnings.warn(","logger":"task.stderr"}
