{"timestamp":"2026-05-12T07:00:29.498691Z","level":"info","event":"DAG bundles loaded: dags-folder","logger":"airflow.dag_processing.bundles.manager.DagBundlesManager","filename":"manager.py","lineno":209}
{"timestamp":"2026-05-12T07:00:29.503251Z","level":"info","event":"Filling up the DagBag from /opt/airflow/dags/dag_pipeline.py","logger":"airflow.dag_processing.dagbag.BundleDagBag","filename":"dagbag.py","lineno":469}
{"timestamp":"2026-05-12T07:00:32.713273Z","level":"info","event":"Transforming bronze...","logger":"unusual_prefix_11c7dd38b84fb77f29c2585710943d4b7baaf7b9_dag_pipeline","filename":"dag_pipeline.py","lineno":448}
{"timestamp":"2026-05-12T07:00:32.713948Z","level":"warning","event":"DbtOperator.execute cannot be called outside of the Task Runner!","logger":"airflow.task.operators.operators.dbt_operator.DbtOperator","filename":"operator.py","lineno":437}
{"timestamp":"2026-05-12T07:00:32.753844Z","level":"info","event":"Executing dbt command: run --select tag:bronze --project-dir /opt/airflow/dags/ecommerce_dbt --profiles-dir /opt/airflow/dags/ecommerce_dbt","logger":"airflow.task.operators.operators.dbt_operator.DbtOperator","filename":"dbt_operator.py","lineno":180}
{"timestamp":"2026-05-12T07:00:33.093829Z","level":"info","event":"\u001b[0m07:00:33  Running with dbt=1.10.10","logger":"task.stdout"}
{"timestamp":"2026-05-12T07:00:33.222542Z","level":"info","event":"keyring module not found. OAuth2 token will not be stored in keyring.","logger":"trino.auth","filename":"auth.py","lineno":361}
{"timestamp":"2026-05-12T07:00:33.228287Z","level":"info","event":"keyring module not found. OAuth2 token will not be stored in keyring.","logger":"trino.auth","filename":"auth.py","lineno":361}
{"timestamp":"2026-05-12T07:00:34.187616Z","level":"info","event":"\u001b[0m07:00:34  Registered adapter: trino=1.9.3","logger":"task.stdout"}
{"timestamp":"2026-05-12T07:00:36.076300Z","level":"info","event":"\u001b[0m07:00:36  Found 12 models, 4 seeds, 55 data tests, 455 macros","logger":"task.stdout"}
{"timestamp":"2026-05-12T07:00:36.646033Z","level":"info","event":"\u001b[0m07:00:36","logger":"task.stdout"}
{"timestamp":"2026-05-12T07:00:36.646566Z","level":"info","event":"\u001b[0m07:00:36  Concurrency: 4 threads (target='dev')","logger":"task.stdout"}
{"timestamp":"2026-05-12T07:00:36.646978Z","level":"info","event":"\u001b[0m07:00:36","logger":"task.stdout"}
{"timestamp":"2026-05-12T07:00:36.647414Z","level":"info","event":"\u001b[0m07:00:36  [\u001b[33mWARNING\u001b[0m]: SSL certificate validation is disabled by default. It is legacy behavior which will be changed in future releases. It is strongly advised to enable `require_certificate_validation` flag or explicitly set `cert` configuration to `True` for security reasons. You may receive an error after that if your SSL setup is incorrect.","logger":"task.stdout"}
{"timestamp":"2026-05-12T07:00:36.647872Z","level":"info","event":"You may opt into the new behavior sooner by setting `flags.require_certificate_validation` to `True` in `dbt_project.yml`.","logger":"task.stdout"}
{"timestamp":"2026-05-12T07:00:36.648263Z","level":"info","event":"Visit https://docs.getdbt.com/reference/global-configs/behavior-changes for more information.","logger":"task.stdout"}
{"timestamp":"2026-05-12T07:00:38.276277Z","level":"info","event":"\u001b[0m07:00:38  1 of 4 START sql table model bronze_raw_bronze.bronze_customer_events .......... [RUN]","logger":"task.stdout"}
{"timestamp":"2026-05-12T07:00:38.277754Z","level":"info","event":"\u001b[0m07:00:38  2 of 4 START sql table model bronze_raw_bronze.bronze_inventory_snapshots ...... [RUN]","logger":"task.stdout"}
{"timestamp":"2026-05-12T07:00:38.285811Z","level":"info","event":"\u001b[0m07:00:38  3 of 4 START sql table model bronze_raw_bronze.bronze_payment_transactions ..... [RUN]","logger":"task.stdout"}
{"timestamp":"2026-05-12T07:00:38.294312Z","level":"info","event":"\u001b[0m07:00:38  4 of 4 START sql table model bronze_raw_bronze.bronze_support_tickets .......... [RUN]","logger":"task.stdout"}
{"timestamp":"2026-05-12T07:00:38.676034Z","level":"info","event":"\u001b[0m07:00:38  1 of 4 ERROR creating sql table model bronze_raw_bronze.bronze_customer_events . [\u001b[31mERROR\u001b[0m in 0.37s]","logger":"task.stdout"}
{"timestamp":"2026-05-12T07:00:38.694449Z","level":"info","event":"\u001b[0m07:00:38  2 of 4 ERROR creating sql table model bronze_raw_bronze.bronze_inventory_snapshots  [\u001b[31mERROR\u001b[0m in 0.41s]","logger":"task.stdout"}
{"timestamp":"2026-05-12T07:00:44.658515Z","level":"info","event":"\u001b[0m07:00:44  4 of 4 OK created sql table model bronze_raw_bronze.bronze_support_tickets ..... [\u001b[32mCREATE TABLE (200 rows)\u001b[0m in 6.35s]","logger":"task.stdout"}
{"timestamp":"2026-05-12T07:00:45.003317Z","level":"info","event":"\u001b[0m07:00:45  3 of 4 OK created sql table model bronze_raw_bronze.bronze_payment_transactions  [\u001b[32mCREATE TABLE (200 rows)\u001b[0m in 6.71s]","logger":"task.stdout"}
{"timestamp":"2026-05-12T07:00:45.013229Z","level":"info","event":"\u001b[0m07:00:45","logger":"task.stdout"}
{"timestamp":"2026-05-12T07:00:45.013955Z","level":"info","event":"\u001b[0m07:00:45  Finished running 4 table models in 0 hours 0 minutes and 8.92 seconds (8.92s).","logger":"task.stdout"}
{"timestamp":"2026-05-12T07:00:45.124916Z","level":"info","event":"\u001b[0m07:00:45","logger":"task.stdout"}
{"timestamp":"2026-05-12T07:00:45.125936Z","level":"info","event":"\u001b[0m07:00:45  \u001b[31mCompleted with 2 errors, 0 partial successes, and 0 warnings:\u001b[0m","logger":"task.stdout"}
{"timestamp":"2026-05-12T07:00:45.127128Z","level":"info","event":"\u001b[0m07:00:45","logger":"task.stdout"}
{"timestamp":"2026-05-12T07:00:45.128404Z","level":"info","event":"\u001b[0m07:00:45  \u001b[31mFailure in model bronze_customer_events (models/bronze/bronze_customer_events.sql)\u001b[0m","logger":"task.stdout"}
{"timestamp":"2026-05-12T07:00:45.129754Z","level":"info","event":"\u001b[0m07:00:45    Database Error in model bronze_customer_events (models/bronze/bronze_customer_events.sql)","logger":"task.stdout"}
{"timestamp":"2026-05-12T07:00:45.130232Z","level":"info","event":"  TrinoUserError(type=USER_ERROR, name=COLUMN_NOT_FOUND, message=\"line 20:12: Column 'category_id' cannot be resolved\", query_id=20260512_070038_00153_u872h)","logger":"task.stdout"}
{"timestamp":"2026-05-12T07:00:45.130609Z","level":"info","event":"  compiled code at target/run/ecommerce_dbt/models/bronze/bronze_customer_events.sql","logger":"task.stdout"}
{"timestamp":"2026-05-12T07:00:45.131207Z","level":"info","event":"\u001b[0m07:00:45","logger":"task.stdout"}
{"timestamp":"2026-05-12T07:00:45.132763Z","level":"info","event":"\u001b[0m07:00:45    compiled code at target/compiled/ecommerce_dbt/models/bronze/bronze_customer_events.sql","logger":"task.stdout"}
{"timestamp":"2026-05-12T07:00:45.134474Z","level":"info","event":"\u001b[0m07:00:45","logger":"task.stdout"}
{"timestamp":"2026-05-12T07:00:45.135195Z","level":"info","event":"\u001b[0m07:00:45  \u001b[31mFailure in model bronze_inventory_snapshots (models/bronze/bronze_inventory_snapshots.sql)\u001b[0m","logger":"task.stdout"}
{"timestamp":"2026-05-12T07:00:45.136436Z","level":"info","event":"\u001b[0m07:00:45    Database Error in model bronze_inventory_snapshots (models/bronze/bronze_inventory_snapshots.sql)","logger":"task.stdout"}
{"timestamp":"2026-05-12T07:00:45.136998Z","level":"info","event":"  TrinoUserError(type=USER_ERROR, name=COLUMN_NOT_FOUND, message=\"line 21:9: Column 'reorder_quantity' cannot be resolved\", query_id=20260512_070038_00154_u872h)","logger":"task.stdout"}
{"timestamp":"2026-05-12T07:00:45.137520Z","level":"info","event":"  compiled code at target/run/ecommerce_dbt/models/bronze/bronze_inventory_snapshots.sql","logger":"task.stdout"}
{"timestamp":"2026-05-12T07:00:45.138098Z","level":"info","event":"\u001b[0m07:00:45","logger":"task.stdout"}
{"timestamp":"2026-05-12T07:00:45.139064Z","level":"info","event":"\u001b[0m07:00:45    compiled code at target/compiled/ecommerce_dbt/models/bronze/bronze_inventory_snapshots.sql","logger":"task.stdout"}
{"timestamp":"2026-05-12T07:00:45.140363Z","level":"info","event":"\u001b[0m07:00:45","logger":"task.stdout"}
{"timestamp":"2026-05-12T07:00:45.141539Z","level":"info","event":"\u001b[0m07:00:45  Done. PASS=2 WARN=0 ERROR=2 SKIP=0 NO-OP=0 TOTAL=4","logger":"task.stdout"}
{"timestamp":"2026-05-12T07:00:47.843998Z","level":"error","event":"dbt command failed!","logger":"airflow.task.operators.operators.dbt_operator.DbtOperator","filename":"dbt_operator.py","lineno":198}
{"timestamp":"2026-05-12T07:00:47.844346Z","level":"warning","event":"Error occurred during transformation: dbt command failed: run --select tag:bronze --project-dir /opt/airflow/dags/ecommerce_dbt --profiles-dir /opt/airflow/dags/ecommerce_dbt","logger":"unusual_prefix_11c7dd38b84fb77f29c2585710943d4b7baaf7b9_dag_pipeline","filename":"dag_pipeline.py","lineno":468}
{"timestamp":"2026-05-12T07:00:47.844681Z","level":"error","event":"Task failed with exception","logger":"task","filename":"task_runner.py","lineno":1325,"error_detail":[{"exc_type":"AirflowException","exc_value":"dbt command failed: run --select tag:bronze --project-dir /opt/airflow/dags/ecommerce_dbt --profiles-dir /opt/airflow/dags/ecommerce_dbt","exc_notes":[],"syntax_error":null,"is_cause":false,"frames":[{"filename":"/home/airflow/.local/lib/python3.13/site-packages/airflow/sdk/execution_time/task_runner.py","lineno":1263,"name":"run"},{"filename":"/home/airflow/.local/lib/python3.13/site-packages/airflow/sdk/execution_time/task_runner.py","lineno":1678,"name":"_execute_task"},{"filename":"/home/airflow/.local/lib/python3.13/site-packages/airflow/sdk/bases/operator.py","lineno":443,"name":"wrapper"},{"filename":"/home/airflow/.local/lib/python3.13/site-packages/airflow/sdk/bases/decorator.py","lineno":398,"name":"execute"},{"filename":"/home/airflow/.local/lib/python3.13/site-packages/airflow/sdk/bases/operator.py","lineno":443,"name":"wrapper"},{"filename":"/home/airflow/.local/lib/python3.13/site-packages/airflow/providers/standard/operators/python.py","lineno":227,"name":"execute"},{"filename":"/home/airflow/.local/lib/python3.13/site-packages/airflow/providers/standard/operators/python.py","lineno":250,"name":"execute_callable"},{"filename":"/home/airflow/.local/lib/python3.13/site-packages/airflow/sdk/execution_time/callback_runner.py","lineno":97,"name":"run"},{"filename":"/opt/airflow/dags/dag_pipeline.py","lineno":459,"name":"transform_bronze_layer"},{"filename":"/home/airflow/.local/lib/python3.13/site-packages/airflow/sdk/bases/operator.py","lineno":443,"name":"wrapper"},{"filename":"/opt/airflow/dags/operators/dbt_operator.py","lineno":201,"name":"execute"}],"is_group":false,"exceptions":[]}]}
{"timestamp":"2026-05-12T07:00:47.877936Z","level":"error","event":"/usr/python/lib/python3.13/multiprocessing/resource_tracker.py:400: UserWarning: resource_tracker: There appear to be 2 leaked semaphore objects to clean up at shutdown: {'/mp-_z2y5tsv', '/mp-xcdpcapc'}","logger":"task.stderr"}
{"timestamp":"2026-05-12T07:00:47.878488Z","level":"error","event":"  warnings.warn(","logger":"task.stderr"}
