{"timestamp":"2026-05-12T07:00:00.558247Z","level":"info","event":"DAG bundles loaded: dags-folder","logger":"airflow.dag_processing.bundles.manager.DagBundlesManager","filename":"manager.py","lineno":209}
{"timestamp":"2026-05-12T07:00:00.561064Z","level":"info","event":"Filling up the DagBag from /opt/airflow/dags/dag_pipeline.py","logger":"airflow.dag_processing.dagbag.BundleDagBag","filename":"dagbag.py","lineno":469}
{"timestamp":"2026-05-12T07:00:03.642146Z","level":"info","event":"Transforming bronze...","logger":"unusual_prefix_11c7dd38b84fb77f29c2585710943d4b7baaf7b9_dag_pipeline","filename":"dag_pipeline.py","lineno":448}
{"timestamp":"2026-05-12T07:00:03.642760Z","level":"warning","event":"DbtOperator.execute cannot be called outside of the Task Runner!","logger":"airflow.task.operators.operators.dbt_operator.DbtOperator","filename":"operator.py","lineno":437}
{"timestamp":"2026-05-12T07:00:03.645809Z","level":"info","event":"Executing dbt command: run --select tag:bronze --project-dir /opt/airflow/dags/ecommerce_dbt --profiles-dir /opt/airflow/dags/ecommerce_dbt","logger":"airflow.task.operators.operators.dbt_operator.DbtOperator","filename":"dbt_operator.py","lineno":180}
{"timestamp":"2026-05-12T07:00:03.877223Z","level":"info","event":"\u001b[0m07:00:03  Running with dbt=1.10.10","logger":"task.stdout"}
{"timestamp":"2026-05-12T07:00:04.067004Z","level":"info","event":"keyring module not found. OAuth2 token will not be stored in keyring.","logger":"trino.auth","filename":"auth.py","lineno":361}
{"timestamp":"2026-05-12T07:00:04.076487Z","level":"info","event":"keyring module not found. OAuth2 token will not be stored in keyring.","logger":"trino.auth","filename":"auth.py","lineno":361}
{"timestamp":"2026-05-12T07:00:04.782458Z","level":"info","event":"\u001b[0m07:00:04  Registered adapter: trino=1.9.3","logger":"task.stdout"}
{"timestamp":"2026-05-12T07:00:05.959721Z","level":"info","event":"\u001b[0m07:00:05  Found 12 models, 4 seeds, 55 data tests, 455 macros","logger":"task.stdout"}
{"timestamp":"2026-05-12T07:00:05.998303Z","level":"info","event":"\u001b[0m07:00:05","logger":"task.stdout"}
{"timestamp":"2026-05-12T07:00:05.998807Z","level":"info","event":"\u001b[0m07:00:05  Concurrency: 4 threads (target='dev')","logger":"task.stdout"}
{"timestamp":"2026-05-12T07:00:05.999222Z","level":"info","event":"\u001b[0m07:00:05","logger":"task.stdout"}
{"timestamp":"2026-05-12T07:00:06.060276Z","level":"info","event":"\u001b[0m07:00:06  [\u001b[33mWARNING\u001b[0m]: SSL certificate validation is disabled by default. It is legacy behavior which will be changed in future releases. It is strongly advised to enable `require_certificate_validation` flag or explicitly set `cert` configuration to `True` for security reasons. You may receive an error after that if your SSL setup is incorrect.","logger":"task.stdout"}
{"timestamp":"2026-05-12T07:00:06.060712Z","level":"info","event":"You may opt into the new behavior sooner by setting `flags.require_certificate_validation` to `True` in `dbt_project.yml`.","logger":"task.stdout"}
{"timestamp":"2026-05-12T07:00:06.061084Z","level":"info","event":"Visit https://docs.getdbt.com/reference/global-configs/behavior-changes for more information.","logger":"task.stdout"}
{"timestamp":"2026-05-12T07:00:07.614152Z","level":"info","event":"\u001b[0m07:00:07  3 of 4 START sql table model bronze_raw_bronze.bronze_payment_transactions ..... [RUN]","logger":"task.stdout"}
{"timestamp":"2026-05-12T07:00:07.624443Z","level":"info","event":"\u001b[0m07:00:07  4 of 4 START sql table model bronze_raw_bronze.bronze_support_tickets .......... [RUN]","logger":"task.stdout"}
{"timestamp":"2026-05-12T07:00:07.627276Z","level":"info","event":"\u001b[0m07:00:07  1 of 4 START sql table model bronze_raw_bronze.bronze_customer_events .......... [RUN]","logger":"task.stdout"}
{"timestamp":"2026-05-12T07:00:07.630468Z","level":"info","event":"\u001b[0m07:00:07  2 of 4 START sql table model bronze_raw_bronze.bronze_inventory_snapshots ...... [RUN]","logger":"task.stdout"}
{"timestamp":"2026-05-12T07:00:08.450145Z","level":"info","event":"\u001b[0m07:00:08  1 of 4 ERROR creating sql table model bronze_raw_bronze.bronze_customer_events . [\u001b[31mERROR\u001b[0m in 0.79s]","logger":"task.stdout"}
{"timestamp":"2026-05-12T07:00:08.465485Z","level":"info","event":"\u001b[0m07:00:08  2 of 4 ERROR creating sql table model bronze_raw_bronze.bronze_inventory_snapshots  [\u001b[31mERROR\u001b[0m in 0.82s]","logger":"task.stdout"}
{"timestamp":"2026-05-12T07:00:11.366509Z","level":"info","event":"\u001b[0m07:00:11  3 of 4 OK created sql table model bronze_raw_bronze.bronze_payment_transactions  [\u001b[32mCREATE TABLE (200 rows)\u001b[0m in 3.75s]","logger":"task.stdout"}
{"timestamp":"2026-05-12T07:00:12.416407Z","level":"info","event":"\u001b[0m07:00:12  4 of 4 OK created sql table model bronze_raw_bronze.bronze_support_tickets ..... [\u001b[32mCREATE TABLE (200 rows)\u001b[0m in 4.79s]","logger":"task.stdout"}
{"timestamp":"2026-05-12T07:00:12.428634Z","level":"info","event":"\u001b[0m07:00:12","logger":"task.stdout"}
{"timestamp":"2026-05-12T07:00:12.429626Z","level":"info","event":"\u001b[0m07:00:12  Finished running 4 table models in 0 hours 0 minutes and 6.46 seconds (6.46s).","logger":"task.stdout"}
{"timestamp":"2026-05-12T07:00:12.549727Z","level":"info","event":"\u001b[0m07:00:12","logger":"task.stdout"}
{"timestamp":"2026-05-12T07:00:12.550814Z","level":"info","event":"\u001b[0m07:00:12  \u001b[31mCompleted with 2 errors, 0 partial successes, and 0 warnings:\u001b[0m","logger":"task.stdout"}
{"timestamp":"2026-05-12T07:00:12.551906Z","level":"info","event":"\u001b[0m07:00:12","logger":"task.stdout"}
{"timestamp":"2026-05-12T07:00:12.553168Z","level":"info","event":"\u001b[0m07:00:12  \u001b[31mFailure in model bronze_customer_events (models/bronze/bronze_customer_events.sql)\u001b[0m","logger":"task.stdout"}
{"timestamp":"2026-05-12T07:00:12.554302Z","level":"info","event":"\u001b[0m07:00:12    Database Error in model bronze_customer_events (models/bronze/bronze_customer_events.sql)","logger":"task.stdout"}
{"timestamp":"2026-05-12T07:00:12.554851Z","level":"info","event":"  TrinoUserError(type=USER_ERROR, name=COLUMN_NOT_FOUND, message=\"line 20:12: Column 'category_id' cannot be resolved\", query_id=20260512_070008_00140_u872h)","logger":"task.stdout"}
{"timestamp":"2026-05-12T07:00:12.555302Z","level":"info","event":"  compiled code at target/run/ecommerce_dbt/models/bronze/bronze_customer_events.sql","logger":"task.stdout"}
{"timestamp":"2026-05-12T07:00:12.555916Z","level":"info","event":"\u001b[0m07:00:12","logger":"task.stdout"}
{"timestamp":"2026-05-12T07:00:12.556609Z","level":"info","event":"\u001b[0m07:00:12    compiled code at target/compiled/ecommerce_dbt/models/bronze/bronze_customer_events.sql","logger":"task.stdout"}
{"timestamp":"2026-05-12T07:00:12.557931Z","level":"info","event":"\u001b[0m07:00:12","logger":"task.stdout"}
{"timestamp":"2026-05-12T07:00:12.559269Z","level":"info","event":"\u001b[0m07:00:12  \u001b[31mFailure in model bronze_inventory_snapshots (models/bronze/bronze_inventory_snapshots.sql)\u001b[0m","logger":"task.stdout"}
{"timestamp":"2026-05-12T07:00:12.560883Z","level":"info","event":"\u001b[0m07:00:12    Database Error in model bronze_inventory_snapshots (models/bronze/bronze_inventory_snapshots.sql)","logger":"task.stdout"}
{"timestamp":"2026-05-12T07:00:12.561425Z","level":"info","event":"  TrinoUserError(type=USER_ERROR, name=COLUMN_NOT_FOUND, message=\"line 21:9: Column 'reorder_quantity' cannot be resolved\", query_id=20260512_070008_00141_u872h)","logger":"task.stdout"}
{"timestamp":"2026-05-12T07:00:12.561835Z","level":"info","event":"  compiled code at target/run/ecommerce_dbt/models/bronze/bronze_inventory_snapshots.sql","logger":"task.stdout"}
{"timestamp":"2026-05-12T07:00:12.562483Z","level":"info","event":"\u001b[0m07:00:12","logger":"task.stdout"}
{"timestamp":"2026-05-12T07:00:12.563400Z","level":"info","event":"\u001b[0m07:00:12    compiled code at target/compiled/ecommerce_dbt/models/bronze/bronze_inventory_snapshots.sql","logger":"task.stdout"}
{"timestamp":"2026-05-12T07:00:12.564579Z","level":"info","event":"\u001b[0m07:00:12","logger":"task.stdout"}
{"timestamp":"2026-05-12T07:00:12.565753Z","level":"info","event":"\u001b[0m07:00:12  Done. PASS=2 WARN=0 ERROR=2 SKIP=0 NO-OP=0 TOTAL=4","logger":"task.stdout"}
{"timestamp":"2026-05-12T07:00:13.562194Z","level":"error","event":"dbt command failed!","logger":"airflow.task.operators.operators.dbt_operator.DbtOperator","filename":"dbt_operator.py","lineno":198}
{"timestamp":"2026-05-12T07:00:13.566402Z","level":"warning","event":"Error occurred during transformation: dbt command failed: run --select tag:bronze --project-dir /opt/airflow/dags/ecommerce_dbt --profiles-dir /opt/airflow/dags/ecommerce_dbt","logger":"unusual_prefix_11c7dd38b84fb77f29c2585710943d4b7baaf7b9_dag_pipeline","filename":"dag_pipeline.py","lineno":468}
{"timestamp":"2026-05-12T07:00:13.566799Z","level":"error","event":"Task failed with exception","logger":"task","filename":"task_runner.py","lineno":1325,"error_detail":[{"exc_type":"AirflowException","exc_value":"dbt command failed: run --select tag:bronze --project-dir /opt/airflow/dags/ecommerce_dbt --profiles-dir /opt/airflow/dags/ecommerce_dbt","exc_notes":[],"syntax_error":null,"is_cause":false,"frames":[{"filename":"/home/airflow/.local/lib/python3.13/site-packages/airflow/sdk/execution_time/task_runner.py","lineno":1263,"name":"run"},{"filename":"/home/airflow/.local/lib/python3.13/site-packages/airflow/sdk/execution_time/task_runner.py","lineno":1678,"name":"_execute_task"},{"filename":"/home/airflow/.local/lib/python3.13/site-packages/airflow/sdk/bases/operator.py","lineno":443,"name":"wrapper"},{"filename":"/home/airflow/.local/lib/python3.13/site-packages/airflow/sdk/bases/decorator.py","lineno":398,"name":"execute"},{"filename":"/home/airflow/.local/lib/python3.13/site-packages/airflow/sdk/bases/operator.py","lineno":443,"name":"wrapper"},{"filename":"/home/airflow/.local/lib/python3.13/site-packages/airflow/providers/standard/operators/python.py","lineno":227,"name":"execute"},{"filename":"/home/airflow/.local/lib/python3.13/site-packages/airflow/providers/standard/operators/python.py","lineno":250,"name":"execute_callable"},{"filename":"/home/airflow/.local/lib/python3.13/site-packages/airflow/sdk/execution_time/callback_runner.py","lineno":97,"name":"run"},{"filename":"/opt/airflow/dags/dag_pipeline.py","lineno":459,"name":"transform_bronze_layer"},{"filename":"/home/airflow/.local/lib/python3.13/site-packages/airflow/sdk/bases/operator.py","lineno":443,"name":"wrapper"},{"filename":"/opt/airflow/dags/operators/dbt_operator.py","lineno":201,"name":"execute"}],"is_group":false,"exceptions":[]}]}
{"timestamp":"2026-05-12T07:00:13.906057Z","level":"error","event":"/usr/python/lib/python3.13/multiprocessing/resource_tracker.py:400: UserWarning: resource_tracker: There appear to be 2 leaked semaphore objects to clean up at shutdown: {'/mp-ob1ja0hx', '/mp-xy382_bx'}","logger":"task.stderr"}
{"timestamp":"2026-05-12T07:00:13.916579Z","level":"error","event":"  warnings.warn(","logger":"task.stderr"}
