{"timestamp":"2026-05-12T07:56:36.843476Z","level":"info","event":"DAG bundles loaded: dags-folder","logger":"airflow.dag_processing.bundles.manager.DagBundlesManager","filename":"manager.py","lineno":209}
{"timestamp":"2026-05-12T07:56:36.865645Z","level":"info","event":"Filling up the DagBag from /opt/airflow/dags/dag_pipeline.py","logger":"airflow.dag_processing.dagbag.BundleDagBag","filename":"dagbag.py","lineno":469}
{"timestamp":"2026-05-12T07:56:39.622891Z","level":"info","event":"Transforming bronze...","logger":"unusual_prefix_11c7dd38b84fb77f29c2585710943d4b7baaf7b9_dag_pipeline","filename":"dag_pipeline.py","lineno":448}
{"timestamp":"2026-05-12T07:56:39.624196Z","level":"warning","event":"DbtOperator.execute cannot be called outside of the Task Runner!","logger":"airflow.task.operators.operators.dbt_operator.DbtOperator","filename":"operator.py","lineno":437}
{"timestamp":"2026-05-12T07:56:39.628006Z","level":"info","event":"Executing dbt command: run --select tag:bronze --project-dir /opt/airflow/dags/ecommerce_dbt --profiles-dir /opt/airflow/dags/ecommerce_dbt","logger":"airflow.task.operators.operators.dbt_operator.DbtOperator","filename":"dbt_operator.py","lineno":180}
{"timestamp":"2026-05-12T07:56:39.815750Z","level":"info","event":"\u001b[0m07:56:39  Running with dbt=1.10.10","logger":"task.stdout"}
{"timestamp":"2026-05-12T07:56:39.878259Z","level":"info","event":"keyring module not found. OAuth2 token will not be stored in keyring.","logger":"trino.auth","filename":"auth.py","lineno":361}
{"timestamp":"2026-05-12T07:56:39.882179Z","level":"info","event":"keyring module not found. OAuth2 token will not be stored in keyring.","logger":"trino.auth","filename":"auth.py","lineno":361}
{"timestamp":"2026-05-12T07:56:40.466576Z","level":"info","event":"\u001b[0m07:56:40  Registered adapter: trino=1.9.3","logger":"task.stdout"}
{"timestamp":"2026-05-12T07:56:41.754089Z","level":"info","event":"\u001b[0m07:56:41  Found 12 models, 4 seeds, 55 data tests, 455 macros","logger":"task.stdout"}
{"timestamp":"2026-05-12T07:56:41.758957Z","level":"info","event":"\u001b[0m07:56:41","logger":"task.stdout"}
{"timestamp":"2026-05-12T07:56:41.761737Z","level":"info","event":"\u001b[0m07:56:41  Concurrency: 4 threads (target='dev')","logger":"task.stdout"}
{"timestamp":"2026-05-12T07:56:41.762708Z","level":"info","event":"\u001b[0m07:56:41","logger":"task.stdout"}
{"timestamp":"2026-05-12T07:56:41.861993Z","level":"info","event":"\u001b[0m07:56:41  [\u001b[33mWARNING\u001b[0m]: SSL certificate validation is disabled by default. It is legacy behavior which will be changed in future releases. It is strongly advised to enable `require_certificate_validation` flag or explicitly set `cert` configuration to `True` for security reasons. You may receive an error after that if your SSL setup is incorrect.","logger":"task.stdout"}
{"timestamp":"2026-05-12T07:56:41.862338Z","level":"info","event":"You may opt into the new behavior sooner by setting `flags.require_certificate_validation` to `True` in `dbt_project.yml`.","logger":"task.stdout"}
{"timestamp":"2026-05-12T07:56:41.862643Z","level":"info","event":"Visit https://docs.getdbt.com/reference/global-configs/behavior-changes for more information.","logger":"task.stdout"}
{"timestamp":"2026-05-12T07:56:42.644096Z","level":"info","event":"\u001b[0m07:56:42  2 of 4 START sql table model bronze_raw_bronze.bronze_inventory_snapshots ...... [RUN]","logger":"task.stdout"}
{"timestamp":"2026-05-12T07:56:42.646122Z","level":"info","event":"\u001b[0m07:56:42  3 of 4 START sql table model bronze_raw_bronze.bronze_payment_transactions ..... [RUN]","logger":"task.stdout"}
{"timestamp":"2026-05-12T07:56:42.646825Z","level":"info","event":"\u001b[0m07:56:42  1 of 4 START sql table model bronze_raw_bronze.bronze_customer_events .......... [RUN]","logger":"task.stdout"}
{"timestamp":"2026-05-12T07:56:42.660089Z","level":"info","event":"\u001b[0m07:56:42  4 of 4 START sql table model bronze_raw_bronze.bronze_support_tickets .......... [RUN]","logger":"task.stdout"}
{"timestamp":"2026-05-12T07:56:48.211037Z","level":"info","event":"\u001b[0m07:56:48  1 of 4 OK created sql table model bronze_raw_bronze.bronze_customer_events ..... [\u001b[32mCREATE TABLE (200 rows)\u001b[0m in 5.56s]","logger":"task.stdout"}
{"timestamp":"2026-05-12T07:56:49.466725Z","level":"info","event":"\u001b[0m07:56:49  3 of 4 OK created sql table model bronze_raw_bronze.bronze_payment_transactions  [\u001b[32mCREATE TABLE (200 rows)\u001b[0m in 6.81s]","logger":"task.stdout"}
{"timestamp":"2026-05-12T07:56:50.171552Z","level":"info","event":"\u001b[0m07:56:50  2 of 4 OK created sql table model bronze_raw_bronze.bronze_inventory_snapshots . [\u001b[32mCREATE TABLE (200 rows)\u001b[0m in 7.51s]","logger":"task.stdout"}
{"timestamp":"2026-05-12T07:56:50.959617Z","level":"info","event":"\u001b[0m07:56:50  4 of 4 OK created sql table model bronze_raw_bronze.bronze_support_tickets ..... [\u001b[32mCREATE TABLE (200 rows)\u001b[0m in 8.29s]","logger":"task.stdout"}
{"timestamp":"2026-05-12T07:56:50.975837Z","level":"info","event":"\u001b[0m07:56:50","logger":"task.stdout"}
{"timestamp":"2026-05-12T07:56:50.977059Z","level":"info","event":"\u001b[0m07:56:50  Finished running 4 table models in 0 hours 0 minutes and 9.21 seconds (9.21s).","logger":"task.stdout"}
{"timestamp":"2026-05-12T07:56:51.117163Z","level":"info","event":"\u001b[0m07:56:51","logger":"task.stdout"}
{"timestamp":"2026-05-12T07:56:51.118177Z","level":"info","event":"\u001b[0m07:56:51  \u001b[32mCompleted successfully\u001b[0m","logger":"task.stdout"}
{"timestamp":"2026-05-12T07:56:51.119402Z","level":"info","event":"\u001b[0m07:56:51","logger":"task.stdout"}
{"timestamp":"2026-05-12T07:56:51.120589Z","level":"info","event":"\u001b[0m07:56:51  Done. PASS=4 WARN=0 ERROR=0 SKIP=0 NO-OP=0 TOTAL=4","logger":"task.stdout"}
{"timestamp":"2026-05-12T07:56:52.207254Z","level":"info","event":"dbt command executed successfully","logger":"airflow.task.operators.operators.dbt_operator.DbtOperator","filename":"dbt_operator.py","lineno":185}
{"timestamp":"2026-05-12T07:56:52.207606Z","level":"info","event":"Done. Returned value was: {'status': 'success', 'layer': 'bronze_transform', 'pipeline_id': 'dag_pipeline_20260512075613', 'timestamp': '2026-05-12T07:56:52.207503', 'rows_processed': 'check logs for details'}","logger":"airflow.task.operators.airflow.providers.standard.decorators.python._PythonDecoratedOperator","filename":"python.py","lineno":229}
{"timestamp":"2026-05-12T07:56:52.207921Z","level":"info","event":"Pushing xcom","ti":"RuntimeTaskInstance(id=UUID('019e1b2f-b61e-7564-a378-b7f0a7e09c70'), task_id='transform_bronze_layer', dag_id='ecommerce_dag_pipeline', run_id='manual__2026-05-12T07:56:12.162757+00:00', try_number=1, dag_version_id=UUID('019dfd0d-c356-769c-9658-e2450a265e78'), map_index=-1, hostname='c09759c742ec', context_carrier={'traceparent': '00-41358613dfbcf0c46ea74e20aa59ff9c-58c9da1a6619f7e6-01'}, task=<Task(_PythonDecoratedOperator): transform_bronze_layer>, bundle_instance=LocalDagBundle(name=dags-folder), max_tries=2, start_date=datetime.datetime(2026, 5, 12, 7, 56, 36, 731825, tzinfo=datetime.timezone.utc), end_date=None, state=<TaskInstanceState.RUNNING: 'running'>, is_mapped=False, rendered_map_index=None, sentry_integration='')","logger":"task","filename":"task_runner.py","lineno":1724}
{"timestamp":"2026-05-12T07:56:52.316005Z","level":"error","event":"/usr/python/lib/python3.13/multiprocessing/resource_tracker.py:400: UserWarning: resource_tracker: There appear to be 2 leaked semaphore objects to clean up at shutdown: {'/mp-bj9vvhq4', '/mp-lg_ysxit'}","logger":"task.stderr"}
{"timestamp":"2026-05-12T07:56:52.330707Z","level":"error","event":"  warnings.warn(","logger":"task.stderr"}
