{"timestamp":"2026-05-12T07:49:55.412970Z","level":"info","event":"DAG bundles loaded: dags-folder","logger":"airflow.dag_processing.bundles.manager.DagBundlesManager","filename":"manager.py","lineno":209}
{"timestamp":"2026-05-12T07:49:55.415020Z","level":"info","event":"Filling up the DagBag from /opt/airflow/dags/dag_pipeline.py","logger":"airflow.dag_processing.dagbag.BundleDagBag","filename":"dagbag.py","lineno":469}
{"timestamp":"2026-05-12T07:49:58.307087Z","level":"info","event":"Seeding bronze...","logger":"unusual_prefix_11c7dd38b84fb77f29c2585710943d4b7baaf7b9_dag_pipeline","filename":"dag_pipeline.py","lineno":382}
{"timestamp":"2026-05-12T07:49:58.410998Z","level":"info","event":"Tables do not exist or error occurred: (trino.exceptions.TrinoUserError) TrinoUserError(type=USER_ERROR, name=SCHEMA_NOT_FOUND, message=\"line 1:29: Schema 'bronze' does not exist\", query_id=20260512_074958_00475_u872h)\n[SQL: SELECT count(*) as cnt FROM raw_customer_events]\n(Background on this error at: https://sqlalche.me/e/20/f405), proceeding with seeding","logger":"unusual_prefix_11c7dd38b84fb77f29c2585710943d4b7baaf7b9_dag_pipeline","filename":"dag_pipeline.py","lineno":405}
{"timestamp":"2026-05-12T07:49:58.411642Z","level":"warning","event":"DbtOperator.execute cannot be called outside of the Task Runner!","logger":"airflow.task.operators.operators.dbt_operator.DbtOperator","filename":"operator.py","lineno":437}
{"timestamp":"2026-05-12T07:49:58.415521Z","level":"info","event":"Executing dbt command: seed --project-dir /opt/airflow/dags/ecommerce_dbt --profiles-dir /opt/airflow/dags/ecommerce_dbt --full-refresh","logger":"airflow.task.operators.operators.dbt_operator.DbtOperator","filename":"dbt_operator.py","lineno":180}
{"timestamp":"2026-05-12T07:49:58.818530Z","level":"info","event":"\u001b[0m07:49:58  Running with dbt=1.10.10","logger":"task.stdout"}
{"timestamp":"2026-05-12T07:49:58.884706Z","level":"info","event":"keyring module not found. OAuth2 token will not be stored in keyring.","logger":"trino.auth","filename":"auth.py","lineno":361}
{"timestamp":"2026-05-12T07:49:58.892672Z","level":"info","event":"keyring module not found. OAuth2 token will not be stored in keyring.","logger":"trino.auth","filename":"auth.py","lineno":361}
{"timestamp":"2026-05-12T07:49:59.467871Z","level":"info","event":"\u001b[0m07:49:59  Registered adapter: trino=1.9.3","logger":"task.stdout"}
{"timestamp":"2026-05-12T07:50:01.594017Z","level":"info","event":"\u001b[0m07:50:01  [\u001b[33mWARNING\u001b[0m][MissingArgumentsPropertyInGenericTestDeprecation]: Deprecated","logger":"task.stdout"}
{"timestamp":"2026-05-12T07:50:01.594627Z","level":"info","event":"functionality","logger":"task.stdout"}
{"timestamp":"2026-05-12T07:50:01.595088Z","level":"info","event":"Found top-level arguments to test `accepted_values`. Arguments to generic tests","logger":"task.stdout"}
{"timestamp":"2026-05-12T07:50:01.595575Z","level":"info","event":"should be nested under the `arguments` property.`","logger":"task.stdout"}
{"timestamp":"2026-05-12T07:50:02.074734Z","level":"info","event":"\u001b[0m07:50:02  Found 12 models, 4 seeds, 55 data tests, 455 macros","logger":"task.stdout"}
{"timestamp":"2026-05-12T07:50:02.080444Z","level":"info","event":"\u001b[0m07:50:02","logger":"task.stdout"}
{"timestamp":"2026-05-12T07:50:02.081651Z","level":"info","event":"\u001b[0m07:50:02  Concurrency: 4 threads (target='dev')","logger":"task.stdout"}
{"timestamp":"2026-05-12T07:50:02.082625Z","level":"info","event":"\u001b[0m07:50:02","logger":"task.stdout"}
{"timestamp":"2026-05-12T07:50:02.169554Z","level":"info","event":"\u001b[0m07:50:02  [\u001b[33mWARNING\u001b[0m]: SSL certificate validation is disabled by default. It is legacy behavior which will be changed in future releases. It is strongly advised to enable `require_certificate_validation` flag or explicitly set `cert` configuration to `True` for security reasons. You may receive an error after that if your SSL setup is incorrect.","logger":"task.stdout"}
{"timestamp":"2026-05-12T07:50:02.170180Z","level":"info","event":"You may opt into the new behavior sooner by setting `flags.require_certificate_validation` to `True` in `dbt_project.yml`.","logger":"task.stdout"}
{"timestamp":"2026-05-12T07:50:02.170595Z","level":"info","event":"Visit https://docs.getdbt.com/reference/global-configs/behavior-changes for more information.","logger":"task.stdout"}
{"timestamp":"2026-05-12T07:50:03.013246Z","level":"info","event":"\u001b[0m07:50:03  4 of 4 START seed file bronze_raw_raw.raw_support_tickets ...................... [RUN]","logger":"task.stdout"}
{"timestamp":"2026-05-12T07:50:03.014644Z","level":"info","event":"\u001b[0m07:50:03  1 of 4 START seed file bronze_raw_raw.raw_customer_events ...................... [RUN]","logger":"task.stdout"}
{"timestamp":"2026-05-12T07:50:03.020581Z","level":"info","event":"\u001b[0m07:50:03  3 of 4 START seed file bronze_raw_raw.raw_payment_transactions ................. [RUN]","logger":"task.stdout"}
{"timestamp":"2026-05-12T07:50:03.025851Z","level":"info","event":"\u001b[0m07:50:03  2 of 4 START seed file bronze_raw_raw.raw_inventory_snapshots .................. [RUN]","logger":"task.stdout"}
{"timestamp":"2026-05-12T07:50:11.072678Z","level":"info","event":"\u001b[0m07:50:11  1 of 4 OK loaded seed file bronze_raw_raw.raw_customer_events .................. [\u001b[32mCREATE 200\u001b[0m in 8.02s]","logger":"task.stdout"}
{"timestamp":"2026-05-12T07:50:11.409838Z","level":"info","event":"\u001b[0m07:50:11  2 of 4 OK loaded seed file bronze_raw_raw.raw_inventory_snapshots .............. [\u001b[32mCREATE 200\u001b[0m in 8.38s]","logger":"task.stdout"}
{"timestamp":"2026-05-12T07:50:11.894985Z","level":"info","event":"\u001b[0m07:50:11  3 of 4 OK loaded seed file bronze_raw_raw.raw_payment_transactions ............. [\u001b[32mCREATE 200\u001b[0m in 8.87s]","logger":"task.stdout"}
{"timestamp":"2026-05-12T07:50:12.288514Z","level":"info","event":"\u001b[0m07:50:12  4 of 4 OK loaded seed file bronze_raw_raw.raw_support_tickets .................. [\u001b[32mCREATE 200\u001b[0m in 9.26s]","logger":"task.stdout"}
{"timestamp":"2026-05-12T07:50:12.298579Z","level":"info","event":"\u001b[0m07:50:12","logger":"task.stdout"}
{"timestamp":"2026-05-12T07:50:12.299986Z","level":"info","event":"\u001b[0m07:50:12  Finished running 4 seeds in 0 hours 0 minutes and 10.21 seconds (10.21s).","logger":"task.stdout"}
{"timestamp":"2026-05-12T07:50:12.412985Z","level":"info","event":"\u001b[0m07:50:12","logger":"task.stdout"}
{"timestamp":"2026-05-12T07:50:12.413958Z","level":"info","event":"\u001b[0m07:50:12  \u001b[32mCompleted successfully\u001b[0m","logger":"task.stdout"}
{"timestamp":"2026-05-12T07:50:12.414942Z","level":"info","event":"\u001b[0m07:50:12","logger":"task.stdout"}
{"timestamp":"2026-05-12T07:50:12.416232Z","level":"info","event":"\u001b[0m07:50:12  Done. PASS=4 WARN=0 ERROR=0 SKIP=0 NO-OP=0 TOTAL=4","logger":"task.stdout"}
{"timestamp":"2026-05-12T07:50:12.417562Z","level":"info","event":"\u001b[0m07:50:12  [\u001b[33mWARNING\u001b[0m][DeprecationsSummary]: Deprecated functionality","logger":"task.stdout"}
{"timestamp":"2026-05-12T07:50:12.421818Z","level":"info","event":"Summary of encountered deprecations:","logger":"task.stdout"}
{"timestamp":"2026-05-12T07:50:12.423619Z","level":"info","event":"- MissingArgumentsPropertyInGenericTestDeprecation: 2 occurrences","logger":"task.stdout"}
{"timestamp":"2026-05-12T07:50:12.425265Z","level":"info","event":"To see all deprecation instances instead of just the first occurrence of each,","logger":"task.stdout"}
{"timestamp":"2026-05-12T07:50:12.425786Z","level":"info","event":"run command again with the `--show-all-deprecations` flag. You may also need to","logger":"task.stdout"}
{"timestamp":"2026-05-12T07:50:12.426433Z","level":"info","event":"run with `--no-partial-parse` as some deprecations are only encountered during","logger":"task.stdout"}
{"timestamp":"2026-05-12T07:50:12.426893Z","level":"info","event":"parsing.","logger":"task.stdout"}
{"timestamp":"2026-05-12T07:50:13.464620Z","level":"info","event":"dbt command executed successfully","logger":"airflow.task.operators.operators.dbt_operator.DbtOperator","filename":"dbt_operator.py","lineno":185}
{"timestamp":"2026-05-12T07:50:13.464992Z","level":"info","event":"Done. Returned value was: {'status': 'success', 'layer': 'bronze_seed', 'pipeline_id': 'dag_pipeline_20260512074952', 'timestamp': '2026-05-12T07:50:13.464899'}","logger":"airflow.task.operators.airflow.providers.standard.decorators.python._PythonDecoratedOperator","filename":"python.py","lineno":229}
{"timestamp":"2026-05-12T07:50:13.465360Z","level":"info","event":"Pushing xcom","ti":"RuntimeTaskInstance(id=UUID('019e1b29-e7f5-7d31-90c6-87d8b5d10584'), task_id='seed_bronze', dag_id='ecommerce_dag_pipeline', run_id='manual__2026-05-12T07:49:51.706916+00:00', try_number=1, dag_version_id=UUID('019dfd0d-c356-769c-9658-e2450a265e78'), map_index=-1, hostname='c09759c742ec', context_carrier={'traceparent': '00-909cff330d8ca42cdc568ad711c0c136-907634a1e013504a-01'}, task=<Task(_PythonDecoratedOperator): seed_bronze>, bundle_instance=LocalDagBundle(name=dags-folder), max_tries=2, start_date=datetime.datetime(2026, 5, 12, 7, 49, 55, 282019, tzinfo=datetime.timezone.utc), end_date=None, state=<TaskInstanceState.RUNNING: 'running'>, is_mapped=False, rendered_map_index=None, sentry_integration='')","logger":"task","filename":"task_runner.py","lineno":1724}
{"timestamp":"2026-05-12T07:50:14.001794Z","level":"error","event":"/usr/python/lib/python3.13/multiprocessing/resource_tracker.py:400: UserWarning: resource_tracker: There appear to be 2 leaked semaphore objects to clean up at shutdown: {'/mp-9p2z2nt4', '/mp-0gw114vs'}","logger":"task.stderr"}
{"timestamp":"2026-05-12T07:50:14.004568Z","level":"error","event":"  warnings.warn(","logger":"task.stderr"}
