{"timestamp":"2026-05-12T07:57:25.961466Z","level":"info","event":"DAG bundles loaded: dags-folder","logger":"airflow.dag_processing.bundles.manager.DagBundlesManager","filename":"manager.py","lineno":209}
{"timestamp":"2026-05-12T07:57:25.974332Z","level":"info","event":"Filling up the DagBag from /opt/airflow/dags/dag_pipeline.py","logger":"airflow.dag_processing.dagbag.BundleDagBag","filename":"dagbag.py","lineno":469}
{"timestamp":"2026-05-12T07:57:28.952844Z","level":"info","event":"Transforming silver layer for pipeline: dag_pipeline_20260512075613","logger":"unusual_prefix_11c7dd38b84fb77f29c2585710943d4b7baaf7b9_dag_pipeline","filename":"dag_pipeline.py","lineno":504}
{"timestamp":"2026-05-12T07:57:28.953553Z","level":"warning","event":"DbtOperator.execute cannot be called outside of the Task Runner!","logger":"airflow.task.operators.operators.dbt_operator.DbtOperator","filename":"operator.py","lineno":437}
{"timestamp":"2026-05-12T07:57:28.961614Z","level":"info","event":"Executing dbt command: run --select tag:silver --project-dir /opt/airflow/dags/ecommerce_dbt --profiles-dir /opt/airflow/dags/ecommerce_dbt","logger":"airflow.task.operators.operators.dbt_operator.DbtOperator","filename":"dbt_operator.py","lineno":180}
{"timestamp":"2026-05-12T07:57:29.176372Z","level":"info","event":"\u001b[0m07:57:29  Running with dbt=1.10.10","logger":"task.stdout"}
{"timestamp":"2026-05-12T07:57:29.235480Z","level":"info","event":"keyring module not found. OAuth2 token will not be stored in keyring.","logger":"trino.auth","filename":"auth.py","lineno":361}
{"timestamp":"2026-05-12T07:57:29.240474Z","level":"info","event":"keyring module not found. OAuth2 token will not be stored in keyring.","logger":"trino.auth","filename":"auth.py","lineno":361}
{"timestamp":"2026-05-12T07:57:29.733656Z","level":"info","event":"\u001b[0m07:57:29  Registered adapter: trino=1.9.3","logger":"task.stdout"}
{"timestamp":"2026-05-12T07:57:31.110739Z","level":"info","event":"\u001b[0m07:57:31  Found 12 models, 4 seeds, 55 data tests, 455 macros","logger":"task.stdout"}
{"timestamp":"2026-05-12T07:57:31.200825Z","level":"info","event":"\u001b[0m07:57:31","logger":"task.stdout"}
{"timestamp":"2026-05-12T07:57:31.202019Z","level":"info","event":"\u001b[0m07:57:31  Concurrency: 4 threads (target='dev')","logger":"task.stdout"}
{"timestamp":"2026-05-12T07:57:31.202806Z","level":"info","event":"\u001b[0m07:57:31","logger":"task.stdout"}
{"timestamp":"2026-05-12T07:57:31.218720Z","level":"info","event":"\u001b[0m07:57:31  [\u001b[33mWARNING\u001b[0m]: SSL certificate validation is disabled by default. It is legacy behavior which will be changed in future releases. It is strongly advised to enable `require_certificate_validation` flag or explicitly set `cert` configuration to `True` for security reasons. You may receive an error after that if your SSL setup is incorrect.","logger":"task.stdout"}
{"timestamp":"2026-05-12T07:57:31.219152Z","level":"info","event":"You may opt into the new behavior sooner by setting `flags.require_certificate_validation` to `True` in `dbt_project.yml`.","logger":"task.stdout"}
{"timestamp":"2026-05-12T07:57:31.219517Z","level":"info","event":"Visit https://docs.getdbt.com/reference/global-configs/behavior-changes for more information.","logger":"task.stdout"}
{"timestamp":"2026-05-12T07:57:32.257866Z","level":"info","event":"\u001b[0m07:57:32  3 of 4 START sql table model bronze_raw_silver.silver_payment_transactions ..... [RUN]","logger":"task.stdout"}
{"timestamp":"2026-05-12T07:57:32.264809Z","level":"info","event":"\u001b[0m07:57:32  4 of 4 START sql table model bronze_raw_silver.silver_support_tickets .......... [RUN]","logger":"task.stdout"}
{"timestamp":"2026-05-12T07:57:32.312664Z","level":"info","event":"\u001b[0m07:57:32  1 of 4 START sql table model bronze_raw_silver.silver_customer_events .......... [RUN]","logger":"task.stdout"}
{"timestamp":"2026-05-12T07:57:32.329102Z","level":"info","event":"\u001b[0m07:57:32  2 of 4 START sql table model bronze_raw_silver.silver_inventory_snapshots ...... [RUN]","logger":"task.stdout"}
{"timestamp":"2026-05-12T07:57:38.743882Z","level":"info","event":"\u001b[0m07:57:38  2 of 4 OK created sql table model bronze_raw_silver.silver_inventory_snapshots . [\u001b[32mCREATE TABLE (200 rows)\u001b[0m in 6.37s]","logger":"task.stdout"}
{"timestamp":"2026-05-12T07:57:39.166678Z","level":"info","event":"\u001b[0m07:57:39  1 of 4 OK created sql table model bronze_raw_silver.silver_customer_events ..... [\u001b[32mCREATE TABLE (64 rows)\u001b[0m in 6.84s]","logger":"task.stdout"}
{"timestamp":"2026-05-12T07:57:39.838999Z","level":"info","event":"\u001b[0m07:57:39  3 of 4 OK created sql table model bronze_raw_silver.silver_payment_transactions  [\u001b[32mCREATE TABLE (200 rows)\u001b[0m in 7.51s]","logger":"task.stdout"}
{"timestamp":"2026-05-12T07:57:40.858372Z","level":"info","event":"\u001b[0m07:57:40  4 of 4 OK created sql table model bronze_raw_silver.silver_support_tickets ..... [\u001b[32mCREATE TABLE (200 rows)\u001b[0m in 8.58s]","logger":"task.stdout"}
{"timestamp":"2026-05-12T07:57:40.892863Z","level":"info","event":"\u001b[0m07:57:40","logger":"task.stdout"}
{"timestamp":"2026-05-12T07:57:40.895323Z","level":"info","event":"\u001b[0m07:57:40  Finished running 4 table models in 0 hours 0 minutes and 9.76 seconds (9.76s).","logger":"task.stdout"}
{"timestamp":"2026-05-12T07:57:41.227256Z","level":"info","event":"\u001b[0m07:57:41","logger":"task.stdout"}
{"timestamp":"2026-05-12T07:57:41.227739Z","level":"info","event":"\u001b[0m07:57:41  \u001b[32mCompleted successfully\u001b[0m","logger":"task.stdout"}
{"timestamp":"2026-05-12T07:57:41.229007Z","level":"info","event":"\u001b[0m07:57:41","logger":"task.stdout"}
{"timestamp":"2026-05-12T07:57:41.229452Z","level":"info","event":"\u001b[0m07:57:41  Done. PASS=4 WARN=0 ERROR=0 SKIP=0 NO-OP=0 TOTAL=4","logger":"task.stdout"}
{"timestamp":"2026-05-12T07:57:42.194389Z","level":"info","event":"dbt command executed successfully","logger":"airflow.task.operators.operators.dbt_operator.DbtOperator","filename":"dbt_operator.py","lineno":185}
{"timestamp":"2026-05-12T07:57:42.196064Z","level":"info","event":"Done. Returned value was: {'status': 'success', 'layer': 'silver_transform', 'pipeline_id': 'dag_pipeline_20260512075613', 'timestamp': '2026-05-12T07:57:42.194603'}","logger":"airflow.task.operators.airflow.providers.standard.decorators.python._PythonDecoratedOperator","filename":"python.py","lineno":229}
{"timestamp":"2026-05-12T07:57:42.196728Z","level":"info","event":"Pushing xcom","ti":"RuntimeTaskInstance(id=UUID('019e1b30-969a-79e1-b952-f2b5f8661131'), task_id='transform_silver_layer', dag_id='ecommerce_dag_pipeline', run_id='manual__2026-05-12T07:56:12.162757+00:00', try_number=2, dag_version_id=UUID('019dfd0d-c356-769c-9658-e2450a265e78'), map_index=-1, hostname='c09759c742ec', context_carrier={'traceparent': '00-41358613dfbcf0c46ea74e20aa59ff9c-58c9da1a6619f7e6-01'}, task=<Task(_PythonDecoratedOperator): transform_silver_layer>, bundle_instance=LocalDagBundle(name=dags-folder), max_tries=2, start_date=datetime.datetime(2026, 5, 12, 7, 57, 25, 830050, tzinfo=datetime.timezone.utc), end_date=None, state=<TaskInstanceState.RUNNING: 'running'>, is_mapped=False, rendered_map_index=None, sentry_integration='')","logger":"task","filename":"task_runner.py","lineno":1724}
{"timestamp":"2026-05-12T07:57:42.534830Z","level":"error","event":"/usr/python/lib/python3.13/multiprocessing/resource_tracker.py:400: UserWarning: resource_tracker: There appear to be 2 leaked semaphore objects to clean up at shutdown: {'/mp-dq95rv_a', '/mp-n9lsis0g'}","logger":"task.stderr"}
{"timestamp":"2026-05-12T07:57:42.535342Z","level":"error","event":"  warnings.warn(","logger":"task.stderr"}
