{"timestamp":"2026-05-12T07:56:54.745402Z","level":"info","event":"DAG bundles loaded: dags-folder","logger":"airflow.dag_processing.bundles.manager.DagBundlesManager","filename":"manager.py","lineno":209}
{"timestamp":"2026-05-12T07:56:54.747650Z","level":"info","event":"Filling up the DagBag from /opt/airflow/dags/dag_pipeline.py","logger":"airflow.dag_processing.dagbag.BundleDagBag","filename":"dagbag.py","lineno":469}
{"timestamp":"2026-05-12T07:56:56.838264Z","level":"info","event":"Transforming silver layer for pipeline: dag_pipeline_20260512075613","logger":"unusual_prefix_11c7dd38b84fb77f29c2585710943d4b7baaf7b9_dag_pipeline","filename":"dag_pipeline.py","lineno":504}
{"timestamp":"2026-05-12T07:56:56.838860Z","level":"warning","event":"DbtOperator.execute cannot be called outside of the Task Runner!","logger":"airflow.task.operators.operators.dbt_operator.DbtOperator","filename":"operator.py","lineno":437}
{"timestamp":"2026-05-12T07:56:56.841908Z","level":"info","event":"Executing dbt command: run --select tag:silver --project-dir /opt/airflow/dags/ecommerce_dbt --profiles-dir /opt/airflow/dags/ecommerce_dbt","logger":"airflow.task.operators.operators.dbt_operator.DbtOperator","filename":"dbt_operator.py","lineno":180}
{"timestamp":"2026-05-12T07:56:57.006413Z","level":"info","event":"\u001b[0m07:56:57  Running with dbt=1.10.10","logger":"task.stdout"}
{"timestamp":"2026-05-12T07:56:57.065464Z","level":"info","event":"keyring module not found. OAuth2 token will not be stored in keyring.","logger":"trino.auth","filename":"auth.py","lineno":361}
{"timestamp":"2026-05-12T07:56:57.069367Z","level":"info","event":"keyring module not found. OAuth2 token will not be stored in keyring.","logger":"trino.auth","filename":"auth.py","lineno":361}
{"timestamp":"2026-05-12T07:56:57.862346Z","level":"info","event":"\u001b[0m07:56:57  Registered adapter: trino=1.9.3","logger":"task.stdout"}
{"timestamp":"2026-05-12T07:56:59.265664Z","level":"info","event":"\u001b[0m07:56:59  Found 12 models, 4 seeds, 55 data tests, 455 macros","logger":"task.stdout"}
{"timestamp":"2026-05-12T07:56:59.266998Z","level":"info","event":"\u001b[0m07:56:59","logger":"task.stdout"}
{"timestamp":"2026-05-12T07:56:59.273679Z","level":"info","event":"\u001b[0m07:56:59  Concurrency: 4 threads (target='dev')","logger":"task.stdout"}
{"timestamp":"2026-05-12T07:56:59.274383Z","level":"info","event":"\u001b[0m07:56:59","logger":"task.stdout"}
{"timestamp":"2026-05-12T07:56:59.409437Z","level":"info","event":"\u001b[0m07:56:59  [\u001b[33mWARNING\u001b[0m]: SSL certificate validation is disabled by default. It is legacy behavior which will be changed in future releases. It is strongly advised to enable `require_certificate_validation` flag or explicitly set `cert` configuration to `True` for security reasons. You may receive an error after that if your SSL setup is incorrect.","logger":"task.stdout"}
{"timestamp":"2026-05-12T07:56:59.409850Z","level":"info","event":"You may opt into the new behavior sooner by setting `flags.require_certificate_validation` to `True` in `dbt_project.yml`.","logger":"task.stdout"}
{"timestamp":"2026-05-12T07:56:59.410174Z","level":"info","event":"Visit https://docs.getdbt.com/reference/global-configs/behavior-changes for more information.","logger":"task.stdout"}
{"timestamp":"2026-05-12T07:57:00.902933Z","level":"info","event":"\u001b[0m07:57:00  2 of 4 START sql table model bronze_raw_silver.silver_inventory_snapshots ...... [RUN]","logger":"task.stdout"}
{"timestamp":"2026-05-12T07:57:00.990350Z","level":"info","event":"\u001b[0m07:57:00  1 of 4 START sql table model bronze_raw_silver.silver_customer_events .......... [RUN]","logger":"task.stdout"}
{"timestamp":"2026-05-12T07:57:01.004981Z","level":"info","event":"\u001b[0m07:57:00  4 of 4 START sql table model bronze_raw_silver.silver_support_tickets .......... [RUN]","logger":"task.stdout"}
{"timestamp":"2026-05-12T07:57:01.005414Z","level":"info","event":"\u001b[0m07:57:00  3 of 4 START sql table model bronze_raw_silver.silver_payment_transactions ..... [RUN]","logger":"task.stdout"}
{"timestamp":"2026-05-12T07:57:06.974787Z","level":"info","event":"\u001b[0m07:57:06  2 of 4 OK created sql table model bronze_raw_silver.silver_inventory_snapshots . [\u001b[32mCREATE TABLE (200 rows)\u001b[0m in 6.07s]","logger":"task.stdout"}
{"timestamp":"2026-05-12T07:57:08.013214Z","level":"info","event":"\u001b[0m07:57:08  3 of 4 OK created sql table model bronze_raw_silver.silver_payment_transactions  [\u001b[32mCREATE TABLE (200 rows)\u001b[0m in 7.07s]","logger":"task.stdout"}
{"timestamp":"2026-05-12T07:57:08.074627Z","level":"info","event":"\u001b[0m07:57:08  1 of 4 ERROR creating sql table model bronze_raw_silver.silver_customer_events . [\u001b[31mERROR\u001b[0m in 7.15s]","logger":"task.stdout"}
{"timestamp":"2026-05-12T07:57:08.377805Z","level":"info","event":"\u001b[0m07:57:08  4 of 4 OK created sql table model bronze_raw_silver.silver_support_tickets ..... [\u001b[32mCREATE TABLE (200 rows)\u001b[0m in 7.45s]","logger":"task.stdout"}
{"timestamp":"2026-05-12T07:57:08.407136Z","level":"info","event":"\u001b[0m07:57:08","logger":"task.stdout"}
{"timestamp":"2026-05-12T07:57:08.408089Z","level":"info","event":"\u001b[0m07:57:08  Finished running 4 table models in 0 hours 0 minutes and 9.13 seconds (9.13s).","logger":"task.stdout"}
{"timestamp":"2026-05-12T07:57:08.649788Z","level":"info","event":"\u001b[0m07:57:08","logger":"task.stdout"}
{"timestamp":"2026-05-12T07:57:08.653857Z","level":"info","event":"\u001b[0m07:57:08  \u001b[31mCompleted with 1 error, 0 partial successes, and 0 warnings:\u001b[0m","logger":"task.stdout"}
{"timestamp":"2026-05-12T07:57:08.655763Z","level":"info","event":"\u001b[0m07:57:08","logger":"task.stdout"}
{"timestamp":"2026-05-12T07:57:08.662861Z","level":"info","event":"\u001b[0m07:57:08  \u001b[31mFailure in model silver_customer_events (models/silver/silver_customer_events.sql)\u001b[0m","logger":"task.stdout"}
{"timestamp":"2026-05-12T07:57:08.663223Z","level":"info","event":"\u001b[0m07:57:08    Database Error in model silver_customer_events (models/silver/silver_customer_events.sql)","logger":"task.stdout"}
{"timestamp":"2026-05-12T07:57:08.663514Z","level":"info","event":"  TrinoExternalError(type=EXTERNAL, name=ICEBERG_COMMIT_ERROR, message=\"Failed to commit the transaction during insert: Server error: UncheckedSQLException: Unknown failure\", query_id=20260512_075702_00612_u872h)","logger":"task.stdout"}
{"timestamp":"2026-05-12T07:57:08.663898Z","level":"info","event":"  compiled code at target/run/ecommerce_dbt/models/silver/silver_customer_events.sql","logger":"task.stdout"}
{"timestamp":"2026-05-12T07:57:08.664204Z","level":"info","event":"\u001b[0m07:57:08","logger":"task.stdout"}
{"timestamp":"2026-05-12T07:57:08.664490Z","level":"info","event":"\u001b[0m07:57:08    compiled code at target/compiled/ecommerce_dbt/models/silver/silver_customer_events.sql","logger":"task.stdout"}
{"timestamp":"2026-05-12T07:57:08.664879Z","level":"info","event":"\u001b[0m07:57:08","logger":"task.stdout"}
{"timestamp":"2026-05-12T07:57:08.666962Z","level":"info","event":"\u001b[0m07:57:08  Done. PASS=3 WARN=0 ERROR=1 SKIP=0 NO-OP=0 TOTAL=4","logger":"task.stdout"}
{"timestamp":"2026-05-12T07:57:09.630744Z","level":"error","event":"dbt command failed!","logger":"airflow.task.operators.operators.dbt_operator.DbtOperator","filename":"dbt_operator.py","lineno":198}
{"timestamp":"2026-05-12T07:57:09.631050Z","level":"warning","event":"Error occurred during transformation: dbt command failed: run --select tag:silver --project-dir /opt/airflow/dags/ecommerce_dbt --profiles-dir /opt/airflow/dags/ecommerce_dbt","logger":"unusual_prefix_11c7dd38b84fb77f29c2585710943d4b7baaf7b9_dag_pipeline","filename":"dag_pipeline.py","lineno":522}
{"timestamp":"2026-05-12T07:57:09.631231Z","level":"error","event":"Task failed with exception","logger":"task","filename":"task_runner.py","lineno":1325,"error_detail":[{"exc_type":"AirflowException","exc_value":"dbt command failed: run --select tag:silver --project-dir /opt/airflow/dags/ecommerce_dbt --profiles-dir /opt/airflow/dags/ecommerce_dbt","exc_notes":[],"syntax_error":null,"is_cause":false,"frames":[{"filename":"/home/airflow/.local/lib/python3.13/site-packages/airflow/sdk/execution_time/task_runner.py","lineno":1263,"name":"run"},{"filename":"/home/airflow/.local/lib/python3.13/site-packages/airflow/sdk/execution_time/task_runner.py","lineno":1678,"name":"_execute_task"},{"filename":"/home/airflow/.local/lib/python3.13/site-packages/airflow/sdk/bases/operator.py","lineno":443,"name":"wrapper"},{"filename":"/home/airflow/.local/lib/python3.13/site-packages/airflow/sdk/bases/decorator.py","lineno":398,"name":"execute"},{"filename":"/home/airflow/.local/lib/python3.13/site-packages/airflow/sdk/bases/operator.py","lineno":443,"name":"wrapper"},{"filename":"/home/airflow/.local/lib/python3.13/site-packages/airflow/providers/standard/operators/python.py","lineno":227,"name":"execute"},{"filename":"/home/airflow/.local/lib/python3.13/site-packages/airflow/providers/standard/operators/python.py","lineno":250,"name":"execute_callable"},{"filename":"/home/airflow/.local/lib/python3.13/site-packages/airflow/sdk/execution_time/callback_runner.py","lineno":97,"name":"run"},{"filename":"/opt/airflow/dags/dag_pipeline.py","lineno":514,"name":"transform_silver_layer"},{"filename":"/home/airflow/.local/lib/python3.13/site-packages/airflow/sdk/bases/operator.py","lineno":443,"name":"wrapper"},{"filename":"/opt/airflow/dags/operators/dbt_operator.py","lineno":201,"name":"execute"}],"is_group":false,"exceptions":[]}]}
{"timestamp":"2026-05-12T07:57:09.733983Z","level":"error","event":"/usr/python/lib/python3.13/multiprocessing/resource_tracker.py:400: UserWarning: resource_tracker: There appear to be 2 leaked semaphore objects to clean up at shutdown: {'/mp-d3ycz8ip', '/mp-pcmfelf0'}","logger":"task.stderr"}
{"timestamp":"2026-05-12T07:57:09.735079Z","level":"error","event":"  warnings.warn(","logger":"task.stderr"}
