{"timestamp":"2026-05-08T13:59:52.909941Z","level":"info","event":"DAG bundles loaded: dags-folder","logger":"airflow.dag_processing.bundles.manager.DagBundlesManager","filename":"manager.py","lineno":209}
{"timestamp":"2026-05-08T13:59:52.916440Z","level":"info","event":"Filling up the DagBag from /opt/airflow/dags/dag_pipeline.py","logger":"airflow.dag_processing.dagbag.BundleDagBag","filename":"dagbag.py","lineno":469}
{"timestamp":"2026-05-08T13:59:55.418369Z","level":"info","event":"Seeding bronze...","logger":"unusual_prefix_11c7dd38b84fb77f29c2585710943d4b7baaf7b9_dag_pipeline","filename":"dag_pipeline.py","lineno":382}
{"timestamp":"2026-05-08T13:59:55.650887Z","level":"info","event":"Tables do not exist or error occurred: (trino.exceptions.TrinoUserError) TrinoUserError(type=USER_ERROR, name=SCHEMA_NOT_FOUND, message=\"line 1:29: Schema 'bronze' does not exist\", query_id=20260508_135955_00011_ft7mv)\n[SQL: SELECT count(*) as cnt FROM raw_customer_events]\n(Background on this error at: https://sqlalche.me/e/20/f405), proceeding with seeding","logger":"unusual_prefix_11c7dd38b84fb77f29c2585710943d4b7baaf7b9_dag_pipeline","filename":"dag_pipeline.py","lineno":405}
{"timestamp":"2026-05-08T13:59:55.651441Z","level":"warning","event":"DbtOperator.execute cannot be called outside of the Task Runner!","logger":"airflow.task.operators.operators.dbt_operator.DbtOperator","filename":"operator.py","lineno":437}
{"timestamp":"2026-05-08T13:59:55.654941Z","level":"info","event":"Executing dbt command: seed --project-dir /opt/airflow/dags/ecommerce_dbt --profiles-dir /opt/airflow/dags/ecommerce_dbt --full-refresh","logger":"airflow.task.operators.operators.dbt_operator.DbtOperator","filename":"dbt_operator.py","lineno":180}
{"timestamp":"2026-05-08T13:59:55.849732Z","level":"info","event":"\u001b[0m13:59:55  Running with dbt=1.10.10","logger":"task.stdout"}
{"timestamp":"2026-05-08T13:59:55.902699Z","level":"info","event":"keyring module not found. OAuth2 token will not be stored in keyring.","logger":"trino.auth","filename":"auth.py","lineno":361}
{"timestamp":"2026-05-08T13:59:55.906514Z","level":"info","event":"keyring module not found. OAuth2 token will not be stored in keyring.","logger":"trino.auth","filename":"auth.py","lineno":361}
{"timestamp":"2026-05-08T13:59:56.552834Z","level":"info","event":"\u001b[0m13:59:56  Registered adapter: trino=1.9.3","logger":"task.stdout"}
{"timestamp":"2026-05-08T13:59:58.910158Z","level":"info","event":"\u001b[0m13:59:58  Found 12 models, 4 seeds, 55 data tests, 455 macros","logger":"task.stdout"}
{"timestamp":"2026-05-08T13:59:58.957357Z","level":"info","event":"\u001b[0m13:59:58","logger":"task.stdout"}
{"timestamp":"2026-05-08T13:59:58.958036Z","level":"info","event":"\u001b[0m13:59:58  Concurrency: 4 threads (target='dev')","logger":"task.stdout"}
{"timestamp":"2026-05-08T13:59:58.958507Z","level":"info","event":"\u001b[0m13:59:58","logger":"task.stdout"}
{"timestamp":"2026-05-08T13:59:59.040242Z","level":"info","event":"\u001b[0m13:59:59  [\u001b[33mWARNING\u001b[0m]: SSL certificate validation is disabled by default. It is legacy behavior which will be changed in future releases. It is strongly advised to enable `require_certificate_validation` flag or explicitly set `cert` configuration to `True` for security reasons. You may receive an error after that if your SSL setup is incorrect.","logger":"task.stdout"}
{"timestamp":"2026-05-08T13:59:59.040606Z","level":"info","event":"You may opt into the new behavior sooner by setting `flags.require_certificate_validation` to `True` in `dbt_project.yml`.","logger":"task.stdout"}
{"timestamp":"2026-05-08T13:59:59.040980Z","level":"info","event":"Visit https://docs.getdbt.com/reference/global-configs/behavior-changes for more information.","logger":"task.stdout"}
{"timestamp":"2026-05-08T14:00:01.539222Z","level":"info","event":"\u001b[0m14:00:01  2 of 4 START seed file bronze_raw.raw_inventory_snapshots ...................... [RUN]","logger":"task.stdout"}
{"timestamp":"2026-05-08T14:00:01.540327Z","level":"info","event":"\u001b[0m14:00:01  1 of 4 START seed file bronze_raw.raw_customer_events .......................... [RUN]","logger":"task.stdout"}
{"timestamp":"2026-05-08T14:00:01.541509Z","level":"info","event":"\u001b[0m14:00:01  3 of 4 START seed file bronze_raw.raw_payment_transactions ..................... [RUN]","logger":"task.stdout"}
{"timestamp":"2026-05-08T14:00:01.545582Z","level":"info","event":"\u001b[0m14:00:01  4 of 4 START seed file bronze_raw.raw_support_tickets .......................... [RUN]","logger":"task.stdout"}
{"timestamp":"2026-05-08T14:00:03.488619Z","level":"info","event":"\u001b[0m14:00:03  4 of 4 ERROR loading seed file bronze_raw.raw_support_tickets .................. [\u001b[31mERROR\u001b[0m in 1.93s]","logger":"task.stdout"}
{"timestamp":"2026-05-08T14:00:03.491462Z","level":"info","event":"\u001b[0m14:00:03  3 of 4 ERROR loading seed file bronze_raw.raw_payment_transactions ............. [\u001b[31mERROR\u001b[0m in 1.94s]","logger":"task.stdout"}
{"timestamp":"2026-05-08T14:00:03.492453Z","level":"info","event":"\u001b[0m14:00:03  2 of 4 ERROR loading seed file bronze_raw.raw_inventory_snapshots .............. [\u001b[31mERROR\u001b[0m in 1.94s]","logger":"task.stdout"}
{"timestamp":"2026-05-08T14:00:03.493916Z","level":"info","event":"\u001b[0m14:00:03  1 of 4 ERROR loading seed file bronze_raw.raw_customer_events .................. [\u001b[31mERROR\u001b[0m in 1.94s]","logger":"task.stdout"}
{"timestamp":"2026-05-08T14:00:03.512258Z","level":"info","event":"\u001b[0m14:00:03","logger":"task.stdout"}
{"timestamp":"2026-05-08T14:00:03.513007Z","level":"info","event":"\u001b[0m14:00:03  Finished running 4 seeds in 0 hours 0 minutes and 4.59 seconds (4.59s).","logger":"task.stdout"}
{"timestamp":"2026-05-08T14:00:03.615863Z","level":"info","event":"\u001b[0m14:00:03","logger":"task.stdout"}
{"timestamp":"2026-05-08T14:00:03.618180Z","level":"info","event":"\u001b[0m14:00:03  \u001b[31mCompleted with 4 errors, 0 partial successes, and 0 warnings:\u001b[0m","logger":"task.stdout"}
{"timestamp":"2026-05-08T14:00:03.619701Z","level":"info","event":"\u001b[0m14:00:03","logger":"task.stdout"}
{"timestamp":"2026-05-08T14:00:03.621213Z","level":"info","event":"\u001b[0m14:00:03  \u001b[31mFailure in seed raw_support_tickets (seeds/raw_support_tickets.csv)\u001b[0m","logger":"task.stdout"}
{"timestamp":"2026-05-08T14:00:03.622396Z","level":"info","event":"\u001b[0m14:00:03    Database Error in seed raw_support_tickets (seeds/raw_support_tickets.csv)","logger":"task.stdout"}
{"timestamp":"2026-05-08T14:00:03.622898Z","level":"info","event":"  TrinoQueryError(type=INTERNAL_ERROR, name=GENERIC_INTERNAL_ERROR, message=\"Location for ICEBERG_TABLE 'bronze_raw.raw_support_tickets' cannot be associated with any configured object storage location: Missing access key and secret for STATIC authentication mode\", query_id=20260508_140002_00018_ft7mv)","logger":"task.stdout"}
{"timestamp":"2026-05-08T14:00:03.623375Z","level":"info","event":"\u001b[0m14:00:03","logger":"task.stdout"}
{"timestamp":"2026-05-08T14:00:03.624287Z","level":"info","event":"\u001b[0m14:00:03  \u001b[31mFailure in seed raw_payment_transactions (seeds/raw_payment_transactions.csv)\u001b[0m","logger":"task.stdout"}
{"timestamp":"2026-05-08T14:00:03.625317Z","level":"info","event":"\u001b[0m14:00:03    Database Error in seed raw_payment_transactions (seeds/raw_payment_transactions.csv)","logger":"task.stdout"}
{"timestamp":"2026-05-08T14:00:03.625677Z","level":"info","event":"  TrinoQueryError(type=INTERNAL_ERROR, name=GENERIC_INTERNAL_ERROR, message=\"Location for ICEBERG_TABLE 'bronze_raw.raw_payment_transactions' cannot be associated with any configured object storage location: Missing access key and secret for STATIC authentication mode\", query_id=20260508_140002_00019_ft7mv)","logger":"task.stdout"}
{"timestamp":"2026-05-08T14:00:03.626117Z","level":"info","event":"\u001b[0m14:00:03","logger":"task.stdout"}
{"timestamp":"2026-05-08T14:00:03.627086Z","level":"info","event":"\u001b[0m14:00:03  \u001b[31mFailure in seed raw_inventory_snapshots (seeds/raw_inventory_snapshots.csv)\u001b[0m","logger":"task.stdout"}
{"timestamp":"2026-05-08T14:00:03.627974Z","level":"info","event":"\u001b[0m14:00:03    Database Error in seed raw_inventory_snapshots (seeds/raw_inventory_snapshots.csv)","logger":"task.stdout"}
{"timestamp":"2026-05-08T14:00:03.628327Z","level":"info","event":"  TrinoQueryError(type=INTERNAL_ERROR, name=GENERIC_INTERNAL_ERROR, message=\"Location for ICEBERG_TABLE 'bronze_raw.raw_inventory_snapshots' cannot be associated with any configured object storage location: Missing access key and secret for STATIC authentication mode\", query_id=20260508_140002_00020_ft7mv)","logger":"task.stdout"}
{"timestamp":"2026-05-08T14:00:03.628786Z","level":"info","event":"\u001b[0m14:00:03","logger":"task.stdout"}
{"timestamp":"2026-05-08T14:00:03.629630Z","level":"info","event":"\u001b[0m14:00:03  \u001b[31mFailure in seed raw_customer_events (seeds/raw_customer_events.csv)\u001b[0m","logger":"task.stdout"}
{"timestamp":"2026-05-08T14:00:03.631404Z","level":"info","event":"\u001b[0m14:00:03    Database Error in seed raw_customer_events (seeds/raw_customer_events.csv)","logger":"task.stdout"}
{"timestamp":"2026-05-08T14:00:03.631928Z","level":"info","event":"  TrinoQueryError(type=INTERNAL_ERROR, name=GENERIC_INTERNAL_ERROR, message=\"Location for ICEBERG_TABLE 'bronze_raw.raw_customer_events' cannot be associated with any configured object storage location: Missing access key and secret for STATIC authentication mode\", query_id=20260508_140002_00017_ft7mv)","logger":"task.stdout"}
{"timestamp":"2026-05-08T14:00:03.632645Z","level":"info","event":"\u001b[0m14:00:03","logger":"task.stdout"}
{"timestamp":"2026-05-08T14:00:03.633631Z","level":"info","event":"\u001b[0m14:00:03  Done. PASS=0 WARN=0 ERROR=4 SKIP=0 NO-OP=0 TOTAL=4","logger":"task.stdout"}
{"timestamp":"2026-05-08T14:00:04.956422Z","level":"error","event":"dbt command failed!","logger":"airflow.task.operators.operators.dbt_operator.DbtOperator","filename":"dbt_operator.py","lineno":198}
{"timestamp":"2026-05-08T14:00:04.956760Z","level":"warning","event":"Error occurred during seeding: dbt command failed: seed --project-dir /opt/airflow/dags/ecommerce_dbt --profiles-dir /opt/airflow/dags/ecommerce_dbt --full-refresh","logger":"unusual_prefix_11c7dd38b84fb77f29c2585710943d4b7baaf7b9_dag_pipeline","filename":"dag_pipeline.py","lineno":424}
{"timestamp":"2026-05-08T14:00:04.956998Z","level":"info","event":"Done. Returned value was: {'status': 'failed', 'layer': 'bronze_seed', 'pipeline_id': 'dag_pipeline_20260508135951', 'timestamp': '2026-05-08T14:00:04.956883', 'error': 'dbt command failed: seed --project-dir /opt/airflow/dags/ecommerce_dbt --profiles-dir /opt/airflow/dags/ecommerce_dbt --full-refresh'}","logger":"airflow.task.operators.airflow.providers.standard.decorators.python._PythonDecoratedOperator","filename":"python.py","lineno":229}
{"timestamp":"2026-05-08T14:00:04.957340Z","level":"info","event":"Pushing xcom","ti":"RuntimeTaskInstance(id=UUID('019e07e3-3019-7b7e-8b2d-e3fe580aab6a'), task_id='seed_bronze', dag_id='ecommerce_dag_pipeline', run_id='manual__2026-05-08T13:59:50.017040+00:00', try_number=1, dag_version_id=UUID('019dfd0d-c356-769c-9658-e2450a265e78'), map_index=-1, hostname='9cc17aad94a1', context_carrier={'traceparent': '00-01c337e540581629bff2d21e466adbc7-f63f0e60af575a93-01'}, task=<Task(_PythonDecoratedOperator): seed_bronze>, bundle_instance=LocalDagBundle(name=dags-folder), max_tries=2, start_date=datetime.datetime(2026, 5, 8, 13, 59, 52, 718730, tzinfo=datetime.timezone.utc), end_date=None, state=<TaskInstanceState.RUNNING: 'running'>, is_mapped=False, rendered_map_index=None, sentry_integration='')","logger":"task","filename":"task_runner.py","lineno":1724}
{"timestamp":"2026-05-08T14:00:05.099595Z","level":"error","event":"/usr/python/lib/python3.13/multiprocessing/resource_tracker.py:400: UserWarning: resource_tracker: There appear to be 2 leaked semaphore objects to clean up at shutdown: {'/mp-ektg_4ps', '/mp-d0cu49_w'}","logger":"task.stderr"}
{"timestamp":"2026-05-08T14:00:05.103140Z","level":"error","event":"  warnings.warn(","logger":"task.stderr"}
