{"timestamp":"2026-05-08T13:20:36.868797Z","level":"info","event":"DAG bundles loaded: dags-folder","logger":"airflow.dag_processing.bundles.manager.DagBundlesManager","filename":"manager.py","lineno":209}
{"timestamp":"2026-05-08T13:20:36.876180Z","level":"info","event":"Filling up the DagBag from /opt/airflow/dags/dag_pipeline.py","logger":"airflow.dag_processing.dagbag.BundleDagBag","filename":"dagbag.py","lineno":469}
{"timestamp":"2026-05-08T13:20:40.668077Z","level":"info","event":"Seeding bronze...","logger":"unusual_prefix_11c7dd38b84fb77f29c2585710943d4b7baaf7b9_dag_pipeline","filename":"dag_pipeline.py","lineno":382}
{"timestamp":"2026-05-08T13:21:10.643826Z","level":"info","event":"Tables do not exist or error occurred: (trino.exceptions.TrinoQueryError) TrinoQueryError(type=INTERNAL_ERROR, name=SERVER_STARTING_UP, message=\"Trino server is still initializing\", query_id=20260508_132108_00000_m535x)\n[SQL: SELECT count(*) as cnt FROM raw_customer_events]\n(Background on this error at: https://sqlalche.me/e/20/dbapi), proceeding with seeding","logger":"unusual_prefix_11c7dd38b84fb77f29c2585710943d4b7baaf7b9_dag_pipeline","filename":"dag_pipeline.py","lineno":405}
{"timestamp":"2026-05-08T13:21:10.644456Z","level":"warning","event":"DbtOperator.execute cannot be called outside of the Task Runner!","logger":"airflow.task.operators.operators.dbt_operator.DbtOperator","filename":"operator.py","lineno":437}
{"timestamp":"2026-05-08T13:21:10.686179Z","level":"info","event":"Executing dbt command: seed --project-dir /opt/airflow/dags/ecommerce_dbt --profiles-dir /opt/airflow/dags/ecommerce_dbt --full-refresh","logger":"airflow.task.operators.operators.dbt_operator.DbtOperator","filename":"dbt_operator.py","lineno":180}
{"timestamp":"2026-05-08T13:21:11.186868Z","level":"info","event":"\u001b[0m13:21:11  Running with dbt=1.10.10","logger":"task.stdout"}
{"timestamp":"2026-05-08T13:21:11.850730Z","level":"info","event":"keyring module not found. OAuth2 token will not be stored in keyring.","logger":"trino.auth","filename":"auth.py","lineno":361}
{"timestamp":"2026-05-08T13:21:11.881432Z","level":"info","event":"keyring module not found. OAuth2 token will not be stored in keyring.","logger":"trino.auth","filename":"auth.py","lineno":361}
{"timestamp":"2026-05-08T13:21:14.117271Z","level":"info","event":"\u001b[0m13:21:14  Registered adapter: trino=1.9.3","logger":"task.stdout"}
{"timestamp":"2026-05-08T13:21:16.991716Z","level":"info","event":"\u001b[0m13:21:16  Found 12 models, 4 seeds, 55 data tests, 455 macros","logger":"task.stdout"}
{"timestamp":"2026-05-08T13:21:17.326762Z","level":"info","event":"\u001b[0m13:21:17","logger":"task.stdout"}
{"timestamp":"2026-05-08T13:21:17.415554Z","level":"info","event":"\u001b[0m13:21:17  Concurrency: 4 threads (target='dev')","logger":"task.stdout"}
{"timestamp":"2026-05-08T13:21:17.416122Z","level":"info","event":"\u001b[0m13:21:17","logger":"task.stdout"}
{"timestamp":"2026-05-08T13:21:17.416579Z","level":"info","event":"\u001b[0m13:21:17  [\u001b[33mWARNING\u001b[0m]: SSL certificate validation is disabled by default. It is legacy behavior which will be changed in future releases. It is strongly advised to enable `require_certificate_validation` flag or explicitly set `cert` configuration to `True` for security reasons. You may receive an error after that if your SSL setup is incorrect.","logger":"task.stdout"}
{"timestamp":"2026-05-08T13:21:17.416984Z","level":"info","event":"You may opt into the new behavior sooner by setting `flags.require_certificate_validation` to `True` in `dbt_project.yml`.","logger":"task.stdout"}
{"timestamp":"2026-05-08T13:21:17.417357Z","level":"info","event":"Visit https://docs.getdbt.com/reference/global-configs/behavior-changes for more information.","logger":"task.stdout"}
{"timestamp":"2026-05-08T13:21:17.492212Z","level":"info","event":"\u001b[0m13:21:17","logger":"task.stdout"}
{"timestamp":"2026-05-08T13:21:17.494358Z","level":"info","event":"\u001b[0m13:21:17  Finished running  in 0 hours 0 minutes and 0.45 seconds (0.45s).","logger":"task.stdout"}
{"timestamp":"2026-05-08T13:21:17.500572Z","level":"info","event":"\u001b[0m13:21:17  Encountered an error:","logger":"task.stdout"}
{"timestamp":"2026-05-08T13:21:17.501117Z","level":"info","event":"Database Error","logger":"task.stdout"}
{"timestamp":"2026-05-08T13:21:17.501588Z","level":"info","event":"  TrinoQueryError(type=INTERNAL_ERROR, name=SERVER_STARTING_UP, message=\"Trino server is still initializing\", query_id=20260508_132117_00001_m535x)","logger":"task.stdout"}
{"timestamp":"2026-05-08T13:21:18.861471Z","level":"error","event":"dbt command failed!","logger":"airflow.task.operators.operators.dbt_operator.DbtOperator","filename":"dbt_operator.py","lineno":198}
{"timestamp":"2026-05-08T13:21:18.861803Z","level":"error","event":"Exception: Database Error\n  TrinoQueryError(type=INTERNAL_ERROR, name=SERVER_STARTING_UP, message=\"Trino server is still initializing\", query_id=20260508_132117_00001_m535x)","logger":"airflow.task.operators.operators.dbt_operator.DbtOperator","filename":"dbt_operator.py","lineno":200}
{"timestamp":"2026-05-08T13:21:18.861998Z","level":"warning","event":"Error occurred during seeding: dbt command failed: seed --project-dir /opt/airflow/dags/ecommerce_dbt --profiles-dir /opt/airflow/dags/ecommerce_dbt --full-refresh","logger":"unusual_prefix_11c7dd38b84fb77f29c2585710943d4b7baaf7b9_dag_pipeline","filename":"dag_pipeline.py","lineno":424}
{"timestamp":"2026-05-08T13:21:18.862202Z","level":"info","event":"Done. Returned value was: {'status': 'failed', 'layer': 'bronze_seed', 'pipeline_id': 'dag_pipeline_20260508132034', 'timestamp': '2026-05-08T13:21:18.862080', 'error': 'dbt command failed: seed --project-dir /opt/airflow/dags/ecommerce_dbt --profiles-dir /opt/airflow/dags/ecommerce_dbt --full-refresh'}","logger":"airflow.task.operators.airflow.providers.standard.decorators.python._PythonDecoratedOperator","filename":"python.py","lineno":229}
{"timestamp":"2026-05-08T13:21:18.862495Z","level":"info","event":"Pushing xcom","ti":"RuntimeTaskInstance(id=UUID('019e07bc-25b3-7e7e-920a-a8d06168b4be'), task_id='seed_bronze', dag_id='ecommerce_dag_pipeline', run_id='manual__2026-05-08T13:17:11.240341+00:00', try_number=1, dag_version_id=UUID('019dfd0d-c356-769c-9658-e2450a265e78'), map_index=-1, hostname='51b69460b717', context_carrier={'traceparent': '00-740280ef1c29a27a221904e07ae70f42-0c26057b7b98ad0b-01'}, task=<Task(_PythonDecoratedOperator): seed_bronze>, bundle_instance=LocalDagBundle(name=dags-folder), max_tries=2, start_date=datetime.datetime(2026, 5, 8, 13, 20, 35, 864203, tzinfo=datetime.timezone.utc), end_date=None, state=<TaskInstanceState.RUNNING: 'running'>, is_mapped=False, rendered_map_index=None, sentry_integration='')","logger":"task","filename":"task_runner.py","lineno":1724}
{"timestamp":"2026-05-08T13:21:19.882808Z","level":"error","event":"/usr/python/lib/python3.13/multiprocessing/resource_tracker.py:400: UserWarning: resource_tracker: There appear to be 2 leaked semaphore objects to clean up at shutdown: {'/mp-ypts5prv', '/mp-7cjpo7_7'}","logger":"task.stderr"}
{"timestamp":"2026-05-08T13:21:19.883569Z","level":"error","event":"  warnings.warn(","logger":"task.stderr"}
