{"timestamp":"2026-05-11T06:58:19.906120Z","level":"info","event":"DAG bundles loaded: dags-folder","logger":"airflow.dag_processing.bundles.manager.DagBundlesManager","filename":"manager.py","lineno":209}
{"timestamp":"2026-05-11T06:58:19.908352Z","level":"info","event":"Filling up the DagBag from /opt/airflow/dags/dag_pipeline.py","logger":"airflow.dag_processing.dagbag.BundleDagBag","filename":"dagbag.py","lineno":469}
{"timestamp":"2026-05-11T06:58:22.893400Z","level":"info","event":"Seeding bronze...","logger":"unusual_prefix_11c7dd38b84fb77f29c2585710943d4b7baaf7b9_dag_pipeline","filename":"dag_pipeline.py","lineno":382}
{"timestamp":"2026-05-11T06:58:23.958597Z","level":"info","event":"Tables do not exist or error occurred: (trino.exceptions.TrinoUserError) TrinoUserError(type=USER_ERROR, name=SCHEMA_NOT_FOUND, message=\"line 1:29: Schema 'bronze' does not exist\", query_id=20260511_065823_00000_uziwn)\n[SQL: SELECT count(*) as cnt FROM raw_customer_events]\n(Background on this error at: https://sqlalche.me/e/20/f405), proceeding with seeding","logger":"unusual_prefix_11c7dd38b84fb77f29c2585710943d4b7baaf7b9_dag_pipeline","filename":"dag_pipeline.py","lineno":405}
{"timestamp":"2026-05-11T06:58:23.959141Z","level":"warning","event":"DbtOperator.execute cannot be called outside of the Task Runner!","logger":"airflow.task.operators.operators.dbt_operator.DbtOperator","filename":"operator.py","lineno":437}
{"timestamp":"2026-05-11T06:58:23.965063Z","level":"info","event":"Executing dbt command: seed --project-dir /opt/airflow/dags/ecommerce_dbt --profiles-dir /opt/airflow/dags/ecommerce_dbt --full-refresh","logger":"airflow.task.operators.operators.dbt_operator.DbtOperator","filename":"dbt_operator.py","lineno":180}
{"timestamp":"2026-05-11T06:58:24.150984Z","level":"info","event":"\u001b[0m06:58:24  Running with dbt=1.10.10","logger":"task.stdout"}
{"timestamp":"2026-05-11T06:58:24.219997Z","level":"info","event":"keyring module not found. OAuth2 token will not be stored in keyring.","logger":"trino.auth","filename":"auth.py","lineno":361}
{"timestamp":"2026-05-11T06:58:24.225653Z","level":"info","event":"keyring module not found. OAuth2 token will not be stored in keyring.","logger":"trino.auth","filename":"auth.py","lineno":361}
{"timestamp":"2026-05-11T06:58:25.056885Z","level":"info","event":"\u001b[0m06:58:25  Registered adapter: trino=1.9.3","logger":"task.stdout"}
{"timestamp":"2026-05-11T06:58:27.322231Z","level":"info","event":"\u001b[0m06:58:27  Found 12 models, 4 seeds, 55 data tests, 455 macros","logger":"task.stdout"}
{"timestamp":"2026-05-11T06:58:27.341042Z","level":"info","event":"\u001b[0m06:58:27","logger":"task.stdout"}
{"timestamp":"2026-05-11T06:58:27.346199Z","level":"info","event":"\u001b[0m06:58:27  Concurrency: 4 threads (target='dev')","logger":"task.stdout"}
{"timestamp":"2026-05-11T06:58:27.353287Z","level":"info","event":"\u001b[0m06:58:27","logger":"task.stdout"}
{"timestamp":"2026-05-11T06:58:27.674878Z","level":"info","event":"\u001b[0m06:58:27  [\u001b[33mWARNING\u001b[0m]: SSL certificate validation is disabled by default. It is legacy behavior which will be changed in future releases. It is strongly advised to enable `require_certificate_validation` flag or explicitly set `cert` configuration to `True` for security reasons. You may receive an error after that if your SSL setup is incorrect.","logger":"task.stdout"}
{"timestamp":"2026-05-11T06:58:27.685617Z","level":"info","event":"You may opt into the new behavior sooner by setting `flags.require_certificate_validation` to `True` in `dbt_project.yml`.","logger":"task.stdout"}
{"timestamp":"2026-05-11T06:58:27.686134Z","level":"info","event":"Visit https://docs.getdbt.com/reference/global-configs/behavior-changes for more information.","logger":"task.stdout"}
{"timestamp":"2026-05-11T06:58:44.303525Z","level":"info","event":"\u001b[0m06:58:44  2 of 4 START seed file bronze_raw.raw_inventory_snapshots ...................... [RUN]","logger":"task.stdout"}
{"timestamp":"2026-05-11T06:58:44.315078Z","level":"info","event":"\u001b[0m06:58:44  1 of 4 START seed file bronze_raw.raw_customer_events .......................... [RUN]","logger":"task.stdout"}
{"timestamp":"2026-05-11T06:58:44.319067Z","level":"info","event":"\u001b[0m06:58:44  4 of 4 START seed file bronze_raw.raw_support_tickets .......................... [RUN]","logger":"task.stdout"}
{"timestamp":"2026-05-11T06:58:44.342471Z","level":"info","event":"\u001b[0m06:58:44  3 of 4 START seed file bronze_raw.raw_payment_transactions ..................... [RUN]","logger":"task.stdout"}
{"timestamp":"2026-05-11T06:58:46.570895Z","level":"info","event":"\u001b[0m06:58:46  4 of 4 ERROR loading seed file bronze_raw.raw_support_tickets .................. [\u001b[31mERROR\u001b[0m in 2.24s]","logger":"task.stdout"}
{"timestamp":"2026-05-11T06:58:46.586192Z","level":"info","event":"\u001b[0m06:58:46  1 of 4 ERROR loading seed file bronze_raw.raw_customer_events .................. [\u001b[31mERROR\u001b[0m in 2.21s]","logger":"task.stdout"}
{"timestamp":"2026-05-11T06:58:46.611510Z","level":"info","event":"\u001b[0m06:58:46  2 of 4 ERROR loading seed file bronze_raw.raw_inventory_snapshots .............. [\u001b[31mERROR\u001b[0m in 2.30s]","logger":"task.stdout"}
{"timestamp":"2026-05-11T06:58:46.635892Z","level":"info","event":"\u001b[0m06:58:46  3 of 4 ERROR loading seed file bronze_raw.raw_payment_transactions ............. [\u001b[31mERROR\u001b[0m in 2.27s]","logger":"task.stdout"}
{"timestamp":"2026-05-11T06:58:46.785044Z","level":"info","event":"\u001b[0m06:58:46","logger":"task.stdout"}
{"timestamp":"2026-05-11T06:58:46.796444Z","level":"info","event":"\u001b[0m06:58:46  Finished running 4 seeds in 0 hours 0 minutes and 19.43 seconds (19.43s).","logger":"task.stdout"}
{"timestamp":"2026-05-11T06:58:47.440019Z","level":"info","event":"\u001b[0m06:58:47","logger":"task.stdout"}
{"timestamp":"2026-05-11T06:58:47.441384Z","level":"info","event":"\u001b[0m06:58:47  \u001b[31mCompleted with 4 errors, 0 partial successes, and 0 warnings:\u001b[0m","logger":"task.stdout"}
{"timestamp":"2026-05-11T06:58:47.450339Z","level":"info","event":"\u001b[0m06:58:47","logger":"task.stdout"}
{"timestamp":"2026-05-11T06:58:47.452430Z","level":"info","event":"\u001b[0m06:58:47  \u001b[31mFailure in seed raw_inventory_snapshots (seeds/raw_inventory_snapshots.csv)\u001b[0m","logger":"task.stdout"}
{"timestamp":"2026-05-11T06:58:47.453717Z","level":"info","event":"\u001b[0m06:58:47    Database Error in seed raw_inventory_snapshots (seeds/raw_inventory_snapshots.csv)","logger":"task.stdout"}
{"timestamp":"2026-05-11T06:58:47.455321Z","level":"info","event":"  TrinoQueryError(type=INTERNAL_ERROR, name=GENERIC_INTERNAL_ERROR, message=\"Location for ICEBERG_TABLE 'bronze_raw.raw_inventory_snapshots' cannot be associated with any configured object storage location: Missing access key and secret for STATIC authentication mode\", query_id=20260511_065844_00009_uziwn)","logger":"task.stdout"}
{"timestamp":"2026-05-11T06:58:47.456185Z","level":"info","event":"\u001b[0m06:58:47","logger":"task.stdout"}
{"timestamp":"2026-05-11T06:58:47.461724Z","level":"info","event":"\u001b[0m06:58:47  \u001b[31mFailure in seed raw_support_tickets (seeds/raw_support_tickets.csv)\u001b[0m","logger":"task.stdout"}
{"timestamp":"2026-05-11T06:58:47.462166Z","level":"info","event":"\u001b[0m06:58:47    Database Error in seed raw_support_tickets (seeds/raw_support_tickets.csv)","logger":"task.stdout"}
{"timestamp":"2026-05-11T06:58:47.462529Z","level":"info","event":"  TrinoQueryError(type=INTERNAL_ERROR, name=GENERIC_INTERNAL_ERROR, message=\"Location for ICEBERG_TABLE 'bronze_raw.raw_support_tickets' cannot be associated with any configured object storage location: Missing access key and secret for STATIC authentication mode\", query_id=20260511_065844_00007_uziwn)","logger":"task.stdout"}
{"timestamp":"2026-05-11T06:58:47.465364Z","level":"info","event":"\u001b[0m06:58:47","logger":"task.stdout"}
{"timestamp":"2026-05-11T06:58:47.467299Z","level":"info","event":"\u001b[0m06:58:47  \u001b[31mFailure in seed raw_customer_events (seeds/raw_customer_events.csv)\u001b[0m","logger":"task.stdout"}
{"timestamp":"2026-05-11T06:58:47.469797Z","level":"info","event":"\u001b[0m06:58:47    Database Error in seed raw_customer_events (seeds/raw_customer_events.csv)","logger":"task.stdout"}
{"timestamp":"2026-05-11T06:58:47.470275Z","level":"info","event":"  TrinoQueryError(type=INTERNAL_ERROR, name=GENERIC_INTERNAL_ERROR, message=\"Location for ICEBERG_TABLE 'bronze_raw.raw_customer_events' cannot be associated with any configured object storage location: Missing access key and secret for STATIC authentication mode\", query_id=20260511_065844_00006_uziwn)","logger":"task.stdout"}
{"timestamp":"2026-05-11T06:58:47.471426Z","level":"info","event":"\u001b[0m06:58:47","logger":"task.stdout"}
{"timestamp":"2026-05-11T06:58:47.472535Z","level":"info","event":"\u001b[0m06:58:47  \u001b[31mFailure in seed raw_payment_transactions (seeds/raw_payment_transactions.csv)\u001b[0m","logger":"task.stdout"}
{"timestamp":"2026-05-11T06:58:47.473932Z","level":"info","event":"\u001b[0m06:58:47    Database Error in seed raw_payment_transactions (seeds/raw_payment_transactions.csv)","logger":"task.stdout"}
{"timestamp":"2026-05-11T06:58:47.475233Z","level":"info","event":"  TrinoQueryError(type=INTERNAL_ERROR, name=GENERIC_INTERNAL_ERROR, message=\"Location for ICEBERG_TABLE 'bronze_raw.raw_payment_transactions' cannot be associated with any configured object storage location: Missing access key and secret for STATIC authentication mode\", query_id=20260511_065844_00008_uziwn)","logger":"task.stdout"}
{"timestamp":"2026-05-11T06:58:47.475710Z","level":"info","event":"\u001b[0m06:58:47","logger":"task.stdout"}
{"timestamp":"2026-05-11T06:58:47.476495Z","level":"info","event":"\u001b[0m06:58:47  Done. PASS=0 WARN=0 ERROR=4 SKIP=0 NO-OP=0 TOTAL=4","logger":"task.stdout"}
{"timestamp":"2026-05-11T06:58:48.585981Z","level":"error","event":"dbt command failed!","logger":"airflow.task.operators.operators.dbt_operator.DbtOperator","filename":"dbt_operator.py","lineno":198}
{"timestamp":"2026-05-11T06:58:48.586308Z","level":"warning","event":"Error occurred during seeding: dbt command failed: seed --project-dir /opt/airflow/dags/ecommerce_dbt --profiles-dir /opt/airflow/dags/ecommerce_dbt --full-refresh","logger":"unusual_prefix_11c7dd38b84fb77f29c2585710943d4b7baaf7b9_dag_pipeline","filename":"dag_pipeline.py","lineno":424}
{"timestamp":"2026-05-11T06:58:48.586653Z","level":"info","event":"Done. Returned value was: {'status': 'failed', 'layer': 'bronze_seed', 'pipeline_id': 'dag_pipeline_20260511065819', 'timestamp': '2026-05-11T06:58:48.586409', 'error': 'dbt command failed: seed --project-dir /opt/airflow/dags/ecommerce_dbt --profiles-dir /opt/airflow/dags/ecommerce_dbt --full-refresh'}","logger":"airflow.task.operators.airflow.providers.standard.decorators.python._PythonDecoratedOperator","filename":"python.py","lineno":229}
{"timestamp":"2026-05-11T06:58:48.587381Z","level":"info","event":"Pushing xcom","ti":"RuntimeTaskInstance(id=UUID('019e15d4-53e6-7a35-bb46-d066efdbbeae'), task_id='seed_bronze', dag_id='ecommerce_dag_pipeline', run_id='manual__2026-05-11T06:58:17.156013+00:00', try_number=1, dag_version_id=UUID('019dfd0d-c356-769c-9658-e2450a265e78'), map_index=-1, hostname='365d87a26e68', context_carrier={'traceparent': '00-bd636d5cd4c87f5a29064b1914d8acb4-024d76efe9729730-01'}, task=<Task(_PythonDecoratedOperator): seed_bronze>, bundle_instance=LocalDagBundle(name=dags-folder), max_tries=2, start_date=datetime.datetime(2026, 5, 11, 6, 58, 19, 832891, tzinfo=datetime.timezone.utc), end_date=None, state=<TaskInstanceState.RUNNING: 'running'>, is_mapped=False, rendered_map_index=None, sentry_integration='')","logger":"task","filename":"task_runner.py","lineno":1724}
{"timestamp":"2026-05-11T06:58:48.821229Z","level":"error","event":"/usr/python/lib/python3.13/multiprocessing/resource_tracker.py:400: UserWarning: resource_tracker: There appear to be 2 leaked semaphore objects to clean up at shutdown: {'/mp-omlft8h8', '/mp-k9s_nep5'}","logger":"task.stderr"}
{"timestamp":"2026-05-11T06:58:48.821747Z","level":"error","event":"  warnings.warn(","logger":"task.stderr"}
